2021-11-06 16:52:38.970 [restartedMain] INFO  cn.ac.cncb.ngdc.syndb.SyndbApplication - Starting SyndbApplication using Java 1.8.0_211 on LAPTOP-1VEOTUUA with PID 37168 (F:\syndb\target\classes started by 光亚 in F:\syndb)
2021-11-06 16:52:38.972 [restartedMain] INFO  cn.ac.cncb.ngdc.syndb.SyndbApplication - No active profile set, falling back to default profiles: default
2021-11-06 16:52:41.239 [restartedMain] INFO  cn.ac.cncb.ngdc.syndb.SyndbApplication - Started SyndbApplication in 2.94 seconds (JVM running for 4.354)
2021-11-06 16:53:05.918 [http-nio-9090-exec-1] DEBUG c.a.c.n.s.m.gwasInfoMapper.biomedicalTrait_COUNT - ==>  Preparing: SELECT count(0) FROM gwas_allinfo
2021-11-06 16:53:05.941 [http-nio-9090-exec-1] DEBUG c.a.c.n.s.m.gwasInfoMapper.biomedicalTrait_COUNT - ==> Parameters: 
2021-11-06 16:53:06.637 [http-nio-9090-exec-1] DEBUG c.a.c.n.s.m.gwasInfoMapper.biomedicalTrait_COUNT - <==      Total: 1
2021-11-06 16:53:06.639 [http-nio-9090-exec-1] DEBUG c.a.c.n.s.mapper.gwasInfoMapper.biomedicalTrait - ==>  Preparing: select id, varID, trait, species, reference_version, var_position, pvalue, rvalue, map_gene, classification, last_update_time, report_gene from gwas_allinfo LIMIT ?
2021-11-06 16:53:06.640 [http-nio-9090-exec-1] DEBUG c.a.c.n.s.mapper.gwasInfoMapper.biomedicalTrait - ==> Parameters: 10(Integer)
2021-11-06 16:53:06.662 [http-nio-9090-exec-1] DEBUG c.a.c.n.s.mapper.gwasInfoMapper.biomedicalTrait - <==      Total: 10
2021-11-06 19:30:12.863 [http-nio-9090-exec-3] DEBUG c.a.c.n.s.m.gwasInfoMapper.biomedicalTrait_COUNT - ==>  Preparing: SELECT count(0) FROM gwas_allinfo
2021-11-06 19:30:12.965 [http-nio-9090-exec-3] DEBUG c.a.c.n.s.m.gwasInfoMapper.biomedicalTrait_COUNT - ==> Parameters: 
2021-11-06 19:30:15.250 [http-nio-9090-exec-3] DEBUG c.a.c.n.s.m.gwasInfoMapper.biomedicalTrait_COUNT - <==      Total: 1
2021-11-06 19:30:15.554 [http-nio-9090-exec-3] DEBUG c.a.c.n.s.mapper.gwasInfoMapper.biomedicalTrait - ==>  Preparing: select id, varID, trait, species, reference_version, var_position, pvalue, rvalue, map_gene, classification, last_update_time, report_gene from gwas_allinfo LIMIT ?
2021-11-06 19:30:15.554 [http-nio-9090-exec-3] DEBUG c.a.c.n.s.mapper.gwasInfoMapper.biomedicalTrait - ==> Parameters: 10(Integer)
2021-11-06 19:30:15.914 [http-nio-9090-exec-3] DEBUG c.a.c.n.s.mapper.gwasInfoMapper.biomedicalTrait - <==      Total: 10
2021-11-06 19:30:20.246 [http-nio-9090-exec-4] DEBUG c.a.c.n.s.mapper.gwasInfoMapper.getOrthoInfo_COUNT - ==>  Preparing: SELECT count(0) FROM gwas_allinfo WHERE species IN (?, ?, ?)
2021-11-06 19:30:20.247 [http-nio-9090-exec-4] DEBUG c.a.c.n.s.mapper.gwasInfoMapper.getOrthoInfo_COUNT - ==> Parameters: Chicken(String), Cattle(String), Sheep(String)
2021-11-06 19:30:20.295 [http-nio-9090-exec-4] DEBUG c.a.c.n.s.mapper.gwasInfoMapper.getOrthoInfo_COUNT - <==      Total: 1
2021-11-06 19:30:20.296 [http-nio-9090-exec-4] DEBUG c.a.c.n.syndb.mapper.gwasInfoMapper.getOrthoInfo - ==>  Preparing: select * from gwas_allinfo WHERE species IN ( ? , ? , ? ) LIMIT ?
2021-11-06 19:30:20.297 [http-nio-9090-exec-4] DEBUG c.a.c.n.syndb.mapper.gwasInfoMapper.getOrthoInfo - ==> Parameters: Chicken(String), Cattle(String), Sheep(String), 10(Integer)
2021-11-06 19:30:20.506 [http-nio-9090-exec-4] DEBUG c.a.c.n.syndb.mapper.gwasInfoMapper.getOrthoInfo - <==      Total: 10
2021-11-06 19:30:24.022 [http-nio-9090-exec-7] DEBUG c.a.c.n.s.mapper.gwasInfoMapper.getOrthoInfo_COUNT - ==>  Preparing: select count(0) from (select * from gwas_allinfo WHERE species = ? AND ((map_gene != "" )OR (report_gene != ""))) tmp_count
2021-11-06 19:30:24.023 [http-nio-9090-exec-7] DEBUG c.a.c.n.s.mapper.gwasInfoMapper.getOrthoInfo_COUNT - ==> Parameters: Chicken(String)
2021-11-06 19:30:24.153 [http-nio-9090-exec-7] DEBUG c.a.c.n.s.mapper.gwasInfoMapper.getOrthoInfo_COUNT - <==      Total: 1
2021-11-06 19:30:24.164 [http-nio-9090-exec-7] DEBUG c.a.c.n.syndb.mapper.gwasInfoMapper.getOrthoInfo - ==>  Preparing: select * from gwas_allinfo WHERE species = ? AND ((map_gene != "" )OR (report_gene != "")) LIMIT ?
2021-11-06 19:30:24.164 [http-nio-9090-exec-7] DEBUG c.a.c.n.syndb.mapper.gwasInfoMapper.getOrthoInfo - ==> Parameters: Chicken(String), 10(Integer)
2021-11-06 19:30:24.231 [http-nio-9090-exec-7] DEBUG c.a.c.n.syndb.mapper.gwasInfoMapper.getOrthoInfo - <==      Total: 10
