2022-02-11 13:31:29.816 [restartedMain] INFO  cn.ac.cncb.ngdc.syndb.SyndbApplication - Starting SyndbApplication using Java 1.8.0_211 on LAPTOP-1VEOTUUA with PID 22924 (F:\syndb\target\classes started by 光亚 in F:\syndb)
2022-02-11 13:31:29.829 [restartedMain] INFO  cn.ac.cncb.ngdc.syndb.SyndbApplication - No active profile set, falling back to default profiles: default
2022-02-11 13:31:33.229 [restartedMain] INFO  cn.ac.cncb.ngdc.syndb.SyndbApplication - Started SyndbApplication in 4.151 seconds (JVM running for 6.636)
2022-02-11 13:31:37.001 [http-nio-9401-exec-1] DEBUG c.a.c.n.s.m.trait2gwasMapper.biomedicalTrait_COUNT - ==>  Preparing: SELECT count(0) FROM trait_all 
2022-02-11 13:31:37.041 [http-nio-9401-exec-1] DEBUG c.a.c.n.s.m.trait2gwasMapper.biomedicalTrait_COUNT - ==> Parameters: 
2022-02-11 13:31:37.358 [http-nio-9401-exec-1] DEBUG c.a.c.n.s.m.trait2gwasMapper.biomedicalTrait_COUNT - <==      Total: 1
2022-02-11 13:31:37.366 [http-nio-9401-exec-1] DEBUG c.a.c.n.s.mapper.trait2gwasMapper.biomedicalTrait - ==>  Preparing: select * from trait_all LIMIT ? 
2022-02-11 13:31:37.366 [http-nio-9401-exec-1] DEBUG c.a.c.n.s.mapper.trait2gwasMapper.biomedicalTrait - ==> Parameters: 10(Integer)
2022-02-11 13:31:37.414 [http-nio-9401-exec-1] DEBUG c.a.c.n.s.mapper.trait2gwasMapper.biomedicalTrait - <==      Total: 10
2022-02-11 14:44:13.581 [restartedMain] INFO  cn.ac.cncb.ngdc.syndb.SyndbApplication - Starting SyndbApplication using Java 1.8.0_211 on LAPTOP-1VEOTUUA with PID 24568 (F:\syndb\target\classes started by 光亚 in F:\syndb)
2022-02-11 14:44:13.586 [restartedMain] INFO  cn.ac.cncb.ngdc.syndb.SyndbApplication - No active profile set, falling back to default profiles: default
2022-02-11 14:44:16.116 [restartedMain] INFO  cn.ac.cncb.ngdc.syndb.SyndbApplication - Started SyndbApplication in 3.209 seconds (JVM running for 5.385)
2022-02-11 14:44:30.623 [http-nio-9401-exec-1] DEBUG c.a.c.n.s.m.trait2gwasMapper.biomedicalTrait_COUNT - ==>  Preparing: SELECT count(0) FROM trait_all 
2022-02-11 14:44:30.658 [http-nio-9401-exec-1] DEBUG c.a.c.n.s.m.trait2gwasMapper.biomedicalTrait_COUNT - ==> Parameters: 
2022-02-11 14:44:30.859 [http-nio-9401-exec-1] DEBUG c.a.c.n.s.m.trait2gwasMapper.biomedicalTrait_COUNT - <==      Total: 1
2022-02-11 14:44:30.861 [http-nio-9401-exec-1] DEBUG c.a.c.n.s.mapper.trait2gwasMapper.biomedicalTrait - ==>  Preparing: select * from trait_all LIMIT ? 
2022-02-11 14:44:30.862 [http-nio-9401-exec-1] DEBUG c.a.c.n.s.mapper.trait2gwasMapper.biomedicalTrait - ==> Parameters: 10(Integer)
2022-02-11 14:44:30.884 [http-nio-9401-exec-1] DEBUG c.a.c.n.s.mapper.trait2gwasMapper.biomedicalTrait - <==      Total: 10
2022-02-11 14:44:30.887 [http-nio-9401-exec-1] DEBUG c.a.c.n.s.m.Ortho9031Mapper.findOrthByTaxonAndGene - ==>  Preparing: select c.taxon1,c.uniprot_id1,c.taxon2,c.uniprot_id2,c.db_evidence,c.from_db from gene_basic_info a inner join ortholog_id_mapping b on a.ensembl_gene_id=b.ensembl_gene_id inner join ortholog_all c on b.uniprot_id=c.uniprot_id1 where a.gwas_gene_id=? and c.taxon1=? 
2022-02-11 14:44:30.889 [http-nio-9401-exec-1] DEBUG c.a.c.n.s.m.Ortho9031Mapper.findOrthByTaxonAndGene - ==> Parameters: CotAD_32480(String), 3635(Integer)
2022-02-11 14:45:36.047 [restartedMain] INFO  cn.ac.cncb.ngdc.syndb.SyndbApplication - Starting SyndbApplication using Java 1.8.0_211 on LAPTOP-1VEOTUUA with PID 15456 (F:\syndb\target\classes started by 光亚 in F:\syndb)
2022-02-11 14:45:36.051 [restartedMain] INFO  cn.ac.cncb.ngdc.syndb.SyndbApplication - No active profile set, falling back to default profiles: default
2022-02-11 14:45:38.356 [restartedMain] INFO  cn.ac.cncb.ngdc.syndb.SyndbApplication - Started SyndbApplication in 3.179 seconds (JVM running for 5.314)
2022-02-11 14:45:43.521 [http-nio-9401-exec-1] DEBUG c.a.c.n.s.m.trait2gwasMapper.biomedicalTrait_COUNT - ==>  Preparing: SELECT count(0) FROM trait_all 
2022-02-11 14:45:43.546 [http-nio-9401-exec-1] DEBUG c.a.c.n.s.m.trait2gwasMapper.biomedicalTrait_COUNT - ==> Parameters: 
2022-02-11 14:45:43.570 [http-nio-9401-exec-1] DEBUG c.a.c.n.s.m.trait2gwasMapper.biomedicalTrait_COUNT - <==      Total: 1
2022-02-11 14:45:43.573 [http-nio-9401-exec-1] DEBUG c.a.c.n.s.mapper.trait2gwasMapper.biomedicalTrait - ==>  Preparing: select * from trait_all LIMIT ? 
2022-02-11 14:45:43.574 [http-nio-9401-exec-1] DEBUG c.a.c.n.s.mapper.trait2gwasMapper.biomedicalTrait - ==> Parameters: 10(Integer)
2022-02-11 14:45:43.584 [http-nio-9401-exec-1] DEBUG c.a.c.n.s.mapper.trait2gwasMapper.biomedicalTrait - <==      Total: 10
2022-02-11 14:45:43.586 [http-nio-9401-exec-1] DEBUG c.a.c.n.s.m.Ortho9031Mapper.findOrthByTaxonAndGene - ==>  Preparing: select c.taxon1,c.uniprot_id1,c.taxon2,c.uniprot_id2,c.db_evidence,c.from_db from gene_basic_info a inner join ortholog_id_mapping b on a.ensembl_gene_id=b.ensembl_gene_id inner join ortholog_all c on b.uniprot_id=c.uniprot_id1 where a.gwas_gene_id=? and c.taxon1=? 
2022-02-11 14:45:43.587 [http-nio-9401-exec-1] DEBUG c.a.c.n.s.m.Ortho9031Mapper.findOrthByTaxonAndGene - ==> Parameters: CotAD_32480(String), 3635(Integer)
2022-02-11 14:45:43.591 [http-nio-9401-exec-1] DEBUG c.a.c.n.s.m.Ortho9031Mapper.findOrthByTaxonAndGene - <==      Total: 0
2022-02-11 14:45:43.592 [http-nio-9401-exec-1] DEBUG c.a.c.n.s.m.Ortho9031Mapper.findOrthByTaxonAndGene - ==>  Preparing: select c.taxon1,c.uniprot_id1,c.taxon2,c.uniprot_id2,c.db_evidence,c.from_db from gene_basic_info a inner join ortholog_id_mapping b on a.ensembl_gene_id=b.ensembl_gene_id inner join ortholog_all c on b.uniprot_id=c.uniprot_id1 where a.gwas_gene_id=? and c.taxon1=? 
2022-02-11 14:45:43.592 [http-nio-9401-exec-1] DEBUG c.a.c.n.s.m.Ortho9031Mapper.findOrthByTaxonAndGene - ==> Parameters: CotAD_32479(String), 3635(Integer)
2022-02-11 14:45:43.596 [http-nio-9401-exec-1] DEBUG c.a.c.n.s.m.Ortho9031Mapper.findOrthByTaxonAndGene - <==      Total: 0
2022-02-11 14:45:43.597 [http-nio-9401-exec-1] DEBUG c.a.c.n.s.m.Ortho9031Mapper.findOrthByTaxonAndGene - ==>  Preparing: select c.taxon1,c.uniprot_id1,c.taxon2,c.uniprot_id2,c.db_evidence,c.from_db from gene_basic_info a inner join ortholog_id_mapping b on a.ensembl_gene_id=b.ensembl_gene_id inner join ortholog_all c on b.uniprot_id=c.uniprot_id1 where a.gwas_gene_id=? and c.taxon1=? 
2022-02-11 14:45:43.597 [http-nio-9401-exec-1] DEBUG c.a.c.n.s.m.Ortho9031Mapper.findOrthByTaxonAndGene - ==> Parameters: Zm00001d017703(String), 4577(Integer)
2022-02-11 14:45:43.623 [http-nio-9401-exec-1] DEBUG c.a.c.n.s.m.Ortho9031Mapper.findOrthByTaxonAndGene - <==      Total: 0
2022-02-11 14:45:43.624 [http-nio-9401-exec-1] DEBUG c.a.c.n.s.m.Ortho9031Mapper.findOrthByTaxonAndGene - ==>  Preparing: select c.taxon1,c.uniprot_id1,c.taxon2,c.uniprot_id2,c.db_evidence,c.from_db from gene_basic_info a inner join ortholog_id_mapping b on a.ensembl_gene_id=b.ensembl_gene_id inner join ortholog_all c on b.uniprot_id=c.uniprot_id1 where a.gwas_gene_id=? and c.taxon1=? 
2022-02-11 14:45:43.625 [http-nio-9401-exec-1] DEBUG c.a.c.n.s.m.Ortho9031Mapper.findOrthByTaxonAndGene - ==> Parameters: Zm00001d017704(String), 4577(Integer)
2022-02-11 14:45:43.630 [http-nio-9401-exec-1] DEBUG c.a.c.n.s.m.Ortho9031Mapper.findOrthByTaxonAndGene - <==      Total: 0
2022-02-11 14:45:43.631 [http-nio-9401-exec-1] DEBUG c.a.c.n.s.m.Ortho9031Mapper.findOrthByTaxonAndGene - ==>  Preparing: select c.taxon1,c.uniprot_id1,c.taxon2,c.uniprot_id2,c.db_evidence,c.from_db from gene_basic_info a inner join ortholog_id_mapping b on a.ensembl_gene_id=b.ensembl_gene_id inner join ortholog_all c on b.uniprot_id=c.uniprot_id1 where a.gwas_gene_id=? and c.taxon1=? 
2022-02-11 14:45:43.631 [http-nio-9401-exec-1] DEBUG c.a.c.n.s.m.Ortho9031Mapper.findOrthByTaxonAndGene - ==> Parameters: Zm00001d034163(String), 4577(Integer)
2022-02-11 14:45:43.634 [http-nio-9401-exec-1] DEBUG c.a.c.n.s.m.Ortho9031Mapper.findOrthByTaxonAndGene - <==      Total: 0
2022-02-11 14:45:43.635 [http-nio-9401-exec-1] DEBUG c.a.c.n.s.m.Ortho9031Mapper.findOrthByTaxonAndGene - ==>  Preparing: select c.taxon1,c.uniprot_id1,c.taxon2,c.uniprot_id2,c.db_evidence,c.from_db from gene_basic_info a inner join ortholog_id_mapping b on a.ensembl_gene_id=b.ensembl_gene_id inner join ortholog_all c on b.uniprot_id=c.uniprot_id1 where a.gwas_gene_id=? and c.taxon1=? 
2022-02-11 14:45:43.635 [http-nio-9401-exec-1] DEBUG c.a.c.n.s.m.Ortho9031Mapper.findOrthByTaxonAndGene - ==> Parameters: Zm00001d039618(String), 4577(Integer)
2022-02-11 14:45:43.638 [http-nio-9401-exec-1] DEBUG c.a.c.n.s.m.Ortho9031Mapper.findOrthByTaxonAndGene - <==      Total: 0
2022-02-11 14:45:43.639 [http-nio-9401-exec-1] DEBUG c.a.c.n.s.m.Ortho9031Mapper.findOrthByTaxonAndGene - ==>  Preparing: select c.taxon1,c.uniprot_id1,c.taxon2,c.uniprot_id2,c.db_evidence,c.from_db from gene_basic_info a inner join ortholog_id_mapping b on a.ensembl_gene_id=b.ensembl_gene_id inner join ortholog_all c on b.uniprot_id=c.uniprot_id1 where a.gwas_gene_id=? and c.taxon1=? 
2022-02-11 14:45:43.640 [http-nio-9401-exec-1] DEBUG c.a.c.n.s.m.Ortho9031Mapper.findOrthByTaxonAndGene - ==> Parameters: ENSRNA049474580(String), 4577(Integer)
2022-02-11 14:45:43.642 [http-nio-9401-exec-1] DEBUG c.a.c.n.s.m.Ortho9031Mapper.findOrthByTaxonAndGene - <==      Total: 0
2022-02-11 14:45:43.643 [http-nio-9401-exec-1] DEBUG c.a.c.n.s.m.Ortho9031Mapper.findOrthByTaxonAndGene - ==>  Preparing: select c.taxon1,c.uniprot_id1,c.taxon2,c.uniprot_id2,c.db_evidence,c.from_db from gene_basic_info a inner join ortholog_id_mapping b on a.ensembl_gene_id=b.ensembl_gene_id inner join ortholog_all c on b.uniprot_id=c.uniprot_id1 where a.gwas_gene_id=? and c.taxon1=? 
2022-02-11 14:45:43.643 [http-nio-9401-exec-1] DEBUG c.a.c.n.s.m.Ortho9031Mapper.findOrthByTaxonAndGene - ==> Parameters: Zm00001d017820(String), 4577(Integer)
2022-02-11 14:45:43.648 [http-nio-9401-exec-1] DEBUG c.a.c.n.s.m.Ortho9031Mapper.findOrthByTaxonAndGene - <==      Total: 0
2022-02-11 14:45:43.649 [http-nio-9401-exec-1] DEBUG c.a.c.n.s.m.Ortho9031Mapper.findOrthByTaxonAndGene - ==>  Preparing: select c.taxon1,c.uniprot_id1,c.taxon2,c.uniprot_id2,c.db_evidence,c.from_db from gene_basic_info a inner join ortholog_id_mapping b on a.ensembl_gene_id=b.ensembl_gene_id inner join ortholog_all c on b.uniprot_id=c.uniprot_id1 where a.gwas_gene_id=? and c.taxon1=? 
2022-02-11 14:45:43.649 [http-nio-9401-exec-1] DEBUG c.a.c.n.s.m.Ortho9031Mapper.findOrthByTaxonAndGene - ==> Parameters: Zm00001d014796(String), 4577(Integer)
2022-02-11 14:45:43.651 [http-nio-9401-exec-1] DEBUG c.a.c.n.s.m.Ortho9031Mapper.findOrthByTaxonAndGene - <==      Total: 0
2022-02-11 14:45:43.652 [http-nio-9401-exec-1] DEBUG c.a.c.n.s.m.Ortho9031Mapper.findOrthByTaxonAndGene - ==>  Preparing: select c.taxon1,c.uniprot_id1,c.taxon2,c.uniprot_id2,c.db_evidence,c.from_db from gene_basic_info a inner join ortholog_id_mapping b on a.ensembl_gene_id=b.ensembl_gene_id inner join ortholog_all c on b.uniprot_id=c.uniprot_id1 where a.gwas_gene_id=? and c.taxon1=? 
2022-02-11 14:45:43.653 [http-nio-9401-exec-1] DEBUG c.a.c.n.s.m.Ortho9031Mapper.findOrthByTaxonAndGene - ==> Parameters: Zm00001d014674(String), 4577(Integer)
2022-02-11 14:45:43.655 [http-nio-9401-exec-1] DEBUG c.a.c.n.s.m.Ortho9031Mapper.findOrthByTaxonAndGene - <==      Total: 0
2022-02-11 14:47:27.348 [restartedMain] INFO  cn.ac.cncb.ngdc.syndb.SyndbApplication - Starting SyndbApplication using Java 1.8.0_211 on LAPTOP-1VEOTUUA with PID 17120 (F:\syndb\target\classes started by 光亚 in F:\syndb)
2022-02-11 14:47:27.353 [restartedMain] INFO  cn.ac.cncb.ngdc.syndb.SyndbApplication - No active profile set, falling back to default profiles: default
2022-02-11 14:47:29.470 [restartedMain] INFO  cn.ac.cncb.ngdc.syndb.SyndbApplication - Started SyndbApplication in 2.719 seconds (JVM running for 4.415)
2022-02-11 14:47:37.712 [http-nio-9401-exec-1] DEBUG c.a.c.n.s.m.trait2gwasMapper.biomedicalTrait_COUNT - ==>  Preparing: SELECT count(0) FROM trait_all 
2022-02-11 14:47:37.755 [http-nio-9401-exec-1] DEBUG c.a.c.n.s.m.trait2gwasMapper.biomedicalTrait_COUNT - ==> Parameters: 
2022-02-11 14:47:37.799 [http-nio-9401-exec-1] DEBUG c.a.c.n.s.m.trait2gwasMapper.biomedicalTrait_COUNT - <==      Total: 1
2022-02-11 14:47:37.802 [http-nio-9401-exec-1] DEBUG c.a.c.n.s.mapper.trait2gwasMapper.biomedicalTrait - ==>  Preparing: select * from trait_all LIMIT ? 
2022-02-11 14:47:37.803 [http-nio-9401-exec-1] DEBUG c.a.c.n.s.mapper.trait2gwasMapper.biomedicalTrait - ==> Parameters: 10(Integer)
2022-02-11 14:47:37.820 [http-nio-9401-exec-1] DEBUG c.a.c.n.s.mapper.trait2gwasMapper.biomedicalTrait - <==      Total: 10
2022-02-11 14:47:37.824 [http-nio-9401-exec-1] DEBUG c.a.c.n.s.m.Ortho9031Mapper.findOrthByTaxonAndGene - ==>  Preparing: select c.taxon1,c.uniprot_id1,c.taxon2,c.uniprot_id2,c.db_evidence,c.from_db from gene_basic_info a inner join ortholog_id_mapping b on a.ensembl_gene_id=b.ensembl_gene_id inner join ortholog_all c on b.uniprot_id=c.uniprot_id1 where a.gwas_gene_id=? and c.taxon1=? 
2022-02-11 14:47:37.824 [http-nio-9401-exec-1] DEBUG c.a.c.n.s.m.Ortho9031Mapper.findOrthByTaxonAndGene - ==> Parameters: CotAD_32480(String), 3635(Integer)
2022-02-11 14:47:37.829 [http-nio-9401-exec-1] DEBUG c.a.c.n.s.m.Ortho9031Mapper.findOrthByTaxonAndGene - <==      Total: 0
2022-02-11 14:47:37.830 [http-nio-9401-exec-1] DEBUG c.a.c.n.s.m.Ortho9031Mapper.findOrthByTaxonAndGene - ==>  Preparing: select c.taxon1,c.uniprot_id1,c.taxon2,c.uniprot_id2,c.db_evidence,c.from_db from gene_basic_info a inner join ortholog_id_mapping b on a.ensembl_gene_id=b.ensembl_gene_id inner join ortholog_all c on b.uniprot_id=c.uniprot_id1 where a.gwas_gene_id=? and c.taxon1=? 
2022-02-11 14:47:37.831 [http-nio-9401-exec-1] DEBUG c.a.c.n.s.m.Ortho9031Mapper.findOrthByTaxonAndGene - ==> Parameters: CotAD_32479(String), 3635(Integer)
2022-02-11 14:47:37.834 [http-nio-9401-exec-1] DEBUG c.a.c.n.s.m.Ortho9031Mapper.findOrthByTaxonAndGene - <==      Total: 0
2022-02-11 14:47:37.836 [http-nio-9401-exec-1] DEBUG c.a.c.n.s.m.Ortho9031Mapper.findOrthByTaxonAndGene - ==>  Preparing: select c.taxon1,c.uniprot_id1,c.taxon2,c.uniprot_id2,c.db_evidence,c.from_db from gene_basic_info a inner join ortholog_id_mapping b on a.ensembl_gene_id=b.ensembl_gene_id inner join ortholog_all c on b.uniprot_id=c.uniprot_id1 where a.gwas_gene_id=? and c.taxon1=? 
2022-02-11 14:47:37.836 [http-nio-9401-exec-1] DEBUG c.a.c.n.s.m.Ortho9031Mapper.findOrthByTaxonAndGene - ==> Parameters: Zm00001d017703(String), 4577(Integer)
2022-02-11 14:47:37.840 [http-nio-9401-exec-1] DEBUG c.a.c.n.s.m.Ortho9031Mapper.findOrthByTaxonAndGene - <==      Total: 0
2022-02-11 14:47:37.841 [http-nio-9401-exec-1] DEBUG c.a.c.n.s.m.Ortho9031Mapper.findOrthByTaxonAndGene - ==>  Preparing: select c.taxon1,c.uniprot_id1,c.taxon2,c.uniprot_id2,c.db_evidence,c.from_db from gene_basic_info a inner join ortholog_id_mapping b on a.ensembl_gene_id=b.ensembl_gene_id inner join ortholog_all c on b.uniprot_id=c.uniprot_id1 where a.gwas_gene_id=? and c.taxon1=? 
2022-02-11 14:47:37.842 [http-nio-9401-exec-1] DEBUG c.a.c.n.s.m.Ortho9031Mapper.findOrthByTaxonAndGene - ==> Parameters: Zm00001d017704(String), 4577(Integer)
2022-02-11 14:47:37.845 [http-nio-9401-exec-1] DEBUG c.a.c.n.s.m.Ortho9031Mapper.findOrthByTaxonAndGene - <==      Total: 0
2022-02-11 14:47:37.846 [http-nio-9401-exec-1] DEBUG c.a.c.n.s.m.Ortho9031Mapper.findOrthByTaxonAndGene - ==>  Preparing: select c.taxon1,c.uniprot_id1,c.taxon2,c.uniprot_id2,c.db_evidence,c.from_db from gene_basic_info a inner join ortholog_id_mapping b on a.ensembl_gene_id=b.ensembl_gene_id inner join ortholog_all c on b.uniprot_id=c.uniprot_id1 where a.gwas_gene_id=? and c.taxon1=? 
2022-02-11 14:47:37.847 [http-nio-9401-exec-1] DEBUG c.a.c.n.s.m.Ortho9031Mapper.findOrthByTaxonAndGene - ==> Parameters: Zm00001d034163(String), 4577(Integer)
2022-02-11 14:47:37.850 [http-nio-9401-exec-1] DEBUG c.a.c.n.s.m.Ortho9031Mapper.findOrthByTaxonAndGene - <==      Total: 0
2022-02-11 14:47:37.852 [http-nio-9401-exec-1] DEBUG c.a.c.n.s.m.Ortho9031Mapper.findOrthByTaxonAndGene - ==>  Preparing: select c.taxon1,c.uniprot_id1,c.taxon2,c.uniprot_id2,c.db_evidence,c.from_db from gene_basic_info a inner join ortholog_id_mapping b on a.ensembl_gene_id=b.ensembl_gene_id inner join ortholog_all c on b.uniprot_id=c.uniprot_id1 where a.gwas_gene_id=? and c.taxon1=? 
2022-02-11 14:47:37.852 [http-nio-9401-exec-1] DEBUG c.a.c.n.s.m.Ortho9031Mapper.findOrthByTaxonAndGene - ==> Parameters: Zm00001d039618(String), 4577(Integer)
2022-02-11 14:47:37.859 [http-nio-9401-exec-1] DEBUG c.a.c.n.s.m.Ortho9031Mapper.findOrthByTaxonAndGene - <==      Total: 0
2022-02-11 14:47:37.860 [http-nio-9401-exec-1] DEBUG c.a.c.n.s.m.Ortho9031Mapper.findOrthByTaxonAndGene - ==>  Preparing: select c.taxon1,c.uniprot_id1,c.taxon2,c.uniprot_id2,c.db_evidence,c.from_db from gene_basic_info a inner join ortholog_id_mapping b on a.ensembl_gene_id=b.ensembl_gene_id inner join ortholog_all c on b.uniprot_id=c.uniprot_id1 where a.gwas_gene_id=? and c.taxon1=? 
2022-02-11 14:47:37.861 [http-nio-9401-exec-1] DEBUG c.a.c.n.s.m.Ortho9031Mapper.findOrthByTaxonAndGene - ==> Parameters: ENSRNA049474580(String), 4577(Integer)
2022-02-11 14:47:37.864 [http-nio-9401-exec-1] DEBUG c.a.c.n.s.m.Ortho9031Mapper.findOrthByTaxonAndGene - <==      Total: 0
2022-02-11 14:47:37.865 [http-nio-9401-exec-1] DEBUG c.a.c.n.s.m.Ortho9031Mapper.findOrthByTaxonAndGene - ==>  Preparing: select c.taxon1,c.uniprot_id1,c.taxon2,c.uniprot_id2,c.db_evidence,c.from_db from gene_basic_info a inner join ortholog_id_mapping b on a.ensembl_gene_id=b.ensembl_gene_id inner join ortholog_all c on b.uniprot_id=c.uniprot_id1 where a.gwas_gene_id=? and c.taxon1=? 
2022-02-11 14:47:37.866 [http-nio-9401-exec-1] DEBUG c.a.c.n.s.m.Ortho9031Mapper.findOrthByTaxonAndGene - ==> Parameters: Zm00001d017820(String), 4577(Integer)
2022-02-11 14:47:37.870 [http-nio-9401-exec-1] DEBUG c.a.c.n.s.m.Ortho9031Mapper.findOrthByTaxonAndGene - <==      Total: 0
2022-02-11 14:47:37.871 [http-nio-9401-exec-1] DEBUG c.a.c.n.s.m.Ortho9031Mapper.findOrthByTaxonAndGene - ==>  Preparing: select c.taxon1,c.uniprot_id1,c.taxon2,c.uniprot_id2,c.db_evidence,c.from_db from gene_basic_info a inner join ortholog_id_mapping b on a.ensembl_gene_id=b.ensembl_gene_id inner join ortholog_all c on b.uniprot_id=c.uniprot_id1 where a.gwas_gene_id=? and c.taxon1=? 
2022-02-11 14:47:37.872 [http-nio-9401-exec-1] DEBUG c.a.c.n.s.m.Ortho9031Mapper.findOrthByTaxonAndGene - ==> Parameters: Zm00001d014796(String), 4577(Integer)
2022-02-11 14:47:37.876 [http-nio-9401-exec-1] DEBUG c.a.c.n.s.m.Ortho9031Mapper.findOrthByTaxonAndGene - <==      Total: 0
2022-02-11 14:47:37.878 [http-nio-9401-exec-1] DEBUG c.a.c.n.s.m.Ortho9031Mapper.findOrthByTaxonAndGene - ==>  Preparing: select c.taxon1,c.uniprot_id1,c.taxon2,c.uniprot_id2,c.db_evidence,c.from_db from gene_basic_info a inner join ortholog_id_mapping b on a.ensembl_gene_id=b.ensembl_gene_id inner join ortholog_all c on b.uniprot_id=c.uniprot_id1 where a.gwas_gene_id=? and c.taxon1=? 
2022-02-11 14:47:37.879 [http-nio-9401-exec-1] DEBUG c.a.c.n.s.m.Ortho9031Mapper.findOrthByTaxonAndGene - ==> Parameters: Zm00001d014674(String), 4577(Integer)
2022-02-11 14:47:37.882 [http-nio-9401-exec-1] DEBUG c.a.c.n.s.m.Ortho9031Mapper.findOrthByTaxonAndGene - <==      Total: 0
2022-02-11 14:57:00.572 [http-nio-9401-exec-4] DEBUG c.a.c.n.s.m.trait2gwasMapper.biomedicalTrait_COUNT - ==>  Preparing: SELECT count(0) FROM trait_all 
2022-02-11 14:57:00.572 [http-nio-9401-exec-4] DEBUG c.a.c.n.s.m.trait2gwasMapper.biomedicalTrait_COUNT - ==> Parameters: 
2022-02-11 14:57:00.590 [http-nio-9401-exec-4] DEBUG c.a.c.n.s.m.trait2gwasMapper.biomedicalTrait_COUNT - <==      Total: 1
2022-02-11 14:57:00.592 [http-nio-9401-exec-4] DEBUG c.a.c.n.s.mapper.trait2gwasMapper.biomedicalTrait - ==>  Preparing: select * from trait_all LIMIT ? 
2022-02-11 14:57:00.592 [http-nio-9401-exec-4] DEBUG c.a.c.n.s.mapper.trait2gwasMapper.biomedicalTrait - ==> Parameters: 10(Integer)
2022-02-11 14:57:00.602 [http-nio-9401-exec-4] DEBUG c.a.c.n.s.mapper.trait2gwasMapper.biomedicalTrait - <==      Total: 10
2022-02-11 14:57:00.603 [http-nio-9401-exec-4] DEBUG c.a.c.n.s.m.Ortho9031Mapper.findOrthByTaxonAndGene - ==>  Preparing: select c.taxon1,c.uniprot_id1,c.taxon2,c.uniprot_id2,c.db_evidence,c.from_db from gene_basic_info a inner join ortholog_id_mapping b on a.ensembl_gene_id=b.ensembl_gene_id inner join ortholog_all c on b.uniprot_id=c.uniprot_id1 where a.gwas_gene_id=? and c.taxon1=? 
2022-02-11 14:57:00.603 [http-nio-9401-exec-4] DEBUG c.a.c.n.s.m.Ortho9031Mapper.findOrthByTaxonAndGene - ==> Parameters: CotAD_32480(String), 3635(Integer)
2022-02-11 14:57:00.607 [http-nio-9401-exec-4] DEBUG c.a.c.n.s.m.Ortho9031Mapper.findOrthByTaxonAndGene - <==      Total: 0
2022-02-11 14:57:00.608 [http-nio-9401-exec-4] DEBUG c.a.c.n.s.m.Ortho9031Mapper.findOrthByTaxonAndGene - ==>  Preparing: select c.taxon1,c.uniprot_id1,c.taxon2,c.uniprot_id2,c.db_evidence,c.from_db from gene_basic_info a inner join ortholog_id_mapping b on a.ensembl_gene_id=b.ensembl_gene_id inner join ortholog_all c on b.uniprot_id=c.uniprot_id1 where a.gwas_gene_id=? and c.taxon1=? 
2022-02-11 14:57:00.609 [http-nio-9401-exec-4] DEBUG c.a.c.n.s.m.Ortho9031Mapper.findOrthByTaxonAndGene - ==> Parameters: CotAD_32479(String), 3635(Integer)
2022-02-11 14:57:00.627 [http-nio-9401-exec-4] DEBUG c.a.c.n.s.m.Ortho9031Mapper.findOrthByTaxonAndGene - <==      Total: 0
2022-02-11 14:57:00.629 [http-nio-9401-exec-4] DEBUG c.a.c.n.s.m.Ortho9031Mapper.findOrthByTaxonAndGene - ==>  Preparing: select c.taxon1,c.uniprot_id1,c.taxon2,c.uniprot_id2,c.db_evidence,c.from_db from gene_basic_info a inner join ortholog_id_mapping b on a.ensembl_gene_id=b.ensembl_gene_id inner join ortholog_all c on b.uniprot_id=c.uniprot_id1 where a.gwas_gene_id=? and c.taxon1=? 
2022-02-11 14:57:00.629 [http-nio-9401-exec-4] DEBUG c.a.c.n.s.m.Ortho9031Mapper.findOrthByTaxonAndGene - ==> Parameters: Zm00001d017703(String), 4577(Integer)
2022-02-11 14:57:00.631 [http-nio-9401-exec-4] DEBUG c.a.c.n.s.m.Ortho9031Mapper.findOrthByTaxonAndGene - <==      Total: 0
2022-02-11 14:57:00.633 [http-nio-9401-exec-4] DEBUG c.a.c.n.s.m.Ortho9031Mapper.findOrthByTaxonAndGene - ==>  Preparing: select c.taxon1,c.uniprot_id1,c.taxon2,c.uniprot_id2,c.db_evidence,c.from_db from gene_basic_info a inner join ortholog_id_mapping b on a.ensembl_gene_id=b.ensembl_gene_id inner join ortholog_all c on b.uniprot_id=c.uniprot_id1 where a.gwas_gene_id=? and c.taxon1=? 
2022-02-11 14:57:00.633 [http-nio-9401-exec-4] DEBUG c.a.c.n.s.m.Ortho9031Mapper.findOrthByTaxonAndGene - ==> Parameters: Zm00001d017704(String), 4577(Integer)
2022-02-11 14:57:00.649 [http-nio-9401-exec-4] DEBUG c.a.c.n.s.m.Ortho9031Mapper.findOrthByTaxonAndGene - <==      Total: 0
2022-02-11 14:57:00.651 [http-nio-9401-exec-4] DEBUG c.a.c.n.s.m.Ortho9031Mapper.findOrthByTaxonAndGene - ==>  Preparing: select c.taxon1,c.uniprot_id1,c.taxon2,c.uniprot_id2,c.db_evidence,c.from_db from gene_basic_info a inner join ortholog_id_mapping b on a.ensembl_gene_id=b.ensembl_gene_id inner join ortholog_all c on b.uniprot_id=c.uniprot_id1 where a.gwas_gene_id=? and c.taxon1=? 
2022-02-11 14:57:00.651 [http-nio-9401-exec-4] DEBUG c.a.c.n.s.m.Ortho9031Mapper.findOrthByTaxonAndGene - ==> Parameters: Zm00001d034163(String), 4577(Integer)
2022-02-11 14:57:00.659 [http-nio-9401-exec-4] DEBUG c.a.c.n.s.m.Ortho9031Mapper.findOrthByTaxonAndGene - <==      Total: 0
2022-02-11 14:57:00.660 [http-nio-9401-exec-4] DEBUG c.a.c.n.s.m.Ortho9031Mapper.findOrthByTaxonAndGene - ==>  Preparing: select c.taxon1,c.uniprot_id1,c.taxon2,c.uniprot_id2,c.db_evidence,c.from_db from gene_basic_info a inner join ortholog_id_mapping b on a.ensembl_gene_id=b.ensembl_gene_id inner join ortholog_all c on b.uniprot_id=c.uniprot_id1 where a.gwas_gene_id=? and c.taxon1=? 
2022-02-11 14:57:00.662 [http-nio-9401-exec-4] DEBUG c.a.c.n.s.m.Ortho9031Mapper.findOrthByTaxonAndGene - ==> Parameters: Zm00001d039618(String), 4577(Integer)
2022-02-11 14:57:00.665 [http-nio-9401-exec-4] DEBUG c.a.c.n.s.m.Ortho9031Mapper.findOrthByTaxonAndGene - <==      Total: 0
2022-02-11 14:57:00.666 [http-nio-9401-exec-4] DEBUG c.a.c.n.s.m.Ortho9031Mapper.findOrthByTaxonAndGene - ==>  Preparing: select c.taxon1,c.uniprot_id1,c.taxon2,c.uniprot_id2,c.db_evidence,c.from_db from gene_basic_info a inner join ortholog_id_mapping b on a.ensembl_gene_id=b.ensembl_gene_id inner join ortholog_all c on b.uniprot_id=c.uniprot_id1 where a.gwas_gene_id=? and c.taxon1=? 
2022-02-11 14:57:00.667 [http-nio-9401-exec-4] DEBUG c.a.c.n.s.m.Ortho9031Mapper.findOrthByTaxonAndGene - ==> Parameters: ENSRNA049474580(String), 4577(Integer)
2022-02-11 14:57:28.267 [http-nio-9401-exec-4] DEBUG c.a.c.n.s.m.Ortho9031Mapper.findOrthByTaxonAndGene - <==      Total: 100
2022-02-11 14:57:28.269 [http-nio-9401-exec-4] DEBUG c.a.c.n.s.m.Ortho9031Mapper.findOrthByTaxonAndGene - ==>  Preparing: select c.taxon1,c.uniprot_id1,c.taxon2,c.uniprot_id2,c.db_evidence,c.from_db from gene_basic_info a inner join ortholog_id_mapping b on a.ensembl_gene_id=b.ensembl_gene_id inner join ortholog_all c on b.uniprot_id=c.uniprot_id1 where a.gwas_gene_id=? and c.taxon1=? 
2022-02-11 14:57:28.270 [http-nio-9401-exec-4] DEBUG c.a.c.n.s.m.Ortho9031Mapper.findOrthByTaxonAndGene - ==> Parameters: Zm00001d017820(String), 4577(Integer)
2022-02-11 14:57:28.274 [http-nio-9401-exec-4] DEBUG c.a.c.n.s.m.Ortho9031Mapper.findOrthByTaxonAndGene - <==      Total: 0
2022-02-11 14:57:28.276 [http-nio-9401-exec-4] DEBUG c.a.c.n.s.m.Ortho9031Mapper.findOrthByTaxonAndGene - ==>  Preparing: select c.taxon1,c.uniprot_id1,c.taxon2,c.uniprot_id2,c.db_evidence,c.from_db from gene_basic_info a inner join ortholog_id_mapping b on a.ensembl_gene_id=b.ensembl_gene_id inner join ortholog_all c on b.uniprot_id=c.uniprot_id1 where a.gwas_gene_id=? and c.taxon1=? 
2022-02-11 14:57:28.277 [http-nio-9401-exec-4] DEBUG c.a.c.n.s.m.Ortho9031Mapper.findOrthByTaxonAndGene - ==> Parameters: Zm00001d014796(String), 4577(Integer)
2022-02-11 14:57:28.281 [http-nio-9401-exec-4] DEBUG c.a.c.n.s.m.Ortho9031Mapper.findOrthByTaxonAndGene - <==      Total: 0
2022-02-11 14:57:28.282 [http-nio-9401-exec-4] DEBUG c.a.c.n.s.m.Ortho9031Mapper.findOrthByTaxonAndGene - ==>  Preparing: select c.taxon1,c.uniprot_id1,c.taxon2,c.uniprot_id2,c.db_evidence,c.from_db from gene_basic_info a inner join ortholog_id_mapping b on a.ensembl_gene_id=b.ensembl_gene_id inner join ortholog_all c on b.uniprot_id=c.uniprot_id1 where a.gwas_gene_id=? and c.taxon1=? 
2022-02-11 14:57:28.283 [http-nio-9401-exec-4] DEBUG c.a.c.n.s.m.Ortho9031Mapper.findOrthByTaxonAndGene - ==> Parameters: Zm00001d014674(String), 4577(Integer)
2022-02-11 14:57:28.288 [http-nio-9401-exec-4] DEBUG c.a.c.n.s.m.Ortho9031Mapper.findOrthByTaxonAndGene - <==      Total: 0
