2022-03-10 09:00:15.022 [restartedMain] INFO  cn.ac.cncb.ngdc.syndb.SyndbApplication - Starting SyndbApplication using Java 1.8.0_211 on LAPTOP-1VEOTUUA with PID 16600 (F:\syndb\target\classes started by 光亚 in F:\syndb)
2022-03-10 09:00:15.025 [restartedMain] INFO  cn.ac.cncb.ngdc.syndb.SyndbApplication - No active profile set, falling back to default profiles: default
2022-03-10 09:00:18.735 [restartedMain] INFO  cn.ac.cncb.ngdc.syndb.SyndbApplication - Started SyndbApplication in 4.581 seconds (JVM running for 7.585)
2022-03-10 09:01:13.880 [http-nio-9401-exec-1] DEBUG c.a.c.n.s.m.Trait2gwasMapper.biomedicalTrait_COUNT - ==>  Preparing: SELECT count(0) FROM trait_all 
2022-03-10 09:01:13.913 [http-nio-9401-exec-1] DEBUG c.a.c.n.s.m.Trait2gwasMapper.biomedicalTrait_COUNT - ==> Parameters: 
2022-03-10 09:01:13.947 [http-nio-9401-exec-1] DEBUG c.a.c.n.s.m.Trait2gwasMapper.biomedicalTrait_COUNT - <==      Total: 1
2022-03-10 09:01:13.950 [http-nio-9401-exec-1] DEBUG c.a.c.n.s.mapper.Trait2gwasMapper.biomedicalTrait - ==>  Preparing: select * from trait_all LIMIT ? 
2022-03-10 09:01:13.950 [http-nio-9401-exec-1] DEBUG c.a.c.n.s.mapper.Trait2gwasMapper.biomedicalTrait - ==> Parameters: 10(Integer)
2022-03-10 09:01:13.964 [http-nio-9401-exec-1] DEBUG c.a.c.n.s.mapper.Trait2gwasMapper.biomedicalTrait - <==      Total: 10
2022-03-10 09:01:13.967 [http-nio-9401-exec-1] DEBUG c.a.c.n.s.m.Ortho9031Mapper.findOrthByTaxonAndGene - ==>  Preparing: select * from ortholog_id_mapping b, ortholog_all64 c where (( b.uniprot_id=c.uniprot_id1 and c.tax_id2 in (9925,9823,9940,9031,9913)) or (b.uniprot_id=c.uniprot_id2 and c.tax_id1 in (9925,9823,9940,9031,9913))) and b.ensembl_gene_id=? and b.taxon_id={taxonId} 
2022-03-10 09:01:13.968 [http-nio-9401-exec-1] DEBUG c.a.c.n.s.m.Ortho9031Mapper.findOrthByTaxonAndGene - ==> Parameters: CotAD_32480(String)
2022-03-10 09:06:57.637 [restartedMain] INFO  cn.ac.cncb.ngdc.syndb.SyndbApplication - Starting SyndbApplication using Java 1.8.0_211 on LAPTOP-1VEOTUUA with PID 8308 (F:\syndb\target\classes started by 光亚 in F:\syndb)
2022-03-10 09:06:57.642 [restartedMain] INFO  cn.ac.cncb.ngdc.syndb.SyndbApplication - No active profile set, falling back to default profiles: default
2022-03-10 09:07:00.140 [restartedMain] INFO  cn.ac.cncb.ngdc.syndb.SyndbApplication - Started SyndbApplication in 3.211 seconds (JVM running for 5.013)
2022-03-10 09:07:04.023 [http-nio-9401-exec-1] DEBUG c.a.c.n.s.m.Trait2gwasMapper.biomedicalTrait_COUNT - ==>  Preparing: SELECT count(0) FROM trait_all 
2022-03-10 09:07:04.050 [http-nio-9401-exec-1] DEBUG c.a.c.n.s.m.Trait2gwasMapper.biomedicalTrait_COUNT - ==> Parameters: 
2022-03-10 09:07:04.076 [http-nio-9401-exec-1] DEBUG c.a.c.n.s.m.Trait2gwasMapper.biomedicalTrait_COUNT - <==      Total: 1
2022-03-10 09:07:04.077 [http-nio-9401-exec-1] DEBUG c.a.c.n.s.mapper.Trait2gwasMapper.biomedicalTrait - ==>  Preparing: select * from trait_all LIMIT ? 
2022-03-10 09:07:04.077 [http-nio-9401-exec-1] DEBUG c.a.c.n.s.mapper.Trait2gwasMapper.biomedicalTrait - ==> Parameters: 10(Integer)
2022-03-10 09:07:04.090 [http-nio-9401-exec-1] DEBUG c.a.c.n.s.mapper.Trait2gwasMapper.biomedicalTrait - <==      Total: 10
2022-03-10 09:07:04.092 [http-nio-9401-exec-1] DEBUG c.a.c.n.s.m.Ortho9031Mapper.findOrthByTaxonAndGene - ==>  Preparing: select * from ortholog_id_mapping a, ortholog_all64 b where (( a.uniprot_id=b.uniprot_id1 and b.tax_id2 in (9925,9823,9940,9031,9913)) or (a.uniprot_id=b.uniprot_id2 and b.tax_id1 in (9925,9823,9940,9031,9913))) and a.ensembl_gene_id=? and a.taxon_id={taxonId} 
2022-03-10 09:07:04.093 [http-nio-9401-exec-1] DEBUG c.a.c.n.s.m.Ortho9031Mapper.findOrthByTaxonAndGene - ==> Parameters: CotAD_32480(String)
2022-03-10 09:08:44.631 [restartedMain] INFO  cn.ac.cncb.ngdc.syndb.SyndbApplication - Starting SyndbApplication using Java 1.8.0_211 on LAPTOP-1VEOTUUA with PID 21340 (F:\syndb\target\classes started by 光亚 in F:\syndb)
2022-03-10 09:08:44.636 [restartedMain] INFO  cn.ac.cncb.ngdc.syndb.SyndbApplication - No active profile set, falling back to default profiles: default
2022-03-10 09:08:46.704 [restartedMain] INFO  cn.ac.cncb.ngdc.syndb.SyndbApplication - Started SyndbApplication in 2.679 seconds (JVM running for 4.459)
2022-03-10 09:09:07.077 [http-nio-9401-exec-1] DEBUG c.a.c.n.s.m.Trait2gwasMapper.biomedicalTrait_COUNT - ==>  Preparing: SELECT count(0) FROM trait_all 
2022-03-10 09:09:07.103 [http-nio-9401-exec-1] DEBUG c.a.c.n.s.m.Trait2gwasMapper.biomedicalTrait_COUNT - ==> Parameters: 
2022-03-10 09:09:07.129 [http-nio-9401-exec-1] DEBUG c.a.c.n.s.m.Trait2gwasMapper.biomedicalTrait_COUNT - <==      Total: 1
2022-03-10 09:09:07.132 [http-nio-9401-exec-1] DEBUG c.a.c.n.s.mapper.Trait2gwasMapper.biomedicalTrait - ==>  Preparing: select * from trait_all LIMIT ? 
2022-03-10 09:09:07.133 [http-nio-9401-exec-1] DEBUG c.a.c.n.s.mapper.Trait2gwasMapper.biomedicalTrait - ==> Parameters: 10(Integer)
2022-03-10 09:09:07.143 [http-nio-9401-exec-1] DEBUG c.a.c.n.s.mapper.Trait2gwasMapper.biomedicalTrait - <==      Total: 10
2022-03-10 09:09:07.145 [http-nio-9401-exec-1] DEBUG c.a.c.n.s.m.Ortho9031Mapper.findOrthByTaxonAndGene - ==>  Preparing: select * from ortholog_id_mapping oim, ortholog_all64 oall where (( oim.uniprot_id=oall.uniprot_id1 and oall.tax_id2 in (9925,9823,9940,9031,9913)) or (oim.uniprot_id=oall.uniprot_id2 and oall.tax_id1 in (9925,9823,9940,9031,9913))) and oim.ensembl_gene_id=? and oim.taxon_id={taxonId} 
2022-03-10 09:09:07.147 [http-nio-9401-exec-1] DEBUG c.a.c.n.s.m.Ortho9031Mapper.findOrthByTaxonAndGene - ==> Parameters: CotAD_32480(String)
2022-03-10 10:12:35.339 [http-nio-9401-exec-2] DEBUG c.a.c.n.s.m.Trait2gwasMapper.biomedicalTrait_COUNT - ==>  Preparing: SELECT count(0) FROM trait_all 
2022-03-10 10:12:35.344 [http-nio-9401-exec-2] DEBUG c.a.c.n.s.m.Trait2gwasMapper.biomedicalTrait_COUNT - ==> Parameters: 
2022-03-10 10:12:35.348 [http-nio-9401-exec-2] DEBUG c.a.c.n.s.m.Trait2gwasMapper.biomedicalTrait_COUNT - <==      Total: 1
2022-03-10 10:12:35.350 [http-nio-9401-exec-2] DEBUG c.a.c.n.s.mapper.Trait2gwasMapper.biomedicalTrait - ==>  Preparing: select * from trait_all LIMIT ? 
2022-03-10 10:12:35.350 [http-nio-9401-exec-2] DEBUG c.a.c.n.s.mapper.Trait2gwasMapper.biomedicalTrait - ==> Parameters: 10(Integer)
2022-03-10 10:12:35.360 [http-nio-9401-exec-2] DEBUG c.a.c.n.s.mapper.Trait2gwasMapper.biomedicalTrait - <==      Total: 10
2022-03-10 10:12:35.362 [http-nio-9401-exec-2] DEBUG c.a.c.n.s.m.Ortho9031Mapper.findOrthByTaxonAndGene - ==>  Preparing: select * from ortholog_id_mapping oim, ortholog_all64 oall where (( oim.uniprot_id=oall.uniprot_id1 and oall.tax_id2 in (9925,9823,9940,9031,9913)) or (oim.uniprot_id=oall.uniprot_id2 and oall.tax_id1 in (9925,9823,9940,9031,9913))) and oim.ensembl_gene_id=? and oim.taxon_id={taxonId} 
2022-03-10 10:12:35.363 [http-nio-9401-exec-2] DEBUG c.a.c.n.s.m.Ortho9031Mapper.findOrthByTaxonAndGene - ==> Parameters: CotAD_32480(String)
2022-03-10 10:20:22.145 [http-nio-9401-exec-3] DEBUG c.a.c.n.s.m.Trait2gwasMapper.biomedicalTrait_COUNT - ==>  Preparing: SELECT count(0) FROM trait_all 
2022-03-10 10:20:22.147 [http-nio-9401-exec-3] DEBUG c.a.c.n.s.m.Trait2gwasMapper.biomedicalTrait_COUNT - ==> Parameters: 
2022-03-10 10:20:22.150 [http-nio-9401-exec-3] DEBUG c.a.c.n.s.m.Trait2gwasMapper.biomedicalTrait_COUNT - <==      Total: 1
2022-03-10 10:20:22.151 [http-nio-9401-exec-3] DEBUG c.a.c.n.s.mapper.Trait2gwasMapper.biomedicalTrait - ==>  Preparing: select * from trait_all LIMIT ? 
2022-03-10 10:20:22.151 [http-nio-9401-exec-3] DEBUG c.a.c.n.s.mapper.Trait2gwasMapper.biomedicalTrait - ==> Parameters: 10(Integer)
2022-03-10 10:20:22.160 [http-nio-9401-exec-3] DEBUG c.a.c.n.s.mapper.Trait2gwasMapper.biomedicalTrait - <==      Total: 10
2022-03-10 10:20:22.160 [http-nio-9401-exec-3] DEBUG c.a.c.n.s.m.Ortho9031Mapper.findOrthByTaxonAndGene - ==>  Preparing: select * from ortholog_id_mapping oim, ortholog_all64 oall where (( oim.uniprot_id=oall.uniprot_id1 and oall.tax_id2 in (9925,9823,9940,9031,9913)) or (oim.uniprot_id=oall.uniprot_id2 and oall.tax_id1 in (9925,9823,9940,9031,9913))) and oim.ensembl_gene_id=? and oim.taxon_id={taxonId} 
2022-03-10 10:20:22.161 [http-nio-9401-exec-3] DEBUG c.a.c.n.s.m.Ortho9031Mapper.findOrthByTaxonAndGene - ==> Parameters: CotAD_32480(String)
2022-03-10 10:45:34.556 [restartedMain] INFO  cn.ac.cncb.ngdc.syndb.SyndbApplication - Starting SyndbApplication using Java 1.8.0_211 on LAPTOP-1VEOTUUA with PID 4716 (F:\syndb\target\classes started by 光亚 in F:\syndb)
2022-03-10 10:45:34.562 [restartedMain] INFO  cn.ac.cncb.ngdc.syndb.SyndbApplication - No active profile set, falling back to default profiles: default
2022-03-10 10:45:36.896 [restartedMain] INFO  cn.ac.cncb.ngdc.syndb.SyndbApplication - Started SyndbApplication in 3.015 seconds (JVM running for 4.779)
2022-03-10 10:45:39.932 [http-nio-9401-exec-1] DEBUG c.a.c.n.s.m.Trait2gwasMapper.biomedicalTrait_COUNT - ==>  Preparing: SELECT count(0) FROM trait_all 
2022-03-10 10:45:39.959 [http-nio-9401-exec-1] DEBUG c.a.c.n.s.m.Trait2gwasMapper.biomedicalTrait_COUNT - ==> Parameters: 
2022-03-10 10:45:39.983 [http-nio-9401-exec-1] DEBUG c.a.c.n.s.m.Trait2gwasMapper.biomedicalTrait_COUNT - <==      Total: 1
2022-03-10 10:45:39.985 [http-nio-9401-exec-1] DEBUG c.a.c.n.s.mapper.Trait2gwasMapper.biomedicalTrait - ==>  Preparing: select * from trait_all LIMIT ? 
2022-03-10 10:45:39.986 [http-nio-9401-exec-1] DEBUG c.a.c.n.s.mapper.Trait2gwasMapper.biomedicalTrait - ==> Parameters: 10(Integer)
2022-03-10 10:45:39.997 [http-nio-9401-exec-1] DEBUG c.a.c.n.s.mapper.Trait2gwasMapper.biomedicalTrait - <==      Total: 10
2022-03-10 10:45:39.999 [http-nio-9401-exec-1] DEBUG c.a.c.n.s.m.Ortho9031Mapper.findOrthByTaxonAndGene - ==>  Preparing: select * from ortholog_id_mapping oim, ortholog_all64 oall where oim.uniprot_id=oall.uniprot_id1 and oall.tax_id2 in (9925,9823,9940,9031,9913) or oim.uniprot_id=oall.uniprot_id2 and oall.tax_id1 in (9925,9823,9940,9031,9913) and oim.ensembl_gene_id=? and oim.taxon_id={taxonId} 
2022-03-10 10:45:40.000 [http-nio-9401-exec-1] DEBUG c.a.c.n.s.m.Ortho9031Mapper.findOrthByTaxonAndGene - ==> Parameters: CotAD_32480(String)
2022-03-10 10:46:30.493 [restartedMain] INFO  cn.ac.cncb.ngdc.syndb.SyndbApplication - Starting SyndbApplication using Java 1.8.0_211 on LAPTOP-1VEOTUUA with PID 7576 (F:\syndb\target\classes started by 光亚 in F:\syndb)
2022-03-10 10:46:30.498 [restartedMain] INFO  cn.ac.cncb.ngdc.syndb.SyndbApplication - No active profile set, falling back to default profiles: default
2022-03-10 10:46:32.444 [restartedMain] INFO  cn.ac.cncb.ngdc.syndb.SyndbApplication - Started SyndbApplication in 2.692 seconds (JVM running for 4.879)
2022-03-10 10:46:35.554 [http-nio-9401-exec-1] DEBUG c.a.c.n.s.m.Trait2gwasMapper.biomedicalTrait_COUNT - ==>  Preparing: SELECT count(0) FROM trait_all 
2022-03-10 10:46:35.582 [http-nio-9401-exec-1] DEBUG c.a.c.n.s.m.Trait2gwasMapper.biomedicalTrait_COUNT - ==> Parameters: 
2022-03-10 10:46:35.607 [http-nio-9401-exec-1] DEBUG c.a.c.n.s.m.Trait2gwasMapper.biomedicalTrait_COUNT - <==      Total: 1
2022-03-10 10:46:35.609 [http-nio-9401-exec-1] DEBUG c.a.c.n.s.mapper.Trait2gwasMapper.biomedicalTrait - ==>  Preparing: select * from trait_all LIMIT ? 
2022-03-10 10:46:35.610 [http-nio-9401-exec-1] DEBUG c.a.c.n.s.mapper.Trait2gwasMapper.biomedicalTrait - ==> Parameters: 10(Integer)
2022-03-10 10:46:35.623 [http-nio-9401-exec-1] DEBUG c.a.c.n.s.mapper.Trait2gwasMapper.biomedicalTrait - <==      Total: 10
2022-03-10 10:46:35.625 [http-nio-9401-exec-1] DEBUG c.a.c.n.s.m.Ortho9031Mapper.findOrthByTaxonAndGene - ==>  Preparing: select * from ortholog_id_mapping oim, ortholog_all64 oall where (( oim.uniprot_id=oall.uniprot_id1 and oall.tax_id2 in (9925,9823,9940,9031,9913)) or (oim.uniprot_id=oall.uniprot_id2 and oall.tax_id1 in (9925,9823,9940,9031,9913))) and oim.ensembl_gene_id=? and oim.taxon_id=? 
2022-03-10 10:46:35.625 [http-nio-9401-exec-1] DEBUG c.a.c.n.s.m.Ortho9031Mapper.findOrthByTaxonAndGene - ==> Parameters: CotAD_32480(String), 3635(Integer)
2022-03-10 10:46:35.632 [http-nio-9401-exec-1] DEBUG c.a.c.n.s.m.Ortho9031Mapper.findOrthByTaxonAndGene - <==      Total: 0
2022-03-10 10:46:35.633 [http-nio-9401-exec-1] DEBUG c.a.c.n.s.m.T.findGwasOrgidByTaxonId - ==>  Preparing: select gwas_orgid from species where taxon_id=? 
2022-03-10 10:46:35.634 [http-nio-9401-exec-1] DEBUG c.a.c.n.s.m.T.findGwasOrgidByTaxonId - ==> Parameters: 3635(Integer)
2022-03-10 10:46:35.650 [http-nio-9401-exec-1] DEBUG c.a.c.n.s.m.T.findGwasOrgidByTaxonId - <==      Total: 1
2022-03-10 10:46:35.651 [http-nio-9401-exec-1] DEBUG c.a.c.n.s.m.Ortho9031Mapper.findOrthByTaxonAndGene - ==>  Preparing: select * from ortholog_id_mapping oim, ortholog_all64 oall where (( oim.uniprot_id=oall.uniprot_id1 and oall.tax_id2 in (9925,9823,9940,9031,9913)) or (oim.uniprot_id=oall.uniprot_id2 and oall.tax_id1 in (9925,9823,9940,9031,9913))) and oim.ensembl_gene_id=? and oim.taxon_id=? 
2022-03-10 10:46:35.651 [http-nio-9401-exec-1] DEBUG c.a.c.n.s.m.Ortho9031Mapper.findOrthByTaxonAndGene - ==> Parameters: CotAD_32479(String), 3635(Integer)
2022-03-10 10:46:35.659 [http-nio-9401-exec-1] DEBUG c.a.c.n.s.m.Ortho9031Mapper.findOrthByTaxonAndGene - <==      Total: 0
2022-03-10 10:46:35.659 [http-nio-9401-exec-1] DEBUG c.a.c.n.s.m.T.findGwasOrgidByTaxonId - ==>  Preparing: select gwas_orgid from species where taxon_id=? 
2022-03-10 10:46:35.660 [http-nio-9401-exec-1] DEBUG c.a.c.n.s.m.T.findGwasOrgidByTaxonId - ==> Parameters: 3635(Integer)
2022-03-10 10:46:35.662 [http-nio-9401-exec-1] DEBUG c.a.c.n.s.m.T.findGwasOrgidByTaxonId - <==      Total: 1
2022-03-10 10:46:35.663 [http-nio-9401-exec-1] DEBUG c.a.c.n.s.m.Ortho9031Mapper.findOrthByTaxonAndGene - ==>  Preparing: select * from ortholog_id_mapping oim, ortholog_all64 oall where (( oim.uniprot_id=oall.uniprot_id1 and oall.tax_id2 in (9925,9823,9940,9031,9913)) or (oim.uniprot_id=oall.uniprot_id2 and oall.tax_id1 in (9925,9823,9940,9031,9913))) and oim.ensembl_gene_id=? and oim.taxon_id=? 
2022-03-10 10:46:35.663 [http-nio-9401-exec-1] DEBUG c.a.c.n.s.m.Ortho9031Mapper.findOrthByTaxonAndGene - ==> Parameters: Zm00001d017703(String), 4577(Integer)
2022-03-10 10:46:35.679 [http-nio-9401-exec-1] DEBUG c.a.c.n.s.m.Ortho9031Mapper.findOrthByTaxonAndGene - <==      Total: 0
2022-03-10 10:46:35.680 [http-nio-9401-exec-1] DEBUG c.a.c.n.s.m.T.findGwasOrgidByTaxonId - ==>  Preparing: select gwas_orgid from species where taxon_id=? 
2022-03-10 10:46:35.680 [http-nio-9401-exec-1] DEBUG c.a.c.n.s.m.T.findGwasOrgidByTaxonId - ==> Parameters: 4577(Integer)
2022-03-10 10:46:35.684 [http-nio-9401-exec-1] DEBUG c.a.c.n.s.m.T.findGwasOrgidByTaxonId - <==      Total: 1
2022-03-10 10:46:35.684 [http-nio-9401-exec-1] DEBUG c.a.c.n.s.m.Ortho9031Mapper.findOrthByTaxonAndGene - ==>  Preparing: select * from ortholog_id_mapping oim, ortholog_all64 oall where (( oim.uniprot_id=oall.uniprot_id1 and oall.tax_id2 in (9925,9823,9940,9031,9913)) or (oim.uniprot_id=oall.uniprot_id2 and oall.tax_id1 in (9925,9823,9940,9031,9913))) and oim.ensembl_gene_id=? and oim.taxon_id=? 
2022-03-10 10:46:35.684 [http-nio-9401-exec-1] DEBUG c.a.c.n.s.m.Ortho9031Mapper.findOrthByTaxonAndGene - ==> Parameters: Zm00001d017704(String), 4577(Integer)
2022-03-10 10:46:35.699 [http-nio-9401-exec-1] DEBUG c.a.c.n.s.m.Ortho9031Mapper.findOrthByTaxonAndGene - <==      Total: 6
2022-03-10 10:46:35.700 [http-nio-9401-exec-1] DEBUG c.a.c.n.s.m.Ortho9031Mapper.findTraitNameByGene - ==>  Preparing: select trait_name from trait_all where gene_id=? 
2022-03-10 10:46:35.701 [http-nio-9401-exec-1] DEBUG c.a.c.n.s.m.Ortho9031Mapper.findTraitNameByGene - ==> Parameters: null
2022-03-10 10:46:35.704 [http-nio-9401-exec-1] DEBUG c.a.c.n.s.m.Ortho9031Mapper.findTraitNameByGene - <==      Total: 0
2022-03-10 10:46:35.705 [http-nio-9401-exec-1] DEBUG c.a.c.n.s.m.Ortho9031Mapper.findTraitNameByGene - ==>  Preparing: select trait_name from trait_all where gene_id=? 
2022-03-10 10:46:35.706 [http-nio-9401-exec-1] DEBUG c.a.c.n.s.m.Ortho9031Mapper.findTraitNameByGene - ==> Parameters: null
2022-03-10 10:46:35.707 [http-nio-9401-exec-1] DEBUG c.a.c.n.s.m.Ortho9031Mapper.findTraitNameByGene - <==      Total: 0
2022-03-10 10:46:35.708 [http-nio-9401-exec-1] DEBUG c.a.c.n.s.m.Ortho9031Mapper.findTraitNameByGene - ==>  Preparing: select trait_name from trait_all where gene_id=? 
2022-03-10 10:46:35.708 [http-nio-9401-exec-1] DEBUG c.a.c.n.s.m.Ortho9031Mapper.findTraitNameByGene - ==> Parameters: null
2022-03-10 10:46:35.711 [http-nio-9401-exec-1] DEBUG c.a.c.n.s.m.Ortho9031Mapper.findTraitNameByGene - <==      Total: 0
2022-03-10 10:46:35.713 [http-nio-9401-exec-1] DEBUG c.a.c.n.s.m.Ortho9031Mapper.findTraitNameByGene - ==>  Preparing: select trait_name from trait_all where gene_id=? 
2022-03-10 10:46:35.713 [http-nio-9401-exec-1] DEBUG c.a.c.n.s.m.Ortho9031Mapper.findTraitNameByGene - ==> Parameters: null
2022-03-10 10:46:35.716 [http-nio-9401-exec-1] DEBUG c.a.c.n.s.m.Ortho9031Mapper.findTraitNameByGene - <==      Total: 0
2022-03-10 10:46:35.717 [http-nio-9401-exec-1] DEBUG c.a.c.n.s.m.Ortho9031Mapper.findTraitNameByGene - ==>  Preparing: select trait_name from trait_all where gene_id=? 
2022-03-10 10:46:35.717 [http-nio-9401-exec-1] DEBUG c.a.c.n.s.m.Ortho9031Mapper.findTraitNameByGene - ==> Parameters: null
2022-03-10 10:46:35.719 [http-nio-9401-exec-1] DEBUG c.a.c.n.s.m.Ortho9031Mapper.findTraitNameByGene - <==      Total: 0
2022-03-10 10:46:35.720 [http-nio-9401-exec-1] DEBUG c.a.c.n.s.m.Ortho9031Mapper.findTraitNameByGene - ==>  Preparing: select trait_name from trait_all where gene_id=? 
2022-03-10 10:46:35.721 [http-nio-9401-exec-1] DEBUG c.a.c.n.s.m.Ortho9031Mapper.findTraitNameByGene - ==> Parameters: null
2022-03-10 10:46:35.723 [http-nio-9401-exec-1] DEBUG c.a.c.n.s.m.Ortho9031Mapper.findTraitNameByGene - <==      Total: 0
2022-03-10 10:46:35.724 [http-nio-9401-exec-1] DEBUG c.a.c.n.s.m.T.findGwasOrgidByTaxonId - ==>  Preparing: select gwas_orgid from species where taxon_id=? 
2022-03-10 10:46:35.724 [http-nio-9401-exec-1] DEBUG c.a.c.n.s.m.T.findGwasOrgidByTaxonId - ==> Parameters: 4577(Integer)
2022-03-10 10:46:35.728 [http-nio-9401-exec-1] DEBUG c.a.c.n.s.m.T.findGwasOrgidByTaxonId - <==      Total: 1
2022-03-10 10:46:35.731 [http-nio-9401-exec-1] DEBUG c.a.c.n.s.m.Ortho9031Mapper.findOrthByTaxonAndGene - ==>  Preparing: select * from ortholog_id_mapping oim, ortholog_all64 oall where (( oim.uniprot_id=oall.uniprot_id1 and oall.tax_id2 in (9925,9823,9940,9031,9913)) or (oim.uniprot_id=oall.uniprot_id2 and oall.tax_id1 in (9925,9823,9940,9031,9913))) and oim.ensembl_gene_id=? and oim.taxon_id=? 
2022-03-10 10:46:35.732 [http-nio-9401-exec-1] DEBUG c.a.c.n.s.m.Ortho9031Mapper.findOrthByTaxonAndGene - ==> Parameters: Zm00001d034163(String), 4577(Integer)
2022-03-10 10:46:35.735 [http-nio-9401-exec-1] DEBUG c.a.c.n.s.m.Ortho9031Mapper.findOrthByTaxonAndGene - <==      Total: 0
2022-03-10 10:46:35.737 [http-nio-9401-exec-1] DEBUG c.a.c.n.s.m.T.findGwasOrgidByTaxonId - ==>  Preparing: select gwas_orgid from species where taxon_id=? 
2022-03-10 10:46:35.737 [http-nio-9401-exec-1] DEBUG c.a.c.n.s.m.T.findGwasOrgidByTaxonId - ==> Parameters: 4577(Integer)
2022-03-10 10:46:35.740 [http-nio-9401-exec-1] DEBUG c.a.c.n.s.m.T.findGwasOrgidByTaxonId - <==      Total: 1
2022-03-10 10:46:35.741 [http-nio-9401-exec-1] DEBUG c.a.c.n.s.m.Ortho9031Mapper.findOrthByTaxonAndGene - ==>  Preparing: select * from ortholog_id_mapping oim, ortholog_all64 oall where (( oim.uniprot_id=oall.uniprot_id1 and oall.tax_id2 in (9925,9823,9940,9031,9913)) or (oim.uniprot_id=oall.uniprot_id2 and oall.tax_id1 in (9925,9823,9940,9031,9913))) and oim.ensembl_gene_id=? and oim.taxon_id=? 
2022-03-10 10:46:35.742 [http-nio-9401-exec-1] DEBUG c.a.c.n.s.m.Ortho9031Mapper.findOrthByTaxonAndGene - ==> Parameters: Zm00001d039618(String), 4577(Integer)
2022-03-10 10:46:35.748 [http-nio-9401-exec-1] DEBUG c.a.c.n.s.m.Ortho9031Mapper.findOrthByTaxonAndGene - <==      Total: 0
2022-03-10 10:46:35.749 [http-nio-9401-exec-1] DEBUG c.a.c.n.s.m.T.findGwasOrgidByTaxonId - ==>  Preparing: select gwas_orgid from species where taxon_id=? 
2022-03-10 10:46:35.749 [http-nio-9401-exec-1] DEBUG c.a.c.n.s.m.T.findGwasOrgidByTaxonId - ==> Parameters: 4577(Integer)
2022-03-10 10:46:35.754 [http-nio-9401-exec-1] DEBUG c.a.c.n.s.m.T.findGwasOrgidByTaxonId - <==      Total: 1
2022-03-10 10:46:35.756 [http-nio-9401-exec-1] DEBUG c.a.c.n.s.m.Ortho9031Mapper.findOrthByTaxonAndGene - ==>  Preparing: select * from ortholog_id_mapping oim, ortholog_all64 oall where (( oim.uniprot_id=oall.uniprot_id1 and oall.tax_id2 in (9925,9823,9940,9031,9913)) or (oim.uniprot_id=oall.uniprot_id2 and oall.tax_id1 in (9925,9823,9940,9031,9913))) and oim.ensembl_gene_id=? and oim.taxon_id=? 
2022-03-10 10:46:35.756 [http-nio-9401-exec-1] DEBUG c.a.c.n.s.m.Ortho9031Mapper.findOrthByTaxonAndGene - ==> Parameters: ENSRNA049474580(String), 4577(Integer)
2022-03-10 10:46:35.761 [http-nio-9401-exec-1] DEBUG c.a.c.n.s.m.Ortho9031Mapper.findOrthByTaxonAndGene - <==      Total: 0
2022-03-10 10:46:35.762 [http-nio-9401-exec-1] DEBUG c.a.c.n.s.m.T.findGwasOrgidByTaxonId - ==>  Preparing: select gwas_orgid from species where taxon_id=? 
2022-03-10 10:46:35.763 [http-nio-9401-exec-1] DEBUG c.a.c.n.s.m.T.findGwasOrgidByTaxonId - ==> Parameters: 4577(Integer)
2022-03-10 10:46:35.767 [http-nio-9401-exec-1] DEBUG c.a.c.n.s.m.T.findGwasOrgidByTaxonId - <==      Total: 1
2022-03-10 10:46:35.767 [http-nio-9401-exec-1] DEBUG c.a.c.n.s.m.Ortho9031Mapper.findOrthByTaxonAndGene - ==>  Preparing: select * from ortholog_id_mapping oim, ortholog_all64 oall where (( oim.uniprot_id=oall.uniprot_id1 and oall.tax_id2 in (9925,9823,9940,9031,9913)) or (oim.uniprot_id=oall.uniprot_id2 and oall.tax_id1 in (9925,9823,9940,9031,9913))) and oim.ensembl_gene_id=? and oim.taxon_id=? 
2022-03-10 10:46:35.768 [http-nio-9401-exec-1] DEBUG c.a.c.n.s.m.Ortho9031Mapper.findOrthByTaxonAndGene - ==> Parameters: Zm00001d017820(String), 4577(Integer)
2022-03-10 10:46:35.771 [http-nio-9401-exec-1] DEBUG c.a.c.n.s.m.Ortho9031Mapper.findOrthByTaxonAndGene - <==      Total: 0
2022-03-10 10:46:35.772 [http-nio-9401-exec-1] DEBUG c.a.c.n.s.m.T.findGwasOrgidByTaxonId - ==>  Preparing: select gwas_orgid from species where taxon_id=? 
2022-03-10 10:46:35.773 [http-nio-9401-exec-1] DEBUG c.a.c.n.s.m.T.findGwasOrgidByTaxonId - ==> Parameters: 4577(Integer)
2022-03-10 10:46:35.776 [http-nio-9401-exec-1] DEBUG c.a.c.n.s.m.T.findGwasOrgidByTaxonId - <==      Total: 1
2022-03-10 10:46:35.777 [http-nio-9401-exec-1] DEBUG c.a.c.n.s.m.Ortho9031Mapper.findOrthByTaxonAndGene - ==>  Preparing: select * from ortholog_id_mapping oim, ortholog_all64 oall where (( oim.uniprot_id=oall.uniprot_id1 and oall.tax_id2 in (9925,9823,9940,9031,9913)) or (oim.uniprot_id=oall.uniprot_id2 and oall.tax_id1 in (9925,9823,9940,9031,9913))) and oim.ensembl_gene_id=? and oim.taxon_id=? 
2022-03-10 10:46:35.777 [http-nio-9401-exec-1] DEBUG c.a.c.n.s.m.Ortho9031Mapper.findOrthByTaxonAndGene - ==> Parameters: Zm00001d014796(String), 4577(Integer)
2022-03-10 10:46:35.783 [http-nio-9401-exec-1] DEBUG c.a.c.n.s.m.Ortho9031Mapper.findOrthByTaxonAndGene - <==      Total: 2
2022-03-10 10:46:35.784 [http-nio-9401-exec-1] DEBUG c.a.c.n.s.m.Ortho9031Mapper.findTraitNameByGene - ==>  Preparing: select trait_name from trait_all where gene_id=? 
2022-03-10 10:46:35.784 [http-nio-9401-exec-1] DEBUG c.a.c.n.s.m.Ortho9031Mapper.findTraitNameByGene - ==> Parameters: null
2022-03-10 10:46:35.786 [http-nio-9401-exec-1] DEBUG c.a.c.n.s.m.Ortho9031Mapper.findTraitNameByGene - <==      Total: 0
2022-03-10 10:46:35.787 [http-nio-9401-exec-1] DEBUG c.a.c.n.s.m.Ortho9031Mapper.findTraitNameByGene - ==>  Preparing: select trait_name from trait_all where gene_id=? 
2022-03-10 10:46:35.787 [http-nio-9401-exec-1] DEBUG c.a.c.n.s.m.Ortho9031Mapper.findTraitNameByGene - ==> Parameters: null
2022-03-10 10:46:35.790 [http-nio-9401-exec-1] DEBUG c.a.c.n.s.m.Ortho9031Mapper.findTraitNameByGene - <==      Total: 0
2022-03-10 10:46:35.791 [http-nio-9401-exec-1] DEBUG c.a.c.n.s.m.T.findGwasOrgidByTaxonId - ==>  Preparing: select gwas_orgid from species where taxon_id=? 
2022-03-10 10:46:35.791 [http-nio-9401-exec-1] DEBUG c.a.c.n.s.m.T.findGwasOrgidByTaxonId - ==> Parameters: 4577(Integer)
2022-03-10 10:46:35.794 [http-nio-9401-exec-1] DEBUG c.a.c.n.s.m.T.findGwasOrgidByTaxonId - <==      Total: 1
2022-03-10 10:46:35.795 [http-nio-9401-exec-1] DEBUG c.a.c.n.s.m.Ortho9031Mapper.findOrthByTaxonAndGene - ==>  Preparing: select * from ortholog_id_mapping oim, ortholog_all64 oall where (( oim.uniprot_id=oall.uniprot_id1 and oall.tax_id2 in (9925,9823,9940,9031,9913)) or (oim.uniprot_id=oall.uniprot_id2 and oall.tax_id1 in (9925,9823,9940,9031,9913))) and oim.ensembl_gene_id=? and oim.taxon_id=? 
2022-03-10 10:46:35.796 [http-nio-9401-exec-1] DEBUG c.a.c.n.s.m.Ortho9031Mapper.findOrthByTaxonAndGene - ==> Parameters: Zm00001d014674(String), 4577(Integer)
2022-03-10 10:46:35.803 [http-nio-9401-exec-1] DEBUG c.a.c.n.s.m.Ortho9031Mapper.findOrthByTaxonAndGene - <==      Total: 6
2022-03-10 10:46:35.804 [http-nio-9401-exec-1] DEBUG c.a.c.n.s.m.Ortho9031Mapper.findTraitNameByGene - ==>  Preparing: select trait_name from trait_all where gene_id=? 
2022-03-10 10:46:35.805 [http-nio-9401-exec-1] DEBUG c.a.c.n.s.m.Ortho9031Mapper.findTraitNameByGene - ==> Parameters: null
2022-03-10 10:46:35.809 [http-nio-9401-exec-1] DEBUG c.a.c.n.s.m.Ortho9031Mapper.findTraitNameByGene - <==      Total: 0
2022-03-10 10:46:35.810 [http-nio-9401-exec-1] DEBUG c.a.c.n.s.m.Ortho9031Mapper.findTraitNameByGene - ==>  Preparing: select trait_name from trait_all where gene_id=? 
2022-03-10 10:46:35.810 [http-nio-9401-exec-1] DEBUG c.a.c.n.s.m.Ortho9031Mapper.findTraitNameByGene - ==> Parameters: null
2022-03-10 10:46:35.813 [http-nio-9401-exec-1] DEBUG c.a.c.n.s.m.Ortho9031Mapper.findTraitNameByGene - <==      Total: 0
2022-03-10 10:46:35.814 [http-nio-9401-exec-1] DEBUG c.a.c.n.s.m.Ortho9031Mapper.findTraitNameByGene - ==>  Preparing: select trait_name from trait_all where gene_id=? 
2022-03-10 10:46:35.814 [http-nio-9401-exec-1] DEBUG c.a.c.n.s.m.Ortho9031Mapper.findTraitNameByGene - ==> Parameters: null
2022-03-10 10:46:35.816 [http-nio-9401-exec-1] DEBUG c.a.c.n.s.m.Ortho9031Mapper.findTraitNameByGene - <==      Total: 0
2022-03-10 10:46:35.817 [http-nio-9401-exec-1] DEBUG c.a.c.n.s.m.Ortho9031Mapper.findTraitNameByGene - ==>  Preparing: select trait_name from trait_all where gene_id=? 
2022-03-10 10:46:35.817 [http-nio-9401-exec-1] DEBUG c.a.c.n.s.m.Ortho9031Mapper.findTraitNameByGene - ==> Parameters: null
2022-03-10 10:46:35.820 [http-nio-9401-exec-1] DEBUG c.a.c.n.s.m.Ortho9031Mapper.findTraitNameByGene - <==      Total: 0
2022-03-10 10:46:35.820 [http-nio-9401-exec-1] DEBUG c.a.c.n.s.m.Ortho9031Mapper.findTraitNameByGene - ==>  Preparing: select trait_name from trait_all where gene_id=? 
2022-03-10 10:46:35.821 [http-nio-9401-exec-1] DEBUG c.a.c.n.s.m.Ortho9031Mapper.findTraitNameByGene - ==> Parameters: null
2022-03-10 10:46:35.823 [http-nio-9401-exec-1] DEBUG c.a.c.n.s.m.Ortho9031Mapper.findTraitNameByGene - <==      Total: 0
2022-03-10 10:46:35.824 [http-nio-9401-exec-1] DEBUG c.a.c.n.s.m.Ortho9031Mapper.findTraitNameByGene - ==>  Preparing: select trait_name from trait_all where gene_id=? 
2022-03-10 10:46:35.824 [http-nio-9401-exec-1] DEBUG c.a.c.n.s.m.Ortho9031Mapper.findTraitNameByGene - ==> Parameters: null
2022-03-10 10:46:35.827 [http-nio-9401-exec-1] DEBUG c.a.c.n.s.m.Ortho9031Mapper.findTraitNameByGene - <==      Total: 0
2022-03-10 10:46:35.828 [http-nio-9401-exec-1] DEBUG c.a.c.n.s.m.T.findGwasOrgidByTaxonId - ==>  Preparing: select gwas_orgid from species where taxon_id=? 
2022-03-10 10:46:35.829 [http-nio-9401-exec-1] DEBUG c.a.c.n.s.m.T.findGwasOrgidByTaxonId - ==> Parameters: 4577(Integer)
2022-03-10 10:46:35.832 [http-nio-9401-exec-1] DEBUG c.a.c.n.s.m.T.findGwasOrgidByTaxonId - <==      Total: 1
2022-03-10 10:46:45.200 [http-nio-9401-exec-2] DEBUG c.a.c.n.s.m.Trait2gwasMapper.biomedicalTrait_COUNT - ==>  Preparing: SELECT count(0) FROM trait_all 
2022-03-10 10:46:45.201 [http-nio-9401-exec-2] DEBUG c.a.c.n.s.m.Trait2gwasMapper.biomedicalTrait_COUNT - ==> Parameters: 
2022-03-10 10:46:45.204 [http-nio-9401-exec-2] DEBUG c.a.c.n.s.m.Trait2gwasMapper.biomedicalTrait_COUNT - <==      Total: 1
2022-03-10 10:46:45.205 [http-nio-9401-exec-2] DEBUG c.a.c.n.s.mapper.Trait2gwasMapper.biomedicalTrait - ==>  Preparing: select * from trait_all LIMIT ? 
2022-03-10 10:46:45.205 [http-nio-9401-exec-2] DEBUG c.a.c.n.s.mapper.Trait2gwasMapper.biomedicalTrait - ==> Parameters: 10(Integer)
2022-03-10 10:46:45.214 [http-nio-9401-exec-2] DEBUG c.a.c.n.s.mapper.Trait2gwasMapper.biomedicalTrait - <==      Total: 10
2022-03-10 10:46:45.215 [http-nio-9401-exec-2] DEBUG c.a.c.n.s.m.Ortho9031Mapper.findOrthByTaxonAndGene - ==>  Preparing: select * from ortholog_id_mapping oim, ortholog_all64 oall where (( oim.uniprot_id=oall.uniprot_id1 and oall.tax_id2 in (9925,9823,9940,9031,9913)) or (oim.uniprot_id=oall.uniprot_id2 and oall.tax_id1 in (9925,9823,9940,9031,9913))) and oim.ensembl_gene_id=? and oim.taxon_id=? 
2022-03-10 10:46:45.217 [http-nio-9401-exec-2] DEBUG c.a.c.n.s.m.Ortho9031Mapper.findOrthByTaxonAndGene - ==> Parameters: CotAD_32480(String), 3635(Integer)
2022-03-10 10:46:45.222 [http-nio-9401-exec-2] DEBUG c.a.c.n.s.m.Ortho9031Mapper.findOrthByTaxonAndGene - <==      Total: 0
2022-03-10 10:46:45.224 [http-nio-9401-exec-2] DEBUG c.a.c.n.s.m.T.findGwasOrgidByTaxonId - ==>  Preparing: select gwas_orgid from species where taxon_id=? 
2022-03-10 10:46:45.224 [http-nio-9401-exec-2] DEBUG c.a.c.n.s.m.T.findGwasOrgidByTaxonId - ==> Parameters: 3635(Integer)
2022-03-10 10:46:45.228 [http-nio-9401-exec-2] DEBUG c.a.c.n.s.m.T.findGwasOrgidByTaxonId - <==      Total: 1
2022-03-10 10:46:45.230 [http-nio-9401-exec-2] DEBUG c.a.c.n.s.m.Ortho9031Mapper.findOrthByTaxonAndGene - ==>  Preparing: select * from ortholog_id_mapping oim, ortholog_all64 oall where (( oim.uniprot_id=oall.uniprot_id1 and oall.tax_id2 in (9925,9823,9940,9031,9913)) or (oim.uniprot_id=oall.uniprot_id2 and oall.tax_id1 in (9925,9823,9940,9031,9913))) and oim.ensembl_gene_id=? and oim.taxon_id=? 
2022-03-10 10:46:45.230 [http-nio-9401-exec-2] DEBUG c.a.c.n.s.m.Ortho9031Mapper.findOrthByTaxonAndGene - ==> Parameters: CotAD_32479(String), 3635(Integer)
2022-03-10 10:46:45.235 [http-nio-9401-exec-2] DEBUG c.a.c.n.s.m.Ortho9031Mapper.findOrthByTaxonAndGene - <==      Total: 0
2022-03-10 10:46:45.237 [http-nio-9401-exec-2] DEBUG c.a.c.n.s.m.T.findGwasOrgidByTaxonId - ==>  Preparing: select gwas_orgid from species where taxon_id=? 
2022-03-10 10:46:45.238 [http-nio-9401-exec-2] DEBUG c.a.c.n.s.m.T.findGwasOrgidByTaxonId - ==> Parameters: 3635(Integer)
2022-03-10 10:46:45.244 [http-nio-9401-exec-2] DEBUG c.a.c.n.s.m.T.findGwasOrgidByTaxonId - <==      Total: 1
2022-03-10 10:46:45.245 [http-nio-9401-exec-2] DEBUG c.a.c.n.s.m.Ortho9031Mapper.findOrthByTaxonAndGene - ==>  Preparing: select * from ortholog_id_mapping oim, ortholog_all64 oall where (( oim.uniprot_id=oall.uniprot_id1 and oall.tax_id2 in (9925,9823,9940,9031,9913)) or (oim.uniprot_id=oall.uniprot_id2 and oall.tax_id1 in (9925,9823,9940,9031,9913))) and oim.ensembl_gene_id=? and oim.taxon_id=? 
2022-03-10 10:46:45.246 [http-nio-9401-exec-2] DEBUG c.a.c.n.s.m.Ortho9031Mapper.findOrthByTaxonAndGene - ==> Parameters: Zm00001d017703(String), 4577(Integer)
2022-03-10 10:46:45.249 [http-nio-9401-exec-2] DEBUG c.a.c.n.s.m.Ortho9031Mapper.findOrthByTaxonAndGene - <==      Total: 0
2022-03-10 10:46:45.251 [http-nio-9401-exec-2] DEBUG c.a.c.n.s.m.T.findGwasOrgidByTaxonId - ==>  Preparing: select gwas_orgid from species where taxon_id=? 
2022-03-10 10:46:45.252 [http-nio-9401-exec-2] DEBUG c.a.c.n.s.m.T.findGwasOrgidByTaxonId - ==> Parameters: 4577(Integer)
2022-03-10 10:46:45.255 [http-nio-9401-exec-2] DEBUG c.a.c.n.s.m.T.findGwasOrgidByTaxonId - <==      Total: 1
2022-03-10 10:46:45.259 [http-nio-9401-exec-2] DEBUG c.a.c.n.s.m.Ortho9031Mapper.findOrthByTaxonAndGene - ==>  Preparing: select * from ortholog_id_mapping oim, ortholog_all64 oall where (( oim.uniprot_id=oall.uniprot_id1 and oall.tax_id2 in (9925,9823,9940,9031,9913)) or (oim.uniprot_id=oall.uniprot_id2 and oall.tax_id1 in (9925,9823,9940,9031,9913))) and oim.ensembl_gene_id=? and oim.taxon_id=? 
2022-03-10 10:46:45.260 [http-nio-9401-exec-2] DEBUG c.a.c.n.s.m.Ortho9031Mapper.findOrthByTaxonAndGene - ==> Parameters: Zm00001d017704(String), 4577(Integer)
2022-03-10 10:46:45.267 [http-nio-9401-exec-2] DEBUG c.a.c.n.s.m.Ortho9031Mapper.findOrthByTaxonAndGene - <==      Total: 6
2022-03-10 10:46:45.267 [http-nio-9401-exec-2] DEBUG c.a.c.n.s.m.Ortho9031Mapper.findTraitNameByGene - ==>  Preparing: select trait_name from trait_all where gene_id=? 
2022-03-10 10:46:45.267 [http-nio-9401-exec-2] DEBUG c.a.c.n.s.m.Ortho9031Mapper.findTraitNameByGene - ==> Parameters: null
2022-03-10 10:46:45.270 [http-nio-9401-exec-2] DEBUG c.a.c.n.s.m.Ortho9031Mapper.findTraitNameByGene - <==      Total: 0
2022-03-10 10:46:45.271 [http-nio-9401-exec-2] DEBUG c.a.c.n.s.m.Ortho9031Mapper.findTraitNameByGene - ==>  Preparing: select trait_name from trait_all where gene_id=? 
2022-03-10 10:46:45.273 [http-nio-9401-exec-2] DEBUG c.a.c.n.s.m.Ortho9031Mapper.findTraitNameByGene - ==> Parameters: null
2022-03-10 10:46:45.276 [http-nio-9401-exec-2] DEBUG c.a.c.n.s.m.Ortho9031Mapper.findTraitNameByGene - <==      Total: 0
2022-03-10 10:46:45.276 [http-nio-9401-exec-2] DEBUG c.a.c.n.s.m.Ortho9031Mapper.findTraitNameByGene - ==>  Preparing: select trait_name from trait_all where gene_id=? 
2022-03-10 10:46:45.277 [http-nio-9401-exec-2] DEBUG c.a.c.n.s.m.Ortho9031Mapper.findTraitNameByGene - ==> Parameters: null
2022-03-10 10:46:45.279 [http-nio-9401-exec-2] DEBUG c.a.c.n.s.m.Ortho9031Mapper.findTraitNameByGene - <==      Total: 0
2022-03-10 10:46:45.279 [http-nio-9401-exec-2] DEBUG c.a.c.n.s.m.Ortho9031Mapper.findTraitNameByGene - ==>  Preparing: select trait_name from trait_all where gene_id=? 
2022-03-10 10:46:45.279 [http-nio-9401-exec-2] DEBUG c.a.c.n.s.m.Ortho9031Mapper.findTraitNameByGene - ==> Parameters: null
2022-03-10 10:46:45.282 [http-nio-9401-exec-2] DEBUG c.a.c.n.s.m.Ortho9031Mapper.findTraitNameByGene - <==      Total: 0
2022-03-10 10:46:45.282 [http-nio-9401-exec-2] DEBUG c.a.c.n.s.m.Ortho9031Mapper.findTraitNameByGene - ==>  Preparing: select trait_name from trait_all where gene_id=? 
2022-03-10 10:46:45.283 [http-nio-9401-exec-2] DEBUG c.a.c.n.s.m.Ortho9031Mapper.findTraitNameByGene - ==> Parameters: null
2022-03-10 10:46:45.285 [http-nio-9401-exec-2] DEBUG c.a.c.n.s.m.Ortho9031Mapper.findTraitNameByGene - <==      Total: 0
2022-03-10 10:46:45.285 [http-nio-9401-exec-2] DEBUG c.a.c.n.s.m.Ortho9031Mapper.findTraitNameByGene - ==>  Preparing: select trait_name from trait_all where gene_id=? 
2022-03-10 10:46:45.285 [http-nio-9401-exec-2] DEBUG c.a.c.n.s.m.Ortho9031Mapper.findTraitNameByGene - ==> Parameters: null
2022-03-10 10:46:45.288 [http-nio-9401-exec-2] DEBUG c.a.c.n.s.m.Ortho9031Mapper.findTraitNameByGene - <==      Total: 0
2022-03-10 10:46:45.290 [http-nio-9401-exec-2] DEBUG c.a.c.n.s.m.T.findGwasOrgidByTaxonId - ==>  Preparing: select gwas_orgid from species where taxon_id=? 
2022-03-10 10:46:45.291 [http-nio-9401-exec-2] DEBUG c.a.c.n.s.m.T.findGwasOrgidByTaxonId - ==> Parameters: 4577(Integer)
2022-03-10 10:46:45.294 [http-nio-9401-exec-2] DEBUG c.a.c.n.s.m.T.findGwasOrgidByTaxonId - <==      Total: 1
2022-03-10 10:46:45.294 [http-nio-9401-exec-2] DEBUG c.a.c.n.s.m.Ortho9031Mapper.findOrthByTaxonAndGene - ==>  Preparing: select * from ortholog_id_mapping oim, ortholog_all64 oall where (( oim.uniprot_id=oall.uniprot_id1 and oall.tax_id2 in (9925,9823,9940,9031,9913)) or (oim.uniprot_id=oall.uniprot_id2 and oall.tax_id1 in (9925,9823,9940,9031,9913))) and oim.ensembl_gene_id=? and oim.taxon_id=? 
2022-03-10 10:46:45.295 [http-nio-9401-exec-2] DEBUG c.a.c.n.s.m.Ortho9031Mapper.findOrthByTaxonAndGene - ==> Parameters: Zm00001d034163(String), 4577(Integer)
2022-03-10 10:46:45.298 [http-nio-9401-exec-2] DEBUG c.a.c.n.s.m.Ortho9031Mapper.findOrthByTaxonAndGene - <==      Total: 0
2022-03-10 10:46:45.298 [http-nio-9401-exec-2] DEBUG c.a.c.n.s.m.T.findGwasOrgidByTaxonId - ==>  Preparing: select gwas_orgid from species where taxon_id=? 
2022-03-10 10:46:45.299 [http-nio-9401-exec-2] DEBUG c.a.c.n.s.m.T.findGwasOrgidByTaxonId - ==> Parameters: 4577(Integer)
2022-03-10 10:46:45.301 [http-nio-9401-exec-2] DEBUG c.a.c.n.s.m.T.findGwasOrgidByTaxonId - <==      Total: 1
2022-03-10 10:46:45.302 [http-nio-9401-exec-2] DEBUG c.a.c.n.s.m.Ortho9031Mapper.findOrthByTaxonAndGene - ==>  Preparing: select * from ortholog_id_mapping oim, ortholog_all64 oall where (( oim.uniprot_id=oall.uniprot_id1 and oall.tax_id2 in (9925,9823,9940,9031,9913)) or (oim.uniprot_id=oall.uniprot_id2 and oall.tax_id1 in (9925,9823,9940,9031,9913))) and oim.ensembl_gene_id=? and oim.taxon_id=? 
2022-03-10 10:46:45.302 [http-nio-9401-exec-2] DEBUG c.a.c.n.s.m.Ortho9031Mapper.findOrthByTaxonAndGene - ==> Parameters: Zm00001d039618(String), 4577(Integer)
2022-03-10 10:46:45.306 [http-nio-9401-exec-2] DEBUG c.a.c.n.s.m.Ortho9031Mapper.findOrthByTaxonAndGene - <==      Total: 0
2022-03-10 10:46:45.307 [http-nio-9401-exec-2] DEBUG c.a.c.n.s.m.T.findGwasOrgidByTaxonId - ==>  Preparing: select gwas_orgid from species where taxon_id=? 
2022-03-10 10:46:45.307 [http-nio-9401-exec-2] DEBUG c.a.c.n.s.m.T.findGwasOrgidByTaxonId - ==> Parameters: 4577(Integer)
2022-03-10 10:46:45.310 [http-nio-9401-exec-2] DEBUG c.a.c.n.s.m.T.findGwasOrgidByTaxonId - <==      Total: 1
2022-03-10 10:46:45.311 [http-nio-9401-exec-2] DEBUG c.a.c.n.s.m.Ortho9031Mapper.findOrthByTaxonAndGene - ==>  Preparing: select * from ortholog_id_mapping oim, ortholog_all64 oall where (( oim.uniprot_id=oall.uniprot_id1 and oall.tax_id2 in (9925,9823,9940,9031,9913)) or (oim.uniprot_id=oall.uniprot_id2 and oall.tax_id1 in (9925,9823,9940,9031,9913))) and oim.ensembl_gene_id=? and oim.taxon_id=? 
2022-03-10 10:46:45.311 [http-nio-9401-exec-2] DEBUG c.a.c.n.s.m.Ortho9031Mapper.findOrthByTaxonAndGene - ==> Parameters: ENSRNA049474580(String), 4577(Integer)
2022-03-10 10:46:45.313 [http-nio-9401-exec-2] DEBUG c.a.c.n.s.m.Ortho9031Mapper.findOrthByTaxonAndGene - <==      Total: 0
2022-03-10 10:46:45.313 [http-nio-9401-exec-2] DEBUG c.a.c.n.s.m.T.findGwasOrgidByTaxonId - ==>  Preparing: select gwas_orgid from species where taxon_id=? 
2022-03-10 10:46:45.314 [http-nio-9401-exec-2] DEBUG c.a.c.n.s.m.T.findGwasOrgidByTaxonId - ==> Parameters: 4577(Integer)
2022-03-10 10:46:45.317 [http-nio-9401-exec-2] DEBUG c.a.c.n.s.m.T.findGwasOrgidByTaxonId - <==      Total: 1
2022-03-10 10:46:45.317 [http-nio-9401-exec-2] DEBUG c.a.c.n.s.m.Ortho9031Mapper.findOrthByTaxonAndGene - ==>  Preparing: select * from ortholog_id_mapping oim, ortholog_all64 oall where (( oim.uniprot_id=oall.uniprot_id1 and oall.tax_id2 in (9925,9823,9940,9031,9913)) or (oim.uniprot_id=oall.uniprot_id2 and oall.tax_id1 in (9925,9823,9940,9031,9913))) and oim.ensembl_gene_id=? and oim.taxon_id=? 
2022-03-10 10:46:45.317 [http-nio-9401-exec-2] DEBUG c.a.c.n.s.m.Ortho9031Mapper.findOrthByTaxonAndGene - ==> Parameters: Zm00001d017820(String), 4577(Integer)
2022-03-10 10:46:45.321 [http-nio-9401-exec-2] DEBUG c.a.c.n.s.m.Ortho9031Mapper.findOrthByTaxonAndGene - <==      Total: 0
2022-03-10 10:46:45.322 [http-nio-9401-exec-2] DEBUG c.a.c.n.s.m.T.findGwasOrgidByTaxonId - ==>  Preparing: select gwas_orgid from species where taxon_id=? 
2022-03-10 10:46:45.322 [http-nio-9401-exec-2] DEBUG c.a.c.n.s.m.T.findGwasOrgidByTaxonId - ==> Parameters: 4577(Integer)
2022-03-10 10:46:45.327 [http-nio-9401-exec-2] DEBUG c.a.c.n.s.m.T.findGwasOrgidByTaxonId - <==      Total: 1
2022-03-10 10:46:45.327 [http-nio-9401-exec-2] DEBUG c.a.c.n.s.m.Ortho9031Mapper.findOrthByTaxonAndGene - ==>  Preparing: select * from ortholog_id_mapping oim, ortholog_all64 oall where (( oim.uniprot_id=oall.uniprot_id1 and oall.tax_id2 in (9925,9823,9940,9031,9913)) or (oim.uniprot_id=oall.uniprot_id2 and oall.tax_id1 in (9925,9823,9940,9031,9913))) and oim.ensembl_gene_id=? and oim.taxon_id=? 
2022-03-10 10:46:45.328 [http-nio-9401-exec-2] DEBUG c.a.c.n.s.m.Ortho9031Mapper.findOrthByTaxonAndGene - ==> Parameters: Zm00001d014796(String), 4577(Integer)
2022-03-10 10:46:45.331 [http-nio-9401-exec-2] DEBUG c.a.c.n.s.m.Ortho9031Mapper.findOrthByTaxonAndGene - <==      Total: 2
2022-03-10 10:46:45.332 [http-nio-9401-exec-2] DEBUG c.a.c.n.s.m.Ortho9031Mapper.findTraitNameByGene - ==>  Preparing: select trait_name from trait_all where gene_id=? 
2022-03-10 10:46:45.332 [http-nio-9401-exec-2] DEBUG c.a.c.n.s.m.Ortho9031Mapper.findTraitNameByGene - ==> Parameters: null
2022-03-10 10:46:45.334 [http-nio-9401-exec-2] DEBUG c.a.c.n.s.m.Ortho9031Mapper.findTraitNameByGene - <==      Total: 0
2022-03-10 10:46:45.335 [http-nio-9401-exec-2] DEBUG c.a.c.n.s.m.Ortho9031Mapper.findTraitNameByGene - ==>  Preparing: select trait_name from trait_all where gene_id=? 
2022-03-10 10:46:45.335 [http-nio-9401-exec-2] DEBUG c.a.c.n.s.m.Ortho9031Mapper.findTraitNameByGene - ==> Parameters: null
2022-03-10 10:46:45.347 [http-nio-9401-exec-2] DEBUG c.a.c.n.s.m.Ortho9031Mapper.findTraitNameByGene - <==      Total: 0
2022-03-10 10:46:45.348 [http-nio-9401-exec-2] DEBUG c.a.c.n.s.m.T.findGwasOrgidByTaxonId - ==>  Preparing: select gwas_orgid from species where taxon_id=? 
2022-03-10 10:46:45.348 [http-nio-9401-exec-2] DEBUG c.a.c.n.s.m.T.findGwasOrgidByTaxonId - ==> Parameters: 4577(Integer)
2022-03-10 10:46:45.352 [http-nio-9401-exec-2] DEBUG c.a.c.n.s.m.T.findGwasOrgidByTaxonId - <==      Total: 1
2022-03-10 10:46:45.353 [http-nio-9401-exec-2] DEBUG c.a.c.n.s.m.Ortho9031Mapper.findOrthByTaxonAndGene - ==>  Preparing: select * from ortholog_id_mapping oim, ortholog_all64 oall where (( oim.uniprot_id=oall.uniprot_id1 and oall.tax_id2 in (9925,9823,9940,9031,9913)) or (oim.uniprot_id=oall.uniprot_id2 and oall.tax_id1 in (9925,9823,9940,9031,9913))) and oim.ensembl_gene_id=? and oim.taxon_id=? 
2022-03-10 10:46:45.353 [http-nio-9401-exec-2] DEBUG c.a.c.n.s.m.Ortho9031Mapper.findOrthByTaxonAndGene - ==> Parameters: Zm00001d014674(String), 4577(Integer)
2022-03-10 10:46:45.358 [http-nio-9401-exec-2] DEBUG c.a.c.n.s.m.Ortho9031Mapper.findOrthByTaxonAndGene - <==      Total: 6
2022-03-10 10:46:45.359 [http-nio-9401-exec-2] DEBUG c.a.c.n.s.m.Ortho9031Mapper.findTraitNameByGene - ==>  Preparing: select trait_name from trait_all where gene_id=? 
2022-03-10 10:46:45.359 [http-nio-9401-exec-2] DEBUG c.a.c.n.s.m.Ortho9031Mapper.findTraitNameByGene - ==> Parameters: null
2022-03-10 10:46:45.362 [http-nio-9401-exec-2] DEBUG c.a.c.n.s.m.Ortho9031Mapper.findTraitNameByGene - <==      Total: 0
2022-03-10 10:46:45.362 [http-nio-9401-exec-2] DEBUG c.a.c.n.s.m.Ortho9031Mapper.findTraitNameByGene - ==>  Preparing: select trait_name from trait_all where gene_id=? 
2022-03-10 10:46:45.363 [http-nio-9401-exec-2] DEBUG c.a.c.n.s.m.Ortho9031Mapper.findTraitNameByGene - ==> Parameters: null
2022-03-10 10:46:45.365 [http-nio-9401-exec-2] DEBUG c.a.c.n.s.m.Ortho9031Mapper.findTraitNameByGene - <==      Total: 0
2022-03-10 10:46:45.366 [http-nio-9401-exec-2] DEBUG c.a.c.n.s.m.Ortho9031Mapper.findTraitNameByGene - ==>  Preparing: select trait_name from trait_all where gene_id=? 
2022-03-10 10:46:45.366 [http-nio-9401-exec-2] DEBUG c.a.c.n.s.m.Ortho9031Mapper.findTraitNameByGene - ==> Parameters: null
2022-03-10 10:46:45.368 [http-nio-9401-exec-2] DEBUG c.a.c.n.s.m.Ortho9031Mapper.findTraitNameByGene - <==      Total: 0
2022-03-10 10:46:45.369 [http-nio-9401-exec-2] DEBUG c.a.c.n.s.m.Ortho9031Mapper.findTraitNameByGene - ==>  Preparing: select trait_name from trait_all where gene_id=? 
2022-03-10 10:46:45.369 [http-nio-9401-exec-2] DEBUG c.a.c.n.s.m.Ortho9031Mapper.findTraitNameByGene - ==> Parameters: null
2022-03-10 10:46:45.372 [http-nio-9401-exec-2] DEBUG c.a.c.n.s.m.Ortho9031Mapper.findTraitNameByGene - <==      Total: 0
2022-03-10 10:46:45.373 [http-nio-9401-exec-2] DEBUG c.a.c.n.s.m.Ortho9031Mapper.findTraitNameByGene - ==>  Preparing: select trait_name from trait_all where gene_id=? 
2022-03-10 10:46:45.374 [http-nio-9401-exec-2] DEBUG c.a.c.n.s.m.Ortho9031Mapper.findTraitNameByGene - ==> Parameters: null
2022-03-10 10:46:45.377 [http-nio-9401-exec-2] DEBUG c.a.c.n.s.m.Ortho9031Mapper.findTraitNameByGene - <==      Total: 0
2022-03-10 10:46:45.378 [http-nio-9401-exec-2] DEBUG c.a.c.n.s.m.Ortho9031Mapper.findTraitNameByGene - ==>  Preparing: select trait_name from trait_all where gene_id=? 
2022-03-10 10:46:45.378 [http-nio-9401-exec-2] DEBUG c.a.c.n.s.m.Ortho9031Mapper.findTraitNameByGene - ==> Parameters: null
2022-03-10 10:46:45.380 [http-nio-9401-exec-2] DEBUG c.a.c.n.s.m.Ortho9031Mapper.findTraitNameByGene - <==      Total: 0
2022-03-10 10:46:45.381 [http-nio-9401-exec-2] DEBUG c.a.c.n.s.m.T.findGwasOrgidByTaxonId - ==>  Preparing: select gwas_orgid from species where taxon_id=? 
2022-03-10 10:46:45.381 [http-nio-9401-exec-2] DEBUG c.a.c.n.s.m.T.findGwasOrgidByTaxonId - ==> Parameters: 4577(Integer)
2022-03-10 10:46:45.383 [http-nio-9401-exec-2] DEBUG c.a.c.n.s.m.T.findGwasOrgidByTaxonId - <==      Total: 1
