2022-02-24 09:57:08.227 [restartedMain] INFO  cn.ac.cncb.ngdc.syndb.SyndbApplication - Starting SyndbApplication using Java 1.8.0_211 on LAPTOP-1VEOTUUA with PID 53384 (F:\syndb\target\classes started by 光亚 in F:\syndb)
2022-02-24 09:57:08.232 [restartedMain] INFO  cn.ac.cncb.ngdc.syndb.SyndbApplication - No active profile set, falling back to default profiles: default
2022-02-24 09:57:11.774 [restartedMain] INFO  cn.ac.cncb.ngdc.syndb.SyndbApplication - Started SyndbApplication in 4.516 seconds (JVM running for 7.996)
2022-02-24 11:04:45.730 [http-nio-9401-exec-1] DEBUG c.a.c.n.s.m.Trait2gwasMapper.biomedicalTrait_COUNT - ==>  Preparing: SELECT count(0) FROM trait_all 
2022-02-24 11:04:45.759 [http-nio-9401-exec-1] DEBUG c.a.c.n.s.m.Trait2gwasMapper.biomedicalTrait_COUNT - ==> Parameters: 
2022-02-24 11:04:45.789 [http-nio-9401-exec-1] DEBUG c.a.c.n.s.m.Trait2gwasMapper.biomedicalTrait_COUNT - <==      Total: 1
2022-02-24 11:04:45.792 [http-nio-9401-exec-1] DEBUG c.a.c.n.s.mapper.Trait2gwasMapper.biomedicalTrait - ==>  Preparing: select * from trait_all LIMIT ? 
2022-02-24 11:04:45.793 [http-nio-9401-exec-1] DEBUG c.a.c.n.s.mapper.Trait2gwasMapper.biomedicalTrait - ==> Parameters: 10(Integer)
2022-02-24 11:04:45.808 [http-nio-9401-exec-1] DEBUG c.a.c.n.s.mapper.Trait2gwasMapper.biomedicalTrait - <==      Total: 10
2022-02-24 11:04:45.811 [http-nio-9401-exec-1] DEBUG c.a.c.n.s.m.Ortho9031Mapper.findOrthByTaxonAndGene - ==>  Preparing: select c.taxon1,c.uniprot_id1,c.taxon2,c.uniprot_id2,c.db_evidence,c.from_db from gene_basic_info a inner join ortholog_id_mapping b on a.ensembl_gene_id=b.ensembl_gene_id inner join ortholog_all c on b.uniprot_id=c.uniprot_id1 where a.ensembl_gene_id=? and c.taxon1=? 
2022-02-24 11:04:45.812 [http-nio-9401-exec-1] DEBUG c.a.c.n.s.m.Ortho9031Mapper.findOrthByTaxonAndGene - ==> Parameters: CotAD_32480(String), 3635(Integer)
2022-02-24 11:04:45.985 [http-nio-9401-exec-1] DEBUG c.a.c.n.s.m.Ortho9031Mapper.findOrthByTaxonAndGene - <==      Total: 0
2022-02-24 11:04:45.986 [http-nio-9401-exec-1] DEBUG c.a.c.n.s.m.T.findGwasOrgidByTaxonId - ==>  Preparing: select gwas_orgid from species where taxon_id=? 
2022-02-24 11:04:45.986 [http-nio-9401-exec-1] DEBUG c.a.c.n.s.m.T.findGwasOrgidByTaxonId - ==> Parameters: 3635(Integer)
2022-02-24 11:04:45.990 [http-nio-9401-exec-1] DEBUG c.a.c.n.s.m.T.findGwasOrgidByTaxonId - <==      Total: 1
2022-02-24 11:04:45.991 [http-nio-9401-exec-1] DEBUG c.a.c.n.s.m.Ortho9031Mapper.findOrthByTaxonAndGene - ==>  Preparing: select c.taxon1,c.uniprot_id1,c.taxon2,c.uniprot_id2,c.db_evidence,c.from_db from gene_basic_info a inner join ortholog_id_mapping b on a.ensembl_gene_id=b.ensembl_gene_id inner join ortholog_all c on b.uniprot_id=c.uniprot_id1 where a.ensembl_gene_id=? and c.taxon1=? 
2022-02-24 11:04:45.992 [http-nio-9401-exec-1] DEBUG c.a.c.n.s.m.Ortho9031Mapper.findOrthByTaxonAndGene - ==> Parameters: CotAD_32479(String), 3635(Integer)
2022-02-24 11:04:46.162 [http-nio-9401-exec-1] DEBUG c.a.c.n.s.m.Ortho9031Mapper.findOrthByTaxonAndGene - <==      Total: 0
2022-02-24 11:04:46.163 [http-nio-9401-exec-1] DEBUG c.a.c.n.s.m.T.findGwasOrgidByTaxonId - ==>  Preparing: select gwas_orgid from species where taxon_id=? 
2022-02-24 11:04:46.163 [http-nio-9401-exec-1] DEBUG c.a.c.n.s.m.T.findGwasOrgidByTaxonId - ==> Parameters: 3635(Integer)
2022-02-24 11:04:46.166 [http-nio-9401-exec-1] DEBUG c.a.c.n.s.m.T.findGwasOrgidByTaxonId - <==      Total: 1
2022-02-24 11:04:46.167 [http-nio-9401-exec-1] DEBUG c.a.c.n.s.m.Ortho9031Mapper.findOrthByTaxonAndGene - ==>  Preparing: select c.taxon1,c.uniprot_id1,c.taxon2,c.uniprot_id2,c.db_evidence,c.from_db from gene_basic_info a inner join ortholog_id_mapping b on a.ensembl_gene_id=b.ensembl_gene_id inner join ortholog_all c on b.uniprot_id=c.uniprot_id1 where a.ensembl_gene_id=? and c.taxon1=? 
2022-02-24 11:04:46.167 [http-nio-9401-exec-1] DEBUG c.a.c.n.s.m.Ortho9031Mapper.findOrthByTaxonAndGene - ==> Parameters: Zm00001d017703(String), 4577(Integer)
2022-02-24 11:04:46.977 [http-nio-9401-exec-1] DEBUG c.a.c.n.s.m.Ortho9031Mapper.findOrthByTaxonAndGene - <==      Total: 1
2022-02-24 11:04:46.980 [http-nio-9401-exec-1] DEBUG c.a.c.n.s.m.T.findGwasOrgidByTaxonId - ==>  Preparing: select gwas_orgid from species where taxon_id=? 
2022-02-24 11:04:46.982 [http-nio-9401-exec-1] DEBUG c.a.c.n.s.m.T.findGwasOrgidByTaxonId - ==> Parameters: 4577(Integer)
2022-02-24 11:04:46.988 [http-nio-9401-exec-1] DEBUG c.a.c.n.s.m.T.findGwasOrgidByTaxonId - <==      Total: 1
2022-02-24 11:04:46.990 [http-nio-9401-exec-1] DEBUG c.a.c.n.s.m.Ortho9031Mapper.findOrthByTaxonAndGene - ==>  Preparing: select c.taxon1,c.uniprot_id1,c.taxon2,c.uniprot_id2,c.db_evidence,c.from_db from gene_basic_info a inner join ortholog_id_mapping b on a.ensembl_gene_id=b.ensembl_gene_id inner join ortholog_all c on b.uniprot_id=c.uniprot_id1 where a.ensembl_gene_id=? and c.taxon1=? 
2022-02-24 11:04:46.991 [http-nio-9401-exec-1] DEBUG c.a.c.n.s.m.Ortho9031Mapper.findOrthByTaxonAndGene - ==> Parameters: Zm00001d017704(String), 4577(Integer)
2022-02-24 11:04:47.837 [http-nio-9401-exec-1] DEBUG c.a.c.n.s.m.Ortho9031Mapper.findOrthByTaxonAndGene - <==      Total: 55
2022-02-24 11:04:47.838 [http-nio-9401-exec-1] DEBUG c.a.c.n.s.m.T.findGwasOrgidByTaxonId - ==>  Preparing: select gwas_orgid from species where taxon_id=? 
2022-02-24 11:04:47.838 [http-nio-9401-exec-1] DEBUG c.a.c.n.s.m.T.findGwasOrgidByTaxonId - ==> Parameters: 4577(Integer)
2022-02-24 11:04:47.841 [http-nio-9401-exec-1] DEBUG c.a.c.n.s.m.T.findGwasOrgidByTaxonId - <==      Total: 1
2022-02-24 11:04:47.841 [http-nio-9401-exec-1] DEBUG c.a.c.n.s.m.Ortho9031Mapper.findOrthByTaxonAndGene - ==>  Preparing: select c.taxon1,c.uniprot_id1,c.taxon2,c.uniprot_id2,c.db_evidence,c.from_db from gene_basic_info a inner join ortholog_id_mapping b on a.ensembl_gene_id=b.ensembl_gene_id inner join ortholog_all c on b.uniprot_id=c.uniprot_id1 where a.ensembl_gene_id=? and c.taxon1=? 
2022-02-24 11:04:47.842 [http-nio-9401-exec-1] DEBUG c.a.c.n.s.m.Ortho9031Mapper.findOrthByTaxonAndGene - ==> Parameters: Zm00001d034163(String), 4577(Integer)
2022-02-24 11:04:48.653 [http-nio-9401-exec-1] DEBUG c.a.c.n.s.m.Ortho9031Mapper.findOrthByTaxonAndGene - <==      Total: 15
2022-02-24 11:04:48.655 [http-nio-9401-exec-1] DEBUG c.a.c.n.s.m.T.findGwasOrgidByTaxonId - ==>  Preparing: select gwas_orgid from species where taxon_id=? 
2022-02-24 11:04:48.656 [http-nio-9401-exec-1] DEBUG c.a.c.n.s.m.T.findGwasOrgidByTaxonId - ==> Parameters: 4577(Integer)
2022-02-24 11:04:48.665 [http-nio-9401-exec-1] DEBUG c.a.c.n.s.m.T.findGwasOrgidByTaxonId - <==      Total: 1
2022-02-24 11:04:48.668 [http-nio-9401-exec-1] DEBUG c.a.c.n.s.m.Ortho9031Mapper.findOrthByTaxonAndGene - ==>  Preparing: select c.taxon1,c.uniprot_id1,c.taxon2,c.uniprot_id2,c.db_evidence,c.from_db from gene_basic_info a inner join ortholog_id_mapping b on a.ensembl_gene_id=b.ensembl_gene_id inner join ortholog_all c on b.uniprot_id=c.uniprot_id1 where a.ensembl_gene_id=? and c.taxon1=? 
2022-02-24 11:04:48.669 [http-nio-9401-exec-1] DEBUG c.a.c.n.s.m.Ortho9031Mapper.findOrthByTaxonAndGene - ==> Parameters: Zm00001d039618(String), 4577(Integer)
2022-02-24 11:04:49.486 [http-nio-9401-exec-1] DEBUG c.a.c.n.s.m.Ortho9031Mapper.findOrthByTaxonAndGene - <==      Total: 1
2022-02-24 11:04:49.489 [http-nio-9401-exec-1] DEBUG c.a.c.n.s.m.T.findGwasOrgidByTaxonId - ==>  Preparing: select gwas_orgid from species where taxon_id=? 
2022-02-24 11:04:49.490 [http-nio-9401-exec-1] DEBUG c.a.c.n.s.m.T.findGwasOrgidByTaxonId - ==> Parameters: 4577(Integer)
2022-02-24 11:04:49.496 [http-nio-9401-exec-1] DEBUG c.a.c.n.s.m.T.findGwasOrgidByTaxonId - <==      Total: 1
2022-02-24 11:04:49.499 [http-nio-9401-exec-1] DEBUG c.a.c.n.s.m.Ortho9031Mapper.findOrthByTaxonAndGene - ==>  Preparing: select c.taxon1,c.uniprot_id1,c.taxon2,c.uniprot_id2,c.db_evidence,c.from_db from gene_basic_info a inner join ortholog_id_mapping b on a.ensembl_gene_id=b.ensembl_gene_id inner join ortholog_all c on b.uniprot_id=c.uniprot_id1 where a.ensembl_gene_id=? and c.taxon1=? 
2022-02-24 11:04:49.501 [http-nio-9401-exec-1] DEBUG c.a.c.n.s.m.Ortho9031Mapper.findOrthByTaxonAndGene - ==> Parameters: ENSRNA049474580(String), 4577(Integer)
2022-02-24 11:04:50.353 [http-nio-9401-exec-1] DEBUG c.a.c.n.s.m.Ortho9031Mapper.findOrthByTaxonAndGene - <==      Total: 0
2022-02-24 11:04:50.355 [http-nio-9401-exec-1] DEBUG c.a.c.n.s.m.T.findGwasOrgidByTaxonId - ==>  Preparing: select gwas_orgid from species where taxon_id=? 
2022-02-24 11:04:50.358 [http-nio-9401-exec-1] DEBUG c.a.c.n.s.m.T.findGwasOrgidByTaxonId - ==> Parameters: 4577(Integer)
2022-02-24 11:04:50.365 [http-nio-9401-exec-1] DEBUG c.a.c.n.s.m.T.findGwasOrgidByTaxonId - <==      Total: 1
2022-02-24 11:04:50.371 [http-nio-9401-exec-1] DEBUG c.a.c.n.s.m.Ortho9031Mapper.findOrthByTaxonAndGene - ==>  Preparing: select c.taxon1,c.uniprot_id1,c.taxon2,c.uniprot_id2,c.db_evidence,c.from_db from gene_basic_info a inner join ortholog_id_mapping b on a.ensembl_gene_id=b.ensembl_gene_id inner join ortholog_all c on b.uniprot_id=c.uniprot_id1 where a.ensembl_gene_id=? and c.taxon1=? 
2022-02-24 11:04:50.374 [http-nio-9401-exec-1] DEBUG c.a.c.n.s.m.Ortho9031Mapper.findOrthByTaxonAndGene - ==> Parameters: Zm00001d017820(String), 4577(Integer)
2022-02-24 11:04:51.217 [http-nio-9401-exec-1] DEBUG c.a.c.n.s.m.Ortho9031Mapper.findOrthByTaxonAndGene - <==      Total: 43
2022-02-24 11:04:51.222 [http-nio-9401-exec-1] DEBUG c.a.c.n.s.m.T.findGwasOrgidByTaxonId - ==>  Preparing: select gwas_orgid from species where taxon_id=? 
2022-02-24 11:04:51.223 [http-nio-9401-exec-1] DEBUG c.a.c.n.s.m.T.findGwasOrgidByTaxonId - ==> Parameters: 4577(Integer)
2022-02-24 11:04:51.227 [http-nio-9401-exec-1] DEBUG c.a.c.n.s.m.T.findGwasOrgidByTaxonId - <==      Total: 1
2022-02-24 11:04:51.230 [http-nio-9401-exec-1] DEBUG c.a.c.n.s.m.Ortho9031Mapper.findOrthByTaxonAndGene - ==>  Preparing: select c.taxon1,c.uniprot_id1,c.taxon2,c.uniprot_id2,c.db_evidence,c.from_db from gene_basic_info a inner join ortholog_id_mapping b on a.ensembl_gene_id=b.ensembl_gene_id inner join ortholog_all c on b.uniprot_id=c.uniprot_id1 where a.ensembl_gene_id=? and c.taxon1=? 
2022-02-24 11:04:51.231 [http-nio-9401-exec-1] DEBUG c.a.c.n.s.m.Ortho9031Mapper.findOrthByTaxonAndGene - ==> Parameters: Zm00001d014796(String), 4577(Integer)
2022-02-24 11:04:52.079 [http-nio-9401-exec-1] DEBUG c.a.c.n.s.m.Ortho9031Mapper.findOrthByTaxonAndGene - <==      Total: 101
2022-02-24 11:04:52.080 [http-nio-9401-exec-1] DEBUG c.a.c.n.s.m.T.findGwasOrgidByTaxonId - ==>  Preparing: select gwas_orgid from species where taxon_id=? 
2022-02-24 11:04:52.080 [http-nio-9401-exec-1] DEBUG c.a.c.n.s.m.T.findGwasOrgidByTaxonId - ==> Parameters: 4577(Integer)
2022-02-24 11:04:52.084 [http-nio-9401-exec-1] DEBUG c.a.c.n.s.m.T.findGwasOrgidByTaxonId - <==      Total: 1
2022-02-24 11:04:52.085 [http-nio-9401-exec-1] DEBUG c.a.c.n.s.m.Ortho9031Mapper.findOrthByTaxonAndGene - ==>  Preparing: select c.taxon1,c.uniprot_id1,c.taxon2,c.uniprot_id2,c.db_evidence,c.from_db from gene_basic_info a inner join ortholog_id_mapping b on a.ensembl_gene_id=b.ensembl_gene_id inner join ortholog_all c on b.uniprot_id=c.uniprot_id1 where a.ensembl_gene_id=? and c.taxon1=? 
2022-02-24 11:04:52.085 [http-nio-9401-exec-1] DEBUG c.a.c.n.s.m.Ortho9031Mapper.findOrthByTaxonAndGene - ==> Parameters: Zm00001d014674(String), 4577(Integer)
2022-02-24 11:04:52.919 [http-nio-9401-exec-1] DEBUG c.a.c.n.s.m.Ortho9031Mapper.findOrthByTaxonAndGene - <==      Total: 6
2022-02-24 11:04:52.921 [http-nio-9401-exec-1] DEBUG c.a.c.n.s.m.T.findGwasOrgidByTaxonId - ==>  Preparing: select gwas_orgid from species where taxon_id=? 
2022-02-24 11:04:52.922 [http-nio-9401-exec-1] DEBUG c.a.c.n.s.m.T.findGwasOrgidByTaxonId - ==> Parameters: 4577(Integer)
2022-02-24 11:04:52.927 [http-nio-9401-exec-1] DEBUG c.a.c.n.s.m.T.findGwasOrgidByTaxonId - <==      Total: 1
2022-02-24 21:39:43.742 [http-nio-9401-exec-3] DEBUG c.a.c.n.s.m.Trait2gwasMapper.biomedicalTrait_COUNT - ==>  Preparing: SELECT count(0) FROM trait_all 
2022-02-24 21:39:43.748 [http-nio-9401-exec-3] DEBUG c.a.c.n.s.m.Trait2gwasMapper.biomedicalTrait_COUNT - ==> Parameters: 
2022-02-24 21:39:43.756 [http-nio-9401-exec-3] DEBUG c.a.c.n.s.m.Trait2gwasMapper.biomedicalTrait_COUNT - <==      Total: 1
2022-02-24 21:39:43.761 [http-nio-9401-exec-3] DEBUG c.a.c.n.s.mapper.Trait2gwasMapper.biomedicalTrait - ==>  Preparing: select * from trait_all LIMIT ?, ? 
2022-02-24 21:39:43.763 [http-nio-9401-exec-3] DEBUG c.a.c.n.s.mapper.Trait2gwasMapper.biomedicalTrait - ==> Parameters: 10(Integer), 10(Integer)
2022-02-24 21:39:43.793 [http-nio-9401-exec-3] DEBUG c.a.c.n.s.mapper.Trait2gwasMapper.biomedicalTrait - <==      Total: 10
2022-02-24 21:39:43.795 [http-nio-9401-exec-3] DEBUG c.a.c.n.s.m.Ortho9031Mapper.findOrthByTaxonAndGene - ==>  Preparing: select c.taxon1,c.uniprot_id1,c.taxon2,c.uniprot_id2,c.db_evidence,c.from_db from gene_basic_info a inner join ortholog_id_mapping b on a.ensembl_gene_id=b.ensembl_gene_id inner join ortholog_all c on b.uniprot_id=c.uniprot_id1 where a.ensembl_gene_id=? and c.taxon1=? 
2022-02-24 21:39:43.797 [http-nio-9401-exec-3] DEBUG c.a.c.n.s.m.Ortho9031Mapper.findOrthByTaxonAndGene - ==> Parameters: Zm00001d002446(String), 4577(Integer)
2022-02-24 21:39:44.652 [http-nio-9401-exec-3] DEBUG c.a.c.n.s.m.Ortho9031Mapper.findOrthByTaxonAndGene - <==      Total: 86
2022-02-24 21:39:44.653 [http-nio-9401-exec-3] DEBUG c.a.c.n.s.m.T.findGwasOrgidByTaxonId - ==>  Preparing: select gwas_orgid from species where taxon_id=? 
2022-02-24 21:39:44.653 [http-nio-9401-exec-3] DEBUG c.a.c.n.s.m.T.findGwasOrgidByTaxonId - ==> Parameters: 4577(Integer)
2022-02-24 21:39:44.656 [http-nio-9401-exec-3] DEBUG c.a.c.n.s.m.T.findGwasOrgidByTaxonId - <==      Total: 1
2022-02-24 21:39:44.657 [http-nio-9401-exec-3] DEBUG c.a.c.n.s.m.Ortho9031Mapper.findOrthByTaxonAndGene - ==>  Preparing: select c.taxon1,c.uniprot_id1,c.taxon2,c.uniprot_id2,c.db_evidence,c.from_db from gene_basic_info a inner join ortholog_id_mapping b on a.ensembl_gene_id=b.ensembl_gene_id inner join ortholog_all c on b.uniprot_id=c.uniprot_id1 where a.ensembl_gene_id=? and c.taxon1=? 
2022-02-24 21:39:44.657 [http-nio-9401-exec-3] DEBUG c.a.c.n.s.m.Ortho9031Mapper.findOrthByTaxonAndGene - ==> Parameters: Zm00001d002326(String), 4577(Integer)
2022-02-24 21:39:44.724 [http-nio-9401-exec-4] DEBUG c.a.c.n.s.m.Trait2gwasMapper.biomedicalTrait_COUNT - ==>  Preparing: SELECT count(0) FROM trait_all 
2022-02-24 21:39:44.724 [http-nio-9401-exec-4] DEBUG c.a.c.n.s.m.Trait2gwasMapper.biomedicalTrait_COUNT - ==> Parameters: 
2022-02-24 21:39:44.727 [http-nio-9401-exec-4] DEBUG c.a.c.n.s.m.Trait2gwasMapper.biomedicalTrait_COUNT - <==      Total: 1
2022-02-24 21:39:44.728 [http-nio-9401-exec-4] DEBUG c.a.c.n.s.mapper.Trait2gwasMapper.biomedicalTrait - ==>  Preparing: select * from trait_all LIMIT ?, ? 
2022-02-24 21:39:44.729 [http-nio-9401-exec-4] DEBUG c.a.c.n.s.mapper.Trait2gwasMapper.biomedicalTrait - ==> Parameters: 20(Integer), 10(Integer)
2022-02-24 21:39:44.734 [http-nio-9401-exec-4] DEBUG c.a.c.n.s.mapper.Trait2gwasMapper.biomedicalTrait - <==      Total: 10
2022-02-24 21:39:44.735 [http-nio-9401-exec-4] DEBUG c.a.c.n.s.m.Ortho9031Mapper.findOrthByTaxonAndGene - ==>  Preparing: select c.taxon1,c.uniprot_id1,c.taxon2,c.uniprot_id2,c.db_evidence,c.from_db from gene_basic_info a inner join ortholog_id_mapping b on a.ensembl_gene_id=b.ensembl_gene_id inner join ortholog_all c on b.uniprot_id=c.uniprot_id1 where a.ensembl_gene_id=? and c.taxon1=? 
2022-02-24 21:39:44.735 [http-nio-9401-exec-4] DEBUG c.a.c.n.s.m.Ortho9031Mapper.findOrthByTaxonAndGene - ==> Parameters: Zm00001d047236(String), 4577(Integer)
2022-02-24 21:39:45.732 [http-nio-9401-exec-4] DEBUG c.a.c.n.s.m.Ortho9031Mapper.findOrthByTaxonAndGene - <==      Total: 4
2022-02-24 21:39:45.734 [http-nio-9401-exec-4] DEBUG c.a.c.n.s.m.T.findGwasOrgidByTaxonId - ==>  Preparing: select gwas_orgid from species where taxon_id=? 
2022-02-24 21:39:45.735 [http-nio-9401-exec-4] DEBUG c.a.c.n.s.m.T.findGwasOrgidByTaxonId - ==> Parameters: 4577(Integer)
2022-02-24 21:39:45.737 [http-nio-9401-exec-3] DEBUG c.a.c.n.s.m.Ortho9031Mapper.findOrthByTaxonAndGene - <==      Total: 60
2022-02-24 21:39:45.739 [http-nio-9401-exec-3] DEBUG c.a.c.n.s.m.T.findGwasOrgidByTaxonId - ==>  Preparing: select gwas_orgid from species where taxon_id=? 
2022-02-24 21:39:45.740 [http-nio-9401-exec-3] DEBUG c.a.c.n.s.m.T.findGwasOrgidByTaxonId - ==> Parameters: 4577(Integer)
2022-02-24 21:39:45.740 [http-nio-9401-exec-4] DEBUG c.a.c.n.s.m.T.findGwasOrgidByTaxonId - <==      Total: 1
2022-02-24 21:39:45.742 [http-nio-9401-exec-4] DEBUG c.a.c.n.s.m.Ortho9031Mapper.findOrthByTaxonAndGene - ==>  Preparing: select c.taxon1,c.uniprot_id1,c.taxon2,c.uniprot_id2,c.db_evidence,c.from_db from gene_basic_info a inner join ortholog_id_mapping b on a.ensembl_gene_id=b.ensembl_gene_id inner join ortholog_all c on b.uniprot_id=c.uniprot_id1 where a.ensembl_gene_id=? and c.taxon1=? 
2022-02-24 21:39:45.743 [http-nio-9401-exec-4] DEBUG c.a.c.n.s.m.Ortho9031Mapper.findOrthByTaxonAndGene - ==> Parameters: Zm00001d023146(String), 4577(Integer)
2022-02-24 21:39:45.744 [http-nio-9401-exec-3] DEBUG c.a.c.n.s.m.T.findGwasOrgidByTaxonId - <==      Total: 1
2022-02-24 21:39:45.746 [http-nio-9401-exec-3] DEBUG c.a.c.n.s.m.Ortho9031Mapper.findOrthByTaxonAndGene - ==>  Preparing: select c.taxon1,c.uniprot_id1,c.taxon2,c.uniprot_id2,c.db_evidence,c.from_db from gene_basic_info a inner join ortholog_id_mapping b on a.ensembl_gene_id=b.ensembl_gene_id inner join ortholog_all c on b.uniprot_id=c.uniprot_id1 where a.ensembl_gene_id=? and c.taxon1=? 
2022-02-24 21:39:45.747 [http-nio-9401-exec-3] DEBUG c.a.c.n.s.m.Ortho9031Mapper.findOrthByTaxonAndGene - ==> Parameters: Zm00001d025325(String), 4577(Integer)
2022-02-24 21:39:46.197 [http-nio-9401-exec-5] DEBUG c.a.c.n.s.m.Trait2gwasMapper.biomedicalTrait_COUNT - ==>  Preparing: SELECT count(0) FROM trait_all 
2022-02-24 21:39:46.198 [http-nio-9401-exec-5] DEBUG c.a.c.n.s.m.Trait2gwasMapper.biomedicalTrait_COUNT - ==> Parameters: 
2022-02-24 21:39:46.202 [http-nio-9401-exec-5] DEBUG c.a.c.n.s.m.Trait2gwasMapper.biomedicalTrait_COUNT - <==      Total: 1
2022-02-24 21:39:46.204 [http-nio-9401-exec-5] DEBUG c.a.c.n.s.mapper.Trait2gwasMapper.biomedicalTrait - ==>  Preparing: select * from trait_all LIMIT ?, ? 
2022-02-24 21:39:46.205 [http-nio-9401-exec-5] DEBUG c.a.c.n.s.mapper.Trait2gwasMapper.biomedicalTrait - ==> Parameters: 30(Integer), 10(Integer)
2022-02-24 21:39:46.214 [http-nio-9401-exec-5] DEBUG c.a.c.n.s.mapper.Trait2gwasMapper.biomedicalTrait - <==      Total: 10
2022-02-24 21:39:46.216 [http-nio-9401-exec-5] DEBUG c.a.c.n.s.m.Ortho9031Mapper.findOrthByTaxonAndGene - ==>  Preparing: select c.taxon1,c.uniprot_id1,c.taxon2,c.uniprot_id2,c.db_evidence,c.from_db from gene_basic_info a inner join ortholog_id_mapping b on a.ensembl_gene_id=b.ensembl_gene_id inner join ortholog_all c on b.uniprot_id=c.uniprot_id1 where a.ensembl_gene_id=? and c.taxon1=? 
2022-02-24 21:39:46.218 [http-nio-9401-exec-5] DEBUG c.a.c.n.s.m.Ortho9031Mapper.findOrthByTaxonAndGene - ==> Parameters: Zm00001d002313(String), 4577(Integer)
2022-02-24 21:39:46.820 [http-nio-9401-exec-3] DEBUG c.a.c.n.s.m.Ortho9031Mapper.findOrthByTaxonAndGene - <==      Total: 1
2022-02-24 21:39:46.821 [http-nio-9401-exec-3] DEBUG c.a.c.n.s.m.T.findGwasOrgidByTaxonId - ==>  Preparing: select gwas_orgid from species where taxon_id=? 
2022-02-24 21:39:46.821 [http-nio-9401-exec-3] DEBUG c.a.c.n.s.m.T.findGwasOrgidByTaxonId - ==> Parameters: 4577(Integer)
2022-02-24 21:39:46.824 [http-nio-9401-exec-3] DEBUG c.a.c.n.s.m.T.findGwasOrgidByTaxonId - <==      Total: 1
2022-02-24 21:39:46.825 [http-nio-9401-exec-3] DEBUG c.a.c.n.s.m.Ortho9031Mapper.findOrthByTaxonAndGene - ==>  Preparing: select c.taxon1,c.uniprot_id1,c.taxon2,c.uniprot_id2,c.db_evidence,c.from_db from gene_basic_info a inner join ortholog_id_mapping b on a.ensembl_gene_id=b.ensembl_gene_id inner join ortholog_all c on b.uniprot_id=c.uniprot_id1 where a.ensembl_gene_id=? and c.taxon1=? 
2022-02-24 21:39:46.825 [http-nio-9401-exec-3] DEBUG c.a.c.n.s.m.Ortho9031Mapper.findOrthByTaxonAndGene - ==> Parameters: Zm00001d002323(String), 4577(Integer)
2022-02-24 21:39:46.848 [http-nio-9401-exec-4] DEBUG c.a.c.n.s.m.Ortho9031Mapper.findOrthByTaxonAndGene - <==      Total: 0
2022-02-24 21:39:46.849 [http-nio-9401-exec-4] DEBUG c.a.c.n.s.m.T.findGwasOrgidByTaxonId - ==>  Preparing: select gwas_orgid from species where taxon_id=? 
2022-02-24 21:39:46.849 [http-nio-9401-exec-4] DEBUG c.a.c.n.s.m.T.findGwasOrgidByTaxonId - ==> Parameters: 4577(Integer)
2022-02-24 21:39:46.861 [http-nio-9401-exec-4] DEBUG c.a.c.n.s.m.T.findGwasOrgidByTaxonId - <==      Total: 1
2022-02-24 21:39:46.862 [http-nio-9401-exec-4] DEBUG c.a.c.n.s.m.Ortho9031Mapper.findOrthByTaxonAndGene - ==>  Preparing: select c.taxon1,c.uniprot_id1,c.taxon2,c.uniprot_id2,c.db_evidence,c.from_db from gene_basic_info a inner join ortholog_id_mapping b on a.ensembl_gene_id=b.ensembl_gene_id inner join ortholog_all c on b.uniprot_id=c.uniprot_id1 where a.ensembl_gene_id=? and c.taxon1=? 
2022-02-24 21:39:46.862 [http-nio-9401-exec-4] DEBUG c.a.c.n.s.m.Ortho9031Mapper.findOrthByTaxonAndGene - ==> Parameters: Zm00001d047238(String), 4577(Integer)
2022-02-24 21:39:47.432 [http-nio-9401-exec-5] DEBUG c.a.c.n.s.m.Ortho9031Mapper.findOrthByTaxonAndGene - <==      Total: 28
2022-02-24 21:39:47.435 [http-nio-9401-exec-5] DEBUG c.a.c.n.s.m.T.findGwasOrgidByTaxonId - ==>  Preparing: select gwas_orgid from species where taxon_id=? 
2022-02-24 21:39:47.435 [http-nio-9401-exec-5] DEBUG c.a.c.n.s.m.T.findGwasOrgidByTaxonId - ==> Parameters: 4577(Integer)
2022-02-24 21:39:47.439 [http-nio-9401-exec-5] DEBUG c.a.c.n.s.m.T.findGwasOrgidByTaxonId - <==      Total: 1
2022-02-24 21:39:47.441 [http-nio-9401-exec-5] DEBUG c.a.c.n.s.m.Ortho9031Mapper.findOrthByTaxonAndGene - ==>  Preparing: select c.taxon1,c.uniprot_id1,c.taxon2,c.uniprot_id2,c.db_evidence,c.from_db from gene_basic_info a inner join ortholog_id_mapping b on a.ensembl_gene_id=b.ensembl_gene_id inner join ortholog_all c on b.uniprot_id=c.uniprot_id1 where a.ensembl_gene_id=? and c.taxon1=? 
2022-02-24 21:39:47.442 [http-nio-9401-exec-5] DEBUG c.a.c.n.s.m.Ortho9031Mapper.findOrthByTaxonAndGene - ==> Parameters: Zm00001d002434(String), 4577(Integer)
2022-02-24 21:39:48.016 [http-nio-9401-exec-4] DEBUG c.a.c.n.s.m.Ortho9031Mapper.findOrthByTaxonAndGene - <==      Total: 4
2022-02-24 21:39:48.017 [http-nio-9401-exec-4] DEBUG c.a.c.n.s.m.T.findGwasOrgidByTaxonId - ==>  Preparing: select gwas_orgid from species where taxon_id=? 
2022-02-24 21:39:48.018 [http-nio-9401-exec-4] DEBUG c.a.c.n.s.m.T.findGwasOrgidByTaxonId - ==> Parameters: 4577(Integer)
2022-02-24 21:39:48.036 [http-nio-9401-exec-4] DEBUG c.a.c.n.s.m.T.findGwasOrgidByTaxonId - <==      Total: 1
2022-02-24 21:39:48.036 [http-nio-9401-exec-3] DEBUG c.a.c.n.s.m.Ortho9031Mapper.findOrthByTaxonAndGene - <==      Total: 1
2022-02-24 21:39:48.038 [http-nio-9401-exec-3] DEBUG c.a.c.n.s.m.T.findGwasOrgidByTaxonId - ==>  Preparing: select gwas_orgid from species where taxon_id=? 
2022-02-24 21:39:48.038 [http-nio-9401-exec-4] DEBUG c.a.c.n.s.m.Ortho9031Mapper.findOrthByTaxonAndGene - ==>  Preparing: select c.taxon1,c.uniprot_id1,c.taxon2,c.uniprot_id2,c.db_evidence,c.from_db from gene_basic_info a inner join ortholog_id_mapping b on a.ensembl_gene_id=b.ensembl_gene_id inner join ortholog_all c on b.uniprot_id=c.uniprot_id1 where a.ensembl_gene_id=? and c.taxon1=? 
2022-02-24 21:39:48.038 [http-nio-9401-exec-3] DEBUG c.a.c.n.s.m.T.findGwasOrgidByTaxonId - ==> Parameters: 4577(Integer)
2022-02-24 21:39:48.040 [http-nio-9401-exec-4] DEBUG c.a.c.n.s.m.Ortho9031Mapper.findOrthByTaxonAndGene - ==> Parameters: Zm00001d014688(String), 4577(Integer)
2022-02-24 21:39:48.043 [http-nio-9401-exec-3] DEBUG c.a.c.n.s.m.T.findGwasOrgidByTaxonId - <==      Total: 1
2022-02-24 21:39:48.044 [http-nio-9401-exec-3] DEBUG c.a.c.n.s.m.Ortho9031Mapper.findOrthByTaxonAndGene - ==>  Preparing: select c.taxon1,c.uniprot_id1,c.taxon2,c.uniprot_id2,c.db_evidence,c.from_db from gene_basic_info a inner join ortholog_id_mapping b on a.ensembl_gene_id=b.ensembl_gene_id inner join ortholog_all c on b.uniprot_id=c.uniprot_id1 where a.ensembl_gene_id=? and c.taxon1=? 
2022-02-24 21:39:48.045 [http-nio-9401-exec-3] DEBUG c.a.c.n.s.m.Ortho9031Mapper.findOrthByTaxonAndGene - ==> Parameters: Zm00001d023385(String), 4577(Integer)
2022-02-24 21:39:48.665 [http-nio-9401-exec-5] DEBUG c.a.c.n.s.m.Ortho9031Mapper.findOrthByTaxonAndGene - <==      Total: 292
2022-02-24 21:39:48.666 [http-nio-9401-exec-5] DEBUG c.a.c.n.s.m.T.findGwasOrgidByTaxonId - ==>  Preparing: select gwas_orgid from species where taxon_id=? 
2022-02-24 21:39:48.666 [http-nio-9401-exec-5] DEBUG c.a.c.n.s.m.T.findGwasOrgidByTaxonId - ==> Parameters: 4577(Integer)
2022-02-24 21:39:48.669 [http-nio-9401-exec-5] DEBUG c.a.c.n.s.m.T.findGwasOrgidByTaxonId - <==      Total: 1
2022-02-24 21:39:48.669 [http-nio-9401-exec-5] DEBUG c.a.c.n.s.m.Ortho9031Mapper.findOrthByTaxonAndGene - ==>  Preparing: select c.taxon1,c.uniprot_id1,c.taxon2,c.uniprot_id2,c.db_evidence,c.from_db from gene_basic_info a inner join ortholog_id_mapping b on a.ensembl_gene_id=b.ensembl_gene_id inner join ortholog_all c on b.uniprot_id=c.uniprot_id1 where a.ensembl_gene_id=? and c.taxon1=? 
2022-02-24 21:39:48.670 [http-nio-9401-exec-5] DEBUG c.a.c.n.s.m.Ortho9031Mapper.findOrthByTaxonAndGene - ==> Parameters: Zm00001d002316(String), 4577(Integer)
2022-02-24 21:39:49.120 [http-nio-9401-exec-4] DEBUG c.a.c.n.s.m.Ortho9031Mapper.findOrthByTaxonAndGene - <==      Total: 22
2022-02-24 21:39:49.121 [http-nio-9401-exec-4] DEBUG c.a.c.n.s.m.T.findGwasOrgidByTaxonId - ==>  Preparing: select gwas_orgid from species where taxon_id=? 
2022-02-24 21:39:49.122 [http-nio-9401-exec-4] DEBUG c.a.c.n.s.m.T.findGwasOrgidByTaxonId - ==> Parameters: 4577(Integer)
2022-02-24 21:39:49.125 [http-nio-9401-exec-4] DEBUG c.a.c.n.s.m.T.findGwasOrgidByTaxonId - <==      Total: 1
2022-02-24 21:39:49.125 [http-nio-9401-exec-4] DEBUG c.a.c.n.s.m.Ortho9031Mapper.findOrthByTaxonAndGene - ==>  Preparing: select c.taxon1,c.uniprot_id1,c.taxon2,c.uniprot_id2,c.db_evidence,c.from_db from gene_basic_info a inner join ortholog_id_mapping b on a.ensembl_gene_id=b.ensembl_gene_id inner join ortholog_all c on b.uniprot_id=c.uniprot_id1 where a.ensembl_gene_id=? and c.taxon1=? 
2022-02-24 21:39:49.126 [http-nio-9401-exec-4] DEBUG c.a.c.n.s.m.Ortho9031Mapper.findOrthByTaxonAndGene - ==> Parameters: Zm00001d017956(String), 4577(Integer)
2022-02-24 21:39:49.153 [http-nio-9401-exec-3] DEBUG c.a.c.n.s.m.Ortho9031Mapper.findOrthByTaxonAndGene - <==      Total: 0
2022-02-24 21:39:49.154 [http-nio-9401-exec-3] DEBUG c.a.c.n.s.m.T.findGwasOrgidByTaxonId - ==>  Preparing: select gwas_orgid from species where taxon_id=? 
2022-02-24 21:39:49.155 [http-nio-9401-exec-3] DEBUG c.a.c.n.s.m.T.findGwasOrgidByTaxonId - ==> Parameters: 4577(Integer)
2022-02-24 21:39:49.166 [http-nio-9401-exec-3] DEBUG c.a.c.n.s.m.T.findGwasOrgidByTaxonId - <==      Total: 1
2022-02-24 21:39:49.167 [http-nio-9401-exec-3] DEBUG c.a.c.n.s.m.Ortho9031Mapper.findOrthByTaxonAndGene - ==>  Preparing: select c.taxon1,c.uniprot_id1,c.taxon2,c.uniprot_id2,c.db_evidence,c.from_db from gene_basic_info a inner join ortholog_id_mapping b on a.ensembl_gene_id=b.ensembl_gene_id inner join ortholog_all c on b.uniprot_id=c.uniprot_id1 where a.ensembl_gene_id=? and c.taxon1=? 
2022-02-24 21:39:49.168 [http-nio-9401-exec-3] DEBUG c.a.c.n.s.m.Ortho9031Mapper.findOrthByTaxonAndGene - ==> Parameters: Zm00001d047235(String), 4577(Integer)
2022-02-24 21:39:49.807 [http-nio-9401-exec-5] DEBUG c.a.c.n.s.m.Ortho9031Mapper.findOrthByTaxonAndGene - <==      Total: 8
2022-02-24 21:39:49.808 [http-nio-9401-exec-5] DEBUG c.a.c.n.s.m.T.findGwasOrgidByTaxonId - ==>  Preparing: select gwas_orgid from species where taxon_id=? 
2022-02-24 21:39:49.809 [http-nio-9401-exec-5] DEBUG c.a.c.n.s.m.T.findGwasOrgidByTaxonId - ==> Parameters: 4577(Integer)
2022-02-24 21:39:49.811 [http-nio-9401-exec-5] DEBUG c.a.c.n.s.m.T.findGwasOrgidByTaxonId - <==      Total: 1
2022-02-24 21:39:49.812 [http-nio-9401-exec-5] DEBUG c.a.c.n.s.m.Ortho9031Mapper.findOrthByTaxonAndGene - ==>  Preparing: select c.taxon1,c.uniprot_id1,c.taxon2,c.uniprot_id2,c.db_evidence,c.from_db from gene_basic_info a inner join ortholog_id_mapping b on a.ensembl_gene_id=b.ensembl_gene_id inner join ortholog_all c on b.uniprot_id=c.uniprot_id1 where a.ensembl_gene_id=? and c.taxon1=? 
2022-02-24 21:39:49.812 [http-nio-9401-exec-5] DEBUG c.a.c.n.s.m.Ortho9031Mapper.findOrthByTaxonAndGene - ==> Parameters: Zm00001d002317(String), 4577(Integer)
2022-02-24 21:39:50.362 [http-nio-9401-exec-4] DEBUG c.a.c.n.s.m.Ortho9031Mapper.findOrthByTaxonAndGene - <==      Total: 3
2022-02-24 21:39:50.362 [http-nio-9401-exec-4] DEBUG c.a.c.n.s.m.T.findGwasOrgidByTaxonId - ==>  Preparing: select gwas_orgid from species where taxon_id=? 
2022-02-24 21:39:50.363 [http-nio-9401-exec-4] DEBUG c.a.c.n.s.m.T.findGwasOrgidByTaxonId - ==> Parameters: 4577(Integer)
2022-02-24 21:39:50.366 [http-nio-9401-exec-4] DEBUG c.a.c.n.s.m.T.findGwasOrgidByTaxonId - <==      Total: 1
2022-02-24 21:39:50.366 [http-nio-9401-exec-3] DEBUG c.a.c.n.s.m.Ortho9031Mapper.findOrthByTaxonAndGene - <==      Total: 101
2022-02-24 21:39:50.367 [http-nio-9401-exec-3] DEBUG c.a.c.n.s.m.T.findGwasOrgidByTaxonId - ==>  Preparing: select gwas_orgid from species where taxon_id=? 
2022-02-24 21:39:50.367 [http-nio-9401-exec-4] DEBUG c.a.c.n.s.m.Ortho9031Mapper.findOrthByTaxonAndGene - ==>  Preparing: select c.taxon1,c.uniprot_id1,c.taxon2,c.uniprot_id2,c.db_evidence,c.from_db from gene_basic_info a inner join ortholog_id_mapping b on a.ensembl_gene_id=b.ensembl_gene_id inner join ortholog_all c on b.uniprot_id=c.uniprot_id1 where a.ensembl_gene_id=? and c.taxon1=? 
2022-02-24 21:39:50.368 [http-nio-9401-exec-3] DEBUG c.a.c.n.s.m.T.findGwasOrgidByTaxonId - ==> Parameters: 4577(Integer)
2022-02-24 21:39:50.368 [http-nio-9401-exec-4] DEBUG c.a.c.n.s.m.Ortho9031Mapper.findOrthByTaxonAndGene - ==> Parameters: Zm00001d017957(String), 4577(Integer)
2022-02-24 21:39:50.382 [http-nio-9401-exec-3] DEBUG c.a.c.n.s.m.T.findGwasOrgidByTaxonId - <==      Total: 1
2022-02-24 21:39:50.383 [http-nio-9401-exec-3] DEBUG c.a.c.n.s.m.Ortho9031Mapper.findOrthByTaxonAndGene - ==>  Preparing: select c.taxon1,c.uniprot_id1,c.taxon2,c.uniprot_id2,c.db_evidence,c.from_db from gene_basic_info a inner join ortholog_id_mapping b on a.ensembl_gene_id=b.ensembl_gene_id inner join ortholog_all c on b.uniprot_id=c.uniprot_id1 where a.ensembl_gene_id=? and c.taxon1=? 
2022-02-24 21:39:50.384 [http-nio-9401-exec-3] DEBUG c.a.c.n.s.m.Ortho9031Mapper.findOrthByTaxonAndGene - ==> Parameters: Zm00001d052955(String), 4577(Integer)
2022-02-24 21:39:50.868 [http-nio-9401-exec-5] DEBUG c.a.c.n.s.m.Ortho9031Mapper.findOrthByTaxonAndGene - <==      Total: 74
2022-02-24 21:39:50.869 [http-nio-9401-exec-5] DEBUG c.a.c.n.s.m.T.findGwasOrgidByTaxonId - ==>  Preparing: select gwas_orgid from species where taxon_id=? 
2022-02-24 21:39:50.870 [http-nio-9401-exec-5] DEBUG c.a.c.n.s.m.T.findGwasOrgidByTaxonId - ==> Parameters: 4577(Integer)
2022-02-24 21:39:50.877 [http-nio-9401-exec-5] DEBUG c.a.c.n.s.m.T.findGwasOrgidByTaxonId - <==      Total: 1
2022-02-24 21:39:50.878 [http-nio-9401-exec-5] DEBUG c.a.c.n.s.m.Ortho9031Mapper.findOrthByTaxonAndGene - ==>  Preparing: select c.taxon1,c.uniprot_id1,c.taxon2,c.uniprot_id2,c.db_evidence,c.from_db from gene_basic_info a inner join ortholog_id_mapping b on a.ensembl_gene_id=b.ensembl_gene_id inner join ortholog_all c on b.uniprot_id=c.uniprot_id1 where a.ensembl_gene_id=? and c.taxon1=? 
2022-02-24 21:39:50.879 [http-nio-9401-exec-5] DEBUG c.a.c.n.s.m.Ortho9031Mapper.findOrthByTaxonAndGene - ==> Parameters: Zm00001d028608(String), 4577(Integer)
2022-02-24 21:39:51.361 [http-nio-9401-exec-4] DEBUG c.a.c.n.s.m.Ortho9031Mapper.findOrthByTaxonAndGene - <==      Total: 20
2022-02-24 21:39:51.362 [http-nio-9401-exec-4] DEBUG c.a.c.n.s.m.T.findGwasOrgidByTaxonId - ==>  Preparing: select gwas_orgid from species where taxon_id=? 
2022-02-24 21:39:51.362 [http-nio-9401-exec-4] DEBUG c.a.c.n.s.m.T.findGwasOrgidByTaxonId - ==> Parameters: 4577(Integer)
2022-02-24 21:39:51.365 [http-nio-9401-exec-4] DEBUG c.a.c.n.s.m.T.findGwasOrgidByTaxonId - <==      Total: 1
2022-02-24 21:39:51.365 [http-nio-9401-exec-4] DEBUG c.a.c.n.s.m.Ortho9031Mapper.findOrthByTaxonAndGene - ==>  Preparing: select c.taxon1,c.uniprot_id1,c.taxon2,c.uniprot_id2,c.db_evidence,c.from_db from gene_basic_info a inner join ortholog_id_mapping b on a.ensembl_gene_id=b.ensembl_gene_id inner join ortholog_all c on b.uniprot_id=c.uniprot_id1 where a.ensembl_gene_id=? and c.taxon1=? 
2022-02-24 21:39:51.366 [http-nio-9401-exec-4] DEBUG c.a.c.n.s.m.Ortho9031Mapper.findOrthByTaxonAndGene - ==> Parameters: Zm00001d024486(String), 4577(Integer)
2022-02-24 21:39:51.387 [http-nio-9401-exec-3] DEBUG c.a.c.n.s.m.Ortho9031Mapper.findOrthByTaxonAndGene - <==      Total: 9
2022-02-24 21:39:51.388 [http-nio-9401-exec-3] DEBUG c.a.c.n.s.m.T.findGwasOrgidByTaxonId - ==>  Preparing: select gwas_orgid from species where taxon_id=? 
2022-02-24 21:39:51.388 [http-nio-9401-exec-3] DEBUG c.a.c.n.s.m.T.findGwasOrgidByTaxonId - ==> Parameters: 4577(Integer)
2022-02-24 21:39:51.392 [http-nio-9401-exec-3] DEBUG c.a.c.n.s.m.T.findGwasOrgidByTaxonId - <==      Total: 1
2022-02-24 21:39:51.392 [http-nio-9401-exec-3] DEBUG c.a.c.n.s.m.Ortho9031Mapper.findOrthByTaxonAndGene - ==>  Preparing: select c.taxon1,c.uniprot_id1,c.taxon2,c.uniprot_id2,c.db_evidence,c.from_db from gene_basic_info a inner join ortholog_id_mapping b on a.ensembl_gene_id=b.ensembl_gene_id inner join ortholog_all c on b.uniprot_id=c.uniprot_id1 where a.ensembl_gene_id=? and c.taxon1=? 
2022-02-24 21:39:51.393 [http-nio-9401-exec-3] DEBUG c.a.c.n.s.m.Ortho9031Mapper.findOrthByTaxonAndGene - ==> Parameters: Zm00001d002569(String), 4577(Integer)
2022-02-24 21:39:51.960 [http-nio-9401-exec-5] DEBUG c.a.c.n.s.m.Ortho9031Mapper.findOrthByTaxonAndGene - <==      Total: 4
2022-02-24 21:39:51.961 [http-nio-9401-exec-5] DEBUG c.a.c.n.s.m.T.findGwasOrgidByTaxonId - ==>  Preparing: select gwas_orgid from species where taxon_id=? 
2022-02-24 21:39:51.962 [http-nio-9401-exec-5] DEBUG c.a.c.n.s.m.T.findGwasOrgidByTaxonId - ==> Parameters: 4577(Integer)
2022-02-24 21:39:51.965 [http-nio-9401-exec-5] DEBUG c.a.c.n.s.m.T.findGwasOrgidByTaxonId - <==      Total: 1
2022-02-24 21:39:51.965 [http-nio-9401-exec-5] DEBUG c.a.c.n.s.m.Ortho9031Mapper.findOrthByTaxonAndGene - ==>  Preparing: select c.taxon1,c.uniprot_id1,c.taxon2,c.uniprot_id2,c.db_evidence,c.from_db from gene_basic_info a inner join ortholog_id_mapping b on a.ensembl_gene_id=b.ensembl_gene_id inner join ortholog_all c on b.uniprot_id=c.uniprot_id1 where a.ensembl_gene_id=? and c.taxon1=? 
2022-02-24 21:39:51.966 [http-nio-9401-exec-5] DEBUG c.a.c.n.s.m.Ortho9031Mapper.findOrthByTaxonAndGene - ==> Parameters: Zm00001d028841(String), 4577(Integer)
2022-02-24 21:39:52.466 [http-nio-9401-exec-3] DEBUG c.a.c.n.s.m.Ortho9031Mapper.findOrthByTaxonAndGene - <==      Total: 56
2022-02-24 21:39:52.466 [http-nio-9401-exec-4] DEBUG c.a.c.n.s.m.Ortho9031Mapper.findOrthByTaxonAndGene - <==      Total: 56
2022-02-24 21:39:52.467 [http-nio-9401-exec-4] DEBUG c.a.c.n.s.m.T.findGwasOrgidByTaxonId - ==>  Preparing: select gwas_orgid from species where taxon_id=? 
2022-02-24 21:39:52.467 [http-nio-9401-exec-3] DEBUG c.a.c.n.s.m.T.findGwasOrgidByTaxonId - ==>  Preparing: select gwas_orgid from species where taxon_id=? 
2022-02-24 21:39:52.467 [http-nio-9401-exec-3] DEBUG c.a.c.n.s.m.T.findGwasOrgidByTaxonId - ==> Parameters: 4577(Integer)
2022-02-24 21:39:52.467 [http-nio-9401-exec-4] DEBUG c.a.c.n.s.m.T.findGwasOrgidByTaxonId - ==> Parameters: 4577(Integer)
2022-02-24 21:39:52.475 [http-nio-9401-exec-4] DEBUG c.a.c.n.s.m.T.findGwasOrgidByTaxonId - <==      Total: 1
2022-02-24 21:39:52.475 [http-nio-9401-exec-3] DEBUG c.a.c.n.s.m.T.findGwasOrgidByTaxonId - <==      Total: 1
2022-02-24 21:39:52.476 [http-nio-9401-exec-3] DEBUG c.a.c.n.s.m.Ortho9031Mapper.findOrthByTaxonAndGene - ==>  Preparing: select c.taxon1,c.uniprot_id1,c.taxon2,c.uniprot_id2,c.db_evidence,c.from_db from gene_basic_info a inner join ortholog_id_mapping b on a.ensembl_gene_id=b.ensembl_gene_id inner join ortholog_all c on b.uniprot_id=c.uniprot_id1 where a.ensembl_gene_id=? and c.taxon1=? 
2022-02-24 21:39:52.476 [http-nio-9401-exec-4] DEBUG c.a.c.n.s.m.Ortho9031Mapper.findOrthByTaxonAndGene - ==>  Preparing: select c.taxon1,c.uniprot_id1,c.taxon2,c.uniprot_id2,c.db_evidence,c.from_db from gene_basic_info a inner join ortholog_id_mapping b on a.ensembl_gene_id=b.ensembl_gene_id inner join ortholog_all c on b.uniprot_id=c.uniprot_id1 where a.ensembl_gene_id=? and c.taxon1=? 
2022-02-24 21:39:52.476 [http-nio-9401-exec-4] DEBUG c.a.c.n.s.m.Ortho9031Mapper.findOrthByTaxonAndGene - ==> Parameters: Zm00001d004976(String), 4577(Integer)
2022-02-24 21:39:52.476 [http-nio-9401-exec-3] DEBUG c.a.c.n.s.m.Ortho9031Mapper.findOrthByTaxonAndGene - ==> Parameters: Zm00001d030809(String), 4577(Integer)
2022-02-24 21:39:52.919 [http-nio-9401-exec-5] DEBUG c.a.c.n.s.m.Ortho9031Mapper.findOrthByTaxonAndGene - <==      Total: 2
2022-02-24 21:39:52.919 [http-nio-9401-exec-5] DEBUG c.a.c.n.s.m.T.findGwasOrgidByTaxonId - ==>  Preparing: select gwas_orgid from species where taxon_id=? 
2022-02-24 21:39:52.920 [http-nio-9401-exec-5] DEBUG c.a.c.n.s.m.T.findGwasOrgidByTaxonId - ==> Parameters: 4577(Integer)
2022-02-24 21:39:52.935 [http-nio-9401-exec-5] DEBUG c.a.c.n.s.m.T.findGwasOrgidByTaxonId - <==      Total: 1
2022-02-24 21:39:52.936 [http-nio-9401-exec-5] DEBUG c.a.c.n.s.m.Ortho9031Mapper.findOrthByTaxonAndGene - ==>  Preparing: select c.taxon1,c.uniprot_id1,c.taxon2,c.uniprot_id2,c.db_evidence,c.from_db from gene_basic_info a inner join ortholog_id_mapping b on a.ensembl_gene_id=b.ensembl_gene_id inner join ortholog_all c on b.uniprot_id=c.uniprot_id1 where a.ensembl_gene_id=? and c.taxon1=? 
2022-02-24 21:39:52.936 [http-nio-9401-exec-5] DEBUG c.a.c.n.s.m.Ortho9031Mapper.findOrthByTaxonAndGene - ==> Parameters: Zm00001d025452(String), 4577(Integer)
2022-02-24 21:39:53.653 [http-nio-9401-exec-3] DEBUG c.a.c.n.s.m.Ortho9031Mapper.findOrthByTaxonAndGene - <==      Total: 2
2022-02-24 21:39:53.654 [http-nio-9401-exec-3] DEBUG c.a.c.n.s.m.T.findGwasOrgidByTaxonId - ==>  Preparing: select gwas_orgid from species where taxon_id=? 
2022-02-24 21:39:53.655 [http-nio-9401-exec-3] DEBUG c.a.c.n.s.m.T.findGwasOrgidByTaxonId - ==> Parameters: 4577(Integer)
2022-02-24 21:39:53.656 [http-nio-9401-exec-4] DEBUG c.a.c.n.s.m.Ortho9031Mapper.findOrthByTaxonAndGene - <==      Total: 90
2022-02-24 21:39:53.656 [http-nio-9401-exec-4] DEBUG c.a.c.n.s.m.T.findGwasOrgidByTaxonId - ==>  Preparing: select gwas_orgid from species where taxon_id=? 
2022-02-24 21:39:53.657 [http-nio-9401-exec-4] DEBUG c.a.c.n.s.m.T.findGwasOrgidByTaxonId - ==> Parameters: 4577(Integer)
2022-02-24 21:39:53.671 [http-nio-9401-exec-3] DEBUG c.a.c.n.s.m.T.findGwasOrgidByTaxonId - <==      Total: 1
2022-02-24 21:39:53.671 [http-nio-9401-exec-4] DEBUG c.a.c.n.s.m.T.findGwasOrgidByTaxonId - <==      Total: 1
2022-02-24 21:39:53.672 [http-nio-9401-exec-4] DEBUG c.a.c.n.s.m.Ortho9031Mapper.findOrthByTaxonAndGene - ==>  Preparing: select c.taxon1,c.uniprot_id1,c.taxon2,c.uniprot_id2,c.db_evidence,c.from_db from gene_basic_info a inner join ortholog_id_mapping b on a.ensembl_gene_id=b.ensembl_gene_id inner join ortholog_all c on b.uniprot_id=c.uniprot_id1 where a.ensembl_gene_id=? and c.taxon1=? 
2022-02-24 21:39:53.672 [http-nio-9401-exec-3] DEBUG c.a.c.n.s.m.Ortho9031Mapper.findOrthByTaxonAndGene - ==>  Preparing: select c.taxon1,c.uniprot_id1,c.taxon2,c.uniprot_id2,c.db_evidence,c.from_db from gene_basic_info a inner join ortholog_id_mapping b on a.ensembl_gene_id=b.ensembl_gene_id inner join ortholog_all c on b.uniprot_id=c.uniprot_id1 where a.ensembl_gene_id=? and c.taxon1=? 
2022-02-24 21:39:53.672 [http-nio-9401-exec-4] DEBUG c.a.c.n.s.m.Ortho9031Mapper.findOrthByTaxonAndGene - ==> Parameters: Zm00001d002433(String), 4577(Integer)
2022-02-24 21:39:53.672 [http-nio-9401-exec-3] DEBUG c.a.c.n.s.m.Ortho9031Mapper.findOrthByTaxonAndGene - ==> Parameters: Zm00001d047599(String), 4577(Integer)
2022-02-24 21:39:53.922 [http-nio-9401-exec-5] DEBUG c.a.c.n.s.m.Ortho9031Mapper.findOrthByTaxonAndGene - <==      Total: 10
2022-02-24 21:39:53.923 [http-nio-9401-exec-5] DEBUG c.a.c.n.s.m.T.findGwasOrgidByTaxonId - ==>  Preparing: select gwas_orgid from species where taxon_id=? 
2022-02-24 21:39:53.924 [http-nio-9401-exec-5] DEBUG c.a.c.n.s.m.T.findGwasOrgidByTaxonId - ==> Parameters: 4577(Integer)
2022-02-24 21:39:53.927 [http-nio-9401-exec-5] DEBUG c.a.c.n.s.m.T.findGwasOrgidByTaxonId - <==      Total: 1
2022-02-24 21:39:53.928 [http-nio-9401-exec-5] DEBUG c.a.c.n.s.m.Ortho9031Mapper.findOrthByTaxonAndGene - ==>  Preparing: select c.taxon1,c.uniprot_id1,c.taxon2,c.uniprot_id2,c.db_evidence,c.from_db from gene_basic_info a inner join ortholog_id_mapping b on a.ensembl_gene_id=b.ensembl_gene_id inner join ortholog_all c on b.uniprot_id=c.uniprot_id1 where a.ensembl_gene_id=? and c.taxon1=? 
2022-02-24 21:39:53.928 [http-nio-9401-exec-5] DEBUG c.a.c.n.s.m.Ortho9031Mapper.findOrthByTaxonAndGene - ==> Parameters: Zm00001d028840(String), 4577(Integer)
2022-02-24 21:39:54.895 [http-nio-9401-exec-4] DEBUG c.a.c.n.s.m.Ortho9031Mapper.findOrthByTaxonAndGene - <==      Total: 2
2022-02-24 21:39:54.896 [http-nio-9401-exec-5] DEBUG c.a.c.n.s.m.Ortho9031Mapper.findOrthByTaxonAndGene - <==      Total: 9
2022-02-24 21:39:54.896 [http-nio-9401-exec-3] DEBUG c.a.c.n.s.m.Ortho9031Mapper.findOrthByTaxonAndGene - <==      Total: 19
2022-02-24 21:39:54.896 [http-nio-9401-exec-4] DEBUG c.a.c.n.s.m.T.findGwasOrgidByTaxonId - ==>  Preparing: select gwas_orgid from species where taxon_id=? 
2022-02-24 21:39:54.896 [http-nio-9401-exec-4] DEBUG c.a.c.n.s.m.T.findGwasOrgidByTaxonId - ==> Parameters: 4577(Integer)
2022-02-24 21:39:54.896 [http-nio-9401-exec-3] DEBUG c.a.c.n.s.m.T.findGwasOrgidByTaxonId - ==>  Preparing: select gwas_orgid from species where taxon_id=? 
2022-02-24 21:39:54.896 [http-nio-9401-exec-5] DEBUG c.a.c.n.s.m.T.findGwasOrgidByTaxonId - ==>  Preparing: select gwas_orgid from species where taxon_id=? 
2022-02-24 21:39:54.897 [http-nio-9401-exec-3] DEBUG c.a.c.n.s.m.T.findGwasOrgidByTaxonId - ==> Parameters: 4577(Integer)
2022-02-24 21:39:54.897 [http-nio-9401-exec-5] DEBUG c.a.c.n.s.m.T.findGwasOrgidByTaxonId - ==> Parameters: 4577(Integer)
2022-02-24 21:39:54.903 [http-nio-9401-exec-4] DEBUG c.a.c.n.s.m.T.findGwasOrgidByTaxonId - <==      Total: 1
2022-02-24 21:39:54.903 [http-nio-9401-exec-5] DEBUG c.a.c.n.s.m.T.findGwasOrgidByTaxonId - <==      Total: 1
2022-02-24 21:39:54.903 [http-nio-9401-exec-3] DEBUG c.a.c.n.s.m.T.findGwasOrgidByTaxonId - <==      Total: 1
2022-02-24 21:39:54.903 [http-nio-9401-exec-4] DEBUG c.a.c.n.s.m.Ortho9031Mapper.findOrthByTaxonAndGene - ==>  Preparing: select c.taxon1,c.uniprot_id1,c.taxon2,c.uniprot_id2,c.db_evidence,c.from_db from gene_basic_info a inner join ortholog_id_mapping b on a.ensembl_gene_id=b.ensembl_gene_id inner join ortholog_all c on b.uniprot_id=c.uniprot_id1 where a.ensembl_gene_id=? and c.taxon1=? 
2022-02-24 21:39:54.904 [http-nio-9401-exec-5] DEBUG c.a.c.n.s.m.Ortho9031Mapper.findOrthByTaxonAndGene - ==>  Preparing: select c.taxon1,c.uniprot_id1,c.taxon2,c.uniprot_id2,c.db_evidence,c.from_db from gene_basic_info a inner join ortholog_id_mapping b on a.ensembl_gene_id=b.ensembl_gene_id inner join ortholog_all c on b.uniprot_id=c.uniprot_id1 where a.ensembl_gene_id=? and c.taxon1=? 
2022-02-24 21:39:54.933 [http-nio-9401-exec-5] DEBUG c.a.c.n.s.m.Ortho9031Mapper.findOrthByTaxonAndGene - ==> Parameters: Zm00001d002432(String), 4577(Integer)
2022-02-24 21:39:54.936 [http-nio-9401-exec-4] DEBUG c.a.c.n.s.m.Ortho9031Mapper.findOrthByTaxonAndGene - ==> Parameters: Zm00001d002312(String), 4577(Integer)
2022-02-24 21:39:55.905 [http-nio-9401-exec-4] DEBUG c.a.c.n.s.m.Ortho9031Mapper.findOrthByTaxonAndGene - <==      Total: 18
2022-02-24 21:39:55.906 [http-nio-9401-exec-4] DEBUG c.a.c.n.s.m.T.findGwasOrgidByTaxonId - ==>  Preparing: select gwas_orgid from species where taxon_id=? 
2022-02-24 21:39:55.907 [http-nio-9401-exec-4] DEBUG c.a.c.n.s.m.T.findGwasOrgidByTaxonId - ==> Parameters: 4577(Integer)
2022-02-24 21:39:55.908 [http-nio-9401-exec-5] DEBUG c.a.c.n.s.m.Ortho9031Mapper.findOrthByTaxonAndGene - <==      Total: 71
2022-02-24 21:39:55.909 [http-nio-9401-exec-5] DEBUG c.a.c.n.s.m.T.findGwasOrgidByTaxonId - ==>  Preparing: select gwas_orgid from species where taxon_id=? 
2022-02-24 21:39:55.909 [http-nio-9401-exec-5] DEBUG c.a.c.n.s.m.T.findGwasOrgidByTaxonId - ==> Parameters: 4577(Integer)
2022-02-24 21:39:55.910 [http-nio-9401-exec-4] DEBUG c.a.c.n.s.m.T.findGwasOrgidByTaxonId - <==      Total: 1
2022-02-24 21:39:55.914 [http-nio-9401-exec-5] DEBUG c.a.c.n.s.m.T.findGwasOrgidByTaxonId - <==      Total: 1
2022-02-24 21:39:55.915 [http-nio-9401-exec-5] DEBUG c.a.c.n.s.m.Ortho9031Mapper.findOrthByTaxonAndGene - ==>  Preparing: select c.taxon1,c.uniprot_id1,c.taxon2,c.uniprot_id2,c.db_evidence,c.from_db from gene_basic_info a inner join ortholog_id_mapping b on a.ensembl_gene_id=b.ensembl_gene_id inner join ortholog_all c on b.uniprot_id=c.uniprot_id1 where a.ensembl_gene_id=? and c.taxon1=? 
2022-02-24 21:39:55.915 [http-nio-9401-exec-5] DEBUG c.a.c.n.s.m.Ortho9031Mapper.findOrthByTaxonAndGene - ==> Parameters: Zm00001d025453(String), 4577(Integer)
2022-02-24 21:39:56.703 [http-nio-9401-exec-5] DEBUG c.a.c.n.s.m.Ortho9031Mapper.findOrthByTaxonAndGene - <==      Total: 42
2022-02-24 21:39:56.704 [http-nio-9401-exec-5] DEBUG c.a.c.n.s.m.T.findGwasOrgidByTaxonId - ==>  Preparing: select gwas_orgid from species where taxon_id=? 
2022-02-24 21:39:56.704 [http-nio-9401-exec-5] DEBUG c.a.c.n.s.m.T.findGwasOrgidByTaxonId - ==> Parameters: 4577(Integer)
2022-02-24 21:39:56.706 [http-nio-9401-exec-5] DEBUG c.a.c.n.s.m.T.findGwasOrgidByTaxonId - <==      Total: 1
