2022-02-16 09:48:03.085 [restartedMain] INFO  cn.ac.cncb.ngdc.syndb.SyndbApplication - Starting SyndbApplication using Java 1.8.0_211 on LAPTOP-1VEOTUUA with PID 21192 (F:\syndb\target\classes started by 光亚 in F:\syndb)
2022-02-16 09:48:03.093 [restartedMain] INFO  cn.ac.cncb.ngdc.syndb.SyndbApplication - No active profile set, falling back to default profiles: default
2022-02-16 09:48:09.856 [restartedMain] INFO  cn.ac.cncb.ngdc.syndb.SyndbApplication - Started SyndbApplication in 9.543 seconds (JVM running for 13.284)
2022-02-16 10:28:47.197 [http-nio-9401-exec-1] DEBUG c.a.c.n.s.m.trait2gwasMapper.biomedicalTrait_COUNT - ==>  Preparing: SELECT count(0) FROM trait_all 
2022-02-16 10:28:47.250 [http-nio-9401-exec-1] DEBUG c.a.c.n.s.m.trait2gwasMapper.biomedicalTrait_COUNT - ==> Parameters: 
2022-02-16 10:28:47.284 [http-nio-9401-exec-1] DEBUG c.a.c.n.s.m.trait2gwasMapper.biomedicalTrait_COUNT - <==      Total: 1
2022-02-16 10:28:47.287 [http-nio-9401-exec-1] DEBUG c.a.c.n.s.mapper.trait2gwasMapper.biomedicalTrait - ==>  Preparing: select * from trait_all LIMIT ? 
2022-02-16 10:28:47.288 [http-nio-9401-exec-1] DEBUG c.a.c.n.s.mapper.trait2gwasMapper.biomedicalTrait - ==> Parameters: 10(Integer)
2022-02-16 10:28:47.337 [http-nio-9401-exec-1] DEBUG c.a.c.n.s.mapper.trait2gwasMapper.biomedicalTrait - <==      Total: 10
2022-02-16 10:28:47.346 [http-nio-9401-exec-1] DEBUG c.a.c.n.s.m.Ortho9031Mapper.findOrthByTaxonAndGene - ==>  Preparing: select c.taxon1,c.uniprot_id1,c.taxon2,c.uniprot_id2,c.db_evidence,c.from_db from gene_basic_info a inner join ortholog_id_mapping b on a.ensembl_gene_id=b.ensembl_gene_id inner join ortholog_all c on b.uniprot_id=c.uniprot_id1 where a.gwas_gene_id=? and c.taxon1=? 
2022-02-16 10:28:47.347 [http-nio-9401-exec-1] DEBUG c.a.c.n.s.m.Ortho9031Mapper.findOrthByTaxonAndGene - ==> Parameters: CotAD_32480(String), 3635(Integer)
2022-02-16 10:28:47.351 [http-nio-9401-exec-1] DEBUG c.a.c.n.s.m.Ortho9031Mapper.findOrthByTaxonAndGene - <==      Total: 0
2022-02-16 10:28:47.358 [http-nio-9401-exec-1] DEBUG c.a.c.n.s.m.t.findGwasOrgidByTaxonId - ==>  Preparing: select gwas_orgid from species where taxon_id=? 
2022-02-16 10:28:47.358 [http-nio-9401-exec-1] DEBUG c.a.c.n.s.m.t.findGwasOrgidByTaxonId - ==> Parameters: 3635(Integer)
2022-02-16 10:28:47.364 [http-nio-9401-exec-1] DEBUG c.a.c.n.s.m.t.findGwasOrgidByTaxonId - <==      Total: 1
2022-02-16 10:28:47.365 [http-nio-9401-exec-1] DEBUG c.a.c.n.s.m.Ortho9031Mapper.findOrthByTaxonAndGene - ==>  Preparing: select c.taxon1,c.uniprot_id1,c.taxon2,c.uniprot_id2,c.db_evidence,c.from_db from gene_basic_info a inner join ortholog_id_mapping b on a.ensembl_gene_id=b.ensembl_gene_id inner join ortholog_all c on b.uniprot_id=c.uniprot_id1 where a.gwas_gene_id=? and c.taxon1=? 
2022-02-16 10:28:47.367 [http-nio-9401-exec-1] DEBUG c.a.c.n.s.m.Ortho9031Mapper.findOrthByTaxonAndGene - ==> Parameters: CotAD_32479(String), 3635(Integer)
2022-02-16 10:28:47.371 [http-nio-9401-exec-1] DEBUG c.a.c.n.s.m.Ortho9031Mapper.findOrthByTaxonAndGene - <==      Total: 0
2022-02-16 10:28:47.372 [http-nio-9401-exec-1] DEBUG c.a.c.n.s.m.t.findGwasOrgidByTaxonId - ==>  Preparing: select gwas_orgid from species where taxon_id=? 
2022-02-16 10:28:47.374 [http-nio-9401-exec-1] DEBUG c.a.c.n.s.m.t.findGwasOrgidByTaxonId - ==> Parameters: 3635(Integer)
2022-02-16 10:28:47.379 [http-nio-9401-exec-1] DEBUG c.a.c.n.s.m.t.findGwasOrgidByTaxonId - <==      Total: 1
2022-02-16 10:28:47.382 [http-nio-9401-exec-1] DEBUG c.a.c.n.s.m.Ortho9031Mapper.findOrthByTaxonAndGene - ==>  Preparing: select c.taxon1,c.uniprot_id1,c.taxon2,c.uniprot_id2,c.db_evidence,c.from_db from gene_basic_info a inner join ortholog_id_mapping b on a.ensembl_gene_id=b.ensembl_gene_id inner join ortholog_all c on b.uniprot_id=c.uniprot_id1 where a.gwas_gene_id=? and c.taxon1=? 
2022-02-16 10:28:47.383 [http-nio-9401-exec-1] DEBUG c.a.c.n.s.m.Ortho9031Mapper.findOrthByTaxonAndGene - ==> Parameters: Zm00001d017703(String), 4577(Integer)
2022-02-16 10:28:47.393 [http-nio-9401-exec-1] DEBUG c.a.c.n.s.m.Ortho9031Mapper.findOrthByTaxonAndGene - <==      Total: 0
2022-02-16 10:28:47.395 [http-nio-9401-exec-1] DEBUG c.a.c.n.s.m.t.findGwasOrgidByTaxonId - ==>  Preparing: select gwas_orgid from species where taxon_id=? 
2022-02-16 10:28:47.396 [http-nio-9401-exec-1] DEBUG c.a.c.n.s.m.t.findGwasOrgidByTaxonId - ==> Parameters: 4577(Integer)
2022-02-16 10:28:47.403 [http-nio-9401-exec-1] DEBUG c.a.c.n.s.m.t.findGwasOrgidByTaxonId - <==      Total: 1
2022-02-16 10:28:47.404 [http-nio-9401-exec-1] DEBUG c.a.c.n.s.m.Ortho9031Mapper.findOrthByTaxonAndGene - ==>  Preparing: select c.taxon1,c.uniprot_id1,c.taxon2,c.uniprot_id2,c.db_evidence,c.from_db from gene_basic_info a inner join ortholog_id_mapping b on a.ensembl_gene_id=b.ensembl_gene_id inner join ortholog_all c on b.uniprot_id=c.uniprot_id1 where a.gwas_gene_id=? and c.taxon1=? 
2022-02-16 10:28:47.405 [http-nio-9401-exec-1] DEBUG c.a.c.n.s.m.Ortho9031Mapper.findOrthByTaxonAndGene - ==> Parameters: Zm00001d017704(String), 4577(Integer)
2022-02-16 10:28:47.409 [http-nio-9401-exec-1] DEBUG c.a.c.n.s.m.Ortho9031Mapper.findOrthByTaxonAndGene - <==      Total: 0
2022-02-16 10:28:47.409 [http-nio-9401-exec-1] DEBUG c.a.c.n.s.m.t.findGwasOrgidByTaxonId - ==>  Preparing: select gwas_orgid from species where taxon_id=? 
2022-02-16 10:28:47.410 [http-nio-9401-exec-1] DEBUG c.a.c.n.s.m.t.findGwasOrgidByTaxonId - ==> Parameters: 4577(Integer)
2022-02-16 10:28:47.413 [http-nio-9401-exec-1] DEBUG c.a.c.n.s.m.t.findGwasOrgidByTaxonId - <==      Total: 1
2022-02-16 10:28:47.414 [http-nio-9401-exec-1] DEBUG c.a.c.n.s.m.Ortho9031Mapper.findOrthByTaxonAndGene - ==>  Preparing: select c.taxon1,c.uniprot_id1,c.taxon2,c.uniprot_id2,c.db_evidence,c.from_db from gene_basic_info a inner join ortholog_id_mapping b on a.ensembl_gene_id=b.ensembl_gene_id inner join ortholog_all c on b.uniprot_id=c.uniprot_id1 where a.gwas_gene_id=? and c.taxon1=? 
2022-02-16 10:28:47.415 [http-nio-9401-exec-1] DEBUG c.a.c.n.s.m.Ortho9031Mapper.findOrthByTaxonAndGene - ==> Parameters: Zm00001d034163(String), 4577(Integer)
2022-02-16 10:28:47.419 [http-nio-9401-exec-1] DEBUG c.a.c.n.s.m.Ortho9031Mapper.findOrthByTaxonAndGene - <==      Total: 0
2022-02-16 10:28:47.420 [http-nio-9401-exec-1] DEBUG c.a.c.n.s.m.t.findGwasOrgidByTaxonId - ==>  Preparing: select gwas_orgid from species where taxon_id=? 
2022-02-16 10:28:47.421 [http-nio-9401-exec-1] DEBUG c.a.c.n.s.m.t.findGwasOrgidByTaxonId - ==> Parameters: 4577(Integer)
2022-02-16 10:28:47.424 [http-nio-9401-exec-1] DEBUG c.a.c.n.s.m.t.findGwasOrgidByTaxonId - <==      Total: 1
2022-02-16 10:28:47.425 [http-nio-9401-exec-1] DEBUG c.a.c.n.s.m.Ortho9031Mapper.findOrthByTaxonAndGene - ==>  Preparing: select c.taxon1,c.uniprot_id1,c.taxon2,c.uniprot_id2,c.db_evidence,c.from_db from gene_basic_info a inner join ortholog_id_mapping b on a.ensembl_gene_id=b.ensembl_gene_id inner join ortholog_all c on b.uniprot_id=c.uniprot_id1 where a.gwas_gene_id=? and c.taxon1=? 
2022-02-16 10:28:47.426 [http-nio-9401-exec-1] DEBUG c.a.c.n.s.m.Ortho9031Mapper.findOrthByTaxonAndGene - ==> Parameters: Zm00001d039618(String), 4577(Integer)
2022-02-16 10:28:47.430 [http-nio-9401-exec-1] DEBUG c.a.c.n.s.m.Ortho9031Mapper.findOrthByTaxonAndGene - <==      Total: 0
2022-02-16 10:28:47.431 [http-nio-9401-exec-1] DEBUG c.a.c.n.s.m.t.findGwasOrgidByTaxonId - ==>  Preparing: select gwas_orgid from species where taxon_id=? 
2022-02-16 10:28:47.431 [http-nio-9401-exec-1] DEBUG c.a.c.n.s.m.t.findGwasOrgidByTaxonId - ==> Parameters: 4577(Integer)
2022-02-16 10:28:47.434 [http-nio-9401-exec-1] DEBUG c.a.c.n.s.m.t.findGwasOrgidByTaxonId - <==      Total: 1
2022-02-16 10:28:47.466 [http-nio-9401-exec-1] DEBUG c.a.c.n.s.m.Ortho9031Mapper.findOrthByTaxonAndGene - ==>  Preparing: select c.taxon1,c.uniprot_id1,c.taxon2,c.uniprot_id2,c.db_evidence,c.from_db from gene_basic_info a inner join ortholog_id_mapping b on a.ensembl_gene_id=b.ensembl_gene_id inner join ortholog_all c on b.uniprot_id=c.uniprot_id1 where a.gwas_gene_id=? and c.taxon1=? 
2022-02-16 10:28:47.466 [http-nio-9401-exec-1] DEBUG c.a.c.n.s.m.Ortho9031Mapper.findOrthByTaxonAndGene - ==> Parameters: ENSRNA049474580(String), 4577(Integer)
2022-02-16 10:29:12.850 [http-nio-9401-exec-1] DEBUG c.a.c.n.s.m.Ortho9031Mapper.findOrthByTaxonAndGene - <==      Total: 0
2022-02-16 10:29:12.852 [http-nio-9401-exec-1] DEBUG c.a.c.n.s.m.t.findGwasOrgidByTaxonId - ==>  Preparing: select gwas_orgid from species where taxon_id=? 
2022-02-16 10:29:12.854 [http-nio-9401-exec-1] DEBUG c.a.c.n.s.m.t.findGwasOrgidByTaxonId - ==> Parameters: 4577(Integer)
2022-02-16 10:29:12.862 [http-nio-9401-exec-1] DEBUG c.a.c.n.s.m.t.findGwasOrgidByTaxonId - <==      Total: 1
2022-02-16 10:29:12.924 [http-nio-9401-exec-1] DEBUG c.a.c.n.s.m.Ortho9031Mapper.findOrthByTaxonAndGene - ==>  Preparing: select c.taxon1,c.uniprot_id1,c.taxon2,c.uniprot_id2,c.db_evidence,c.from_db from gene_basic_info a inner join ortholog_id_mapping b on a.ensembl_gene_id=b.ensembl_gene_id inner join ortholog_all c on b.uniprot_id=c.uniprot_id1 where a.gwas_gene_id=? and c.taxon1=? 
2022-02-16 10:29:12.957 [http-nio-9401-exec-1] DEBUG c.a.c.n.s.m.Ortho9031Mapper.findOrthByTaxonAndGene - ==> Parameters: Zm00001d017820(String), 4577(Integer)
2022-02-16 10:29:12.963 [http-nio-9401-exec-1] DEBUG c.a.c.n.s.m.Ortho9031Mapper.findOrthByTaxonAndGene - <==      Total: 0
2022-02-16 10:29:12.994 [http-nio-9401-exec-1] DEBUG c.a.c.n.s.m.t.findGwasOrgidByTaxonId - ==>  Preparing: select gwas_orgid from species where taxon_id=? 
2022-02-16 10:29:12.995 [http-nio-9401-exec-1] DEBUG c.a.c.n.s.m.t.findGwasOrgidByTaxonId - ==> Parameters: 4577(Integer)
2022-02-16 10:29:12.999 [http-nio-9401-exec-1] DEBUG c.a.c.n.s.m.t.findGwasOrgidByTaxonId - <==      Total: 1
2022-02-16 10:29:13.023 [http-nio-9401-exec-1] DEBUG c.a.c.n.s.m.Ortho9031Mapper.findOrthByTaxonAndGene - ==>  Preparing: select c.taxon1,c.uniprot_id1,c.taxon2,c.uniprot_id2,c.db_evidence,c.from_db from gene_basic_info a inner join ortholog_id_mapping b on a.ensembl_gene_id=b.ensembl_gene_id inner join ortholog_all c on b.uniprot_id=c.uniprot_id1 where a.gwas_gene_id=? and c.taxon1=? 
2022-02-16 10:29:13.024 [http-nio-9401-exec-1] DEBUG c.a.c.n.s.m.Ortho9031Mapper.findOrthByTaxonAndGene - ==> Parameters: Zm00001d014796(String), 4577(Integer)
2022-02-16 10:29:13.029 [http-nio-9401-exec-1] DEBUG c.a.c.n.s.m.Ortho9031Mapper.findOrthByTaxonAndGene - <==      Total: 0
2022-02-16 10:29:13.035 [http-nio-9401-exec-1] DEBUG c.a.c.n.s.m.t.findGwasOrgidByTaxonId - ==>  Preparing: select gwas_orgid from species where taxon_id=? 
2022-02-16 10:29:13.036 [http-nio-9401-exec-1] DEBUG c.a.c.n.s.m.t.findGwasOrgidByTaxonId - ==> Parameters: 4577(Integer)
2022-02-16 10:29:13.042 [http-nio-9401-exec-1] DEBUG c.a.c.n.s.m.t.findGwasOrgidByTaxonId - <==      Total: 1
2022-02-16 10:29:13.070 [http-nio-9401-exec-1] DEBUG c.a.c.n.s.m.Ortho9031Mapper.findOrthByTaxonAndGene - ==>  Preparing: select c.taxon1,c.uniprot_id1,c.taxon2,c.uniprot_id2,c.db_evidence,c.from_db from gene_basic_info a inner join ortholog_id_mapping b on a.ensembl_gene_id=b.ensembl_gene_id inner join ortholog_all c on b.uniprot_id=c.uniprot_id1 where a.gwas_gene_id=? and c.taxon1=? 
2022-02-16 10:29:13.072 [http-nio-9401-exec-1] DEBUG c.a.c.n.s.m.Ortho9031Mapper.findOrthByTaxonAndGene - ==> Parameters: Zm00001d014674(String), 4577(Integer)
2022-02-16 10:29:13.077 [http-nio-9401-exec-1] DEBUG c.a.c.n.s.m.Ortho9031Mapper.findOrthByTaxonAndGene - <==      Total: 0
2022-02-16 10:29:13.095 [http-nio-9401-exec-1] DEBUG c.a.c.n.s.m.t.findGwasOrgidByTaxonId - ==>  Preparing: select gwas_orgid from species where taxon_id=? 
2022-02-16 10:29:13.096 [http-nio-9401-exec-1] DEBUG c.a.c.n.s.m.t.findGwasOrgidByTaxonId - ==> Parameters: 4577(Integer)
2022-02-16 10:29:13.100 [http-nio-9401-exec-1] DEBUG c.a.c.n.s.m.t.findGwasOrgidByTaxonId - <==      Total: 1
2022-02-16 11:24:05.252 [restartedMain] INFO  cn.ac.cncb.ngdc.syndb.SyndbApplication - Starting SyndbApplication using Java 1.8.0_211 on LAPTOP-1VEOTUUA with PID 22956 (F:\syndb\target\classes started by 光亚 in F:\syndb)
2022-02-16 11:24:05.255 [restartedMain] INFO  cn.ac.cncb.ngdc.syndb.SyndbApplication - No active profile set, falling back to default profiles: default
2022-02-16 11:24:08.519 [restartedMain] INFO  cn.ac.cncb.ngdc.syndb.SyndbApplication - Started SyndbApplication in 4.492 seconds (JVM running for 8.313)
2022-02-16 11:24:19.864 [http-nio-9401-exec-1] DEBUG c.a.c.n.s.m.Trait2gwasMapper.biomedicalTrait_COUNT - ==>  Preparing: SELECT count(0) FROM trait_all 
2022-02-16 11:24:19.899 [http-nio-9401-exec-1] DEBUG c.a.c.n.s.m.Trait2gwasMapper.biomedicalTrait_COUNT - ==> Parameters: 
2022-02-16 11:24:19.954 [http-nio-9401-exec-1] DEBUG c.a.c.n.s.m.Trait2gwasMapper.biomedicalTrait_COUNT - <==      Total: 1
2022-02-16 11:24:19.957 [http-nio-9401-exec-1] DEBUG c.a.c.n.s.mapper.Trait2gwasMapper.biomedicalTrait - ==>  Preparing: select * from trait_all LIMIT ? 
2022-02-16 11:24:19.958 [http-nio-9401-exec-1] DEBUG c.a.c.n.s.mapper.Trait2gwasMapper.biomedicalTrait - ==> Parameters: 10(Integer)
2022-02-16 11:24:19.972 [http-nio-9401-exec-1] DEBUG c.a.c.n.s.mapper.Trait2gwasMapper.biomedicalTrait - <==      Total: 10
2022-02-16 11:24:19.975 [http-nio-9401-exec-1] DEBUG c.a.c.n.s.m.Ortho9031Mapper.findOrthByTaxonAndGene - ==>  Preparing: select c.taxon1,c.uniprot_id1,c.taxon2,c.uniprot_id2,c.db_evidence,c.from_db from gene_basic_info a inner join ortholog_id_mapping b on a.ensembl_gene_id=b.ensembl_gene_id inner join ortholog_all c on b.uniprot_id=c.uniprot_id1 where a.gwas_gene_id=? and c.taxon1=? 
2022-02-16 11:24:19.976 [http-nio-9401-exec-1] DEBUG c.a.c.n.s.m.Ortho9031Mapper.findOrthByTaxonAndGene - ==> Parameters: CotAD_32480(String), 3635(Integer)
2022-02-16 11:24:19.982 [http-nio-9401-exec-1] DEBUG c.a.c.n.s.m.Ortho9031Mapper.findOrthByTaxonAndGene - <==      Total: 0
2022-02-16 11:24:19.983 [http-nio-9401-exec-1] DEBUG c.a.c.n.s.m.T.findGwasOrgidByTaxonId - ==>  Preparing: select gwas_orgid from species where taxon_id=? 
2022-02-16 11:24:19.984 [http-nio-9401-exec-1] DEBUG c.a.c.n.s.m.T.findGwasOrgidByTaxonId - ==> Parameters: 3635(Integer)
2022-02-16 11:24:19.993 [http-nio-9401-exec-1] DEBUG c.a.c.n.s.m.T.findGwasOrgidByTaxonId - <==      Total: 1
2022-02-16 11:24:19.994 [http-nio-9401-exec-1] DEBUG c.a.c.n.s.m.Ortho9031Mapper.findOrthByTaxonAndGene - ==>  Preparing: select c.taxon1,c.uniprot_id1,c.taxon2,c.uniprot_id2,c.db_evidence,c.from_db from gene_basic_info a inner join ortholog_id_mapping b on a.ensembl_gene_id=b.ensembl_gene_id inner join ortholog_all c on b.uniprot_id=c.uniprot_id1 where a.gwas_gene_id=? and c.taxon1=? 
2022-02-16 11:24:19.994 [http-nio-9401-exec-1] DEBUG c.a.c.n.s.m.Ortho9031Mapper.findOrthByTaxonAndGene - ==> Parameters: CotAD_32479(String), 3635(Integer)
2022-02-16 11:24:20.005 [http-nio-9401-exec-1] DEBUG c.a.c.n.s.m.Ortho9031Mapper.findOrthByTaxonAndGene - <==      Total: 0
2022-02-16 11:24:20.006 [http-nio-9401-exec-1] DEBUG c.a.c.n.s.m.T.findGwasOrgidByTaxonId - ==>  Preparing: select gwas_orgid from species where taxon_id=? 
2022-02-16 11:24:20.007 [http-nio-9401-exec-1] DEBUG c.a.c.n.s.m.T.findGwasOrgidByTaxonId - ==> Parameters: 3635(Integer)
2022-02-16 11:24:20.019 [http-nio-9401-exec-1] DEBUG c.a.c.n.s.m.T.findGwasOrgidByTaxonId - <==      Total: 1
2022-02-16 11:24:20.020 [http-nio-9401-exec-1] DEBUG c.a.c.n.s.m.Ortho9031Mapper.findOrthByTaxonAndGene - ==>  Preparing: select c.taxon1,c.uniprot_id1,c.taxon2,c.uniprot_id2,c.db_evidence,c.from_db from gene_basic_info a inner join ortholog_id_mapping b on a.ensembl_gene_id=b.ensembl_gene_id inner join ortholog_all c on b.uniprot_id=c.uniprot_id1 where a.gwas_gene_id=? and c.taxon1=? 
2022-02-16 11:24:20.021 [http-nio-9401-exec-1] DEBUG c.a.c.n.s.m.Ortho9031Mapper.findOrthByTaxonAndGene - ==> Parameters: Zm00001d017703(String), 4577(Integer)
2022-02-16 11:24:20.038 [http-nio-9401-exec-1] DEBUG c.a.c.n.s.m.Ortho9031Mapper.findOrthByTaxonAndGene - <==      Total: 0
2022-02-16 11:24:20.039 [http-nio-9401-exec-1] DEBUG c.a.c.n.s.m.T.findGwasOrgidByTaxonId - ==>  Preparing: select gwas_orgid from species where taxon_id=? 
2022-02-16 11:24:20.040 [http-nio-9401-exec-1] DEBUG c.a.c.n.s.m.T.findGwasOrgidByTaxonId - ==> Parameters: 4577(Integer)
2022-02-16 11:24:20.047 [http-nio-9401-exec-1] DEBUG c.a.c.n.s.m.T.findGwasOrgidByTaxonId - <==      Total: 1
2022-02-16 11:24:20.048 [http-nio-9401-exec-1] DEBUG c.a.c.n.s.m.Ortho9031Mapper.findOrthByTaxonAndGene - ==>  Preparing: select c.taxon1,c.uniprot_id1,c.taxon2,c.uniprot_id2,c.db_evidence,c.from_db from gene_basic_info a inner join ortholog_id_mapping b on a.ensembl_gene_id=b.ensembl_gene_id inner join ortholog_all c on b.uniprot_id=c.uniprot_id1 where a.gwas_gene_id=? and c.taxon1=? 
2022-02-16 11:24:20.049 [http-nio-9401-exec-1] DEBUG c.a.c.n.s.m.Ortho9031Mapper.findOrthByTaxonAndGene - ==> Parameters: Zm00001d017704(String), 4577(Integer)
2022-02-16 11:24:20.071 [http-nio-9401-exec-1] DEBUG c.a.c.n.s.m.Ortho9031Mapper.findOrthByTaxonAndGene - <==      Total: 0
2022-02-16 11:24:20.072 [http-nio-9401-exec-1] DEBUG c.a.c.n.s.m.T.findGwasOrgidByTaxonId - ==>  Preparing: select gwas_orgid from species where taxon_id=? 
2022-02-16 11:24:20.073 [http-nio-9401-exec-1] DEBUG c.a.c.n.s.m.T.findGwasOrgidByTaxonId - ==> Parameters: 4577(Integer)
2022-02-16 11:24:20.076 [http-nio-9401-exec-1] DEBUG c.a.c.n.s.m.T.findGwasOrgidByTaxonId - <==      Total: 1
2022-02-16 11:24:20.077 [http-nio-9401-exec-1] DEBUG c.a.c.n.s.m.Ortho9031Mapper.findOrthByTaxonAndGene - ==>  Preparing: select c.taxon1,c.uniprot_id1,c.taxon2,c.uniprot_id2,c.db_evidence,c.from_db from gene_basic_info a inner join ortholog_id_mapping b on a.ensembl_gene_id=b.ensembl_gene_id inner join ortholog_all c on b.uniprot_id=c.uniprot_id1 where a.gwas_gene_id=? and c.taxon1=? 
2022-02-16 11:24:20.078 [http-nio-9401-exec-1] DEBUG c.a.c.n.s.m.Ortho9031Mapper.findOrthByTaxonAndGene - ==> Parameters: Zm00001d034163(String), 4577(Integer)
2022-02-16 11:24:20.082 [http-nio-9401-exec-1] DEBUG c.a.c.n.s.m.Ortho9031Mapper.findOrthByTaxonAndGene - <==      Total: 0
2022-02-16 11:24:20.083 [http-nio-9401-exec-1] DEBUG c.a.c.n.s.m.T.findGwasOrgidByTaxonId - ==>  Preparing: select gwas_orgid from species where taxon_id=? 
2022-02-16 11:24:20.084 [http-nio-9401-exec-1] DEBUG c.a.c.n.s.m.T.findGwasOrgidByTaxonId - ==> Parameters: 4577(Integer)
2022-02-16 11:24:20.088 [http-nio-9401-exec-1] DEBUG c.a.c.n.s.m.T.findGwasOrgidByTaxonId - <==      Total: 1
2022-02-16 11:24:20.089 [http-nio-9401-exec-1] DEBUG c.a.c.n.s.m.Ortho9031Mapper.findOrthByTaxonAndGene - ==>  Preparing: select c.taxon1,c.uniprot_id1,c.taxon2,c.uniprot_id2,c.db_evidence,c.from_db from gene_basic_info a inner join ortholog_id_mapping b on a.ensembl_gene_id=b.ensembl_gene_id inner join ortholog_all c on b.uniprot_id=c.uniprot_id1 where a.gwas_gene_id=? and c.taxon1=? 
2022-02-16 11:24:20.090 [http-nio-9401-exec-1] DEBUG c.a.c.n.s.m.Ortho9031Mapper.findOrthByTaxonAndGene - ==> Parameters: Zm00001d039618(String), 4577(Integer)
2022-02-16 11:24:20.097 [http-nio-9401-exec-1] DEBUG c.a.c.n.s.m.Ortho9031Mapper.findOrthByTaxonAndGene - <==      Total: 0
2022-02-16 11:24:20.098 [http-nio-9401-exec-1] DEBUG c.a.c.n.s.m.T.findGwasOrgidByTaxonId - ==>  Preparing: select gwas_orgid from species where taxon_id=? 
2022-02-16 11:24:20.098 [http-nio-9401-exec-1] DEBUG c.a.c.n.s.m.T.findGwasOrgidByTaxonId - ==> Parameters: 4577(Integer)
2022-02-16 11:24:20.109 [http-nio-9401-exec-1] DEBUG c.a.c.n.s.m.T.findGwasOrgidByTaxonId - <==      Total: 1
2022-02-16 11:24:20.111 [http-nio-9401-exec-1] DEBUG c.a.c.n.s.m.Ortho9031Mapper.findOrthByTaxonAndGene - ==>  Preparing: select c.taxon1,c.uniprot_id1,c.taxon2,c.uniprot_id2,c.db_evidence,c.from_db from gene_basic_info a inner join ortholog_id_mapping b on a.ensembl_gene_id=b.ensembl_gene_id inner join ortholog_all c on b.uniprot_id=c.uniprot_id1 where a.gwas_gene_id=? and c.taxon1=? 
2022-02-16 11:24:20.111 [http-nio-9401-exec-1] DEBUG c.a.c.n.s.m.Ortho9031Mapper.findOrthByTaxonAndGene - ==> Parameters: ENSRNA049474580(String), 4577(Integer)
2022-02-16 11:24:45.547 [http-nio-9401-exec-1] DEBUG c.a.c.n.s.m.Ortho9031Mapper.findOrthByTaxonAndGene - <==      Total: 0
2022-02-16 11:24:45.548 [http-nio-9401-exec-1] DEBUG c.a.c.n.s.m.T.findGwasOrgidByTaxonId - ==>  Preparing: select gwas_orgid from species where taxon_id=? 
2022-02-16 11:24:45.550 [http-nio-9401-exec-1] DEBUG c.a.c.n.s.m.T.findGwasOrgidByTaxonId - ==> Parameters: 4577(Integer)
2022-02-16 11:24:45.561 [http-nio-9401-exec-1] DEBUG c.a.c.n.s.m.T.findGwasOrgidByTaxonId - <==      Total: 1
2022-02-16 11:24:45.565 [http-nio-9401-exec-1] DEBUG c.a.c.n.s.m.Ortho9031Mapper.findOrthByTaxonAndGene - ==>  Preparing: select c.taxon1,c.uniprot_id1,c.taxon2,c.uniprot_id2,c.db_evidence,c.from_db from gene_basic_info a inner join ortholog_id_mapping b on a.ensembl_gene_id=b.ensembl_gene_id inner join ortholog_all c on b.uniprot_id=c.uniprot_id1 where a.gwas_gene_id=? and c.taxon1=? 
2022-02-16 11:24:45.566 [http-nio-9401-exec-1] DEBUG c.a.c.n.s.m.Ortho9031Mapper.findOrthByTaxonAndGene - ==> Parameters: Zm00001d017820(String), 4577(Integer)
2022-02-16 11:24:45.597 [http-nio-9401-exec-1] DEBUG c.a.c.n.s.m.Ortho9031Mapper.findOrthByTaxonAndGene - <==      Total: 0
2022-02-16 11:24:45.603 [http-nio-9401-exec-1] DEBUG c.a.c.n.s.m.T.findGwasOrgidByTaxonId - ==>  Preparing: select gwas_orgid from species where taxon_id=? 
2022-02-16 11:24:45.604 [http-nio-9401-exec-1] DEBUG c.a.c.n.s.m.T.findGwasOrgidByTaxonId - ==> Parameters: 4577(Integer)
2022-02-16 11:24:45.609 [http-nio-9401-exec-1] DEBUG c.a.c.n.s.m.T.findGwasOrgidByTaxonId - <==      Total: 1
2022-02-16 11:24:45.612 [http-nio-9401-exec-1] DEBUG c.a.c.n.s.m.Ortho9031Mapper.findOrthByTaxonAndGene - ==>  Preparing: select c.taxon1,c.uniprot_id1,c.taxon2,c.uniprot_id2,c.db_evidence,c.from_db from gene_basic_info a inner join ortholog_id_mapping b on a.ensembl_gene_id=b.ensembl_gene_id inner join ortholog_all c on b.uniprot_id=c.uniprot_id1 where a.gwas_gene_id=? and c.taxon1=? 
2022-02-16 11:24:45.614 [http-nio-9401-exec-1] DEBUG c.a.c.n.s.m.Ortho9031Mapper.findOrthByTaxonAndGene - ==> Parameters: Zm00001d014796(String), 4577(Integer)
2022-02-16 11:24:45.619 [http-nio-9401-exec-1] DEBUG c.a.c.n.s.m.Ortho9031Mapper.findOrthByTaxonAndGene - <==      Total: 0
2022-02-16 11:24:45.621 [http-nio-9401-exec-1] DEBUG c.a.c.n.s.m.T.findGwasOrgidByTaxonId - ==>  Preparing: select gwas_orgid from species where taxon_id=? 
2022-02-16 11:24:45.622 [http-nio-9401-exec-1] DEBUG c.a.c.n.s.m.T.findGwasOrgidByTaxonId - ==> Parameters: 4577(Integer)
2022-02-16 11:24:45.633 [http-nio-9401-exec-1] DEBUG c.a.c.n.s.m.T.findGwasOrgidByTaxonId - <==      Total: 1
2022-02-16 11:24:45.637 [http-nio-9401-exec-1] DEBUG c.a.c.n.s.m.Ortho9031Mapper.findOrthByTaxonAndGene - ==>  Preparing: select c.taxon1,c.uniprot_id1,c.taxon2,c.uniprot_id2,c.db_evidence,c.from_db from gene_basic_info a inner join ortholog_id_mapping b on a.ensembl_gene_id=b.ensembl_gene_id inner join ortholog_all c on b.uniprot_id=c.uniprot_id1 where a.gwas_gene_id=? and c.taxon1=? 
2022-02-16 11:24:45.639 [http-nio-9401-exec-1] DEBUG c.a.c.n.s.m.Ortho9031Mapper.findOrthByTaxonAndGene - ==> Parameters: Zm00001d014674(String), 4577(Integer)
2022-02-16 11:24:45.692 [http-nio-9401-exec-1] DEBUG c.a.c.n.s.m.Ortho9031Mapper.findOrthByTaxonAndGene - <==      Total: 0
2022-02-16 11:24:45.696 [http-nio-9401-exec-1] DEBUG c.a.c.n.s.m.T.findGwasOrgidByTaxonId - ==>  Preparing: select gwas_orgid from species where taxon_id=? 
2022-02-16 11:24:45.698 [http-nio-9401-exec-1] DEBUG c.a.c.n.s.m.T.findGwasOrgidByTaxonId - ==> Parameters: 4577(Integer)
2022-02-16 11:24:45.715 [http-nio-9401-exec-1] DEBUG c.a.c.n.s.m.T.findGwasOrgidByTaxonId - <==      Total: 1
2022-02-16 16:21:51.655 [restartedMain] INFO  cn.ac.cncb.ngdc.syndb.SyndbApplication - Starting SyndbApplication using Java 1.8.0_211 on LAPTOP-1VEOTUUA with PID 4732 (F:\syndb\target\classes started by 光亚 in F:\syndb)
2022-02-16 16:21:51.671 [restartedMain] INFO  cn.ac.cncb.ngdc.syndb.SyndbApplication - No active profile set, falling back to default profiles: default
2022-02-16 16:21:54.595 [restartedMain] INFO  cn.ac.cncb.ngdc.syndb.SyndbApplication - Started SyndbApplication in 3.673 seconds (JVM running for 5.973)
