2022-02-15 09:24:41.142 [restartedMain] INFO  cn.ac.cncb.ngdc.syndb.SyndbApplication - Starting SyndbApplication using Java 1.8.0_211 on LAPTOP-1VEOTUUA with PID 23124 (F:\syndb\target\classes started by 光亚 in F:\syndb)
2022-02-15 09:24:41.142 [restartedMain] INFO  cn.ac.cncb.ngdc.syndb.SyndbApplication - No active profile set, falling back to default profiles: default
2022-02-15 09:24:44.107 [restartedMain] INFO  cn.ac.cncb.ngdc.syndb.SyndbApplication - Started SyndbApplication in 3.853 seconds (JVM running for 6.595)
2022-02-15 09:59:24.589 [http-nio-9401-exec-1] DEBUG c.a.c.n.s.m.trait2gwasMapper.biomedicalTrait_COUNT - ==>  Preparing: SELECT count(0) FROM trait_all 
2022-02-15 09:59:24.855 [http-nio-9401-exec-1] DEBUG c.a.c.n.s.m.trait2gwasMapper.biomedicalTrait_COUNT - ==> Parameters: 
2022-02-15 09:59:25.044 [http-nio-9401-exec-1] DEBUG c.a.c.n.s.m.trait2gwasMapper.biomedicalTrait_COUNT - <==      Total: 1
2022-02-15 09:59:25.110 [http-nio-9401-exec-1] DEBUG c.a.c.n.s.mapper.trait2gwasMapper.biomedicalTrait - ==>  Preparing: select * from trait_all LIMIT ? 
2022-02-15 09:59:25.110 [http-nio-9401-exec-1] DEBUG c.a.c.n.s.mapper.trait2gwasMapper.biomedicalTrait - ==> Parameters: 10(Integer)
2022-02-15 09:59:25.142 [http-nio-9401-exec-1] DEBUG c.a.c.n.s.mapper.trait2gwasMapper.biomedicalTrait - <==      Total: 10
2022-02-15 09:59:25.157 [http-nio-9401-exec-1] DEBUG c.a.c.n.s.m.Ortho9031Mapper.findOrthByTaxonAndGene - ==>  Preparing: select c.taxon1,c.uniprot_id1,c.taxon2,c.uniprot_id2,c.db_evidence,c.from_db from gene_basic_info a inner join ortholog_id_mapping b on a.ensembl_gene_id=b.ensembl_gene_id inner join ortholog_all c on b.uniprot_id=c.uniprot_id1 where a.gwas_gene_id=? and c.taxon1=? 
2022-02-15 09:59:25.157 [http-nio-9401-exec-1] DEBUG c.a.c.n.s.m.Ortho9031Mapper.findOrthByTaxonAndGene - ==> Parameters: CotAD_32480(String), 3635(Integer)
2022-02-15 09:59:25.157 [http-nio-9401-exec-1] DEBUG c.a.c.n.s.m.Ortho9031Mapper.findOrthByTaxonAndGene - <==      Total: 0
2022-02-15 09:59:25.157 [http-nio-9401-exec-1] DEBUG c.a.c.n.s.m.t.findGwasOrgidByTaxonId - ==>  Preparing: select gwas_orgid from species where taxon_id=? 
2022-02-15 09:59:25.157 [http-nio-9401-exec-1] DEBUG c.a.c.n.s.m.t.findGwasOrgidByTaxonId - ==> Parameters: 3635(Integer)
2022-02-15 09:59:25.173 [http-nio-9401-exec-1] DEBUG c.a.c.n.s.m.t.findGwasOrgidByTaxonId - <==      Total: 1
2022-02-15 09:59:25.173 [http-nio-9401-exec-1] DEBUG c.a.c.n.s.m.Ortho9031Mapper.findOrthByTaxonAndGene - ==>  Preparing: select c.taxon1,c.uniprot_id1,c.taxon2,c.uniprot_id2,c.db_evidence,c.from_db from gene_basic_info a inner join ortholog_id_mapping b on a.ensembl_gene_id=b.ensembl_gene_id inner join ortholog_all c on b.uniprot_id=c.uniprot_id1 where a.gwas_gene_id=? and c.taxon1=? 
2022-02-15 09:59:25.173 [http-nio-9401-exec-1] DEBUG c.a.c.n.s.m.Ortho9031Mapper.findOrthByTaxonAndGene - ==> Parameters: CotAD_32479(String), 3635(Integer)
2022-02-15 09:59:25.189 [http-nio-9401-exec-1] DEBUG c.a.c.n.s.m.Ortho9031Mapper.findOrthByTaxonAndGene - <==      Total: 0
2022-02-15 09:59:25.189 [http-nio-9401-exec-1] DEBUG c.a.c.n.s.m.t.findGwasOrgidByTaxonId - ==>  Preparing: select gwas_orgid from species where taxon_id=? 
2022-02-15 09:59:25.189 [http-nio-9401-exec-1] DEBUG c.a.c.n.s.m.t.findGwasOrgidByTaxonId - ==> Parameters: 3635(Integer)
2022-02-15 09:59:25.189 [http-nio-9401-exec-1] DEBUG c.a.c.n.s.m.t.findGwasOrgidByTaxonId - <==      Total: 1
2022-02-15 09:59:25.189 [http-nio-9401-exec-1] DEBUG c.a.c.n.s.m.Ortho9031Mapper.findOrthByTaxonAndGene - ==>  Preparing: select c.taxon1,c.uniprot_id1,c.taxon2,c.uniprot_id2,c.db_evidence,c.from_db from gene_basic_info a inner join ortholog_id_mapping b on a.ensembl_gene_id=b.ensembl_gene_id inner join ortholog_all c on b.uniprot_id=c.uniprot_id1 where a.gwas_gene_id=? and c.taxon1=? 
2022-02-15 09:59:25.189 [http-nio-9401-exec-1] DEBUG c.a.c.n.s.m.Ortho9031Mapper.findOrthByTaxonAndGene - ==> Parameters: Zm00001d017703(String), 4577(Integer)
2022-02-15 09:59:25.205 [http-nio-9401-exec-1] DEBUG c.a.c.n.s.m.Ortho9031Mapper.findOrthByTaxonAndGene - <==      Total: 0
2022-02-15 09:59:25.236 [http-nio-9401-exec-1] DEBUG c.a.c.n.s.m.t.findGwasOrgidByTaxonId - ==>  Preparing: select gwas_orgid from species where taxon_id=? 
2022-02-15 09:59:25.236 [http-nio-9401-exec-1] DEBUG c.a.c.n.s.m.t.findGwasOrgidByTaxonId - ==> Parameters: 4577(Integer)
2022-02-15 09:59:25.236 [http-nio-9401-exec-1] DEBUG c.a.c.n.s.m.t.findGwasOrgidByTaxonId - <==      Total: 1
2022-02-15 09:59:25.236 [http-nio-9401-exec-1] DEBUG c.a.c.n.s.m.Ortho9031Mapper.findOrthByTaxonAndGene - ==>  Preparing: select c.taxon1,c.uniprot_id1,c.taxon2,c.uniprot_id2,c.db_evidence,c.from_db from gene_basic_info a inner join ortholog_id_mapping b on a.ensembl_gene_id=b.ensembl_gene_id inner join ortholog_all c on b.uniprot_id=c.uniprot_id1 where a.gwas_gene_id=? and c.taxon1=? 
2022-02-15 09:59:25.236 [http-nio-9401-exec-1] DEBUG c.a.c.n.s.m.Ortho9031Mapper.findOrthByTaxonAndGene - ==> Parameters: Zm00001d017704(String), 4577(Integer)
2022-02-15 09:59:25.256 [http-nio-9401-exec-1] DEBUG c.a.c.n.s.m.Ortho9031Mapper.findOrthByTaxonAndGene - <==      Total: 0
2022-02-15 09:59:25.256 [http-nio-9401-exec-1] DEBUG c.a.c.n.s.m.t.findGwasOrgidByTaxonId - ==>  Preparing: select gwas_orgid from species where taxon_id=? 
2022-02-15 09:59:25.256 [http-nio-9401-exec-1] DEBUG c.a.c.n.s.m.t.findGwasOrgidByTaxonId - ==> Parameters: 4577(Integer)
2022-02-15 09:59:25.256 [http-nio-9401-exec-1] DEBUG c.a.c.n.s.m.t.findGwasOrgidByTaxonId - <==      Total: 1
2022-02-15 09:59:25.267 [http-nio-9401-exec-1] DEBUG c.a.c.n.s.m.Ortho9031Mapper.findOrthByTaxonAndGene - ==>  Preparing: select c.taxon1,c.uniprot_id1,c.taxon2,c.uniprot_id2,c.db_evidence,c.from_db from gene_basic_info a inner join ortholog_id_mapping b on a.ensembl_gene_id=b.ensembl_gene_id inner join ortholog_all c on b.uniprot_id=c.uniprot_id1 where a.gwas_gene_id=? and c.taxon1=? 
2022-02-15 09:59:25.267 [http-nio-9401-exec-1] DEBUG c.a.c.n.s.m.Ortho9031Mapper.findOrthByTaxonAndGene - ==> Parameters: Zm00001d034163(String), 4577(Integer)
2022-02-15 09:59:25.273 [http-nio-9401-exec-1] DEBUG c.a.c.n.s.m.Ortho9031Mapper.findOrthByTaxonAndGene - <==      Total: 0
2022-02-15 09:59:25.273 [http-nio-9401-exec-1] DEBUG c.a.c.n.s.m.t.findGwasOrgidByTaxonId - ==>  Preparing: select gwas_orgid from species where taxon_id=? 
2022-02-15 09:59:25.273 [http-nio-9401-exec-1] DEBUG c.a.c.n.s.m.t.findGwasOrgidByTaxonId - ==> Parameters: 4577(Integer)
2022-02-15 09:59:25.273 [http-nio-9401-exec-1] DEBUG c.a.c.n.s.m.t.findGwasOrgidByTaxonId - <==      Total: 1
2022-02-15 09:59:25.283 [http-nio-9401-exec-1] DEBUG c.a.c.n.s.m.Ortho9031Mapper.findOrthByTaxonAndGene - ==>  Preparing: select c.taxon1,c.uniprot_id1,c.taxon2,c.uniprot_id2,c.db_evidence,c.from_db from gene_basic_info a inner join ortholog_id_mapping b on a.ensembl_gene_id=b.ensembl_gene_id inner join ortholog_all c on b.uniprot_id=c.uniprot_id1 where a.gwas_gene_id=? and c.taxon1=? 
2022-02-15 09:59:25.283 [http-nio-9401-exec-1] DEBUG c.a.c.n.s.m.Ortho9031Mapper.findOrthByTaxonAndGene - ==> Parameters: Zm00001d039618(String), 4577(Integer)
2022-02-15 09:59:25.283 [http-nio-9401-exec-1] DEBUG c.a.c.n.s.m.Ortho9031Mapper.findOrthByTaxonAndGene - <==      Total: 0
2022-02-15 09:59:25.283 [http-nio-9401-exec-1] DEBUG c.a.c.n.s.m.t.findGwasOrgidByTaxonId - ==>  Preparing: select gwas_orgid from species where taxon_id=? 
2022-02-15 09:59:25.283 [http-nio-9401-exec-1] DEBUG c.a.c.n.s.m.t.findGwasOrgidByTaxonId - ==> Parameters: 4577(Integer)
2022-02-15 09:59:25.299 [http-nio-9401-exec-1] DEBUG c.a.c.n.s.m.t.findGwasOrgidByTaxonId - <==      Total: 1
2022-02-15 09:59:25.299 [http-nio-9401-exec-1] DEBUG c.a.c.n.s.m.Ortho9031Mapper.findOrthByTaxonAndGene - ==>  Preparing: select c.taxon1,c.uniprot_id1,c.taxon2,c.uniprot_id2,c.db_evidence,c.from_db from gene_basic_info a inner join ortholog_id_mapping b on a.ensembl_gene_id=b.ensembl_gene_id inner join ortholog_all c on b.uniprot_id=c.uniprot_id1 where a.gwas_gene_id=? and c.taxon1=? 
2022-02-15 09:59:25.299 [http-nio-9401-exec-1] DEBUG c.a.c.n.s.m.Ortho9031Mapper.findOrthByTaxonAndGene - ==> Parameters: ENSRNA049474580(String), 4577(Integer)
2022-02-15 09:59:25.299 [http-nio-9401-exec-1] DEBUG c.a.c.n.s.m.Ortho9031Mapper.findOrthByTaxonAndGene - <==      Total: 0
2022-02-15 09:59:25.315 [http-nio-9401-exec-1] DEBUG c.a.c.n.s.m.t.findGwasOrgidByTaxonId - ==>  Preparing: select gwas_orgid from species where taxon_id=? 
2022-02-15 09:59:25.315 [http-nio-9401-exec-1] DEBUG c.a.c.n.s.m.t.findGwasOrgidByTaxonId - ==> Parameters: 4577(Integer)
2022-02-15 09:59:25.315 [http-nio-9401-exec-1] DEBUG c.a.c.n.s.m.t.findGwasOrgidByTaxonId - <==      Total: 1
2022-02-15 09:59:25.330 [http-nio-9401-exec-1] DEBUG c.a.c.n.s.m.Ortho9031Mapper.findOrthByTaxonAndGene - ==>  Preparing: select c.taxon1,c.uniprot_id1,c.taxon2,c.uniprot_id2,c.db_evidence,c.from_db from gene_basic_info a inner join ortholog_id_mapping b on a.ensembl_gene_id=b.ensembl_gene_id inner join ortholog_all c on b.uniprot_id=c.uniprot_id1 where a.gwas_gene_id=? and c.taxon1=? 
2022-02-15 09:59:25.330 [http-nio-9401-exec-1] DEBUG c.a.c.n.s.m.Ortho9031Mapper.findOrthByTaxonAndGene - ==> Parameters: Zm00001d017820(String), 4577(Integer)
2022-02-15 09:59:25.330 [http-nio-9401-exec-1] DEBUG c.a.c.n.s.m.Ortho9031Mapper.findOrthByTaxonAndGene - <==      Total: 0
2022-02-15 09:59:25.330 [http-nio-9401-exec-1] DEBUG c.a.c.n.s.m.t.findGwasOrgidByTaxonId - ==>  Preparing: select gwas_orgid from species where taxon_id=? 
2022-02-15 09:59:25.330 [http-nio-9401-exec-1] DEBUG c.a.c.n.s.m.t.findGwasOrgidByTaxonId - ==> Parameters: 4577(Integer)
2022-02-15 09:59:25.346 [http-nio-9401-exec-1] DEBUG c.a.c.n.s.m.t.findGwasOrgidByTaxonId - <==      Total: 1
2022-02-15 09:59:25.346 [http-nio-9401-exec-1] DEBUG c.a.c.n.s.m.Ortho9031Mapper.findOrthByTaxonAndGene - ==>  Preparing: select c.taxon1,c.uniprot_id1,c.taxon2,c.uniprot_id2,c.db_evidence,c.from_db from gene_basic_info a inner join ortholog_id_mapping b on a.ensembl_gene_id=b.ensembl_gene_id inner join ortholog_all c on b.uniprot_id=c.uniprot_id1 where a.gwas_gene_id=? and c.taxon1=? 
2022-02-15 09:59:25.346 [http-nio-9401-exec-1] DEBUG c.a.c.n.s.m.Ortho9031Mapper.findOrthByTaxonAndGene - ==> Parameters: Zm00001d014796(String), 4577(Integer)
2022-02-15 09:59:25.346 [http-nio-9401-exec-1] DEBUG c.a.c.n.s.m.Ortho9031Mapper.findOrthByTaxonAndGene - <==      Total: 0
2022-02-15 09:59:25.346 [http-nio-9401-exec-1] DEBUG c.a.c.n.s.m.t.findGwasOrgidByTaxonId - ==>  Preparing: select gwas_orgid from species where taxon_id=? 
2022-02-15 09:59:25.361 [http-nio-9401-exec-1] DEBUG c.a.c.n.s.m.t.findGwasOrgidByTaxonId - ==> Parameters: 4577(Integer)
2022-02-15 09:59:25.361 [http-nio-9401-exec-1] DEBUG c.a.c.n.s.m.t.findGwasOrgidByTaxonId - <==      Total: 1
2022-02-15 09:59:25.361 [http-nio-9401-exec-1] DEBUG c.a.c.n.s.m.Ortho9031Mapper.findOrthByTaxonAndGene - ==>  Preparing: select c.taxon1,c.uniprot_id1,c.taxon2,c.uniprot_id2,c.db_evidence,c.from_db from gene_basic_info a inner join ortholog_id_mapping b on a.ensembl_gene_id=b.ensembl_gene_id inner join ortholog_all c on b.uniprot_id=c.uniprot_id1 where a.gwas_gene_id=? and c.taxon1=? 
2022-02-15 09:59:25.361 [http-nio-9401-exec-1] DEBUG c.a.c.n.s.m.Ortho9031Mapper.findOrthByTaxonAndGene - ==> Parameters: Zm00001d014674(String), 4577(Integer)
2022-02-15 09:59:25.374 [http-nio-9401-exec-1] DEBUG c.a.c.n.s.m.Ortho9031Mapper.findOrthByTaxonAndGene - <==      Total: 0
2022-02-15 09:59:25.377 [http-nio-9401-exec-1] DEBUG c.a.c.n.s.m.t.findGwasOrgidByTaxonId - ==>  Preparing: select gwas_orgid from species where taxon_id=? 
2022-02-15 09:59:25.378 [http-nio-9401-exec-1] DEBUG c.a.c.n.s.m.t.findGwasOrgidByTaxonId - ==> Parameters: 4577(Integer)
2022-02-15 09:59:25.393 [http-nio-9401-exec-1] DEBUG c.a.c.n.s.m.t.findGwasOrgidByTaxonId - <==      Total: 1
2022-02-15 10:02:21.523 [http-nio-9401-exec-3] DEBUG c.a.c.n.s.m.trait2gwasMapper.biomedicalTrait_COUNT - ==>  Preparing: SELECT count(0) FROM trait_all 
2022-02-15 10:02:21.524 [http-nio-9401-exec-3] DEBUG c.a.c.n.s.m.trait2gwasMapper.biomedicalTrait_COUNT - ==> Parameters: 
2022-02-15 10:02:21.540 [http-nio-9401-exec-3] DEBUG c.a.c.n.s.m.trait2gwasMapper.biomedicalTrait_COUNT - <==      Total: 1
2022-02-15 10:02:21.543 [http-nio-9401-exec-3] DEBUG c.a.c.n.s.mapper.trait2gwasMapper.biomedicalTrait - ==>  Preparing: select * from trait_all LIMIT ? 
2022-02-15 10:02:21.544 [http-nio-9401-exec-3] DEBUG c.a.c.n.s.mapper.trait2gwasMapper.biomedicalTrait - ==> Parameters: 10(Integer)
2022-02-15 10:02:21.565 [http-nio-9401-exec-3] DEBUG c.a.c.n.s.mapper.trait2gwasMapper.biomedicalTrait - <==      Total: 10
2022-02-15 10:02:21.567 [http-nio-9401-exec-3] DEBUG c.a.c.n.s.m.Ortho9031Mapper.findOrthByTaxonAndGene - ==>  Preparing: select c.taxon1,c.uniprot_id1,c.taxon2,c.uniprot_id2,c.db_evidence,c.from_db from gene_basic_info a inner join ortholog_id_mapping b on a.ensembl_gene_id=b.ensembl_gene_id inner join ortholog_all c on b.uniprot_id=c.uniprot_id1 where a.gwas_gene_id=? and c.taxon1=? 
2022-02-15 10:02:21.567 [http-nio-9401-exec-3] DEBUG c.a.c.n.s.m.Ortho9031Mapper.findOrthByTaxonAndGene - ==> Parameters: CotAD_32480(String), 3635(Integer)
2022-02-15 10:02:21.571 [http-nio-9401-exec-3] DEBUG c.a.c.n.s.m.Ortho9031Mapper.findOrthByTaxonAndGene - <==      Total: 0
2022-02-15 10:02:21.572 [http-nio-9401-exec-3] DEBUG c.a.c.n.s.m.t.findGwasOrgidByTaxonId - ==>  Preparing: select gwas_orgid from species where taxon_id=? 
2022-02-15 10:02:21.573 [http-nio-9401-exec-3] DEBUG c.a.c.n.s.m.t.findGwasOrgidByTaxonId - ==> Parameters: 3635(Integer)
2022-02-15 10:02:21.577 [http-nio-9401-exec-3] DEBUG c.a.c.n.s.m.t.findGwasOrgidByTaxonId - <==      Total: 1
2022-02-15 10:02:21.579 [http-nio-9401-exec-3] DEBUG c.a.c.n.s.m.Ortho9031Mapper.findOrthByTaxonAndGene - ==>  Preparing: select c.taxon1,c.uniprot_id1,c.taxon2,c.uniprot_id2,c.db_evidence,c.from_db from gene_basic_info a inner join ortholog_id_mapping b on a.ensembl_gene_id=b.ensembl_gene_id inner join ortholog_all c on b.uniprot_id=c.uniprot_id1 where a.gwas_gene_id=? and c.taxon1=? 
2022-02-15 10:02:21.581 [http-nio-9401-exec-3] DEBUG c.a.c.n.s.m.Ortho9031Mapper.findOrthByTaxonAndGene - ==> Parameters: CotAD_32479(String), 3635(Integer)
2022-02-15 10:02:21.584 [http-nio-9401-exec-3] DEBUG c.a.c.n.s.m.Ortho9031Mapper.findOrthByTaxonAndGene - <==      Total: 0
2022-02-15 10:02:21.585 [http-nio-9401-exec-3] DEBUG c.a.c.n.s.m.t.findGwasOrgidByTaxonId - ==>  Preparing: select gwas_orgid from species where taxon_id=? 
2022-02-15 10:02:21.585 [http-nio-9401-exec-3] DEBUG c.a.c.n.s.m.t.findGwasOrgidByTaxonId - ==> Parameters: 3635(Integer)
2022-02-15 10:02:21.587 [http-nio-9401-exec-3] DEBUG c.a.c.n.s.m.t.findGwasOrgidByTaxonId - <==      Total: 1
2022-02-15 10:02:21.587 [http-nio-9401-exec-3] DEBUG c.a.c.n.s.m.Ortho9031Mapper.findOrthByTaxonAndGene - ==>  Preparing: select c.taxon1,c.uniprot_id1,c.taxon2,c.uniprot_id2,c.db_evidence,c.from_db from gene_basic_info a inner join ortholog_id_mapping b on a.ensembl_gene_id=b.ensembl_gene_id inner join ortholog_all c on b.uniprot_id=c.uniprot_id1 where a.gwas_gene_id=? and c.taxon1=? 
2022-02-15 10:02:21.587 [http-nio-9401-exec-3] DEBUG c.a.c.n.s.m.Ortho9031Mapper.findOrthByTaxonAndGene - ==> Parameters: Zm00001d017703(String), 4577(Integer)
2022-02-15 10:02:21.593 [http-nio-9401-exec-3] DEBUG c.a.c.n.s.m.Ortho9031Mapper.findOrthByTaxonAndGene - <==      Total: 0
2022-02-15 10:02:21.593 [http-nio-9401-exec-3] DEBUG c.a.c.n.s.m.t.findGwasOrgidByTaxonId - ==>  Preparing: select gwas_orgid from species where taxon_id=? 
2022-02-15 10:02:21.594 [http-nio-9401-exec-3] DEBUG c.a.c.n.s.m.t.findGwasOrgidByTaxonId - ==> Parameters: 4577(Integer)
2022-02-15 10:02:21.596 [http-nio-9401-exec-3] DEBUG c.a.c.n.s.m.t.findGwasOrgidByTaxonId - <==      Total: 1
2022-02-15 10:02:21.597 [http-nio-9401-exec-3] DEBUG c.a.c.n.s.m.Ortho9031Mapper.findOrthByTaxonAndGene - ==>  Preparing: select c.taxon1,c.uniprot_id1,c.taxon2,c.uniprot_id2,c.db_evidence,c.from_db from gene_basic_info a inner join ortholog_id_mapping b on a.ensembl_gene_id=b.ensembl_gene_id inner join ortholog_all c on b.uniprot_id=c.uniprot_id1 where a.gwas_gene_id=? and c.taxon1=? 
2022-02-15 10:02:21.630 [http-nio-9401-exec-3] DEBUG c.a.c.n.s.m.Ortho9031Mapper.findOrthByTaxonAndGene - ==> Parameters: Zm00001d017704(String), 4577(Integer)
2022-02-15 10:02:21.634 [http-nio-9401-exec-3] DEBUG c.a.c.n.s.m.Ortho9031Mapper.findOrthByTaxonAndGene - <==      Total: 0
2022-02-15 10:02:21.635 [http-nio-9401-exec-3] DEBUG c.a.c.n.s.m.t.findGwasOrgidByTaxonId - ==>  Preparing: select gwas_orgid from species where taxon_id=? 
2022-02-15 10:02:21.635 [http-nio-9401-exec-3] DEBUG c.a.c.n.s.m.t.findGwasOrgidByTaxonId - ==> Parameters: 4577(Integer)
2022-02-15 10:02:21.636 [http-nio-9401-exec-3] DEBUG c.a.c.n.s.m.t.findGwasOrgidByTaxonId - <==      Total: 1
2022-02-15 10:02:21.636 [http-nio-9401-exec-3] DEBUG c.a.c.n.s.m.Ortho9031Mapper.findOrthByTaxonAndGene - ==>  Preparing: select c.taxon1,c.uniprot_id1,c.taxon2,c.uniprot_id2,c.db_evidence,c.from_db from gene_basic_info a inner join ortholog_id_mapping b on a.ensembl_gene_id=b.ensembl_gene_id inner join ortholog_all c on b.uniprot_id=c.uniprot_id1 where a.gwas_gene_id=? and c.taxon1=? 
2022-02-15 10:02:21.636 [http-nio-9401-exec-3] DEBUG c.a.c.n.s.m.Ortho9031Mapper.findOrthByTaxonAndGene - ==> Parameters: Zm00001d034163(String), 4577(Integer)
2022-02-15 10:02:21.642 [http-nio-9401-exec-3] DEBUG c.a.c.n.s.m.Ortho9031Mapper.findOrthByTaxonAndGene - <==      Total: 0
2022-02-15 10:02:21.643 [http-nio-9401-exec-3] DEBUG c.a.c.n.s.m.t.findGwasOrgidByTaxonId - ==>  Preparing: select gwas_orgid from species where taxon_id=? 
2022-02-15 10:02:21.644 [http-nio-9401-exec-3] DEBUG c.a.c.n.s.m.t.findGwasOrgidByTaxonId - ==> Parameters: 4577(Integer)
2022-02-15 10:02:21.647 [http-nio-9401-exec-3] DEBUG c.a.c.n.s.m.t.findGwasOrgidByTaxonId - <==      Total: 1
2022-02-15 10:02:21.648 [http-nio-9401-exec-3] DEBUG c.a.c.n.s.m.Ortho9031Mapper.findOrthByTaxonAndGene - ==>  Preparing: select c.taxon1,c.uniprot_id1,c.taxon2,c.uniprot_id2,c.db_evidence,c.from_db from gene_basic_info a inner join ortholog_id_mapping b on a.ensembl_gene_id=b.ensembl_gene_id inner join ortholog_all c on b.uniprot_id=c.uniprot_id1 where a.gwas_gene_id=? and c.taxon1=? 
2022-02-15 10:02:21.650 [http-nio-9401-exec-3] DEBUG c.a.c.n.s.m.Ortho9031Mapper.findOrthByTaxonAndGene - ==> Parameters: Zm00001d039618(String), 4577(Integer)
2022-02-15 10:02:21.652 [http-nio-9401-exec-3] DEBUG c.a.c.n.s.m.Ortho9031Mapper.findOrthByTaxonAndGene - <==      Total: 0
2022-02-15 10:02:21.652 [http-nio-9401-exec-3] DEBUG c.a.c.n.s.m.t.findGwasOrgidByTaxonId - ==>  Preparing: select gwas_orgid from species where taxon_id=? 
2022-02-15 10:02:21.652 [http-nio-9401-exec-3] DEBUG c.a.c.n.s.m.t.findGwasOrgidByTaxonId - ==> Parameters: 4577(Integer)
2022-02-15 10:02:21.659 [http-nio-9401-exec-3] DEBUG c.a.c.n.s.m.t.findGwasOrgidByTaxonId - <==      Total: 1
2022-02-15 10:02:21.662 [http-nio-9401-exec-3] DEBUG c.a.c.n.s.m.Ortho9031Mapper.findOrthByTaxonAndGene - ==>  Preparing: select c.taxon1,c.uniprot_id1,c.taxon2,c.uniprot_id2,c.db_evidence,c.from_db from gene_basic_info a inner join ortholog_id_mapping b on a.ensembl_gene_id=b.ensembl_gene_id inner join ortholog_all c on b.uniprot_id=c.uniprot_id1 where a.gwas_gene_id=? and c.taxon1=? 
2022-02-15 10:02:21.664 [http-nio-9401-exec-3] DEBUG c.a.c.n.s.m.Ortho9031Mapper.findOrthByTaxonAndGene - ==> Parameters: ENSRNA049474580(String), 4577(Integer)
2022-02-15 10:02:21.668 [http-nio-9401-exec-3] DEBUG c.a.c.n.s.m.Ortho9031Mapper.findOrthByTaxonAndGene - <==      Total: 0
2022-02-15 10:02:21.670 [http-nio-9401-exec-3] DEBUG c.a.c.n.s.m.t.findGwasOrgidByTaxonId - ==>  Preparing: select gwas_orgid from species where taxon_id=? 
2022-02-15 10:02:21.670 [http-nio-9401-exec-3] DEBUG c.a.c.n.s.m.t.findGwasOrgidByTaxonId - ==> Parameters: 4577(Integer)
2022-02-15 10:02:21.675 [http-nio-9401-exec-3] DEBUG c.a.c.n.s.m.t.findGwasOrgidByTaxonId - <==      Total: 1
2022-02-15 10:02:21.678 [http-nio-9401-exec-3] DEBUG c.a.c.n.s.m.Ortho9031Mapper.findOrthByTaxonAndGene - ==>  Preparing: select c.taxon1,c.uniprot_id1,c.taxon2,c.uniprot_id2,c.db_evidence,c.from_db from gene_basic_info a inner join ortholog_id_mapping b on a.ensembl_gene_id=b.ensembl_gene_id inner join ortholog_all c on b.uniprot_id=c.uniprot_id1 where a.gwas_gene_id=? and c.taxon1=? 
2022-02-15 10:02:21.679 [http-nio-9401-exec-3] DEBUG c.a.c.n.s.m.Ortho9031Mapper.findOrthByTaxonAndGene - ==> Parameters: Zm00001d017820(String), 4577(Integer)
2022-02-15 10:02:21.683 [http-nio-9401-exec-3] DEBUG c.a.c.n.s.m.Ortho9031Mapper.findOrthByTaxonAndGene - <==      Total: 0
2022-02-15 10:02:21.685 [http-nio-9401-exec-3] DEBUG c.a.c.n.s.m.t.findGwasOrgidByTaxonId - ==>  Preparing: select gwas_orgid from species where taxon_id=? 
2022-02-15 10:02:21.686 [http-nio-9401-exec-3] DEBUG c.a.c.n.s.m.t.findGwasOrgidByTaxonId - ==> Parameters: 4577(Integer)
2022-02-15 10:02:21.686 [http-nio-9401-exec-3] DEBUG c.a.c.n.s.m.t.findGwasOrgidByTaxonId - <==      Total: 1
2022-02-15 10:02:21.692 [http-nio-9401-exec-3] DEBUG c.a.c.n.s.m.Ortho9031Mapper.findOrthByTaxonAndGene - ==>  Preparing: select c.taxon1,c.uniprot_id1,c.taxon2,c.uniprot_id2,c.db_evidence,c.from_db from gene_basic_info a inner join ortholog_id_mapping b on a.ensembl_gene_id=b.ensembl_gene_id inner join ortholog_all c on b.uniprot_id=c.uniprot_id1 where a.gwas_gene_id=? and c.taxon1=? 
2022-02-15 10:02:21.695 [http-nio-9401-exec-3] DEBUG c.a.c.n.s.m.Ortho9031Mapper.findOrthByTaxonAndGene - ==> Parameters: Zm00001d014796(String), 4577(Integer)
2022-02-15 10:02:21.699 [http-nio-9401-exec-3] DEBUG c.a.c.n.s.m.Ortho9031Mapper.findOrthByTaxonAndGene - <==      Total: 0
2022-02-15 10:02:21.700 [http-nio-9401-exec-3] DEBUG c.a.c.n.s.m.t.findGwasOrgidByTaxonId - ==>  Preparing: select gwas_orgid from species where taxon_id=? 
2022-02-15 10:02:21.701 [http-nio-9401-exec-3] DEBUG c.a.c.n.s.m.t.findGwasOrgidByTaxonId - ==> Parameters: 4577(Integer)
2022-02-15 10:02:21.703 [http-nio-9401-exec-3] DEBUG c.a.c.n.s.m.t.findGwasOrgidByTaxonId - <==      Total: 1
2022-02-15 10:02:21.709 [http-nio-9401-exec-3] DEBUG c.a.c.n.s.m.Ortho9031Mapper.findOrthByTaxonAndGene - ==>  Preparing: select c.taxon1,c.uniprot_id1,c.taxon2,c.uniprot_id2,c.db_evidence,c.from_db from gene_basic_info a inner join ortholog_id_mapping b on a.ensembl_gene_id=b.ensembl_gene_id inner join ortholog_all c on b.uniprot_id=c.uniprot_id1 where a.gwas_gene_id=? and c.taxon1=? 
2022-02-15 10:02:21.711 [http-nio-9401-exec-3] DEBUG c.a.c.n.s.m.Ortho9031Mapper.findOrthByTaxonAndGene - ==> Parameters: Zm00001d014674(String), 4577(Integer)
2022-02-15 10:02:21.716 [http-nio-9401-exec-3] DEBUG c.a.c.n.s.m.Ortho9031Mapper.findOrthByTaxonAndGene - <==      Total: 0
2022-02-15 10:02:21.718 [http-nio-9401-exec-3] DEBUG c.a.c.n.s.m.t.findGwasOrgidByTaxonId - ==>  Preparing: select gwas_orgid from species where taxon_id=? 
2022-02-15 10:02:21.719 [http-nio-9401-exec-3] DEBUG c.a.c.n.s.m.t.findGwasOrgidByTaxonId - ==> Parameters: 4577(Integer)
2022-02-15 10:02:21.720 [http-nio-9401-exec-3] DEBUG c.a.c.n.s.m.t.findGwasOrgidByTaxonId - <==      Total: 1
2022-02-15 10:02:32.397 [http-nio-9401-exec-5] DEBUG c.a.c.n.s.m.trait2gwasMapper.biomedicalTrait_COUNT - ==>  Preparing: SELECT count(0) FROM trait_all 
2022-02-15 10:02:32.397 [http-nio-9401-exec-5] DEBUG c.a.c.n.s.m.trait2gwasMapper.biomedicalTrait_COUNT - ==> Parameters: 
2022-02-15 10:02:32.398 [http-nio-9401-exec-5] DEBUG c.a.c.n.s.m.trait2gwasMapper.biomedicalTrait_COUNT - <==      Total: 1
2022-02-15 10:02:32.399 [http-nio-9401-exec-5] DEBUG c.a.c.n.s.mapper.trait2gwasMapper.biomedicalTrait - ==>  Preparing: select * from trait_all LIMIT ? 
2022-02-15 10:02:32.399 [http-nio-9401-exec-5] DEBUG c.a.c.n.s.mapper.trait2gwasMapper.biomedicalTrait - ==> Parameters: 10(Integer)
2022-02-15 10:02:32.408 [http-nio-9401-exec-5] DEBUG c.a.c.n.s.mapper.trait2gwasMapper.biomedicalTrait - <==      Total: 10
2022-02-15 10:02:32.409 [http-nio-9401-exec-5] DEBUG c.a.c.n.s.m.Ortho9031Mapper.findOrthByTaxonAndGene - ==>  Preparing: select c.taxon1,c.uniprot_id1,c.taxon2,c.uniprot_id2,c.db_evidence,c.from_db from gene_basic_info a inner join ortholog_id_mapping b on a.ensembl_gene_id=b.ensembl_gene_id inner join ortholog_all c on b.uniprot_id=c.uniprot_id1 where a.gwas_gene_id=? and c.taxon1=? 
2022-02-15 10:02:32.409 [http-nio-9401-exec-5] DEBUG c.a.c.n.s.m.Ortho9031Mapper.findOrthByTaxonAndGene - ==> Parameters: CotAD_32480(String), 3635(Integer)
2022-02-15 10:02:32.414 [http-nio-9401-exec-5] DEBUG c.a.c.n.s.m.Ortho9031Mapper.findOrthByTaxonAndGene - <==      Total: 0
2022-02-15 10:02:32.414 [http-nio-9401-exec-5] DEBUG c.a.c.n.s.m.t.findGwasOrgidByTaxonId - ==>  Preparing: select gwas_orgid from species where taxon_id=? 
2022-02-15 10:02:32.415 [http-nio-9401-exec-5] DEBUG c.a.c.n.s.m.t.findGwasOrgidByTaxonId - ==> Parameters: 3635(Integer)
2022-02-15 10:02:32.418 [http-nio-9401-exec-5] DEBUG c.a.c.n.s.m.t.findGwasOrgidByTaxonId - <==      Total: 1
2022-02-15 10:02:32.419 [http-nio-9401-exec-5] DEBUG c.a.c.n.s.m.Ortho9031Mapper.findOrthByTaxonAndGene - ==>  Preparing: select c.taxon1,c.uniprot_id1,c.taxon2,c.uniprot_id2,c.db_evidence,c.from_db from gene_basic_info a inner join ortholog_id_mapping b on a.ensembl_gene_id=b.ensembl_gene_id inner join ortholog_all c on b.uniprot_id=c.uniprot_id1 where a.gwas_gene_id=? and c.taxon1=? 
2022-02-15 10:02:32.419 [http-nio-9401-exec-5] DEBUG c.a.c.n.s.m.Ortho9031Mapper.findOrthByTaxonAndGene - ==> Parameters: CotAD_32479(String), 3635(Integer)
2022-02-15 10:02:32.422 [http-nio-9401-exec-5] DEBUG c.a.c.n.s.m.Ortho9031Mapper.findOrthByTaxonAndGene - <==      Total: 0
2022-02-15 10:02:32.423 [http-nio-9401-exec-5] DEBUG c.a.c.n.s.m.t.findGwasOrgidByTaxonId - ==>  Preparing: select gwas_orgid from species where taxon_id=? 
2022-02-15 10:02:32.423 [http-nio-9401-exec-5] DEBUG c.a.c.n.s.m.t.findGwasOrgidByTaxonId - ==> Parameters: 3635(Integer)
2022-02-15 10:02:32.425 [http-nio-9401-exec-5] DEBUG c.a.c.n.s.m.t.findGwasOrgidByTaxonId - <==      Total: 1
2022-02-15 10:02:32.427 [http-nio-9401-exec-5] DEBUG c.a.c.n.s.m.Ortho9031Mapper.findOrthByTaxonAndGene - ==>  Preparing: select c.taxon1,c.uniprot_id1,c.taxon2,c.uniprot_id2,c.db_evidence,c.from_db from gene_basic_info a inner join ortholog_id_mapping b on a.ensembl_gene_id=b.ensembl_gene_id inner join ortholog_all c on b.uniprot_id=c.uniprot_id1 where a.gwas_gene_id=? and c.taxon1=? 
2022-02-15 10:02:32.427 [http-nio-9401-exec-5] DEBUG c.a.c.n.s.m.Ortho9031Mapper.findOrthByTaxonAndGene - ==> Parameters: Zm00001d017703(String), 4577(Integer)
2022-02-15 10:02:32.429 [http-nio-9401-exec-5] DEBUG c.a.c.n.s.m.Ortho9031Mapper.findOrthByTaxonAndGene - <==      Total: 0
2022-02-15 10:02:32.430 [http-nio-9401-exec-5] DEBUG c.a.c.n.s.m.t.findGwasOrgidByTaxonId - ==>  Preparing: select gwas_orgid from species where taxon_id=? 
2022-02-15 10:02:32.430 [http-nio-9401-exec-5] DEBUG c.a.c.n.s.m.t.findGwasOrgidByTaxonId - ==> Parameters: 4577(Integer)
2022-02-15 10:02:32.433 [http-nio-9401-exec-5] DEBUG c.a.c.n.s.m.t.findGwasOrgidByTaxonId - <==      Total: 1
2022-02-15 10:02:32.435 [http-nio-9401-exec-5] DEBUG c.a.c.n.s.m.Ortho9031Mapper.findOrthByTaxonAndGene - ==>  Preparing: select c.taxon1,c.uniprot_id1,c.taxon2,c.uniprot_id2,c.db_evidence,c.from_db from gene_basic_info a inner join ortholog_id_mapping b on a.ensembl_gene_id=b.ensembl_gene_id inner join ortholog_all c on b.uniprot_id=c.uniprot_id1 where a.gwas_gene_id=? and c.taxon1=? 
2022-02-15 10:02:32.435 [http-nio-9401-exec-5] DEBUG c.a.c.n.s.m.Ortho9031Mapper.findOrthByTaxonAndGene - ==> Parameters: Zm00001d017704(String), 4577(Integer)
2022-02-15 10:02:32.437 [http-nio-9401-exec-5] DEBUG c.a.c.n.s.m.Ortho9031Mapper.findOrthByTaxonAndGene - <==      Total: 0
2022-02-15 10:02:32.439 [http-nio-9401-exec-5] DEBUG c.a.c.n.s.m.t.findGwasOrgidByTaxonId - ==>  Preparing: select gwas_orgid from species where taxon_id=? 
2022-02-15 10:02:32.440 [http-nio-9401-exec-5] DEBUG c.a.c.n.s.m.t.findGwasOrgidByTaxonId - ==> Parameters: 4577(Integer)
2022-02-15 10:02:32.443 [http-nio-9401-exec-5] DEBUG c.a.c.n.s.m.t.findGwasOrgidByTaxonId - <==      Total: 1
2022-02-15 10:02:32.445 [http-nio-9401-exec-5] DEBUG c.a.c.n.s.m.Ortho9031Mapper.findOrthByTaxonAndGene - ==>  Preparing: select c.taxon1,c.uniprot_id1,c.taxon2,c.uniprot_id2,c.db_evidence,c.from_db from gene_basic_info a inner join ortholog_id_mapping b on a.ensembl_gene_id=b.ensembl_gene_id inner join ortholog_all c on b.uniprot_id=c.uniprot_id1 where a.gwas_gene_id=? and c.taxon1=? 
2022-02-15 10:02:32.447 [http-nio-9401-exec-5] DEBUG c.a.c.n.s.m.Ortho9031Mapper.findOrthByTaxonAndGene - ==> Parameters: Zm00001d034163(String), 4577(Integer)
2022-02-15 10:02:32.449 [http-nio-9401-exec-5] DEBUG c.a.c.n.s.m.Ortho9031Mapper.findOrthByTaxonAndGene - <==      Total: 0
2022-02-15 10:02:32.450 [http-nio-9401-exec-5] DEBUG c.a.c.n.s.m.t.findGwasOrgidByTaxonId - ==>  Preparing: select gwas_orgid from species where taxon_id=? 
2022-02-15 10:02:32.450 [http-nio-9401-exec-5] DEBUG c.a.c.n.s.m.t.findGwasOrgidByTaxonId - ==> Parameters: 4577(Integer)
2022-02-15 10:02:32.454 [http-nio-9401-exec-5] DEBUG c.a.c.n.s.m.t.findGwasOrgidByTaxonId - <==      Total: 1
2022-02-15 10:02:32.455 [http-nio-9401-exec-5] DEBUG c.a.c.n.s.m.Ortho9031Mapper.findOrthByTaxonAndGene - ==>  Preparing: select c.taxon1,c.uniprot_id1,c.taxon2,c.uniprot_id2,c.db_evidence,c.from_db from gene_basic_info a inner join ortholog_id_mapping b on a.ensembl_gene_id=b.ensembl_gene_id inner join ortholog_all c on b.uniprot_id=c.uniprot_id1 where a.gwas_gene_id=? and c.taxon1=? 
2022-02-15 10:02:32.455 [http-nio-9401-exec-5] DEBUG c.a.c.n.s.m.Ortho9031Mapper.findOrthByTaxonAndGene - ==> Parameters: Zm00001d039618(String), 4577(Integer)
2022-02-15 10:02:32.458 [http-nio-9401-exec-5] DEBUG c.a.c.n.s.m.Ortho9031Mapper.findOrthByTaxonAndGene - <==      Total: 0
2022-02-15 10:02:32.459 [http-nio-9401-exec-5] DEBUG c.a.c.n.s.m.t.findGwasOrgidByTaxonId - ==>  Preparing: select gwas_orgid from species where taxon_id=? 
2022-02-15 10:02:32.460 [http-nio-9401-exec-5] DEBUG c.a.c.n.s.m.t.findGwasOrgidByTaxonId - ==> Parameters: 4577(Integer)
2022-02-15 10:02:32.462 [http-nio-9401-exec-5] DEBUG c.a.c.n.s.m.t.findGwasOrgidByTaxonId - <==      Total: 1
2022-02-15 10:02:32.463 [http-nio-9401-exec-5] DEBUG c.a.c.n.s.m.Ortho9031Mapper.findOrthByTaxonAndGene - ==>  Preparing: select c.taxon1,c.uniprot_id1,c.taxon2,c.uniprot_id2,c.db_evidence,c.from_db from gene_basic_info a inner join ortholog_id_mapping b on a.ensembl_gene_id=b.ensembl_gene_id inner join ortholog_all c on b.uniprot_id=c.uniprot_id1 where a.gwas_gene_id=? and c.taxon1=? 
2022-02-15 10:02:32.463 [http-nio-9401-exec-5] DEBUG c.a.c.n.s.m.Ortho9031Mapper.findOrthByTaxonAndGene - ==> Parameters: ENSRNA049474580(String), 4577(Integer)
2022-02-15 10:02:32.465 [http-nio-9401-exec-5] DEBUG c.a.c.n.s.m.Ortho9031Mapper.findOrthByTaxonAndGene - <==      Total: 0
2022-02-15 10:02:32.466 [http-nio-9401-exec-5] DEBUG c.a.c.n.s.m.t.findGwasOrgidByTaxonId - ==>  Preparing: select gwas_orgid from species where taxon_id=? 
2022-02-15 10:02:32.466 [http-nio-9401-exec-5] DEBUG c.a.c.n.s.m.t.findGwasOrgidByTaxonId - ==> Parameters: 4577(Integer)
2022-02-15 10:02:32.469 [http-nio-9401-exec-5] DEBUG c.a.c.n.s.m.t.findGwasOrgidByTaxonId - <==      Total: 1
2022-02-15 10:02:32.469 [http-nio-9401-exec-5] DEBUG c.a.c.n.s.m.Ortho9031Mapper.findOrthByTaxonAndGene - ==>  Preparing: select c.taxon1,c.uniprot_id1,c.taxon2,c.uniprot_id2,c.db_evidence,c.from_db from gene_basic_info a inner join ortholog_id_mapping b on a.ensembl_gene_id=b.ensembl_gene_id inner join ortholog_all c on b.uniprot_id=c.uniprot_id1 where a.gwas_gene_id=? and c.taxon1=? 
2022-02-15 10:02:32.470 [http-nio-9401-exec-5] DEBUG c.a.c.n.s.m.Ortho9031Mapper.findOrthByTaxonAndGene - ==> Parameters: Zm00001d017820(String), 4577(Integer)
2022-02-15 10:02:32.472 [http-nio-9401-exec-5] DEBUG c.a.c.n.s.m.Ortho9031Mapper.findOrthByTaxonAndGene - <==      Total: 0
2022-02-15 10:02:32.473 [http-nio-9401-exec-5] DEBUG c.a.c.n.s.m.t.findGwasOrgidByTaxonId - ==>  Preparing: select gwas_orgid from species where taxon_id=? 
2022-02-15 10:02:32.473 [http-nio-9401-exec-5] DEBUG c.a.c.n.s.m.t.findGwasOrgidByTaxonId - ==> Parameters: 4577(Integer)
2022-02-15 10:02:32.475 [http-nio-9401-exec-5] DEBUG c.a.c.n.s.m.t.findGwasOrgidByTaxonId - <==      Total: 1
2022-02-15 10:02:32.504 [http-nio-9401-exec-5] DEBUG c.a.c.n.s.m.Ortho9031Mapper.findOrthByTaxonAndGene - ==>  Preparing: select c.taxon1,c.uniprot_id1,c.taxon2,c.uniprot_id2,c.db_evidence,c.from_db from gene_basic_info a inner join ortholog_id_mapping b on a.ensembl_gene_id=b.ensembl_gene_id inner join ortholog_all c on b.uniprot_id=c.uniprot_id1 where a.gwas_gene_id=? and c.taxon1=? 
2022-02-15 10:02:32.504 [http-nio-9401-exec-5] DEBUG c.a.c.n.s.m.Ortho9031Mapper.findOrthByTaxonAndGene - ==> Parameters: Zm00001d014796(String), 4577(Integer)
2022-02-15 10:02:32.507 [http-nio-9401-exec-5] DEBUG c.a.c.n.s.m.Ortho9031Mapper.findOrthByTaxonAndGene - <==      Total: 0
2022-02-15 10:02:32.508 [http-nio-9401-exec-5] DEBUG c.a.c.n.s.m.t.findGwasOrgidByTaxonId - ==>  Preparing: select gwas_orgid from species where taxon_id=? 
2022-02-15 10:02:32.508 [http-nio-9401-exec-5] DEBUG c.a.c.n.s.m.t.findGwasOrgidByTaxonId - ==> Parameters: 4577(Integer)
2022-02-15 10:02:32.513 [http-nio-9401-exec-5] DEBUG c.a.c.n.s.m.t.findGwasOrgidByTaxonId - <==      Total: 1
2022-02-15 10:02:32.513 [http-nio-9401-exec-5] DEBUG c.a.c.n.s.m.Ortho9031Mapper.findOrthByTaxonAndGene - ==>  Preparing: select c.taxon1,c.uniprot_id1,c.taxon2,c.uniprot_id2,c.db_evidence,c.from_db from gene_basic_info a inner join ortholog_id_mapping b on a.ensembl_gene_id=b.ensembl_gene_id inner join ortholog_all c on b.uniprot_id=c.uniprot_id1 where a.gwas_gene_id=? and c.taxon1=? 
2022-02-15 10:02:32.514 [http-nio-9401-exec-5] DEBUG c.a.c.n.s.m.Ortho9031Mapper.findOrthByTaxonAndGene - ==> Parameters: Zm00001d014674(String), 4577(Integer)
2022-02-15 10:02:32.516 [http-nio-9401-exec-5] DEBUG c.a.c.n.s.m.Ortho9031Mapper.findOrthByTaxonAndGene - <==      Total: 0
2022-02-15 10:02:32.516 [http-nio-9401-exec-5] DEBUG c.a.c.n.s.m.t.findGwasOrgidByTaxonId - ==>  Preparing: select gwas_orgid from species where taxon_id=? 
2022-02-15 10:02:32.517 [http-nio-9401-exec-5] DEBUG c.a.c.n.s.m.t.findGwasOrgidByTaxonId - ==> Parameters: 4577(Integer)
2022-02-15 10:02:32.520 [http-nio-9401-exec-5] DEBUG c.a.c.n.s.m.t.findGwasOrgidByTaxonId - <==      Total: 1
2022-02-15 10:02:40.323 [http-nio-9401-exec-6] DEBUG c.a.c.n.s.m.trait2gwasMapper.biomedicalTrait_COUNT - ==>  Preparing: SELECT count(0) FROM trait_all 
2022-02-15 10:02:40.324 [http-nio-9401-exec-6] DEBUG c.a.c.n.s.m.trait2gwasMapper.biomedicalTrait_COUNT - ==> Parameters: 
2022-02-15 10:02:40.326 [http-nio-9401-exec-6] DEBUG c.a.c.n.s.m.trait2gwasMapper.biomedicalTrait_COUNT - <==      Total: 1
2022-02-15 10:02:40.331 [http-nio-9401-exec-6] DEBUG c.a.c.n.s.mapper.trait2gwasMapper.biomedicalTrait - ==>  Preparing: select * from trait_all LIMIT ? 
2022-02-15 10:02:40.331 [http-nio-9401-exec-6] DEBUG c.a.c.n.s.mapper.trait2gwasMapper.biomedicalTrait - ==> Parameters: 10(Integer)
2022-02-15 10:02:40.340 [http-nio-9401-exec-6] DEBUG c.a.c.n.s.mapper.trait2gwasMapper.biomedicalTrait - <==      Total: 10
2022-02-15 10:02:40.341 [http-nio-9401-exec-6] DEBUG c.a.c.n.s.m.Ortho9031Mapper.findOrthByTaxonAndGene - ==>  Preparing: select c.taxon1,c.uniprot_id1,c.taxon2,c.uniprot_id2,c.db_evidence,c.from_db from gene_basic_info a inner join ortholog_id_mapping b on a.ensembl_gene_id=b.ensembl_gene_id inner join ortholog_all c on b.uniprot_id=c.uniprot_id1 where a.gwas_gene_id=? and c.taxon1=? 
2022-02-15 10:02:40.342 [http-nio-9401-exec-6] DEBUG c.a.c.n.s.m.Ortho9031Mapper.findOrthByTaxonAndGene - ==> Parameters: CotAD_32480(String), 3635(Integer)
2022-02-15 10:02:40.345 [http-nio-9401-exec-6] DEBUG c.a.c.n.s.m.Ortho9031Mapper.findOrthByTaxonAndGene - <==      Total: 0
2022-02-15 10:02:40.346 [http-nio-9401-exec-6] DEBUG c.a.c.n.s.m.t.findGwasOrgidByTaxonId - ==>  Preparing: select gwas_orgid from species where taxon_id=? 
2022-02-15 10:02:40.346 [http-nio-9401-exec-6] DEBUG c.a.c.n.s.m.t.findGwasOrgidByTaxonId - ==> Parameters: 3635(Integer)
2022-02-15 10:02:40.349 [http-nio-9401-exec-6] DEBUG c.a.c.n.s.m.t.findGwasOrgidByTaxonId - <==      Total: 1
2022-02-15 10:02:40.350 [http-nio-9401-exec-6] DEBUG c.a.c.n.s.m.Ortho9031Mapper.findOrthByTaxonAndGene - ==>  Preparing: select c.taxon1,c.uniprot_id1,c.taxon2,c.uniprot_id2,c.db_evidence,c.from_db from gene_basic_info a inner join ortholog_id_mapping b on a.ensembl_gene_id=b.ensembl_gene_id inner join ortholog_all c on b.uniprot_id=c.uniprot_id1 where a.gwas_gene_id=? and c.taxon1=? 
2022-02-15 10:02:40.350 [http-nio-9401-exec-6] DEBUG c.a.c.n.s.m.Ortho9031Mapper.findOrthByTaxonAndGene - ==> Parameters: CotAD_32479(String), 3635(Integer)
2022-02-15 10:02:40.357 [http-nio-9401-exec-6] DEBUG c.a.c.n.s.m.Ortho9031Mapper.findOrthByTaxonAndGene - <==      Total: 0
2022-02-15 10:02:40.358 [http-nio-9401-exec-6] DEBUG c.a.c.n.s.m.t.findGwasOrgidByTaxonId - ==>  Preparing: select gwas_orgid from species where taxon_id=? 
2022-02-15 10:02:40.358 [http-nio-9401-exec-6] DEBUG c.a.c.n.s.m.t.findGwasOrgidByTaxonId - ==> Parameters: 3635(Integer)
2022-02-15 10:02:40.361 [http-nio-9401-exec-6] DEBUG c.a.c.n.s.m.t.findGwasOrgidByTaxonId - <==      Total: 1
2022-02-15 10:02:40.362 [http-nio-9401-exec-6] DEBUG c.a.c.n.s.m.Ortho9031Mapper.findOrthByTaxonAndGene - ==>  Preparing: select c.taxon1,c.uniprot_id1,c.taxon2,c.uniprot_id2,c.db_evidence,c.from_db from gene_basic_info a inner join ortholog_id_mapping b on a.ensembl_gene_id=b.ensembl_gene_id inner join ortholog_all c on b.uniprot_id=c.uniprot_id1 where a.gwas_gene_id=? and c.taxon1=? 
2022-02-15 10:02:40.362 [http-nio-9401-exec-6] DEBUG c.a.c.n.s.m.Ortho9031Mapper.findOrthByTaxonAndGene - ==> Parameters: Zm00001d017703(String), 4577(Integer)
2022-02-15 10:02:40.365 [http-nio-9401-exec-6] DEBUG c.a.c.n.s.m.Ortho9031Mapper.findOrthByTaxonAndGene - <==      Total: 0
2022-02-15 10:02:40.365 [http-nio-9401-exec-6] DEBUG c.a.c.n.s.m.t.findGwasOrgidByTaxonId - ==>  Preparing: select gwas_orgid from species where taxon_id=? 
2022-02-15 10:02:40.365 [http-nio-9401-exec-6] DEBUG c.a.c.n.s.m.t.findGwasOrgidByTaxonId - ==> Parameters: 4577(Integer)
2022-02-15 10:02:40.368 [http-nio-9401-exec-6] DEBUG c.a.c.n.s.m.t.findGwasOrgidByTaxonId - <==      Total: 1
2022-02-15 10:02:40.369 [http-nio-9401-exec-6] DEBUG c.a.c.n.s.m.Ortho9031Mapper.findOrthByTaxonAndGene - ==>  Preparing: select c.taxon1,c.uniprot_id1,c.taxon2,c.uniprot_id2,c.db_evidence,c.from_db from gene_basic_info a inner join ortholog_id_mapping b on a.ensembl_gene_id=b.ensembl_gene_id inner join ortholog_all c on b.uniprot_id=c.uniprot_id1 where a.gwas_gene_id=? and c.taxon1=? 
2022-02-15 10:02:40.370 [http-nio-9401-exec-6] DEBUG c.a.c.n.s.m.Ortho9031Mapper.findOrthByTaxonAndGene - ==> Parameters: Zm00001d017704(String), 4577(Integer)
2022-02-15 10:02:40.372 [http-nio-9401-exec-6] DEBUG c.a.c.n.s.m.Ortho9031Mapper.findOrthByTaxonAndGene - <==      Total: 0
2022-02-15 10:02:40.373 [http-nio-9401-exec-6] DEBUG c.a.c.n.s.m.t.findGwasOrgidByTaxonId - ==>  Preparing: select gwas_orgid from species where taxon_id=? 
2022-02-15 10:02:40.374 [http-nio-9401-exec-6] DEBUG c.a.c.n.s.m.t.findGwasOrgidByTaxonId - ==> Parameters: 4577(Integer)
2022-02-15 10:02:40.377 [http-nio-9401-exec-6] DEBUG c.a.c.n.s.m.t.findGwasOrgidByTaxonId - <==      Total: 1
2022-02-15 10:02:40.378 [http-nio-9401-exec-6] DEBUG c.a.c.n.s.m.Ortho9031Mapper.findOrthByTaxonAndGene - ==>  Preparing: select c.taxon1,c.uniprot_id1,c.taxon2,c.uniprot_id2,c.db_evidence,c.from_db from gene_basic_info a inner join ortholog_id_mapping b on a.ensembl_gene_id=b.ensembl_gene_id inner join ortholog_all c on b.uniprot_id=c.uniprot_id1 where a.gwas_gene_id=? and c.taxon1=? 
2022-02-15 10:02:40.378 [http-nio-9401-exec-6] DEBUG c.a.c.n.s.m.Ortho9031Mapper.findOrthByTaxonAndGene - ==> Parameters: Zm00001d034163(String), 4577(Integer)
2022-02-15 10:02:40.381 [http-nio-9401-exec-6] DEBUG c.a.c.n.s.m.Ortho9031Mapper.findOrthByTaxonAndGene - <==      Total: 0
2022-02-15 10:02:40.382 [http-nio-9401-exec-6] DEBUG c.a.c.n.s.m.t.findGwasOrgidByTaxonId - ==>  Preparing: select gwas_orgid from species where taxon_id=? 
2022-02-15 10:02:40.382 [http-nio-9401-exec-6] DEBUG c.a.c.n.s.m.t.findGwasOrgidByTaxonId - ==> Parameters: 4577(Integer)
2022-02-15 10:02:40.388 [http-nio-9401-exec-6] DEBUG c.a.c.n.s.m.t.findGwasOrgidByTaxonId - <==      Total: 1
2022-02-15 10:02:40.390 [http-nio-9401-exec-6] DEBUG c.a.c.n.s.m.Ortho9031Mapper.findOrthByTaxonAndGene - ==>  Preparing: select c.taxon1,c.uniprot_id1,c.taxon2,c.uniprot_id2,c.db_evidence,c.from_db from gene_basic_info a inner join ortholog_id_mapping b on a.ensembl_gene_id=b.ensembl_gene_id inner join ortholog_all c on b.uniprot_id=c.uniprot_id1 where a.gwas_gene_id=? and c.taxon1=? 
2022-02-15 10:02:40.391 [http-nio-9401-exec-6] DEBUG c.a.c.n.s.m.Ortho9031Mapper.findOrthByTaxonAndGene - ==> Parameters: Zm00001d039618(String), 4577(Integer)
2022-02-15 10:02:40.395 [http-nio-9401-exec-6] DEBUG c.a.c.n.s.m.Ortho9031Mapper.findOrthByTaxonAndGene - <==      Total: 0
2022-02-15 10:02:40.396 [http-nio-9401-exec-6] DEBUG c.a.c.n.s.m.t.findGwasOrgidByTaxonId - ==>  Preparing: select gwas_orgid from species where taxon_id=? 
2022-02-15 10:02:40.396 [http-nio-9401-exec-6] DEBUG c.a.c.n.s.m.t.findGwasOrgidByTaxonId - ==> Parameters: 4577(Integer)
2022-02-15 10:02:40.399 [http-nio-9401-exec-6] DEBUG c.a.c.n.s.m.t.findGwasOrgidByTaxonId - <==      Total: 1
2022-02-15 10:02:40.400 [http-nio-9401-exec-6] DEBUG c.a.c.n.s.m.Ortho9031Mapper.findOrthByTaxonAndGene - ==>  Preparing: select c.taxon1,c.uniprot_id1,c.taxon2,c.uniprot_id2,c.db_evidence,c.from_db from gene_basic_info a inner join ortholog_id_mapping b on a.ensembl_gene_id=b.ensembl_gene_id inner join ortholog_all c on b.uniprot_id=c.uniprot_id1 where a.gwas_gene_id=? and c.taxon1=? 
2022-02-15 10:02:40.400 [http-nio-9401-exec-6] DEBUG c.a.c.n.s.m.Ortho9031Mapper.findOrthByTaxonAndGene - ==> Parameters: ENSRNA049474580(String), 4577(Integer)
2022-02-15 10:02:40.403 [http-nio-9401-exec-6] DEBUG c.a.c.n.s.m.Ortho9031Mapper.findOrthByTaxonAndGene - <==      Total: 0
2022-02-15 10:02:40.405 [http-nio-9401-exec-6] DEBUG c.a.c.n.s.m.t.findGwasOrgidByTaxonId - ==>  Preparing: select gwas_orgid from species where taxon_id=? 
2022-02-15 10:02:40.406 [http-nio-9401-exec-6] DEBUG c.a.c.n.s.m.t.findGwasOrgidByTaxonId - ==> Parameters: 4577(Integer)
2022-02-15 10:02:40.409 [http-nio-9401-exec-6] DEBUG c.a.c.n.s.m.t.findGwasOrgidByTaxonId - <==      Total: 1
2022-02-15 10:02:40.409 [http-nio-9401-exec-6] DEBUG c.a.c.n.s.m.Ortho9031Mapper.findOrthByTaxonAndGene - ==>  Preparing: select c.taxon1,c.uniprot_id1,c.taxon2,c.uniprot_id2,c.db_evidence,c.from_db from gene_basic_info a inner join ortholog_id_mapping b on a.ensembl_gene_id=b.ensembl_gene_id inner join ortholog_all c on b.uniprot_id=c.uniprot_id1 where a.gwas_gene_id=? and c.taxon1=? 
2022-02-15 10:02:40.410 [http-nio-9401-exec-6] DEBUG c.a.c.n.s.m.Ortho9031Mapper.findOrthByTaxonAndGene - ==> Parameters: Zm00001d017820(String), 4577(Integer)
2022-02-15 10:02:40.413 [http-nio-9401-exec-6] DEBUG c.a.c.n.s.m.Ortho9031Mapper.findOrthByTaxonAndGene - <==      Total: 0
2022-02-15 10:02:40.413 [http-nio-9401-exec-6] DEBUG c.a.c.n.s.m.t.findGwasOrgidByTaxonId - ==>  Preparing: select gwas_orgid from species where taxon_id=? 
2022-02-15 10:02:40.414 [http-nio-9401-exec-6] DEBUG c.a.c.n.s.m.t.findGwasOrgidByTaxonId - ==> Parameters: 4577(Integer)
2022-02-15 10:02:40.416 [http-nio-9401-exec-6] DEBUG c.a.c.n.s.m.t.findGwasOrgidByTaxonId - <==      Total: 1
2022-02-15 10:02:40.416 [http-nio-9401-exec-6] DEBUG c.a.c.n.s.m.Ortho9031Mapper.findOrthByTaxonAndGene - ==>  Preparing: select c.taxon1,c.uniprot_id1,c.taxon2,c.uniprot_id2,c.db_evidence,c.from_db from gene_basic_info a inner join ortholog_id_mapping b on a.ensembl_gene_id=b.ensembl_gene_id inner join ortholog_all c on b.uniprot_id=c.uniprot_id1 where a.gwas_gene_id=? and c.taxon1=? 
2022-02-15 10:02:40.417 [http-nio-9401-exec-6] DEBUG c.a.c.n.s.m.Ortho9031Mapper.findOrthByTaxonAndGene - ==> Parameters: Zm00001d014796(String), 4577(Integer)
2022-02-15 10:02:40.419 [http-nio-9401-exec-6] DEBUG c.a.c.n.s.m.Ortho9031Mapper.findOrthByTaxonAndGene - <==      Total: 0
2022-02-15 10:02:40.420 [http-nio-9401-exec-6] DEBUG c.a.c.n.s.m.t.findGwasOrgidByTaxonId - ==>  Preparing: select gwas_orgid from species where taxon_id=? 
2022-02-15 10:02:40.420 [http-nio-9401-exec-6] DEBUG c.a.c.n.s.m.t.findGwasOrgidByTaxonId - ==> Parameters: 4577(Integer)
2022-02-15 10:02:40.423 [http-nio-9401-exec-6] DEBUG c.a.c.n.s.m.t.findGwasOrgidByTaxonId - <==      Total: 1
2022-02-15 10:02:40.423 [http-nio-9401-exec-6] DEBUG c.a.c.n.s.m.Ortho9031Mapper.findOrthByTaxonAndGene - ==>  Preparing: select c.taxon1,c.uniprot_id1,c.taxon2,c.uniprot_id2,c.db_evidence,c.from_db from gene_basic_info a inner join ortholog_id_mapping b on a.ensembl_gene_id=b.ensembl_gene_id inner join ortholog_all c on b.uniprot_id=c.uniprot_id1 where a.gwas_gene_id=? and c.taxon1=? 
2022-02-15 10:02:40.424 [http-nio-9401-exec-6] DEBUG c.a.c.n.s.m.Ortho9031Mapper.findOrthByTaxonAndGene - ==> Parameters: Zm00001d014674(String), 4577(Integer)
2022-02-15 10:02:40.426 [http-nio-9401-exec-6] DEBUG c.a.c.n.s.m.Ortho9031Mapper.findOrthByTaxonAndGene - <==      Total: 0
2022-02-15 10:02:40.426 [http-nio-9401-exec-6] DEBUG c.a.c.n.s.m.t.findGwasOrgidByTaxonId - ==>  Preparing: select gwas_orgid from species where taxon_id=? 
2022-02-15 10:02:40.426 [http-nio-9401-exec-6] DEBUG c.a.c.n.s.m.t.findGwasOrgidByTaxonId - ==> Parameters: 4577(Integer)
2022-02-15 10:02:40.429 [http-nio-9401-exec-6] DEBUG c.a.c.n.s.m.t.findGwasOrgidByTaxonId - <==      Total: 1
2022-02-15 10:02:46.067 [http-nio-9401-exec-8] DEBUG c.a.c.n.s.m.t.getInfoByTraitName_COUNT - ==>  Preparing: SELECT count(0) FROM trait_all WHERE top_trait = ? 
2022-02-15 10:02:46.068 [http-nio-9401-exec-8] DEBUG c.a.c.n.s.m.t.getInfoByTraitName_COUNT - ==> Parameters: biological process trait(String)
2022-02-15 10:02:46.251 [http-nio-9401-exec-9] DEBUG c.a.c.n.s.m.t.getInfoByTraitName_COUNT - ==>  Preparing: SELECT count(0) FROM trait_all WHERE top_trait = ? 
2022-02-15 10:02:46.252 [http-nio-9401-exec-9] DEBUG c.a.c.n.s.m.t.getInfoByTraitName_COUNT - ==> Parameters: plant morphology trait(String)
2022-02-15 10:02:46.885 [http-nio-9401-exec-10] DEBUG c.a.c.n.s.m.t.getInfoByTraitName_COUNT - ==>  Preparing: SELECT count(0) FROM trait_all WHERE top_trait = ? 
2022-02-15 10:02:46.890 [http-nio-9401-exec-10] DEBUG c.a.c.n.s.m.t.getInfoByTraitName_COUNT - ==> Parameters: plant vigor trait(String)
2022-02-15 10:17:06.328 [http-nio-9401-exec-1] DEBUG c.a.c.n.s.m.trait2gwasMapper.biomedicalTrait_COUNT - ==>  Preparing: SELECT count(0) FROM trait_all 
2022-02-15 10:17:06.328 [http-nio-9401-exec-1] DEBUG c.a.c.n.s.m.trait2gwasMapper.biomedicalTrait_COUNT - ==> Parameters: 
2022-02-15 10:17:06.332 [http-nio-9401-exec-1] DEBUG c.a.c.n.s.m.trait2gwasMapper.biomedicalTrait_COUNT - <==      Total: 1
2022-02-15 10:17:06.333 [http-nio-9401-exec-1] DEBUG c.a.c.n.s.mapper.trait2gwasMapper.biomedicalTrait - ==>  Preparing: select * from trait_all LIMIT ? 
2022-02-15 10:17:06.334 [http-nio-9401-exec-1] DEBUG c.a.c.n.s.mapper.trait2gwasMapper.biomedicalTrait - ==> Parameters: 10(Integer)
2022-02-15 10:17:06.375 [http-nio-9401-exec-1] DEBUG c.a.c.n.s.mapper.trait2gwasMapper.biomedicalTrait - <==      Total: 10
2022-02-15 10:17:06.396 [http-nio-9401-exec-1] DEBUG c.a.c.n.s.m.Ortho9031Mapper.findOrthByTaxonAndGene - ==>  Preparing: select c.taxon1,c.uniprot_id1,c.taxon2,c.uniprot_id2,c.db_evidence,c.from_db from gene_basic_info a inner join ortholog_id_mapping b on a.ensembl_gene_id=b.ensembl_gene_id inner join ortholog_all c on b.uniprot_id=c.uniprot_id1 where a.gwas_gene_id=? and c.taxon1=? 
2022-02-15 10:17:06.406 [http-nio-9401-exec-1] DEBUG c.a.c.n.s.m.Ortho9031Mapper.findOrthByTaxonAndGene - ==> Parameters: CotAD_32480(String), 3635(Integer)
2022-02-15 10:17:06.409 [http-nio-9401-exec-1] DEBUG c.a.c.n.s.m.Ortho9031Mapper.findOrthByTaxonAndGene - <==      Total: 0
2022-02-15 10:17:06.409 [http-nio-9401-exec-1] DEBUG c.a.c.n.s.m.t.findGwasOrgidByTaxonId - ==>  Preparing: select gwas_orgid from species where taxon_id=? 
2022-02-15 10:17:06.410 [http-nio-9401-exec-1] DEBUG c.a.c.n.s.m.t.findGwasOrgidByTaxonId - ==> Parameters: 3635(Integer)
2022-02-15 10:17:06.415 [http-nio-9401-exec-1] DEBUG c.a.c.n.s.m.t.findGwasOrgidByTaxonId - <==      Total: 1
2022-02-15 10:17:06.415 [http-nio-9401-exec-1] DEBUG c.a.c.n.s.m.Ortho9031Mapper.findOrthByTaxonAndGene - ==>  Preparing: select c.taxon1,c.uniprot_id1,c.taxon2,c.uniprot_id2,c.db_evidence,c.from_db from gene_basic_info a inner join ortholog_id_mapping b on a.ensembl_gene_id=b.ensembl_gene_id inner join ortholog_all c on b.uniprot_id=c.uniprot_id1 where a.gwas_gene_id=? and c.taxon1=? 
2022-02-15 10:17:06.416 [http-nio-9401-exec-1] DEBUG c.a.c.n.s.m.Ortho9031Mapper.findOrthByTaxonAndGene - ==> Parameters: CotAD_32479(String), 3635(Integer)
2022-02-15 10:17:06.422 [http-nio-9401-exec-1] DEBUG c.a.c.n.s.m.Ortho9031Mapper.findOrthByTaxonAndGene - <==      Total: 0
2022-02-15 10:17:06.422 [http-nio-9401-exec-1] DEBUG c.a.c.n.s.m.t.findGwasOrgidByTaxonId - ==>  Preparing: select gwas_orgid from species where taxon_id=? 
2022-02-15 10:17:06.423 [http-nio-9401-exec-1] DEBUG c.a.c.n.s.m.t.findGwasOrgidByTaxonId - ==> Parameters: 3635(Integer)
2022-02-15 10:17:06.426 [http-nio-9401-exec-1] DEBUG c.a.c.n.s.m.t.findGwasOrgidByTaxonId - <==      Total: 1
2022-02-15 10:17:06.427 [http-nio-9401-exec-1] DEBUG c.a.c.n.s.m.Ortho9031Mapper.findOrthByTaxonAndGene - ==>  Preparing: select c.taxon1,c.uniprot_id1,c.taxon2,c.uniprot_id2,c.db_evidence,c.from_db from gene_basic_info a inner join ortholog_id_mapping b on a.ensembl_gene_id=b.ensembl_gene_id inner join ortholog_all c on b.uniprot_id=c.uniprot_id1 where a.gwas_gene_id=? and c.taxon1=? 
2022-02-15 10:17:06.427 [http-nio-9401-exec-1] DEBUG c.a.c.n.s.m.Ortho9031Mapper.findOrthByTaxonAndGene - ==> Parameters: Zm00001d017703(String), 4577(Integer)
2022-02-15 10:17:06.431 [http-nio-9401-exec-1] DEBUG c.a.c.n.s.m.Ortho9031Mapper.findOrthByTaxonAndGene - <==      Total: 0
2022-02-15 10:17:06.431 [http-nio-9401-exec-1] DEBUG c.a.c.n.s.m.t.findGwasOrgidByTaxonId - ==>  Preparing: select gwas_orgid from species where taxon_id=? 
2022-02-15 10:17:06.431 [http-nio-9401-exec-1] DEBUG c.a.c.n.s.m.t.findGwasOrgidByTaxonId - ==> Parameters: 4577(Integer)
2022-02-15 10:17:06.441 [http-nio-9401-exec-1] DEBUG c.a.c.n.s.m.t.findGwasOrgidByTaxonId - <==      Total: 1
2022-02-15 10:17:06.469 [http-nio-9401-exec-1] DEBUG c.a.c.n.s.m.Ortho9031Mapper.findOrthByTaxonAndGene - ==>  Preparing: select c.taxon1,c.uniprot_id1,c.taxon2,c.uniprot_id2,c.db_evidence,c.from_db from gene_basic_info a inner join ortholog_id_mapping b on a.ensembl_gene_id=b.ensembl_gene_id inner join ortholog_all c on b.uniprot_id=c.uniprot_id1 where a.gwas_gene_id=? and c.taxon1=? 
2022-02-15 10:17:06.469 [http-nio-9401-exec-1] DEBUG c.a.c.n.s.m.Ortho9031Mapper.findOrthByTaxonAndGene - ==> Parameters: Zm00001d017704(String), 4577(Integer)
2022-02-15 10:17:06.473 [http-nio-9401-exec-1] DEBUG c.a.c.n.s.m.Ortho9031Mapper.findOrthByTaxonAndGene - <==      Total: 0
2022-02-15 10:17:06.474 [http-nio-9401-exec-1] DEBUG c.a.c.n.s.m.t.findGwasOrgidByTaxonId - ==>  Preparing: select gwas_orgid from species where taxon_id=? 
2022-02-15 10:17:06.474 [http-nio-9401-exec-1] DEBUG c.a.c.n.s.m.t.findGwasOrgidByTaxonId - ==> Parameters: 4577(Integer)
2022-02-15 10:17:06.481 [http-nio-9401-exec-1] DEBUG c.a.c.n.s.m.t.findGwasOrgidByTaxonId - <==      Total: 1
2022-02-15 10:17:06.524 [http-nio-9401-exec-1] DEBUG c.a.c.n.s.m.Ortho9031Mapper.findOrthByTaxonAndGene - ==>  Preparing: select c.taxon1,c.uniprot_id1,c.taxon2,c.uniprot_id2,c.db_evidence,c.from_db from gene_basic_info a inner join ortholog_id_mapping b on a.ensembl_gene_id=b.ensembl_gene_id inner join ortholog_all c on b.uniprot_id=c.uniprot_id1 where a.gwas_gene_id=? and c.taxon1=? 
2022-02-15 10:17:06.525 [http-nio-9401-exec-1] DEBUG c.a.c.n.s.m.Ortho9031Mapper.findOrthByTaxonAndGene - ==> Parameters: Zm00001d034163(String), 4577(Integer)
2022-02-15 10:17:06.543 [http-nio-9401-exec-1] DEBUG c.a.c.n.s.m.Ortho9031Mapper.findOrthByTaxonAndGene - <==      Total: 0
2022-02-15 10:17:06.545 [http-nio-9401-exec-1] DEBUG c.a.c.n.s.m.t.findGwasOrgidByTaxonId - ==>  Preparing: select gwas_orgid from species where taxon_id=? 
2022-02-15 10:17:06.546 [http-nio-9401-exec-1] DEBUG c.a.c.n.s.m.t.findGwasOrgidByTaxonId - ==> Parameters: 4577(Integer)
2022-02-15 10:17:06.550 [http-nio-9401-exec-1] DEBUG c.a.c.n.s.m.t.findGwasOrgidByTaxonId - <==      Total: 1
2022-02-15 10:17:06.552 [http-nio-9401-exec-1] DEBUG c.a.c.n.s.m.Ortho9031Mapper.findOrthByTaxonAndGene - ==>  Preparing: select c.taxon1,c.uniprot_id1,c.taxon2,c.uniprot_id2,c.db_evidence,c.from_db from gene_basic_info a inner join ortholog_id_mapping b on a.ensembl_gene_id=b.ensembl_gene_id inner join ortholog_all c on b.uniprot_id=c.uniprot_id1 where a.gwas_gene_id=? and c.taxon1=? 
2022-02-15 10:17:06.554 [http-nio-9401-exec-1] DEBUG c.a.c.n.s.m.Ortho9031Mapper.findOrthByTaxonAndGene - ==> Parameters: Zm00001d039618(String), 4577(Integer)
2022-02-15 10:17:06.558 [http-nio-9401-exec-1] DEBUG c.a.c.n.s.m.Ortho9031Mapper.findOrthByTaxonAndGene - <==      Total: 0
2022-02-15 10:17:06.560 [http-nio-9401-exec-1] DEBUG c.a.c.n.s.m.t.findGwasOrgidByTaxonId - ==>  Preparing: select gwas_orgid from species where taxon_id=? 
2022-02-15 10:17:06.562 [http-nio-9401-exec-1] DEBUG c.a.c.n.s.m.t.findGwasOrgidByTaxonId - ==> Parameters: 4577(Integer)
2022-02-15 10:17:06.565 [http-nio-9401-exec-1] DEBUG c.a.c.n.s.m.t.findGwasOrgidByTaxonId - <==      Total: 1
2022-02-15 10:17:06.567 [http-nio-9401-exec-1] DEBUG c.a.c.n.s.m.Ortho9031Mapper.findOrthByTaxonAndGene - ==>  Preparing: select c.taxon1,c.uniprot_id1,c.taxon2,c.uniprot_id2,c.db_evidence,c.from_db from gene_basic_info a inner join ortholog_id_mapping b on a.ensembl_gene_id=b.ensembl_gene_id inner join ortholog_all c on b.uniprot_id=c.uniprot_id1 where a.gwas_gene_id=? and c.taxon1=? 
2022-02-15 10:17:06.569 [http-nio-9401-exec-1] DEBUG c.a.c.n.s.m.Ortho9031Mapper.findOrthByTaxonAndGene - ==> Parameters: ENSRNA049474580(String), 4577(Integer)
2022-02-15 10:17:06.573 [http-nio-9401-exec-1] DEBUG c.a.c.n.s.m.Ortho9031Mapper.findOrthByTaxonAndGene - <==      Total: 0
2022-02-15 10:17:06.574 [http-nio-9401-exec-1] DEBUG c.a.c.n.s.m.t.findGwasOrgidByTaxonId - ==>  Preparing: select gwas_orgid from species where taxon_id=? 
2022-02-15 10:17:06.575 [http-nio-9401-exec-1] DEBUG c.a.c.n.s.m.t.findGwasOrgidByTaxonId - ==> Parameters: 4577(Integer)
2022-02-15 10:17:06.595 [http-nio-9401-exec-1] DEBUG c.a.c.n.s.m.t.findGwasOrgidByTaxonId - <==      Total: 1
2022-02-15 10:17:06.597 [http-nio-9401-exec-1] DEBUG c.a.c.n.s.m.Ortho9031Mapper.findOrthByTaxonAndGene - ==>  Preparing: select c.taxon1,c.uniprot_id1,c.taxon2,c.uniprot_id2,c.db_evidence,c.from_db from gene_basic_info a inner join ortholog_id_mapping b on a.ensembl_gene_id=b.ensembl_gene_id inner join ortholog_all c on b.uniprot_id=c.uniprot_id1 where a.gwas_gene_id=? and c.taxon1=? 
2022-02-15 10:17:06.598 [http-nio-9401-exec-1] DEBUG c.a.c.n.s.m.Ortho9031Mapper.findOrthByTaxonAndGene - ==> Parameters: Zm00001d017820(String), 4577(Integer)
2022-02-15 10:17:06.602 [http-nio-9401-exec-1] DEBUG c.a.c.n.s.m.Ortho9031Mapper.findOrthByTaxonAndGene - <==      Total: 0
2022-02-15 10:17:06.604 [http-nio-9401-exec-1] DEBUG c.a.c.n.s.m.t.findGwasOrgidByTaxonId - ==>  Preparing: select gwas_orgid from species where taxon_id=? 
2022-02-15 10:17:06.605 [http-nio-9401-exec-1] DEBUG c.a.c.n.s.m.t.findGwasOrgidByTaxonId - ==> Parameters: 4577(Integer)
2022-02-15 10:17:06.610 [http-nio-9401-exec-1] DEBUG c.a.c.n.s.m.t.findGwasOrgidByTaxonId - <==      Total: 1
2022-02-15 10:17:06.611 [http-nio-9401-exec-1] DEBUG c.a.c.n.s.m.Ortho9031Mapper.findOrthByTaxonAndGene - ==>  Preparing: select c.taxon1,c.uniprot_id1,c.taxon2,c.uniprot_id2,c.db_evidence,c.from_db from gene_basic_info a inner join ortholog_id_mapping b on a.ensembl_gene_id=b.ensembl_gene_id inner join ortholog_all c on b.uniprot_id=c.uniprot_id1 where a.gwas_gene_id=? and c.taxon1=? 
2022-02-15 10:17:06.613 [http-nio-9401-exec-1] DEBUG c.a.c.n.s.m.Ortho9031Mapper.findOrthByTaxonAndGene - ==> Parameters: Zm00001d014796(String), 4577(Integer)
2022-02-15 10:17:06.621 [http-nio-9401-exec-1] DEBUG c.a.c.n.s.m.Ortho9031Mapper.findOrthByTaxonAndGene - <==      Total: 0
2022-02-15 10:17:06.623 [http-nio-9401-exec-1] DEBUG c.a.c.n.s.m.t.findGwasOrgidByTaxonId - ==>  Preparing: select gwas_orgid from species where taxon_id=? 
2022-02-15 10:17:06.623 [http-nio-9401-exec-1] DEBUG c.a.c.n.s.m.t.findGwasOrgidByTaxonId - ==> Parameters: 4577(Integer)
2022-02-15 10:17:06.628 [http-nio-9401-exec-1] DEBUG c.a.c.n.s.m.t.findGwasOrgidByTaxonId - <==      Total: 1
2022-02-15 10:17:06.631 [http-nio-9401-exec-1] DEBUG c.a.c.n.s.m.Ortho9031Mapper.findOrthByTaxonAndGene - ==>  Preparing: select c.taxon1,c.uniprot_id1,c.taxon2,c.uniprot_id2,c.db_evidence,c.from_db from gene_basic_info a inner join ortholog_id_mapping b on a.ensembl_gene_id=b.ensembl_gene_id inner join ortholog_all c on b.uniprot_id=c.uniprot_id1 where a.gwas_gene_id=? and c.taxon1=? 
2022-02-15 10:17:06.632 [http-nio-9401-exec-1] DEBUG c.a.c.n.s.m.Ortho9031Mapper.findOrthByTaxonAndGene - ==> Parameters: Zm00001d014674(String), 4577(Integer)
2022-02-15 10:17:06.637 [http-nio-9401-exec-1] DEBUG c.a.c.n.s.m.Ortho9031Mapper.findOrthByTaxonAndGene - <==      Total: 0
2022-02-15 10:17:06.645 [http-nio-9401-exec-1] DEBUG c.a.c.n.s.m.t.findGwasOrgidByTaxonId - ==>  Preparing: select gwas_orgid from species where taxon_id=? 
2022-02-15 10:17:06.646 [http-nio-9401-exec-1] DEBUG c.a.c.n.s.m.t.findGwasOrgidByTaxonId - ==> Parameters: 4577(Integer)
2022-02-15 10:17:06.651 [http-nio-9401-exec-1] DEBUG c.a.c.n.s.m.t.findGwasOrgidByTaxonId - <==      Total: 1
2022-02-15 10:17:12.722 [http-nio-9401-exec-2] DEBUG c.a.c.n.s.m.t.getInfoByTraitName_COUNT - ==>  Preparing: SELECT count(0) FROM trait_all WHERE top_trait = ? 
2022-02-15 10:17:12.722 [http-nio-9401-exec-2] DEBUG c.a.c.n.s.m.t.getInfoByTraitName_COUNT - ==> Parameters: biological process trait(String)
2022-02-15 10:17:15.217 [http-nio-9401-exec-3] DEBUG c.a.c.n.s.m.t.getInfoByTraitName_COUNT - ==>  Preparing: SELECT count(0) FROM trait_all WHERE top_trait = ? 
2022-02-15 10:17:15.218 [http-nio-9401-exec-3] DEBUG c.a.c.n.s.m.t.getInfoByTraitName_COUNT - ==> Parameters: plant morphology trait(String)
2022-02-15 10:26:03.797 [http-nio-9401-exec-4] DEBUG c.a.c.n.s.m.trait2gwasMapper.biomedicalTrait_COUNT - ==>  Preparing: SELECT count(0) FROM trait_all 
2022-02-15 10:26:03.798 [http-nio-9401-exec-4] DEBUG c.a.c.n.s.m.trait2gwasMapper.biomedicalTrait_COUNT - ==> Parameters: 
2022-02-15 10:26:03.807 [http-nio-9401-exec-4] DEBUG c.a.c.n.s.m.trait2gwasMapper.biomedicalTrait_COUNT - <==      Total: 1
2022-02-15 10:26:03.808 [http-nio-9401-exec-4] DEBUG c.a.c.n.s.mapper.trait2gwasMapper.biomedicalTrait - ==>  Preparing: select * from trait_all LIMIT ? 
2022-02-15 10:26:03.808 [http-nio-9401-exec-4] DEBUG c.a.c.n.s.mapper.trait2gwasMapper.biomedicalTrait - ==> Parameters: 10(Integer)
2022-02-15 10:26:03.845 [http-nio-9401-exec-4] DEBUG c.a.c.n.s.mapper.trait2gwasMapper.biomedicalTrait - <==      Total: 10
2022-02-15 10:26:03.845 [http-nio-9401-exec-4] DEBUG c.a.c.n.s.m.Ortho9031Mapper.findOrthByTaxonAndGene - ==>  Preparing: select c.taxon1,c.uniprot_id1,c.taxon2,c.uniprot_id2,c.db_evidence,c.from_db from gene_basic_info a inner join ortholog_id_mapping b on a.ensembl_gene_id=b.ensembl_gene_id inner join ortholog_all c on b.uniprot_id=c.uniprot_id1 where a.gwas_gene_id=? and c.taxon1=? 
2022-02-15 10:26:03.846 [http-nio-9401-exec-4] DEBUG c.a.c.n.s.m.Ortho9031Mapper.findOrthByTaxonAndGene - ==> Parameters: CotAD_32480(String), 3635(Integer)
2022-02-15 10:26:03.849 [http-nio-9401-exec-4] DEBUG c.a.c.n.s.m.Ortho9031Mapper.findOrthByTaxonAndGene - <==      Total: 0
2022-02-15 10:26:03.849 [http-nio-9401-exec-4] DEBUG c.a.c.n.s.m.t.findGwasOrgidByTaxonId - ==>  Preparing: select gwas_orgid from species where taxon_id=? 
2022-02-15 10:26:03.849 [http-nio-9401-exec-4] DEBUG c.a.c.n.s.m.t.findGwasOrgidByTaxonId - ==> Parameters: 3635(Integer)
2022-02-15 10:26:03.854 [http-nio-9401-exec-4] DEBUG c.a.c.n.s.m.t.findGwasOrgidByTaxonId - <==      Total: 1
2022-02-15 10:26:03.854 [http-nio-9401-exec-4] DEBUG c.a.c.n.s.m.Ortho9031Mapper.findOrthByTaxonAndGene - ==>  Preparing: select c.taxon1,c.uniprot_id1,c.taxon2,c.uniprot_id2,c.db_evidence,c.from_db from gene_basic_info a inner join ortholog_id_mapping b on a.ensembl_gene_id=b.ensembl_gene_id inner join ortholog_all c on b.uniprot_id=c.uniprot_id1 where a.gwas_gene_id=? and c.taxon1=? 
2022-02-15 10:26:03.854 [http-nio-9401-exec-4] DEBUG c.a.c.n.s.m.Ortho9031Mapper.findOrthByTaxonAndGene - ==> Parameters: CotAD_32479(String), 3635(Integer)
2022-02-15 10:26:03.869 [http-nio-9401-exec-4] DEBUG c.a.c.n.s.m.Ortho9031Mapper.findOrthByTaxonAndGene - <==      Total: 0
2022-02-15 10:26:03.870 [http-nio-9401-exec-4] DEBUG c.a.c.n.s.m.t.findGwasOrgidByTaxonId - ==>  Preparing: select gwas_orgid from species where taxon_id=? 
2022-02-15 10:26:03.870 [http-nio-9401-exec-4] DEBUG c.a.c.n.s.m.t.findGwasOrgidByTaxonId - ==> Parameters: 3635(Integer)
2022-02-15 10:26:03.872 [http-nio-9401-exec-4] DEBUG c.a.c.n.s.m.t.findGwasOrgidByTaxonId - <==      Total: 1
2022-02-15 10:26:03.873 [http-nio-9401-exec-4] DEBUG c.a.c.n.s.m.Ortho9031Mapper.findOrthByTaxonAndGene - ==>  Preparing: select c.taxon1,c.uniprot_id1,c.taxon2,c.uniprot_id2,c.db_evidence,c.from_db from gene_basic_info a inner join ortholog_id_mapping b on a.ensembl_gene_id=b.ensembl_gene_id inner join ortholog_all c on b.uniprot_id=c.uniprot_id1 where a.gwas_gene_id=? and c.taxon1=? 
2022-02-15 10:26:03.874 [http-nio-9401-exec-4] DEBUG c.a.c.n.s.m.Ortho9031Mapper.findOrthByTaxonAndGene - ==> Parameters: Zm00001d017703(String), 4577(Integer)
2022-02-15 10:26:03.878 [http-nio-9401-exec-4] DEBUG c.a.c.n.s.m.Ortho9031Mapper.findOrthByTaxonAndGene - <==      Total: 0
2022-02-15 10:26:03.878 [http-nio-9401-exec-4] DEBUG c.a.c.n.s.m.t.findGwasOrgidByTaxonId - ==>  Preparing: select gwas_orgid from species where taxon_id=? 
2022-02-15 10:26:03.878 [http-nio-9401-exec-4] DEBUG c.a.c.n.s.m.t.findGwasOrgidByTaxonId - ==> Parameters: 4577(Integer)
2022-02-15 10:26:03.881 [http-nio-9401-exec-4] DEBUG c.a.c.n.s.m.t.findGwasOrgidByTaxonId - <==      Total: 1
2022-02-15 10:26:03.882 [http-nio-9401-exec-4] DEBUG c.a.c.n.s.m.Ortho9031Mapper.findOrthByTaxonAndGene - ==>  Preparing: select c.taxon1,c.uniprot_id1,c.taxon2,c.uniprot_id2,c.db_evidence,c.from_db from gene_basic_info a inner join ortholog_id_mapping b on a.ensembl_gene_id=b.ensembl_gene_id inner join ortholog_all c on b.uniprot_id=c.uniprot_id1 where a.gwas_gene_id=? and c.taxon1=? 
2022-02-15 10:26:03.882 [http-nio-9401-exec-4] DEBUG c.a.c.n.s.m.Ortho9031Mapper.findOrthByTaxonAndGene - ==> Parameters: Zm00001d017704(String), 4577(Integer)
2022-02-15 10:26:03.885 [http-nio-9401-exec-4] DEBUG c.a.c.n.s.m.Ortho9031Mapper.findOrthByTaxonAndGene - <==      Total: 0
2022-02-15 10:26:03.885 [http-nio-9401-exec-4] DEBUG c.a.c.n.s.m.t.findGwasOrgidByTaxonId - ==>  Preparing: select gwas_orgid from species where taxon_id=? 
2022-02-15 10:26:03.886 [http-nio-9401-exec-4] DEBUG c.a.c.n.s.m.t.findGwasOrgidByTaxonId - ==> Parameters: 4577(Integer)
2022-02-15 10:26:03.889 [http-nio-9401-exec-4] DEBUG c.a.c.n.s.m.t.findGwasOrgidByTaxonId - <==      Total: 1
2022-02-15 10:26:03.889 [http-nio-9401-exec-4] DEBUG c.a.c.n.s.m.Ortho9031Mapper.findOrthByTaxonAndGene - ==>  Preparing: select c.taxon1,c.uniprot_id1,c.taxon2,c.uniprot_id2,c.db_evidence,c.from_db from gene_basic_info a inner join ortholog_id_mapping b on a.ensembl_gene_id=b.ensembl_gene_id inner join ortholog_all c on b.uniprot_id=c.uniprot_id1 where a.gwas_gene_id=? and c.taxon1=? 
2022-02-15 10:26:03.890 [http-nio-9401-exec-4] DEBUG c.a.c.n.s.m.Ortho9031Mapper.findOrthByTaxonAndGene - ==> Parameters: Zm00001d034163(String), 4577(Integer)
2022-02-15 10:26:03.892 [http-nio-9401-exec-4] DEBUG c.a.c.n.s.m.Ortho9031Mapper.findOrthByTaxonAndGene - <==      Total: 0
2022-02-15 10:26:03.893 [http-nio-9401-exec-4] DEBUG c.a.c.n.s.m.t.findGwasOrgidByTaxonId - ==>  Preparing: select gwas_orgid from species where taxon_id=? 
2022-02-15 10:26:03.893 [http-nio-9401-exec-4] DEBUG c.a.c.n.s.m.t.findGwasOrgidByTaxonId - ==> Parameters: 4577(Integer)
2022-02-15 10:26:03.899 [http-nio-9401-exec-4] DEBUG c.a.c.n.s.m.t.findGwasOrgidByTaxonId - <==      Total: 1
2022-02-15 10:26:03.900 [http-nio-9401-exec-4] DEBUG c.a.c.n.s.m.Ortho9031Mapper.findOrthByTaxonAndGene - ==>  Preparing: select c.taxon1,c.uniprot_id1,c.taxon2,c.uniprot_id2,c.db_evidence,c.from_db from gene_basic_info a inner join ortholog_id_mapping b on a.ensembl_gene_id=b.ensembl_gene_id inner join ortholog_all c on b.uniprot_id=c.uniprot_id1 where a.gwas_gene_id=? and c.taxon1=? 
2022-02-15 10:26:03.900 [http-nio-9401-exec-4] DEBUG c.a.c.n.s.m.Ortho9031Mapper.findOrthByTaxonAndGene - ==> Parameters: Zm00001d039618(String), 4577(Integer)
2022-02-15 10:26:03.905 [http-nio-9401-exec-4] DEBUG c.a.c.n.s.m.Ortho9031Mapper.findOrthByTaxonAndGene - <==      Total: 0
2022-02-15 10:26:03.906 [http-nio-9401-exec-4] DEBUG c.a.c.n.s.m.t.findGwasOrgidByTaxonId - ==>  Preparing: select gwas_orgid from species where taxon_id=? 
2022-02-15 10:26:03.906 [http-nio-9401-exec-4] DEBUG c.a.c.n.s.m.t.findGwasOrgidByTaxonId - ==> Parameters: 4577(Integer)
2022-02-15 10:26:03.910 [http-nio-9401-exec-4] DEBUG c.a.c.n.s.m.t.findGwasOrgidByTaxonId - <==      Total: 1
2022-02-15 10:26:03.911 [http-nio-9401-exec-4] DEBUG c.a.c.n.s.m.Ortho9031Mapper.findOrthByTaxonAndGene - ==>  Preparing: select c.taxon1,c.uniprot_id1,c.taxon2,c.uniprot_id2,c.db_evidence,c.from_db from gene_basic_info a inner join ortholog_id_mapping b on a.ensembl_gene_id=b.ensembl_gene_id inner join ortholog_all c on b.uniprot_id=c.uniprot_id1 where a.gwas_gene_id=? and c.taxon1=? 
2022-02-15 10:26:03.911 [http-nio-9401-exec-4] DEBUG c.a.c.n.s.m.Ortho9031Mapper.findOrthByTaxonAndGene - ==> Parameters: ENSRNA049474580(String), 4577(Integer)
2022-02-15 10:26:03.916 [http-nio-9401-exec-4] DEBUG c.a.c.n.s.m.Ortho9031Mapper.findOrthByTaxonAndGene - <==      Total: 0
2022-02-15 10:26:03.916 [http-nio-9401-exec-4] DEBUG c.a.c.n.s.m.t.findGwasOrgidByTaxonId - ==>  Preparing: select gwas_orgid from species where taxon_id=? 
2022-02-15 10:26:03.916 [http-nio-9401-exec-4] DEBUG c.a.c.n.s.m.t.findGwasOrgidByTaxonId - ==> Parameters: 4577(Integer)
2022-02-15 10:26:03.932 [http-nio-9401-exec-4] DEBUG c.a.c.n.s.m.t.findGwasOrgidByTaxonId - <==      Total: 1
2022-02-15 10:26:03.933 [http-nio-9401-exec-4] DEBUG c.a.c.n.s.m.Ortho9031Mapper.findOrthByTaxonAndGene - ==>  Preparing: select c.taxon1,c.uniprot_id1,c.taxon2,c.uniprot_id2,c.db_evidence,c.from_db from gene_basic_info a inner join ortholog_id_mapping b on a.ensembl_gene_id=b.ensembl_gene_id inner join ortholog_all c on b.uniprot_id=c.uniprot_id1 where a.gwas_gene_id=? and c.taxon1=? 
2022-02-15 10:26:03.933 [http-nio-9401-exec-4] DEBUG c.a.c.n.s.m.Ortho9031Mapper.findOrthByTaxonAndGene - ==> Parameters: Zm00001d017820(String), 4577(Integer)
2022-02-15 10:26:03.947 [http-nio-9401-exec-4] DEBUG c.a.c.n.s.m.Ortho9031Mapper.findOrthByTaxonAndGene - <==      Total: 0
2022-02-15 10:26:03.948 [http-nio-9401-exec-4] DEBUG c.a.c.n.s.m.t.findGwasOrgidByTaxonId - ==>  Preparing: select gwas_orgid from species where taxon_id=? 
2022-02-15 10:26:03.948 [http-nio-9401-exec-4] DEBUG c.a.c.n.s.m.t.findGwasOrgidByTaxonId - ==> Parameters: 4577(Integer)
2022-02-15 10:26:03.952 [http-nio-9401-exec-4] DEBUG c.a.c.n.s.m.t.findGwasOrgidByTaxonId - <==      Total: 1
2022-02-15 10:26:03.952 [http-nio-9401-exec-4] DEBUG c.a.c.n.s.m.Ortho9031Mapper.findOrthByTaxonAndGene - ==>  Preparing: select c.taxon1,c.uniprot_id1,c.taxon2,c.uniprot_id2,c.db_evidence,c.from_db from gene_basic_info a inner join ortholog_id_mapping b on a.ensembl_gene_id=b.ensembl_gene_id inner join ortholog_all c on b.uniprot_id=c.uniprot_id1 where a.gwas_gene_id=? and c.taxon1=? 
2022-02-15 10:26:03.953 [http-nio-9401-exec-4] DEBUG c.a.c.n.s.m.Ortho9031Mapper.findOrthByTaxonAndGene - ==> Parameters: Zm00001d014796(String), 4577(Integer)
2022-02-15 10:26:03.956 [http-nio-9401-exec-4] DEBUG c.a.c.n.s.m.Ortho9031Mapper.findOrthByTaxonAndGene - <==      Total: 0
2022-02-15 10:26:03.956 [http-nio-9401-exec-4] DEBUG c.a.c.n.s.m.t.findGwasOrgidByTaxonId - ==>  Preparing: select gwas_orgid from species where taxon_id=? 
2022-02-15 10:26:03.957 [http-nio-9401-exec-4] DEBUG c.a.c.n.s.m.t.findGwasOrgidByTaxonId - ==> Parameters: 4577(Integer)
2022-02-15 10:26:03.962 [http-nio-9401-exec-4] DEBUG c.a.c.n.s.m.t.findGwasOrgidByTaxonId - <==      Total: 1
2022-02-15 10:26:03.963 [http-nio-9401-exec-4] DEBUG c.a.c.n.s.m.Ortho9031Mapper.findOrthByTaxonAndGene - ==>  Preparing: select c.taxon1,c.uniprot_id1,c.taxon2,c.uniprot_id2,c.db_evidence,c.from_db from gene_basic_info a inner join ortholog_id_mapping b on a.ensembl_gene_id=b.ensembl_gene_id inner join ortholog_all c on b.uniprot_id=c.uniprot_id1 where a.gwas_gene_id=? and c.taxon1=? 
2022-02-15 10:26:03.963 [http-nio-9401-exec-4] DEBUG c.a.c.n.s.m.Ortho9031Mapper.findOrthByTaxonAndGene - ==> Parameters: Zm00001d014674(String), 4577(Integer)
2022-02-15 10:26:03.968 [http-nio-9401-exec-4] DEBUG c.a.c.n.s.m.Ortho9031Mapper.findOrthByTaxonAndGene - <==      Total: 0
2022-02-15 10:26:03.968 [http-nio-9401-exec-4] DEBUG c.a.c.n.s.m.t.findGwasOrgidByTaxonId - ==>  Preparing: select gwas_orgid from species where taxon_id=? 
2022-02-15 10:26:03.968 [http-nio-9401-exec-4] DEBUG c.a.c.n.s.m.t.findGwasOrgidByTaxonId - ==> Parameters: 4577(Integer)
2022-02-15 10:26:03.972 [http-nio-9401-exec-4] DEBUG c.a.c.n.s.m.t.findGwasOrgidByTaxonId - <==      Total: 1
2022-02-15 10:27:04.793 [http-nio-9401-exec-6] DEBUG c.a.c.n.s.m.t.getInfoByTraitName_COUNT - ==>  Preparing: SELECT count(0) FROM trait_all WHERE top_trait = ? 
2022-02-15 10:27:04.793 [http-nio-9401-exec-6] DEBUG c.a.c.n.s.m.t.getInfoByTraitName_COUNT - ==> Parameters: plant morphology trait(String)
2022-02-15 10:34:24.483 [http-nio-9401-exec-7] DEBUG c.a.c.n.s.m.trait2gwasMapper.biomedicalTrait_COUNT - ==>  Preparing: SELECT count(0) FROM trait_all 
2022-02-15 10:34:24.484 [http-nio-9401-exec-7] DEBUG c.a.c.n.s.m.trait2gwasMapper.biomedicalTrait_COUNT - ==> Parameters: 
2022-02-15 10:34:24.490 [http-nio-9401-exec-7] DEBUG c.a.c.n.s.m.trait2gwasMapper.biomedicalTrait_COUNT - <==      Total: 1
2022-02-15 10:34:24.491 [http-nio-9401-exec-7] DEBUG c.a.c.n.s.mapper.trait2gwasMapper.biomedicalTrait - ==>  Preparing: select * from trait_all LIMIT ? 
2022-02-15 10:34:24.492 [http-nio-9401-exec-7] DEBUG c.a.c.n.s.mapper.trait2gwasMapper.biomedicalTrait - ==> Parameters: 10(Integer)
2022-02-15 10:34:24.511 [http-nio-9401-exec-7] DEBUG c.a.c.n.s.mapper.trait2gwasMapper.biomedicalTrait - <==      Total: 10
2022-02-15 10:34:24.511 [http-nio-9401-exec-7] DEBUG c.a.c.n.s.m.Ortho9031Mapper.findOrthByTaxonAndGene - ==>  Preparing: select c.taxon1,c.uniprot_id1,c.taxon2,c.uniprot_id2,c.db_evidence,c.from_db from gene_basic_info a inner join ortholog_id_mapping b on a.ensembl_gene_id=b.ensembl_gene_id inner join ortholog_all c on b.uniprot_id=c.uniprot_id1 where a.gwas_gene_id=? and c.taxon1=? 
2022-02-15 10:34:24.512 [http-nio-9401-exec-7] DEBUG c.a.c.n.s.m.Ortho9031Mapper.findOrthByTaxonAndGene - ==> Parameters: CotAD_32480(String), 3635(Integer)
2022-02-15 10:34:24.517 [http-nio-9401-exec-7] DEBUG c.a.c.n.s.m.Ortho9031Mapper.findOrthByTaxonAndGene - <==      Total: 0
2022-02-15 10:34:24.517 [http-nio-9401-exec-7] DEBUG c.a.c.n.s.m.t.findGwasOrgidByTaxonId - ==>  Preparing: select gwas_orgid from species where taxon_id=? 
2022-02-15 10:34:24.517 [http-nio-9401-exec-7] DEBUG c.a.c.n.s.m.t.findGwasOrgidByTaxonId - ==> Parameters: 3635(Integer)
2022-02-15 10:34:24.520 [http-nio-9401-exec-7] DEBUG c.a.c.n.s.m.t.findGwasOrgidByTaxonId - <==      Total: 1
2022-02-15 10:34:24.520 [http-nio-9401-exec-7] DEBUG c.a.c.n.s.m.Ortho9031Mapper.findOrthByTaxonAndGene - ==>  Preparing: select c.taxon1,c.uniprot_id1,c.taxon2,c.uniprot_id2,c.db_evidence,c.from_db from gene_basic_info a inner join ortholog_id_mapping b on a.ensembl_gene_id=b.ensembl_gene_id inner join ortholog_all c on b.uniprot_id=c.uniprot_id1 where a.gwas_gene_id=? and c.taxon1=? 
2022-02-15 10:34:24.521 [http-nio-9401-exec-7] DEBUG c.a.c.n.s.m.Ortho9031Mapper.findOrthByTaxonAndGene - ==> Parameters: CotAD_32479(String), 3635(Integer)
2022-02-15 10:34:24.529 [http-nio-9401-exec-7] DEBUG c.a.c.n.s.m.Ortho9031Mapper.findOrthByTaxonAndGene - <==      Total: 0
2022-02-15 10:34:24.529 [http-nio-9401-exec-7] DEBUG c.a.c.n.s.m.t.findGwasOrgidByTaxonId - ==>  Preparing: select gwas_orgid from species where taxon_id=? 
2022-02-15 10:34:24.530 [http-nio-9401-exec-7] DEBUG c.a.c.n.s.m.t.findGwasOrgidByTaxonId - ==> Parameters: 3635(Integer)
2022-02-15 10:34:24.533 [http-nio-9401-exec-7] DEBUG c.a.c.n.s.m.t.findGwasOrgidByTaxonId - <==      Total: 1
2022-02-15 10:34:24.533 [http-nio-9401-exec-7] DEBUG c.a.c.n.s.m.Ortho9031Mapper.findOrthByTaxonAndGene - ==>  Preparing: select c.taxon1,c.uniprot_id1,c.taxon2,c.uniprot_id2,c.db_evidence,c.from_db from gene_basic_info a inner join ortholog_id_mapping b on a.ensembl_gene_id=b.ensembl_gene_id inner join ortholog_all c on b.uniprot_id=c.uniprot_id1 where a.gwas_gene_id=? and c.taxon1=? 
2022-02-15 10:34:24.534 [http-nio-9401-exec-7] DEBUG c.a.c.n.s.m.Ortho9031Mapper.findOrthByTaxonAndGene - ==> Parameters: Zm00001d017703(String), 4577(Integer)
2022-02-15 10:34:24.539 [http-nio-9401-exec-7] DEBUG c.a.c.n.s.m.Ortho9031Mapper.findOrthByTaxonAndGene - <==      Total: 0
2022-02-15 10:34:24.539 [http-nio-9401-exec-7] DEBUG c.a.c.n.s.m.t.findGwasOrgidByTaxonId - ==>  Preparing: select gwas_orgid from species where taxon_id=? 
2022-02-15 10:34:24.540 [http-nio-9401-exec-7] DEBUG c.a.c.n.s.m.t.findGwasOrgidByTaxonId - ==> Parameters: 4577(Integer)
2022-02-15 10:34:24.547 [http-nio-9401-exec-7] DEBUG c.a.c.n.s.m.t.findGwasOrgidByTaxonId - <==      Total: 1
2022-02-15 10:34:24.547 [http-nio-9401-exec-7] DEBUG c.a.c.n.s.m.Ortho9031Mapper.findOrthByTaxonAndGene - ==>  Preparing: select c.taxon1,c.uniprot_id1,c.taxon2,c.uniprot_id2,c.db_evidence,c.from_db from gene_basic_info a inner join ortholog_id_mapping b on a.ensembl_gene_id=b.ensembl_gene_id inner join ortholog_all c on b.uniprot_id=c.uniprot_id1 where a.gwas_gene_id=? and c.taxon1=? 
2022-02-15 10:34:24.547 [http-nio-9401-exec-7] DEBUG c.a.c.n.s.m.Ortho9031Mapper.findOrthByTaxonAndGene - ==> Parameters: Zm00001d017704(String), 4577(Integer)
2022-02-15 10:34:24.554 [http-nio-9401-exec-7] DEBUG c.a.c.n.s.m.Ortho9031Mapper.findOrthByTaxonAndGene - <==      Total: 0
2022-02-15 10:34:24.554 [http-nio-9401-exec-7] DEBUG c.a.c.n.s.m.t.findGwasOrgidByTaxonId - ==>  Preparing: select gwas_orgid from species where taxon_id=? 
2022-02-15 10:34:24.555 [http-nio-9401-exec-7] DEBUG c.a.c.n.s.m.t.findGwasOrgidByTaxonId - ==> Parameters: 4577(Integer)
2022-02-15 10:34:24.564 [http-nio-9401-exec-7] DEBUG c.a.c.n.s.m.t.findGwasOrgidByTaxonId - <==      Total: 1
2022-02-15 10:34:24.564 [http-nio-9401-exec-7] DEBUG c.a.c.n.s.m.Ortho9031Mapper.findOrthByTaxonAndGene - ==>  Preparing: select c.taxon1,c.uniprot_id1,c.taxon2,c.uniprot_id2,c.db_evidence,c.from_db from gene_basic_info a inner join ortholog_id_mapping b on a.ensembl_gene_id=b.ensembl_gene_id inner join ortholog_all c on b.uniprot_id=c.uniprot_id1 where a.gwas_gene_id=? and c.taxon1=? 
2022-02-15 10:34:24.565 [http-nio-9401-exec-7] DEBUG c.a.c.n.s.m.Ortho9031Mapper.findOrthByTaxonAndGene - ==> Parameters: Zm00001d034163(String), 4577(Integer)
2022-02-15 10:34:24.568 [http-nio-9401-exec-7] DEBUG c.a.c.n.s.m.Ortho9031Mapper.findOrthByTaxonAndGene - <==      Total: 0
2022-02-15 10:34:24.568 [http-nio-9401-exec-7] DEBUG c.a.c.n.s.m.t.findGwasOrgidByTaxonId - ==>  Preparing: select gwas_orgid from species where taxon_id=? 
2022-02-15 10:34:24.568 [http-nio-9401-exec-7] DEBUG c.a.c.n.s.m.t.findGwasOrgidByTaxonId - ==> Parameters: 4577(Integer)
2022-02-15 10:34:24.574 [http-nio-9401-exec-7] DEBUG c.a.c.n.s.m.t.findGwasOrgidByTaxonId - <==      Total: 1
2022-02-15 10:34:24.575 [http-nio-9401-exec-7] DEBUG c.a.c.n.s.m.Ortho9031Mapper.findOrthByTaxonAndGene - ==>  Preparing: select c.taxon1,c.uniprot_id1,c.taxon2,c.uniprot_id2,c.db_evidence,c.from_db from gene_basic_info a inner join ortholog_id_mapping b on a.ensembl_gene_id=b.ensembl_gene_id inner join ortholog_all c on b.uniprot_id=c.uniprot_id1 where a.gwas_gene_id=? and c.taxon1=? 
2022-02-15 10:34:24.575 [http-nio-9401-exec-7] DEBUG c.a.c.n.s.m.Ortho9031Mapper.findOrthByTaxonAndGene - ==> Parameters: Zm00001d039618(String), 4577(Integer)
2022-02-15 10:34:24.577 [http-nio-9401-exec-7] DEBUG c.a.c.n.s.m.Ortho9031Mapper.findOrthByTaxonAndGene - <==      Total: 0
2022-02-15 10:34:24.578 [http-nio-9401-exec-7] DEBUG c.a.c.n.s.m.t.findGwasOrgidByTaxonId - ==>  Preparing: select gwas_orgid from species where taxon_id=? 
2022-02-15 10:34:24.578 [http-nio-9401-exec-7] DEBUG c.a.c.n.s.m.t.findGwasOrgidByTaxonId - ==> Parameters: 4577(Integer)
2022-02-15 10:34:24.584 [http-nio-9401-exec-7] DEBUG c.a.c.n.s.m.t.findGwasOrgidByTaxonId - <==      Total: 1
2022-02-15 10:34:24.585 [http-nio-9401-exec-7] DEBUG c.a.c.n.s.m.Ortho9031Mapper.findOrthByTaxonAndGene - ==>  Preparing: select c.taxon1,c.uniprot_id1,c.taxon2,c.uniprot_id2,c.db_evidence,c.from_db from gene_basic_info a inner join ortholog_id_mapping b on a.ensembl_gene_id=b.ensembl_gene_id inner join ortholog_all c on b.uniprot_id=c.uniprot_id1 where a.gwas_gene_id=? and c.taxon1=? 
2022-02-15 10:34:24.585 [http-nio-9401-exec-7] DEBUG c.a.c.n.s.m.Ortho9031Mapper.findOrthByTaxonAndGene - ==> Parameters: ENSRNA049474580(String), 4577(Integer)
2022-02-15 10:34:24.589 [http-nio-9401-exec-7] DEBUG c.a.c.n.s.m.Ortho9031Mapper.findOrthByTaxonAndGene - <==      Total: 0
2022-02-15 10:34:24.589 [http-nio-9401-exec-7] DEBUG c.a.c.n.s.m.t.findGwasOrgidByTaxonId - ==>  Preparing: select gwas_orgid from species where taxon_id=? 
2022-02-15 10:34:24.590 [http-nio-9401-exec-7] DEBUG c.a.c.n.s.m.t.findGwasOrgidByTaxonId - ==> Parameters: 4577(Integer)
2022-02-15 10:34:24.593 [http-nio-9401-exec-7] DEBUG c.a.c.n.s.m.t.findGwasOrgidByTaxonId - <==      Total: 1
2022-02-15 10:34:24.593 [http-nio-9401-exec-7] DEBUG c.a.c.n.s.m.Ortho9031Mapper.findOrthByTaxonAndGene - ==>  Preparing: select c.taxon1,c.uniprot_id1,c.taxon2,c.uniprot_id2,c.db_evidence,c.from_db from gene_basic_info a inner join ortholog_id_mapping b on a.ensembl_gene_id=b.ensembl_gene_id inner join ortholog_all c on b.uniprot_id=c.uniprot_id1 where a.gwas_gene_id=? and c.taxon1=? 
2022-02-15 10:34:24.594 [http-nio-9401-exec-7] DEBUG c.a.c.n.s.m.Ortho9031Mapper.findOrthByTaxonAndGene - ==> Parameters: Zm00001d017820(String), 4577(Integer)
2022-02-15 10:34:24.596 [http-nio-9401-exec-7] DEBUG c.a.c.n.s.m.Ortho9031Mapper.findOrthByTaxonAndGene - <==      Total: 0
2022-02-15 10:34:24.597 [http-nio-9401-exec-7] DEBUG c.a.c.n.s.m.t.findGwasOrgidByTaxonId - ==>  Preparing: select gwas_orgid from species where taxon_id=? 
2022-02-15 10:34:24.597 [http-nio-9401-exec-7] DEBUG c.a.c.n.s.m.t.findGwasOrgidByTaxonId - ==> Parameters: 4577(Integer)
2022-02-15 10:34:24.602 [http-nio-9401-exec-7] DEBUG c.a.c.n.s.m.t.findGwasOrgidByTaxonId - <==      Total: 1
2022-02-15 10:34:24.602 [http-nio-9401-exec-7] DEBUG c.a.c.n.s.m.Ortho9031Mapper.findOrthByTaxonAndGene - ==>  Preparing: select c.taxon1,c.uniprot_id1,c.taxon2,c.uniprot_id2,c.db_evidence,c.from_db from gene_basic_info a inner join ortholog_id_mapping b on a.ensembl_gene_id=b.ensembl_gene_id inner join ortholog_all c on b.uniprot_id=c.uniprot_id1 where a.gwas_gene_id=? and c.taxon1=? 
2022-02-15 10:34:24.603 [http-nio-9401-exec-7] DEBUG c.a.c.n.s.m.Ortho9031Mapper.findOrthByTaxonAndGene - ==> Parameters: Zm00001d014796(String), 4577(Integer)
2022-02-15 10:34:24.605 [http-nio-9401-exec-7] DEBUG c.a.c.n.s.m.Ortho9031Mapper.findOrthByTaxonAndGene - <==      Total: 0
2022-02-15 10:34:24.605 [http-nio-9401-exec-7] DEBUG c.a.c.n.s.m.t.findGwasOrgidByTaxonId - ==>  Preparing: select gwas_orgid from species where taxon_id=? 
2022-02-15 10:34:24.605 [http-nio-9401-exec-7] DEBUG c.a.c.n.s.m.t.findGwasOrgidByTaxonId - ==> Parameters: 4577(Integer)
2022-02-15 10:34:24.608 [http-nio-9401-exec-7] DEBUG c.a.c.n.s.m.t.findGwasOrgidByTaxonId - <==      Total: 1
2022-02-15 10:34:24.609 [http-nio-9401-exec-7] DEBUG c.a.c.n.s.m.Ortho9031Mapper.findOrthByTaxonAndGene - ==>  Preparing: select c.taxon1,c.uniprot_id1,c.taxon2,c.uniprot_id2,c.db_evidence,c.from_db from gene_basic_info a inner join ortholog_id_mapping b on a.ensembl_gene_id=b.ensembl_gene_id inner join ortholog_all c on b.uniprot_id=c.uniprot_id1 where a.gwas_gene_id=? and c.taxon1=? 
2022-02-15 10:34:24.609 [http-nio-9401-exec-7] DEBUG c.a.c.n.s.m.Ortho9031Mapper.findOrthByTaxonAndGene - ==> Parameters: Zm00001d014674(String), 4577(Integer)
2022-02-15 10:34:24.612 [http-nio-9401-exec-7] DEBUG c.a.c.n.s.m.Ortho9031Mapper.findOrthByTaxonAndGene - <==      Total: 0
2022-02-15 10:34:24.613 [http-nio-9401-exec-7] DEBUG c.a.c.n.s.m.t.findGwasOrgidByTaxonId - ==>  Preparing: select gwas_orgid from species where taxon_id=? 
2022-02-15 10:34:24.613 [http-nio-9401-exec-7] DEBUG c.a.c.n.s.m.t.findGwasOrgidByTaxonId - ==> Parameters: 4577(Integer)
2022-02-15 10:34:24.616 [http-nio-9401-exec-7] DEBUG c.a.c.n.s.m.t.findGwasOrgidByTaxonId - <==      Total: 1
2022-02-15 10:34:29.983 [http-nio-9401-exec-10] DEBUG c.a.c.n.s.m.t.getInfoByTraitName_COUNT - ==>  Preparing: SELECT count(0) FROM trait_all WHERE top_trait = ? 
2022-02-15 10:34:29.984 [http-nio-9401-exec-10] DEBUG c.a.c.n.s.m.t.getInfoByTraitName_COUNT - ==> Parameters: plant morphology trait(String)
2022-02-15 10:34:31.000 [http-nio-9401-exec-8] DEBUG c.a.c.n.s.m.t.getInfoByTraitName_COUNT - ==>  Preparing: SELECT count(0) FROM trait_all WHERE top_trait = ? 
2022-02-15 10:34:31.001 [http-nio-9401-exec-8] DEBUG c.a.c.n.s.m.t.getInfoByTraitName_COUNT - ==> Parameters: plant vigor trait(String)
2022-02-15 10:34:31.595 [http-nio-9401-exec-9] DEBUG c.a.c.n.s.m.t.getInfoByTraitName_COUNT - ==>  Preparing: SELECT count(0) FROM trait_all WHERE top_trait = ? 
2022-02-15 10:34:31.595 [http-nio-9401-exec-9] DEBUG c.a.c.n.s.m.t.getInfoByTraitName_COUNT - ==> Parameters: stress trait(String)
2022-02-15 10:34:32.575 [http-nio-9401-exec-1] DEBUG c.a.c.n.s.m.t.getInfoByTraitName_COUNT - ==>  Preparing: SELECT count(0) FROM trait_all WHERE top_trait = ? 
2022-02-15 10:34:32.575 [http-nio-9401-exec-1] DEBUG c.a.c.n.s.m.t.getInfoByTraitName_COUNT - ==> Parameters: plant quality trait(String)
2022-02-15 10:34:33.113 [http-nio-9401-exec-2] DEBUG c.a.c.n.s.m.t.getInfoByTraitName_COUNT - ==>  Preparing: SELECT count(0) FROM trait_all WHERE top_trait = ? 
2022-02-15 10:34:33.113 [http-nio-9401-exec-2] DEBUG c.a.c.n.s.m.t.getInfoByTraitName_COUNT - ==> Parameters: plant morphology trait(String)
2022-02-15 10:34:33.881 [http-nio-9401-exec-3] DEBUG c.a.c.n.s.m.t.getInfoByTraitName_COUNT - ==>  Preparing: SELECT count(0) FROM trait_all WHERE top_trait = ? 
2022-02-15 10:34:33.882 [http-nio-9401-exec-3] DEBUG c.a.c.n.s.m.t.getInfoByTraitName_COUNT - ==> Parameters: plant growth and development trait(String)
2022-02-15 10:40:05.644 [http-nio-9401-exec-4] DEBUG c.a.c.n.s.m.t.getInfoByTraitName_COUNT - ==>  Preparing: SELECT count(0) FROM trait_all WHERE top_trait = ? 
2022-02-15 10:40:05.645 [http-nio-9401-exec-4] DEBUG c.a.c.n.s.m.t.getInfoByTraitName_COUNT - ==> Parameters: biochemical trait(String)
2022-02-15 10:40:06.271 [http-nio-9401-exec-5] DEBUG c.a.c.n.s.m.t.getInfoByTraitName_COUNT - ==>  Preparing: SELECT count(0) FROM trait_all WHERE top_trait = ? 
2022-02-15 10:40:06.272 [http-nio-9401-exec-5] DEBUG c.a.c.n.s.m.t.getInfoByTraitName_COUNT - ==> Parameters: biological process trait(String)
2022-02-15 10:40:06.921 [http-nio-9401-exec-6] DEBUG c.a.c.n.s.m.t.getInfoByTraitName_COUNT - ==>  Preparing: SELECT count(0) FROM trait_all WHERE top_trait = ? 
2022-02-15 10:40:06.921 [http-nio-9401-exec-6] DEBUG c.a.c.n.s.m.t.getInfoByTraitName_COUNT - ==> Parameters: plant growth and development trait(String)
2022-02-15 10:40:07.419 [http-nio-9401-exec-7] DEBUG c.a.c.n.s.m.t.getInfoByTraitName_COUNT - ==>  Preparing: SELECT count(0) FROM trait_all WHERE top_trait = ? 
2022-02-15 10:40:07.420 [http-nio-9401-exec-7] DEBUG c.a.c.n.s.m.t.getInfoByTraitName_COUNT - ==> Parameters: plant quality trait(String)
2022-02-15 10:40:08.207 [http-nio-9401-exec-10] DEBUG c.a.c.n.s.m.t.getInfoByTraitName_COUNT - ==>  Preparing: SELECT count(0) FROM trait_all WHERE top_trait = ? 
2022-02-15 10:40:08.207 [http-nio-9401-exec-10] DEBUG c.a.c.n.s.m.t.getInfoByTraitName_COUNT - ==> Parameters: animal trait of livestock(String)
2022-02-15 10:53:30.145 [http-nio-9401-exec-8] DEBUG c.a.c.n.s.m.trait2gwasMapper.biomedicalTrait_COUNT - ==>  Preparing: SELECT count(0) FROM trait_all 
2022-02-15 10:53:30.145 [http-nio-9401-exec-8] DEBUG c.a.c.n.s.m.trait2gwasMapper.biomedicalTrait_COUNT - ==> Parameters: 
2022-02-15 10:53:30.156 [http-nio-9401-exec-8] DEBUG c.a.c.n.s.m.trait2gwasMapper.biomedicalTrait_COUNT - <==      Total: 1
2022-02-15 10:53:30.157 [http-nio-9401-exec-8] DEBUG c.a.c.n.s.mapper.trait2gwasMapper.biomedicalTrait - ==>  Preparing: select * from trait_all LIMIT ? 
2022-02-15 10:53:30.157 [http-nio-9401-exec-8] DEBUG c.a.c.n.s.mapper.trait2gwasMapper.biomedicalTrait - ==> Parameters: 10(Integer)
2022-02-15 10:53:30.315 [http-nio-9401-exec-8] DEBUG c.a.c.n.s.mapper.trait2gwasMapper.biomedicalTrait - <==      Total: 10
2022-02-15 10:53:30.326 [http-nio-9401-exec-8] DEBUG c.a.c.n.s.m.Ortho9031Mapper.findOrthByTaxonAndGene - ==>  Preparing: select c.taxon1,c.uniprot_id1,c.taxon2,c.uniprot_id2,c.db_evidence,c.from_db from gene_basic_info a inner join ortholog_id_mapping b on a.ensembl_gene_id=b.ensembl_gene_id inner join ortholog_all c on b.uniprot_id=c.uniprot_id1 where a.gwas_gene_id=? and c.taxon1=? 
2022-02-15 10:53:30.327 [http-nio-9401-exec-8] DEBUG c.a.c.n.s.m.Ortho9031Mapper.findOrthByTaxonAndGene - ==> Parameters: CotAD_32480(String), 3635(Integer)
2022-02-15 10:53:30.337 [http-nio-9401-exec-8] DEBUG c.a.c.n.s.m.Ortho9031Mapper.findOrthByTaxonAndGene - <==      Total: 0
2022-02-15 10:53:30.340 [http-nio-9401-exec-8] DEBUG c.a.c.n.s.m.t.findGwasOrgidByTaxonId - ==>  Preparing: select gwas_orgid from species where taxon_id=? 
2022-02-15 10:53:30.341 [http-nio-9401-exec-8] DEBUG c.a.c.n.s.m.t.findGwasOrgidByTaxonId - ==> Parameters: 3635(Integer)
2022-02-15 10:53:30.346 [http-nio-9401-exec-8] DEBUG c.a.c.n.s.m.t.findGwasOrgidByTaxonId - <==      Total: 1
2022-02-15 10:53:30.347 [http-nio-9401-exec-8] DEBUG c.a.c.n.s.m.Ortho9031Mapper.findOrthByTaxonAndGene - ==>  Preparing: select c.taxon1,c.uniprot_id1,c.taxon2,c.uniprot_id2,c.db_evidence,c.from_db from gene_basic_info a inner join ortholog_id_mapping b on a.ensembl_gene_id=b.ensembl_gene_id inner join ortholog_all c on b.uniprot_id=c.uniprot_id1 where a.gwas_gene_id=? and c.taxon1=? 
2022-02-15 10:53:30.348 [http-nio-9401-exec-8] DEBUG c.a.c.n.s.m.Ortho9031Mapper.findOrthByTaxonAndGene - ==> Parameters: CotAD_32479(String), 3635(Integer)
2022-02-15 10:53:30.353 [http-nio-9401-exec-8] DEBUG c.a.c.n.s.m.Ortho9031Mapper.findOrthByTaxonAndGene - <==      Total: 0
2022-02-15 10:53:30.356 [http-nio-9401-exec-8] DEBUG c.a.c.n.s.m.t.findGwasOrgidByTaxonId - ==>  Preparing: select gwas_orgid from species where taxon_id=? 
2022-02-15 10:53:30.357 [http-nio-9401-exec-8] DEBUG c.a.c.n.s.m.t.findGwasOrgidByTaxonId - ==> Parameters: 3635(Integer)
2022-02-15 10:53:30.361 [http-nio-9401-exec-8] DEBUG c.a.c.n.s.m.t.findGwasOrgidByTaxonId - <==      Total: 1
2022-02-15 10:53:30.362 [http-nio-9401-exec-8] DEBUG c.a.c.n.s.m.Ortho9031Mapper.findOrthByTaxonAndGene - ==>  Preparing: select c.taxon1,c.uniprot_id1,c.taxon2,c.uniprot_id2,c.db_evidence,c.from_db from gene_basic_info a inner join ortholog_id_mapping b on a.ensembl_gene_id=b.ensembl_gene_id inner join ortholog_all c on b.uniprot_id=c.uniprot_id1 where a.gwas_gene_id=? and c.taxon1=? 
2022-02-15 10:53:30.363 [http-nio-9401-exec-8] DEBUG c.a.c.n.s.m.Ortho9031Mapper.findOrthByTaxonAndGene - ==> Parameters: Zm00001d017703(String), 4577(Integer)
2022-02-15 10:53:30.368 [http-nio-9401-exec-8] DEBUG c.a.c.n.s.m.Ortho9031Mapper.findOrthByTaxonAndGene - <==      Total: 0
2022-02-15 10:53:30.370 [http-nio-9401-exec-8] DEBUG c.a.c.n.s.m.t.findGwasOrgidByTaxonId - ==>  Preparing: select gwas_orgid from species where taxon_id=? 
2022-02-15 10:53:30.371 [http-nio-9401-exec-8] DEBUG c.a.c.n.s.m.t.findGwasOrgidByTaxonId - ==> Parameters: 4577(Integer)
2022-02-15 10:53:30.378 [http-nio-9401-exec-8] DEBUG c.a.c.n.s.m.t.findGwasOrgidByTaxonId - <==      Total: 1
2022-02-15 10:53:30.379 [http-nio-9401-exec-8] DEBUG c.a.c.n.s.m.Ortho9031Mapper.findOrthByTaxonAndGene - ==>  Preparing: select c.taxon1,c.uniprot_id1,c.taxon2,c.uniprot_id2,c.db_evidence,c.from_db from gene_basic_info a inner join ortholog_id_mapping b on a.ensembl_gene_id=b.ensembl_gene_id inner join ortholog_all c on b.uniprot_id=c.uniprot_id1 where a.gwas_gene_id=? and c.taxon1=? 
2022-02-15 10:53:30.380 [http-nio-9401-exec-8] DEBUG c.a.c.n.s.m.Ortho9031Mapper.findOrthByTaxonAndGene - ==> Parameters: Zm00001d017704(String), 4577(Integer)
2022-02-15 10:53:30.383 [http-nio-9401-exec-8] DEBUG c.a.c.n.s.m.Ortho9031Mapper.findOrthByTaxonAndGene - <==      Total: 0
2022-02-15 10:53:30.385 [http-nio-9401-exec-8] DEBUG c.a.c.n.s.m.t.findGwasOrgidByTaxonId - ==>  Preparing: select gwas_orgid from species where taxon_id=? 
2022-02-15 10:53:30.386 [http-nio-9401-exec-8] DEBUG c.a.c.n.s.m.t.findGwasOrgidByTaxonId - ==> Parameters: 4577(Integer)
2022-02-15 10:53:30.395 [http-nio-9401-exec-8] DEBUG c.a.c.n.s.m.t.findGwasOrgidByTaxonId - <==      Total: 1
2022-02-15 10:53:30.397 [http-nio-9401-exec-8] DEBUG c.a.c.n.s.m.Ortho9031Mapper.findOrthByTaxonAndGene - ==>  Preparing: select c.taxon1,c.uniprot_id1,c.taxon2,c.uniprot_id2,c.db_evidence,c.from_db from gene_basic_info a inner join ortholog_id_mapping b on a.ensembl_gene_id=b.ensembl_gene_id inner join ortholog_all c on b.uniprot_id=c.uniprot_id1 where a.gwas_gene_id=? and c.taxon1=? 
2022-02-15 10:53:30.398 [http-nio-9401-exec-8] DEBUG c.a.c.n.s.m.Ortho9031Mapper.findOrthByTaxonAndGene - ==> Parameters: Zm00001d034163(String), 4577(Integer)
2022-02-15 10:53:30.404 [http-nio-9401-exec-8] DEBUG c.a.c.n.s.m.Ortho9031Mapper.findOrthByTaxonAndGene - <==      Total: 0
2022-02-15 10:53:30.407 [http-nio-9401-exec-8] DEBUG c.a.c.n.s.m.t.findGwasOrgidByTaxonId - ==>  Preparing: select gwas_orgid from species where taxon_id=? 
2022-02-15 10:53:30.408 [http-nio-9401-exec-8] DEBUG c.a.c.n.s.m.t.findGwasOrgidByTaxonId - ==> Parameters: 4577(Integer)
2022-02-15 10:53:30.419 [http-nio-9401-exec-8] DEBUG c.a.c.n.s.m.t.findGwasOrgidByTaxonId - <==      Total: 1
2022-02-15 10:53:30.421 [http-nio-9401-exec-8] DEBUG c.a.c.n.s.m.Ortho9031Mapper.findOrthByTaxonAndGene - ==>  Preparing: select c.taxon1,c.uniprot_id1,c.taxon2,c.uniprot_id2,c.db_evidence,c.from_db from gene_basic_info a inner join ortholog_id_mapping b on a.ensembl_gene_id=b.ensembl_gene_id inner join ortholog_all c on b.uniprot_id=c.uniprot_id1 where a.gwas_gene_id=? and c.taxon1=? 
2022-02-15 10:53:30.423 [http-nio-9401-exec-8] DEBUG c.a.c.n.s.m.Ortho9031Mapper.findOrthByTaxonAndGene - ==> Parameters: Zm00001d039618(String), 4577(Integer)
2022-02-15 10:53:30.429 [http-nio-9401-exec-8] DEBUG c.a.c.n.s.m.Ortho9031Mapper.findOrthByTaxonAndGene - <==      Total: 0
2022-02-15 10:53:30.430 [http-nio-9401-exec-8] DEBUG c.a.c.n.s.m.t.findGwasOrgidByTaxonId - ==>  Preparing: select gwas_orgid from species where taxon_id=? 
2022-02-15 10:53:30.431 [http-nio-9401-exec-8] DEBUG c.a.c.n.s.m.t.findGwasOrgidByTaxonId - ==> Parameters: 4577(Integer)
2022-02-15 10:53:30.435 [http-nio-9401-exec-8] DEBUG c.a.c.n.s.m.t.findGwasOrgidByTaxonId - <==      Total: 1
2022-02-15 10:53:30.437 [http-nio-9401-exec-8] DEBUG c.a.c.n.s.m.Ortho9031Mapper.findOrthByTaxonAndGene - ==>  Preparing: select c.taxon1,c.uniprot_id1,c.taxon2,c.uniprot_id2,c.db_evidence,c.from_db from gene_basic_info a inner join ortholog_id_mapping b on a.ensembl_gene_id=b.ensembl_gene_id inner join ortholog_all c on b.uniprot_id=c.uniprot_id1 where a.gwas_gene_id=? and c.taxon1=? 
2022-02-15 10:53:30.438 [http-nio-9401-exec-8] DEBUG c.a.c.n.s.m.Ortho9031Mapper.findOrthByTaxonAndGene - ==> Parameters: ENSRNA049474580(String), 4577(Integer)
2022-02-15 10:53:30.445 [http-nio-9401-exec-8] DEBUG c.a.c.n.s.m.Ortho9031Mapper.findOrthByTaxonAndGene - <==      Total: 0
2022-02-15 10:53:30.447 [http-nio-9401-exec-8] DEBUG c.a.c.n.s.m.t.findGwasOrgidByTaxonId - ==>  Preparing: select gwas_orgid from species where taxon_id=? 
2022-02-15 10:53:30.448 [http-nio-9401-exec-8] DEBUG c.a.c.n.s.m.t.findGwasOrgidByTaxonId - ==> Parameters: 4577(Integer)
2022-02-15 10:53:30.455 [http-nio-9401-exec-8] DEBUG c.a.c.n.s.m.t.findGwasOrgidByTaxonId - <==      Total: 1
2022-02-15 10:53:30.468 [http-nio-9401-exec-8] DEBUG c.a.c.n.s.m.Ortho9031Mapper.findOrthByTaxonAndGene - ==>  Preparing: select c.taxon1,c.uniprot_id1,c.taxon2,c.uniprot_id2,c.db_evidence,c.from_db from gene_basic_info a inner join ortholog_id_mapping b on a.ensembl_gene_id=b.ensembl_gene_id inner join ortholog_all c on b.uniprot_id=c.uniprot_id1 where a.gwas_gene_id=? and c.taxon1=? 
2022-02-15 10:53:30.470 [http-nio-9401-exec-8] DEBUG c.a.c.n.s.m.Ortho9031Mapper.findOrthByTaxonAndGene - ==> Parameters: Zm00001d017820(String), 4577(Integer)
2022-02-15 10:53:30.474 [http-nio-9401-exec-8] DEBUG c.a.c.n.s.m.Ortho9031Mapper.findOrthByTaxonAndGene - <==      Total: 0
2022-02-15 10:53:30.474 [http-nio-9401-exec-8] DEBUG c.a.c.n.s.m.t.findGwasOrgidByTaxonId - ==>  Preparing: select gwas_orgid from species where taxon_id=? 
2022-02-15 10:53:30.475 [http-nio-9401-exec-8] DEBUG c.a.c.n.s.m.t.findGwasOrgidByTaxonId - ==> Parameters: 4577(Integer)
2022-02-15 10:53:30.478 [http-nio-9401-exec-8] DEBUG c.a.c.n.s.m.t.findGwasOrgidByTaxonId - <==      Total: 1
2022-02-15 10:53:30.478 [http-nio-9401-exec-8] DEBUG c.a.c.n.s.m.Ortho9031Mapper.findOrthByTaxonAndGene - ==>  Preparing: select c.taxon1,c.uniprot_id1,c.taxon2,c.uniprot_id2,c.db_evidence,c.from_db from gene_basic_info a inner join ortholog_id_mapping b on a.ensembl_gene_id=b.ensembl_gene_id inner join ortholog_all c on b.uniprot_id=c.uniprot_id1 where a.gwas_gene_id=? and c.taxon1=? 
2022-02-15 10:53:30.479 [http-nio-9401-exec-8] DEBUG c.a.c.n.s.m.Ortho9031Mapper.findOrthByTaxonAndGene - ==> Parameters: Zm00001d014796(String), 4577(Integer)
2022-02-15 10:53:30.481 [http-nio-9401-exec-8] DEBUG c.a.c.n.s.m.Ortho9031Mapper.findOrthByTaxonAndGene - <==      Total: 0
2022-02-15 10:53:30.481 [http-nio-9401-exec-8] DEBUG c.a.c.n.s.m.t.findGwasOrgidByTaxonId - ==>  Preparing: select gwas_orgid from species where taxon_id=? 
2022-02-15 10:53:30.482 [http-nio-9401-exec-8] DEBUG c.a.c.n.s.m.t.findGwasOrgidByTaxonId - ==> Parameters: 4577(Integer)
2022-02-15 10:53:30.495 [http-nio-9401-exec-8] DEBUG c.a.c.n.s.m.t.findGwasOrgidByTaxonId - <==      Total: 1
2022-02-15 10:53:30.495 [http-nio-9401-exec-8] DEBUG c.a.c.n.s.m.Ortho9031Mapper.findOrthByTaxonAndGene - ==>  Preparing: select c.taxon1,c.uniprot_id1,c.taxon2,c.uniprot_id2,c.db_evidence,c.from_db from gene_basic_info a inner join ortholog_id_mapping b on a.ensembl_gene_id=b.ensembl_gene_id inner join ortholog_all c on b.uniprot_id=c.uniprot_id1 where a.gwas_gene_id=? and c.taxon1=? 
2022-02-15 10:53:30.496 [http-nio-9401-exec-8] DEBUG c.a.c.n.s.m.Ortho9031Mapper.findOrthByTaxonAndGene - ==> Parameters: Zm00001d014674(String), 4577(Integer)
2022-02-15 10:53:30.497 [http-nio-9401-exec-8] DEBUG c.a.c.n.s.m.Ortho9031Mapper.findOrthByTaxonAndGene - <==      Total: 0
2022-02-15 10:53:30.497 [http-nio-9401-exec-8] DEBUG c.a.c.n.s.m.t.findGwasOrgidByTaxonId - ==>  Preparing: select gwas_orgid from species where taxon_id=? 
2022-02-15 10:53:30.497 [http-nio-9401-exec-8] DEBUG c.a.c.n.s.m.t.findGwasOrgidByTaxonId - ==> Parameters: 4577(Integer)
2022-02-15 10:53:30.500 [http-nio-9401-exec-8] DEBUG c.a.c.n.s.m.t.findGwasOrgidByTaxonId - <==      Total: 1
