2021-11-05 13:40:55.872 [restartedMain] INFO  cn.ac.cncb.ngdc.syndb.SyndbApplication - Starting SyndbApplication using Java 1.8.0_211 on LAPTOP-1VEOTUUA with PID 35632 (F:\syndb\target\classes started by 光亚 in F:\syndb)
2021-11-05 13:40:55.875 [restartedMain] INFO  cn.ac.cncb.ngdc.syndb.SyndbApplication - No active profile set, falling back to default profiles: default
2021-11-05 13:40:58.393 [restartedMain] INFO  cn.ac.cncb.ngdc.syndb.SyndbApplication - Started SyndbApplication in 3.426 seconds (JVM running for 5.292)
2021-11-05 13:41:28.335 [http-nio-9090-exec-1] DEBUG c.a.c.n.s.m.gwasInfoMapper.biomedicalTrait_COUNT - ==>  Preparing: SELECT count(0) FROM gwas_allinfo
2021-11-05 13:41:28.357 [http-nio-9090-exec-1] DEBUG c.a.c.n.s.m.gwasInfoMapper.biomedicalTrait_COUNT - ==> Parameters: 
2021-11-05 13:41:36.412 [http-nio-9090-exec-1] DEBUG c.a.c.n.s.m.gwasInfoMapper.biomedicalTrait_COUNT - <==      Total: 1
2021-11-05 13:41:36.415 [http-nio-9090-exec-1] DEBUG c.a.c.n.s.mapper.gwasInfoMapper.biomedicalTrait - ==>  Preparing: select id, varID, trait, species, reference_version, var_position, pvalue, rvalue, map_gene, classification, last_update_time, report_gene from gwas_allinfo LIMIT ?
2021-11-05 13:41:36.415 [http-nio-9090-exec-1] DEBUG c.a.c.n.s.mapper.gwasInfoMapper.biomedicalTrait - ==> Parameters: 10(Integer)
2021-11-05 13:41:36.486 [http-nio-9090-exec-1] DEBUG c.a.c.n.s.mapper.gwasInfoMapper.biomedicalTrait - <==      Total: 10
2021-11-05 13:41:39.536 [http-nio-9090-exec-2] DEBUG c.a.c.n.s.mapper.gwasInfoMapper.getOrthoInfo_COUNT - ==>  Preparing: SELECT count(0) FROM gwas_allinfo WHERE species IN (?, ?)
2021-11-05 13:41:39.537 [http-nio-9090-exec-2] DEBUG c.a.c.n.s.mapper.gwasInfoMapper.getOrthoInfo_COUNT - ==> Parameters: Chicken(String), Cattle(String)
2021-11-05 13:41:39.659 [http-nio-9090-exec-2] DEBUG c.a.c.n.s.mapper.gwasInfoMapper.getOrthoInfo_COUNT - <==      Total: 1
2021-11-05 13:41:39.661 [http-nio-9090-exec-2] DEBUG c.a.c.n.syndb.mapper.gwasInfoMapper.getOrthoInfo - ==>  Preparing: select * from gwas_allinfo WHERE species IN ( ? , ? ) LIMIT ?
2021-11-05 13:41:39.661 [http-nio-9090-exec-2] DEBUG c.a.c.n.syndb.mapper.gwasInfoMapper.getOrthoInfo - ==> Parameters: Chicken(String), Cattle(String), 10(Integer)
2021-11-05 13:41:39.696 [http-nio-9090-exec-2] DEBUG c.a.c.n.syndb.mapper.gwasInfoMapper.getOrthoInfo - <==      Total: 10
2021-11-05 13:41:43.140 [http-nio-9090-exec-5] DEBUG c.a.c.n.s.mapper.gwasInfoMapper.getOrthoInfo_COUNT - ==>  Preparing: SELECT count(0) FROM gwas_allinfo WHERE species IN (?, ?, ?)
2021-11-05 13:41:43.140 [http-nio-9090-exec-5] DEBUG c.a.c.n.s.mapper.gwasInfoMapper.getOrthoInfo_COUNT - ==> Parameters: Chicken(String), Cattle(String), Sheep(String)
2021-11-05 13:41:43.229 [http-nio-9090-exec-5] DEBUG c.a.c.n.s.mapper.gwasInfoMapper.getOrthoInfo_COUNT - <==      Total: 1
2021-11-05 13:41:43.230 [http-nio-9090-exec-5] DEBUG c.a.c.n.syndb.mapper.gwasInfoMapper.getOrthoInfo - ==>  Preparing: select * from gwas_allinfo WHERE species IN ( ? , ? , ? ) LIMIT ?
2021-11-05 13:41:43.230 [http-nio-9090-exec-5] DEBUG c.a.c.n.syndb.mapper.gwasInfoMapper.getOrthoInfo - ==> Parameters: Chicken(String), Cattle(String), Sheep(String), 10(Integer)
2021-11-05 13:41:43.234 [http-nio-9090-exec-5] DEBUG c.a.c.n.syndb.mapper.gwasInfoMapper.getOrthoInfo - <==      Total: 10
2021-11-05 13:41:48.967 [http-nio-9090-exec-6] DEBUG c.a.c.n.s.mapper.gwasInfoMapper.getOrthoInfo_COUNT - ==>  Preparing: select count(0) from (select * from gwas_allinfo WHERE species = ? AND ((map_gene != "" )OR (report_gene != ""))) tmp_count
2021-11-05 13:41:48.967 [http-nio-9090-exec-6] DEBUG c.a.c.n.s.mapper.gwasInfoMapper.getOrthoInfo_COUNT - ==> Parameters: Chicken(String)
2021-11-05 13:41:49.064 [http-nio-9090-exec-6] DEBUG c.a.c.n.s.mapper.gwasInfoMapper.getOrthoInfo_COUNT - <==      Total: 1
2021-11-05 13:41:49.065 [http-nio-9090-exec-6] DEBUG c.a.c.n.syndb.mapper.gwasInfoMapper.getOrthoInfo - ==>  Preparing: select * from gwas_allinfo WHERE species = ? AND ((map_gene != "" )OR (report_gene != "")) LIMIT ?
2021-11-05 13:41:49.065 [http-nio-9090-exec-6] DEBUG c.a.c.n.syndb.mapper.gwasInfoMapper.getOrthoInfo - ==> Parameters: Chicken(String), 10(Integer)
2021-11-05 13:41:49.074 [http-nio-9090-exec-6] DEBUG c.a.c.n.syndb.mapper.gwasInfoMapper.getOrthoInfo - <==      Total: 10
2021-11-05 13:45:10.250 [http-nio-9090-exec-8] DEBUG c.a.c.n.s.mapper.gwasInfoMapper.getOrthoInfo_COUNT - ==>  Preparing: select count(0) from (select * from gwas_allinfo WHERE species = ? AND ((map_gene != "" )OR (report_gene != ""))) tmp_count
2021-11-05 13:45:10.251 [http-nio-9090-exec-8] DEBUG c.a.c.n.s.mapper.gwasInfoMapper.getOrthoInfo_COUNT - ==> Parameters: Chicken(String)
2021-11-05 13:45:10.272 [http-nio-9090-exec-8] DEBUG c.a.c.n.s.mapper.gwasInfoMapper.getOrthoInfo_COUNT - <==      Total: 1
2021-11-05 13:45:10.273 [http-nio-9090-exec-8] DEBUG c.a.c.n.syndb.mapper.gwasInfoMapper.getOrthoInfo - ==>  Preparing: select * from gwas_allinfo WHERE species = ? AND ((map_gene != "" )OR (report_gene != "")) LIMIT ?
2021-11-05 13:45:10.273 [http-nio-9090-exec-8] DEBUG c.a.c.n.syndb.mapper.gwasInfoMapper.getOrthoInfo - ==> Parameters: Chicken(String), 10(Integer)
2021-11-05 13:45:10.276 [http-nio-9090-exec-8] DEBUG c.a.c.n.syndb.mapper.gwasInfoMapper.getOrthoInfo - <==      Total: 10
2021-11-05 13:45:52.865 [http-nio-9090-exec-10] DEBUG c.a.c.n.s.m.gwasInfoMapper.biomedicalTrait_COUNT - ==>  Preparing: SELECT count(0) FROM gwas_allinfo
2021-11-05 13:45:52.866 [http-nio-9090-exec-10] DEBUG c.a.c.n.s.m.gwasInfoMapper.biomedicalTrait_COUNT - ==> Parameters: 
2021-11-05 13:45:53.174 [http-nio-9090-exec-10] DEBUG c.a.c.n.s.m.gwasInfoMapper.biomedicalTrait_COUNT - <==      Total: 1
2021-11-05 13:45:53.176 [http-nio-9090-exec-10] DEBUG c.a.c.n.s.mapper.gwasInfoMapper.biomedicalTrait - ==>  Preparing: select id, varID, trait, species, reference_version, var_position, pvalue, rvalue, map_gene, classification, last_update_time, report_gene from gwas_allinfo LIMIT ?
2021-11-05 13:45:53.177 [http-nio-9090-exec-10] DEBUG c.a.c.n.s.mapper.gwasInfoMapper.biomedicalTrait - ==> Parameters: 10(Integer)
2021-11-05 13:45:53.180 [http-nio-9090-exec-10] DEBUG c.a.c.n.s.mapper.gwasInfoMapper.biomedicalTrait - <==      Total: 10
2021-11-05 13:45:58.627 [http-nio-9090-exec-2] DEBUG c.a.c.n.s.mapper.gwasInfoMapper.getOrthoInfo_COUNT - ==>  Preparing: select count(0) from (select * from gwas_allinfo WHERE species = ? AND ((map_gene != "" )OR (report_gene != ""))) tmp_count
2021-11-05 13:45:58.628 [http-nio-9090-exec-2] DEBUG c.a.c.n.s.mapper.gwasInfoMapper.getOrthoInfo_COUNT - ==> Parameters: Cattle(String)
2021-11-05 13:45:58.652 [http-nio-9090-exec-2] DEBUG c.a.c.n.s.mapper.gwasInfoMapper.getOrthoInfo_COUNT - <==      Total: 1
2021-11-05 13:45:58.653 [http-nio-9090-exec-2] DEBUG c.a.c.n.syndb.mapper.gwasInfoMapper.getOrthoInfo - ==>  Preparing: select * from gwas_allinfo WHERE species = ? AND ((map_gene != "" )OR (report_gene != "")) LIMIT ?
2021-11-05 13:45:58.654 [http-nio-9090-exec-2] DEBUG c.a.c.n.syndb.mapper.gwasInfoMapper.getOrthoInfo - ==> Parameters: Cattle(String), 10(Integer)
2021-11-05 13:45:58.657 [http-nio-9090-exec-2] DEBUG c.a.c.n.syndb.mapper.gwasInfoMapper.getOrthoInfo - <==      Total: 10
2021-11-05 13:53:05.352 [http-nio-9090-exec-3] DEBUG c.a.c.n.s.m.gwasInfoMapper.biomedicalTrait_COUNT - ==>  Preparing: SELECT count(0) FROM gwas_allinfo
2021-11-05 13:53:05.353 [http-nio-9090-exec-3] DEBUG c.a.c.n.s.m.gwasInfoMapper.biomedicalTrait_COUNT - ==> Parameters: 
2021-11-05 13:53:05.710 [http-nio-9090-exec-3] DEBUG c.a.c.n.s.m.gwasInfoMapper.biomedicalTrait_COUNT - <==      Total: 1
2021-11-05 13:53:05.713 [http-nio-9090-exec-3] DEBUG c.a.c.n.s.mapper.gwasInfoMapper.biomedicalTrait - ==>  Preparing: select id, varID, trait, species, reference_version, var_position, pvalue, rvalue, map_gene, classification, last_update_time, report_gene from gwas_allinfo LIMIT ?
2021-11-05 13:53:05.716 [http-nio-9090-exec-3] DEBUG c.a.c.n.s.mapper.gwasInfoMapper.biomedicalTrait - ==> Parameters: 10(Integer)
2021-11-05 13:53:05.732 [http-nio-9090-exec-3] DEBUG c.a.c.n.s.mapper.gwasInfoMapper.biomedicalTrait - <==      Total: 10
2021-11-05 13:53:36.487 [http-nio-9090-exec-5] DEBUG c.a.c.n.s.m.gwasInfoMapper.biomedicalTrait_COUNT - ==>  Preparing: SELECT count(0) FROM gwas_allinfo
2021-11-05 13:53:36.488 [http-nio-9090-exec-5] DEBUG c.a.c.n.s.m.gwasInfoMapper.biomedicalTrait_COUNT - ==> Parameters: 
2021-11-05 13:53:36.556 [http-nio-9090-exec-5] DEBUG c.a.c.n.s.m.gwasInfoMapper.biomedicalTrait_COUNT - <==      Total: 1
2021-11-05 13:53:36.557 [http-nio-9090-exec-5] DEBUG c.a.c.n.s.mapper.gwasInfoMapper.biomedicalTrait - ==>  Preparing: select id, varID, trait, species, reference_version, var_position, pvalue, rvalue, map_gene, classification, last_update_time, report_gene from gwas_allinfo LIMIT ?
2021-11-05 13:53:36.558 [http-nio-9090-exec-5] DEBUG c.a.c.n.s.mapper.gwasInfoMapper.biomedicalTrait - ==> Parameters: 10(Integer)
2021-11-05 13:53:36.560 [http-nio-9090-exec-5] DEBUG c.a.c.n.s.mapper.gwasInfoMapper.biomedicalTrait - <==      Total: 10
2021-11-05 13:53:40.009 [http-nio-9090-exec-6] DEBUG c.a.c.n.s.m.gwasInfoMapper.biomedicalTrait_COUNT - ==>  Preparing: SELECT count(0) FROM gwas_allinfo
2021-11-05 13:53:40.009 [http-nio-9090-exec-6] DEBUG c.a.c.n.s.m.gwasInfoMapper.biomedicalTrait_COUNT - ==> Parameters: 
2021-11-05 13:53:40.222 [http-nio-9090-exec-6] DEBUG c.a.c.n.s.m.gwasInfoMapper.biomedicalTrait_COUNT - <==      Total: 1
2021-11-05 13:53:40.224 [http-nio-9090-exec-6] DEBUG c.a.c.n.s.mapper.gwasInfoMapper.biomedicalTrait - ==>  Preparing: select id, varID, trait, species, reference_version, var_position, pvalue, rvalue, map_gene, classification, last_update_time, report_gene from gwas_allinfo LIMIT ?
2021-11-05 13:53:40.225 [http-nio-9090-exec-6] DEBUG c.a.c.n.s.mapper.gwasInfoMapper.biomedicalTrait - ==> Parameters: 10(Integer)
2021-11-05 13:53:40.228 [http-nio-9090-exec-6] DEBUG c.a.c.n.s.mapper.gwasInfoMapper.biomedicalTrait - <==      Total: 10
2021-11-05 13:53:45.047 [http-nio-9090-exec-8] DEBUG c.a.c.n.s.mapper.gwasInfoMapper.getOrthoInfo_COUNT - ==>  Preparing: select count(0) from (select * from gwas_allinfo WHERE species = ? AND ((map_gene != "" )OR (report_gene != ""))) tmp_count
2021-11-05 13:53:45.048 [http-nio-9090-exec-8] DEBUG c.a.c.n.s.mapper.gwasInfoMapper.getOrthoInfo_COUNT - ==> Parameters: Chicken(String)
2021-11-05 13:53:45.251 [http-nio-9090-exec-8] DEBUG c.a.c.n.s.mapper.gwasInfoMapper.getOrthoInfo_COUNT - <==      Total: 1
2021-11-05 13:53:45.252 [http-nio-9090-exec-8] DEBUG c.a.c.n.syndb.mapper.gwasInfoMapper.getOrthoInfo - ==>  Preparing: select * from gwas_allinfo WHERE species = ? AND ((map_gene != "" )OR (report_gene != "")) LIMIT ?
2021-11-05 13:53:45.253 [http-nio-9090-exec-8] DEBUG c.a.c.n.syndb.mapper.gwasInfoMapper.getOrthoInfo - ==> Parameters: Chicken(String), 10(Integer)
2021-11-05 13:53:45.263 [http-nio-9090-exec-8] DEBUG c.a.c.n.syndb.mapper.gwasInfoMapper.getOrthoInfo - <==      Total: 10
2021-11-05 14:09:18.909 [restartedMain] INFO  cn.ac.cncb.ngdc.syndb.SyndbApplication - Starting SyndbApplication using Java 1.8.0_211 on LAPTOP-1VEOTUUA with PID 40696 (F:\syndb\target\classes started by 光亚 in F:\syndb)
2021-11-05 14:09:18.913 [restartedMain] INFO  cn.ac.cncb.ngdc.syndb.SyndbApplication - No active profile set, falling back to default profiles: default
2021-11-05 14:09:24.921 [restartedMain] INFO  cn.ac.cncb.ngdc.syndb.SyndbApplication - Started SyndbApplication in 6.966 seconds (JVM running for 10.7)
2021-11-05 14:09:39.642 [http-nio-9090-exec-1] DEBUG c.a.c.n.s.m.gwasInfoMapper.biomedicalTrait_COUNT - ==>  Preparing: SELECT count(0) FROM gwas_allinfo
2021-11-05 14:09:39.664 [http-nio-9090-exec-1] DEBUG c.a.c.n.s.m.gwasInfoMapper.biomedicalTrait_COUNT - ==> Parameters: 
2021-11-05 14:09:40.521 [http-nio-9090-exec-1] DEBUG c.a.c.n.s.m.gwasInfoMapper.biomedicalTrait_COUNT - <==      Total: 1
2021-11-05 14:09:40.523 [http-nio-9090-exec-1] DEBUG c.a.c.n.s.mapper.gwasInfoMapper.biomedicalTrait - ==>  Preparing: select id, varID, trait, species, reference_version, var_position, pvalue, rvalue, map_gene, classification, last_update_time, report_gene from gwas_allinfo LIMIT ?
2021-11-05 14:09:40.524 [http-nio-9090-exec-1] DEBUG c.a.c.n.s.mapper.gwasInfoMapper.biomedicalTrait - ==> Parameters: 10(Integer)
2021-11-05 14:09:40.568 [http-nio-9090-exec-1] DEBUG c.a.c.n.s.mapper.gwasInfoMapper.biomedicalTrait - <==      Total: 10
2021-11-05 14:09:42.865 [http-nio-9090-exec-2] DEBUG c.a.c.n.s.mapper.gwasInfoMapper.getOrthoInfo_COUNT - ==>  Preparing: select count(0) from (select * from gwas_allinfo WHERE species = ? AND ((map_gene != "" )OR (report_gene != ""))) tmp_count
2021-11-05 14:09:42.866 [http-nio-9090-exec-2] DEBUG c.a.c.n.s.mapper.gwasInfoMapper.getOrthoInfo_COUNT - ==> Parameters: Chicken(String)
2021-11-05 14:09:42.910 [http-nio-9090-exec-2] DEBUG c.a.c.n.s.mapper.gwasInfoMapper.getOrthoInfo_COUNT - <==      Total: 1
2021-11-05 14:09:42.911 [http-nio-9090-exec-2] DEBUG c.a.c.n.syndb.mapper.gwasInfoMapper.getOrthoInfo - ==>  Preparing: select * from gwas_allinfo WHERE species = ? AND ((map_gene != "" )OR (report_gene != "")) LIMIT ?
2021-11-05 14:09:42.912 [http-nio-9090-exec-2] DEBUG c.a.c.n.syndb.mapper.gwasInfoMapper.getOrthoInfo - ==> Parameters: Chicken(String), 10(Integer)
2021-11-05 14:09:42.946 [http-nio-9090-exec-2] DEBUG c.a.c.n.syndb.mapper.gwasInfoMapper.getOrthoInfo - <==      Total: 10
2021-11-05 15:58:37.034 [http-nio-9090-exec-5] DEBUG c.a.c.n.s.m.gwasInfoMapper.biomedicalTrait_COUNT - ==>  Preparing: SELECT count(0) FROM gwas_allinfo
2021-11-05 15:58:37.329 [http-nio-9090-exec-5] DEBUG c.a.c.n.s.m.gwasInfoMapper.biomedicalTrait_COUNT - ==> Parameters: 
2021-11-05 15:58:38.075 [http-nio-9090-exec-5] DEBUG c.a.c.n.s.m.gwasInfoMapper.biomedicalTrait_COUNT - <==      Total: 1
2021-11-05 15:58:38.259 [http-nio-9090-exec-5] DEBUG c.a.c.n.s.mapper.gwasInfoMapper.biomedicalTrait - ==>  Preparing: select id, varID, trait, species, reference_version, var_position, pvalue, rvalue, map_gene, classification, last_update_time, report_gene from gwas_allinfo LIMIT ?
2021-11-05 15:58:38.261 [http-nio-9090-exec-5] DEBUG c.a.c.n.s.mapper.gwasInfoMapper.biomedicalTrait - ==> Parameters: 10(Integer)
2021-11-05 15:58:38.365 [http-nio-9090-exec-5] DEBUG c.a.c.n.s.mapper.gwasInfoMapper.biomedicalTrait - <==      Total: 10
2021-11-05 15:58:46.170 [http-nio-9090-exec-6] DEBUG c.a.c.n.s.mapper.gwasInfoMapper.getOrthoInfo_COUNT - ==>  Preparing: select count(0) from (select * from gwas_allinfo WHERE species = ? AND ((map_gene != "" )OR (report_gene != ""))) tmp_count
2021-11-05 15:58:46.171 [http-nio-9090-exec-6] DEBUG c.a.c.n.s.mapper.gwasInfoMapper.getOrthoInfo_COUNT - ==> Parameters: Chicken(String)
2021-11-05 15:58:46.190 [http-nio-9090-exec-6] DEBUG c.a.c.n.s.mapper.gwasInfoMapper.getOrthoInfo_COUNT - <==      Total: 1
2021-11-05 15:58:46.191 [http-nio-9090-exec-6] DEBUG c.a.c.n.syndb.mapper.gwasInfoMapper.getOrthoInfo - ==>  Preparing: select * from gwas_allinfo WHERE species = ? AND ((map_gene != "" )OR (report_gene != "")) LIMIT ?
2021-11-05 15:58:46.192 [http-nio-9090-exec-6] DEBUG c.a.c.n.syndb.mapper.gwasInfoMapper.getOrthoInfo - ==> Parameters: Chicken(String), 10(Integer)
2021-11-05 15:58:46.434 [http-nio-9090-exec-6] DEBUG c.a.c.n.syndb.mapper.gwasInfoMapper.getOrthoInfo - <==      Total: 10
2021-11-05 15:59:12.424 [http-nio-9090-exec-9] DEBUG c.a.c.n.s.m.gwasInfoMapper.biomedicalTrait_COUNT - ==>  Preparing: SELECT count(0) FROM gwas_allinfo
2021-11-05 15:59:12.425 [http-nio-9090-exec-9] DEBUG c.a.c.n.s.m.gwasInfoMapper.biomedicalTrait_COUNT - ==> Parameters: 
2021-11-05 15:59:12.489 [http-nio-9090-exec-9] DEBUG c.a.c.n.s.m.gwasInfoMapper.biomedicalTrait_COUNT - <==      Total: 1
2021-11-05 15:59:12.490 [http-nio-9090-exec-9] DEBUG c.a.c.n.s.mapper.gwasInfoMapper.biomedicalTrait - ==>  Preparing: select id, varID, trait, species, reference_version, var_position, pvalue, rvalue, map_gene, classification, last_update_time, report_gene from gwas_allinfo LIMIT ?
2021-11-05 15:59:12.491 [http-nio-9090-exec-9] DEBUG c.a.c.n.s.mapper.gwasInfoMapper.biomedicalTrait - ==> Parameters: 10(Integer)
2021-11-05 15:59:12.493 [http-nio-9090-exec-9] DEBUG c.a.c.n.s.mapper.gwasInfoMapper.biomedicalTrait - <==      Total: 10
2021-11-05 15:59:16.799 [http-nio-9090-exec-10] DEBUG c.a.c.n.s.mapper.gwasInfoMapper.getOrthoInfo_COUNT - ==>  Preparing: select count(0) from (select * from gwas_allinfo WHERE species = ? AND ((map_gene != "" )OR (report_gene != ""))) tmp_count
2021-11-05 15:59:16.799 [http-nio-9090-exec-10] DEBUG c.a.c.n.s.mapper.gwasInfoMapper.getOrthoInfo_COUNT - ==> Parameters: Chicken(String)
2021-11-05 15:59:16.817 [http-nio-9090-exec-10] DEBUG c.a.c.n.s.mapper.gwasInfoMapper.getOrthoInfo_COUNT - <==      Total: 1
2021-11-05 15:59:16.820 [http-nio-9090-exec-10] DEBUG c.a.c.n.syndb.mapper.gwasInfoMapper.getOrthoInfo - ==>  Preparing: select * from gwas_allinfo WHERE species = ? AND ((map_gene != "" )OR (report_gene != "")) LIMIT ?
2021-11-05 15:59:16.820 [http-nio-9090-exec-10] DEBUG c.a.c.n.syndb.mapper.gwasInfoMapper.getOrthoInfo - ==> Parameters: Chicken(String), 10(Integer)
2021-11-05 15:59:16.824 [http-nio-9090-exec-10] DEBUG c.a.c.n.syndb.mapper.gwasInfoMapper.getOrthoInfo - <==      Total: 10
2021-11-05 16:01:26.125 [http-nio-9090-exec-4] DEBUG c.a.c.n.s.m.gwasInfoMapper.biomedicalTrait_COUNT - ==>  Preparing: SELECT count(0) FROM gwas_allinfo
2021-11-05 16:01:26.127 [http-nio-9090-exec-4] DEBUG c.a.c.n.s.m.gwasInfoMapper.biomedicalTrait_COUNT - ==> Parameters: 
2021-11-05 16:01:26.449 [http-nio-9090-exec-4] DEBUG c.a.c.n.s.m.gwasInfoMapper.biomedicalTrait_COUNT - <==      Total: 1
2021-11-05 16:01:26.450 [http-nio-9090-exec-4] DEBUG c.a.c.n.s.mapper.gwasInfoMapper.biomedicalTrait - ==>  Preparing: select id, varID, trait, species, reference_version, var_position, pvalue, rvalue, map_gene, classification, last_update_time, report_gene from gwas_allinfo LIMIT ?
2021-11-05 16:01:26.450 [http-nio-9090-exec-4] DEBUG c.a.c.n.s.mapper.gwasInfoMapper.biomedicalTrait - ==> Parameters: 10(Integer)
2021-11-05 16:01:26.458 [http-nio-9090-exec-4] DEBUG c.a.c.n.s.mapper.gwasInfoMapper.biomedicalTrait - <==      Total: 10
2021-11-05 16:01:30.776 [http-nio-9090-exec-3] DEBUG c.a.c.n.s.mapper.gwasInfoMapper.getOrthoInfo_COUNT - ==>  Preparing: select count(0) from (select * from gwas_allinfo WHERE species = ? AND ((map_gene != "" )OR (report_gene != ""))) tmp_count
2021-11-05 16:01:30.777 [http-nio-9090-exec-3] DEBUG c.a.c.n.s.mapper.gwasInfoMapper.getOrthoInfo_COUNT - ==> Parameters: Chicken(String)
2021-11-05 16:01:30.916 [http-nio-9090-exec-3] DEBUG c.a.c.n.s.mapper.gwasInfoMapper.getOrthoInfo_COUNT - <==      Total: 1
2021-11-05 16:01:30.917 [http-nio-9090-exec-3] DEBUG c.a.c.n.syndb.mapper.gwasInfoMapper.getOrthoInfo - ==>  Preparing: select * from gwas_allinfo WHERE species = ? AND ((map_gene != "" )OR (report_gene != "")) LIMIT ?
2021-11-05 16:01:31.234 [http-nio-9090-exec-3] DEBUG c.a.c.n.syndb.mapper.gwasInfoMapper.getOrthoInfo - ==> Parameters: Chicken(String), 10(Integer)
2021-11-05 16:01:31.493 [http-nio-9090-exec-3] DEBUG c.a.c.n.syndb.mapper.gwasInfoMapper.getOrthoInfo - <==      Total: 10
