2022-01-28 12:07:26.375 [restartedMain] INFO  cn.ac.cncb.ngdc.syndb.SyndbApplication - Starting SyndbApplication using Java 1.8.0_211 on LAPTOP-1VEOTUUA with PID 36128 (F:\syndb\target\classes started by 光亚 in F:\syndb)
2022-01-28 12:07:26.380 [restartedMain] INFO  cn.ac.cncb.ngdc.syndb.SyndbApplication - No active profile set, falling back to default profiles: default
2022-01-28 12:07:29.730 [restartedMain] INFO  cn.ac.cncb.ngdc.syndb.SyndbApplication - Started SyndbApplication in 4.133 seconds (JVM running for 6.705)
2022-01-28 12:07:58.159 [http-nio-9401-exec-3] DEBUG c.a.c.n.s.m.trait2gwasMapper.biomedicalTrait_COUNT - ==>  Preparing: SELECT count(0) FROM trait_all
2022-01-28 12:07:58.188 [http-nio-9401-exec-3] DEBUG c.a.c.n.s.m.trait2gwasMapper.biomedicalTrait_COUNT - ==> Parameters: 
2022-01-28 12:07:58.268 [http-nio-9401-exec-3] DEBUG c.a.c.n.s.m.trait2gwasMapper.biomedicalTrait_COUNT - <==      Total: 1
2022-01-28 12:07:58.271 [http-nio-9401-exec-3] DEBUG c.a.c.n.s.mapper.trait2gwasMapper.biomedicalTrait - ==>  Preparing: select id, gene_id, trait_id, trait_name, species_common_name, taxon_id, classification, create_time, last_update_time from trait_all LIMIT ?
2022-01-28 12:07:58.272 [http-nio-9401-exec-3] DEBUG c.a.c.n.s.mapper.trait2gwasMapper.biomedicalTrait - ==> Parameters: 10(Integer)
2022-01-28 12:07:58.377 [http-nio-9401-exec-3] DEBUG c.a.c.n.s.mapper.trait2gwasMapper.biomedicalTrait - <==      Total: 10
2022-01-28 12:12:45.334 [http-nio-9401-exec-7] DEBUG c.a.c.n.s.m.trait2gwasMapper.biomedicalTrait_COUNT - ==>  Preparing: SELECT count(0) FROM trait_all
2022-01-28 12:12:45.335 [http-nio-9401-exec-7] DEBUG c.a.c.n.s.m.trait2gwasMapper.biomedicalTrait_COUNT - ==> Parameters: 
2022-01-28 12:12:45.338 [http-nio-9401-exec-7] DEBUG c.a.c.n.s.m.trait2gwasMapper.biomedicalTrait_COUNT - <==      Total: 1
2022-01-28 12:12:45.340 [http-nio-9401-exec-7] DEBUG c.a.c.n.s.mapper.trait2gwasMapper.biomedicalTrait - ==>  Preparing: select id, gene_id, trait_id, trait_name, species_common_name, taxon_id, classification, create_time, last_update_time from trait_all LIMIT ?
2022-01-28 12:12:45.341 [http-nio-9401-exec-7] DEBUG c.a.c.n.s.mapper.trait2gwasMapper.biomedicalTrait - ==> Parameters: 10(Integer)
2022-01-28 12:12:45.353 [http-nio-9401-exec-7] DEBUG c.a.c.n.s.mapper.trait2gwasMapper.biomedicalTrait - <==      Total: 10
2022-01-28 12:16:09.118 [http-nio-9401-exec-9] DEBUG c.a.c.n.s.m.trait2gwasMapper.biomedicalTrait_COUNT - ==>  Preparing: SELECT count(0) FROM trait_all
2022-01-28 12:16:09.119 [http-nio-9401-exec-9] DEBUG c.a.c.n.s.m.trait2gwasMapper.biomedicalTrait_COUNT - ==> Parameters: 
2022-01-28 12:16:09.124 [http-nio-9401-exec-9] DEBUG c.a.c.n.s.m.trait2gwasMapper.biomedicalTrait_COUNT - <==      Total: 1
2022-01-28 12:16:09.126 [http-nio-9401-exec-9] DEBUG c.a.c.n.s.mapper.trait2gwasMapper.biomedicalTrait - ==>  Preparing: select id, gene_id, trait_id, trait_name, species_common_name, taxon_id, classification, create_time, last_update_time from trait_all LIMIT ?
2022-01-28 12:16:09.127 [http-nio-9401-exec-9] DEBUG c.a.c.n.s.mapper.trait2gwasMapper.biomedicalTrait - ==> Parameters: 10(Integer)
2022-01-28 12:16:09.133 [http-nio-9401-exec-9] DEBUG c.a.c.n.s.mapper.trait2gwasMapper.biomedicalTrait - <==      Total: 10
2022-01-28 12:42:56.882 [http-nio-9401-exec-1] DEBUG c.a.c.n.s.m.trait2gwasMapper.biomedicalTrait_COUNT - ==>  Preparing: SELECT count(0) FROM trait_all
2022-01-28 12:42:56.882 [http-nio-9401-exec-1] DEBUG c.a.c.n.s.m.trait2gwasMapper.biomedicalTrait_COUNT - ==> Parameters: 
2022-01-28 12:42:56.937 [http-nio-9401-exec-1] DEBUG c.a.c.n.s.m.trait2gwasMapper.biomedicalTrait_COUNT - <==      Total: 1
2022-01-28 12:42:56.938 [http-nio-9401-exec-1] DEBUG c.a.c.n.s.mapper.trait2gwasMapper.biomedicalTrait - ==>  Preparing: select id, gene_id, trait_id, trait_name, species_common_name, taxon_id, classification, create_time, last_update_time from trait_all LIMIT ?
2022-01-28 12:42:56.939 [http-nio-9401-exec-1] DEBUG c.a.c.n.s.mapper.trait2gwasMapper.biomedicalTrait - ==> Parameters: 10(Integer)
2022-01-28 12:42:56.943 [http-nio-9401-exec-1] DEBUG c.a.c.n.s.mapper.trait2gwasMapper.biomedicalTrait - <==      Total: 10
2022-01-28 15:30:40.204 [http-nio-9401-exec-4] DEBUG c.a.c.n.s.m.trait2gwasMapper.biomedicalTrait_COUNT - ==>  Preparing: SELECT count(0) FROM trait_all
2022-01-28 15:30:40.212 [http-nio-9401-exec-4] DEBUG c.a.c.n.s.m.trait2gwasMapper.biomedicalTrait_COUNT - ==> Parameters: 
2022-01-28 15:30:40.384 [http-nio-9401-exec-4] DEBUG c.a.c.n.s.m.trait2gwasMapper.biomedicalTrait_COUNT - <==      Total: 1
2022-01-28 15:30:40.527 [http-nio-9401-exec-4] DEBUG c.a.c.n.s.mapper.trait2gwasMapper.biomedicalTrait - ==>  Preparing: select id, gene_id, trait_id, trait_name, species_common_name, taxon_id, classification, create_time, last_update_time from trait_all LIMIT ?
2022-01-28 15:30:40.529 [http-nio-9401-exec-4] DEBUG c.a.c.n.s.mapper.trait2gwasMapper.biomedicalTrait - ==> Parameters: 10(Integer)
2022-01-28 15:30:40.542 [http-nio-9401-exec-4] DEBUG c.a.c.n.s.mapper.trait2gwasMapper.biomedicalTrait - <==      Total: 10
2022-01-28 15:30:52.821 [http-nio-9401-exec-5] DEBUG c.a.c.n.s.m.trait2gwasMapper.biomedicalTrait_COUNT - ==>  Preparing: SELECT count(0) FROM trait_all
2022-01-28 15:30:52.822 [http-nio-9401-exec-5] DEBUG c.a.c.n.s.m.trait2gwasMapper.biomedicalTrait_COUNT - ==> Parameters: 
2022-01-28 15:30:52.826 [http-nio-9401-exec-5] DEBUG c.a.c.n.s.m.trait2gwasMapper.biomedicalTrait_COUNT - <==      Total: 1
2022-01-28 15:30:52.828 [http-nio-9401-exec-5] DEBUG c.a.c.n.s.mapper.trait2gwasMapper.biomedicalTrait - ==>  Preparing: select id, gene_id, trait_id, trait_name, species_common_name, taxon_id, classification, create_time, last_update_time from trait_all LIMIT ?, ?
2022-01-28 15:30:52.830 [http-nio-9401-exec-5] DEBUG c.a.c.n.s.mapper.trait2gwasMapper.biomedicalTrait - ==> Parameters: 10(Integer), 10(Integer)
2022-01-28 15:30:52.842 [http-nio-9401-exec-5] DEBUG c.a.c.n.s.mapper.trait2gwasMapper.biomedicalTrait - <==      Total: 10
2022-01-28 15:30:55.411 [http-nio-9401-exec-6] DEBUG c.a.c.n.s.m.trait2gwasMapper.biomedicalTrait_COUNT - ==>  Preparing: SELECT count(0) FROM trait_all
2022-01-28 15:30:55.412 [http-nio-9401-exec-6] DEBUG c.a.c.n.s.m.trait2gwasMapper.biomedicalTrait_COUNT - ==> Parameters: 
2022-01-28 15:30:55.415 [http-nio-9401-exec-6] DEBUG c.a.c.n.s.m.trait2gwasMapper.biomedicalTrait_COUNT - <==      Total: 1
2022-01-28 15:30:55.417 [http-nio-9401-exec-6] DEBUG c.a.c.n.s.mapper.trait2gwasMapper.biomedicalTrait - ==>  Preparing: select id, gene_id, trait_id, trait_name, species_common_name, taxon_id, classification, create_time, last_update_time from trait_all LIMIT ?
2022-01-28 15:30:55.418 [http-nio-9401-exec-6] DEBUG c.a.c.n.s.mapper.trait2gwasMapper.biomedicalTrait - ==> Parameters: 10(Integer)
2022-01-28 15:30:55.427 [http-nio-9401-exec-6] DEBUG c.a.c.n.s.mapper.trait2gwasMapper.biomedicalTrait - <==      Total: 10
2022-01-28 15:31:24.444 [http-nio-9401-exec-7] DEBUG c.a.c.n.s.m.trait2gwasMapper.biomedicalTrait_COUNT - ==>  Preparing: SELECT count(0) FROM trait_all
2022-01-28 15:31:24.445 [http-nio-9401-exec-7] DEBUG c.a.c.n.s.m.trait2gwasMapper.biomedicalTrait_COUNT - ==> Parameters: 
2022-01-28 15:31:24.576 [http-nio-9401-exec-7] DEBUG c.a.c.n.s.m.trait2gwasMapper.biomedicalTrait_COUNT - <==      Total: 1
2022-01-28 15:31:24.577 [http-nio-9401-exec-7] DEBUG c.a.c.n.s.mapper.trait2gwasMapper.biomedicalTrait - ==>  Preparing: select id, gene_id, trait_id, trait_name, species_common_name, taxon_id, classification, create_time, last_update_time from trait_all LIMIT ?
2022-01-28 15:31:24.628 [http-nio-9401-exec-7] DEBUG c.a.c.n.s.mapper.trait2gwasMapper.biomedicalTrait - ==> Parameters: 10(Integer)
2022-01-28 15:31:24.687 [http-nio-9401-exec-7] DEBUG c.a.c.n.s.mapper.trait2gwasMapper.biomedicalTrait - <==      Total: 10
2022-01-28 15:31:49.849 [http-nio-9401-exec-8] DEBUG c.a.c.n.s.m.trait2gwasMapper.biomedicalTrait_COUNT - ==>  Preparing: SELECT count(0) FROM trait_all
2022-01-28 15:31:49.868 [http-nio-9401-exec-8] DEBUG c.a.c.n.s.m.trait2gwasMapper.biomedicalTrait_COUNT - ==> Parameters: 
2022-01-28 15:31:49.870 [http-nio-9401-exec-8] DEBUG c.a.c.n.s.m.trait2gwasMapper.biomedicalTrait_COUNT - <==      Total: 1
2022-01-28 15:31:49.871 [http-nio-9401-exec-8] DEBUG c.a.c.n.s.mapper.trait2gwasMapper.biomedicalTrait - ==>  Preparing: select id, gene_id, trait_id, trait_name, species_common_name, taxon_id, classification, create_time, last_update_time from trait_all LIMIT ?, ?
2022-01-28 15:31:49.871 [http-nio-9401-exec-8] DEBUG c.a.c.n.s.mapper.trait2gwasMapper.biomedicalTrait - ==> Parameters: 10(Integer), 10(Integer)
2022-01-28 15:31:49.875 [http-nio-9401-exec-8] DEBUG c.a.c.n.s.mapper.trait2gwasMapper.biomedicalTrait - <==      Total: 10
2022-01-28 15:31:51.691 [http-nio-9401-exec-9] DEBUG c.a.c.n.s.m.trait2gwasMapper.biomedicalTrait_COUNT - ==>  Preparing: SELECT count(0) FROM trait_all
2022-01-28 15:31:51.692 [http-nio-9401-exec-9] DEBUG c.a.c.n.s.m.trait2gwasMapper.biomedicalTrait_COUNT - ==> Parameters: 
2022-01-28 15:31:51.693 [http-nio-9401-exec-9] DEBUG c.a.c.n.s.m.trait2gwasMapper.biomedicalTrait_COUNT - <==      Total: 1
2022-01-28 15:31:51.694 [http-nio-9401-exec-9] DEBUG c.a.c.n.s.mapper.trait2gwasMapper.biomedicalTrait - ==>  Preparing: select id, gene_id, trait_id, trait_name, species_common_name, taxon_id, classification, create_time, last_update_time from trait_all LIMIT ?, ?
2022-01-28 15:31:51.694 [http-nio-9401-exec-9] DEBUG c.a.c.n.s.mapper.trait2gwasMapper.biomedicalTrait - ==> Parameters: 20(Integer), 10(Integer)
2022-01-28 15:31:51.698 [http-nio-9401-exec-9] DEBUG c.a.c.n.s.mapper.trait2gwasMapper.biomedicalTrait - <==      Total: 10
2022-01-28 15:31:52.410 [http-nio-9401-exec-10] DEBUG c.a.c.n.s.m.trait2gwasMapper.biomedicalTrait_COUNT - ==>  Preparing: SELECT count(0) FROM trait_all
2022-01-28 15:31:52.411 [http-nio-9401-exec-10] DEBUG c.a.c.n.s.m.trait2gwasMapper.biomedicalTrait_COUNT - ==> Parameters: 
2022-01-28 15:31:52.412 [http-nio-9401-exec-10] DEBUG c.a.c.n.s.m.trait2gwasMapper.biomedicalTrait_COUNT - <==      Total: 1
2022-01-28 15:31:52.413 [http-nio-9401-exec-10] DEBUG c.a.c.n.s.mapper.trait2gwasMapper.biomedicalTrait - ==>  Preparing: select id, gene_id, trait_id, trait_name, species_common_name, taxon_id, classification, create_time, last_update_time from trait_all LIMIT ?, ?
2022-01-28 15:31:52.414 [http-nio-9401-exec-10] DEBUG c.a.c.n.s.mapper.trait2gwasMapper.biomedicalTrait - ==> Parameters: 30(Integer), 10(Integer)
2022-01-28 15:31:52.419 [http-nio-9401-exec-10] DEBUG c.a.c.n.s.mapper.trait2gwasMapper.biomedicalTrait - <==      Total: 10
2022-01-28 15:31:52.985 [http-nio-9401-exec-1] DEBUG c.a.c.n.s.m.trait2gwasMapper.biomedicalTrait_COUNT - ==>  Preparing: SELECT count(0) FROM trait_all
2022-01-28 15:31:52.986 [http-nio-9401-exec-1] DEBUG c.a.c.n.s.m.trait2gwasMapper.biomedicalTrait_COUNT - ==> Parameters: 
2022-01-28 15:31:52.987 [http-nio-9401-exec-1] DEBUG c.a.c.n.s.m.trait2gwasMapper.biomedicalTrait_COUNT - <==      Total: 1
2022-01-28 15:31:53.022 [http-nio-9401-exec-1] DEBUG c.a.c.n.s.mapper.trait2gwasMapper.biomedicalTrait - ==>  Preparing: select id, gene_id, trait_id, trait_name, species_common_name, taxon_id, classification, create_time, last_update_time from trait_all LIMIT ?, ?
2022-01-28 15:31:53.067 [http-nio-9401-exec-1] DEBUG c.a.c.n.s.mapper.trait2gwasMapper.biomedicalTrait - ==> Parameters: 40(Integer), 10(Integer)
2022-01-28 15:31:53.074 [http-nio-9401-exec-1] DEBUG c.a.c.n.s.mapper.trait2gwasMapper.biomedicalTrait - <==      Total: 10
2022-01-28 15:31:54.867 [http-nio-9401-exec-2] DEBUG c.a.c.n.s.m.trait2gwasMapper.biomedicalTrait_COUNT - ==>  Preparing: SELECT count(0) FROM trait_all
2022-01-28 15:31:54.868 [http-nio-9401-exec-2] DEBUG c.a.c.n.s.m.trait2gwasMapper.biomedicalTrait_COUNT - ==> Parameters: 
2022-01-28 15:31:54.870 [http-nio-9401-exec-2] DEBUG c.a.c.n.s.m.trait2gwasMapper.biomedicalTrait_COUNT - <==      Total: 1
2022-01-28 15:31:54.871 [http-nio-9401-exec-2] DEBUG c.a.c.n.s.mapper.trait2gwasMapper.biomedicalTrait - ==>  Preparing: select id, gene_id, trait_id, trait_name, species_common_name, taxon_id, classification, create_time, last_update_time from trait_all LIMIT ?, ?
2022-01-28 15:31:54.872 [http-nio-9401-exec-2] DEBUG c.a.c.n.s.mapper.trait2gwasMapper.biomedicalTrait - ==> Parameters: 50(Integer), 10(Integer)
2022-01-28 15:31:54.891 [http-nio-9401-exec-2] DEBUG c.a.c.n.s.mapper.trait2gwasMapper.biomedicalTrait - <==      Total: 10
2022-01-28 15:31:55.165 [http-nio-9401-exec-4] DEBUG c.a.c.n.s.m.trait2gwasMapper.biomedicalTrait_COUNT - ==>  Preparing: SELECT count(0) FROM trait_all
2022-01-28 15:31:55.165 [http-nio-9401-exec-4] DEBUG c.a.c.n.s.m.trait2gwasMapper.biomedicalTrait_COUNT - ==> Parameters: 
2022-01-28 15:31:55.167 [http-nio-9401-exec-4] DEBUG c.a.c.n.s.m.trait2gwasMapper.biomedicalTrait_COUNT - <==      Total: 1
2022-01-28 15:31:55.168 [http-nio-9401-exec-4] DEBUG c.a.c.n.s.mapper.trait2gwasMapper.biomedicalTrait - ==>  Preparing: select id, gene_id, trait_id, trait_name, species_common_name, taxon_id, classification, create_time, last_update_time from trait_all LIMIT ?, ?
2022-01-28 15:31:55.179 [http-nio-9401-exec-4] DEBUG c.a.c.n.s.mapper.trait2gwasMapper.biomedicalTrait - ==> Parameters: 60(Integer), 10(Integer)
2022-01-28 15:31:55.184 [http-nio-9401-exec-4] DEBUG c.a.c.n.s.mapper.trait2gwasMapper.biomedicalTrait - <==      Total: 10
2022-01-28 15:31:55.665 [http-nio-9401-exec-3] DEBUG c.a.c.n.s.m.trait2gwasMapper.biomedicalTrait_COUNT - ==>  Preparing: SELECT count(0) FROM trait_all
2022-01-28 15:31:55.666 [http-nio-9401-exec-3] DEBUG c.a.c.n.s.m.trait2gwasMapper.biomedicalTrait_COUNT - ==> Parameters: 
2022-01-28 15:31:55.668 [http-nio-9401-exec-3] DEBUG c.a.c.n.s.m.trait2gwasMapper.biomedicalTrait_COUNT - <==      Total: 1
2022-01-28 15:31:55.669 [http-nio-9401-exec-3] DEBUG c.a.c.n.s.mapper.trait2gwasMapper.biomedicalTrait - ==>  Preparing: select id, gene_id, trait_id, trait_name, species_common_name, taxon_id, classification, create_time, last_update_time from trait_all LIMIT ?, ?
2022-01-28 15:31:55.669 [http-nio-9401-exec-3] DEBUG c.a.c.n.s.mapper.trait2gwasMapper.biomedicalTrait - ==> Parameters: 70(Integer), 10(Integer)
2022-01-28 15:31:55.673 [http-nio-9401-exec-3] DEBUG c.a.c.n.s.mapper.trait2gwasMapper.biomedicalTrait - <==      Total: 10
2022-01-28 15:31:56.119 [http-nio-9401-exec-5] DEBUG c.a.c.n.s.m.trait2gwasMapper.biomedicalTrait_COUNT - ==>  Preparing: SELECT count(0) FROM trait_all
2022-01-28 15:31:56.120 [http-nio-9401-exec-5] DEBUG c.a.c.n.s.m.trait2gwasMapper.biomedicalTrait_COUNT - ==> Parameters: 
2022-01-28 15:31:56.122 [http-nio-9401-exec-5] DEBUG c.a.c.n.s.m.trait2gwasMapper.biomedicalTrait_COUNT - <==      Total: 1
2022-01-28 15:31:56.124 [http-nio-9401-exec-5] DEBUG c.a.c.n.s.mapper.trait2gwasMapper.biomedicalTrait - ==>  Preparing: select id, gene_id, trait_id, trait_name, species_common_name, taxon_id, classification, create_time, last_update_time from trait_all LIMIT ?, ?
2022-01-28 15:31:56.124 [http-nio-9401-exec-5] DEBUG c.a.c.n.s.mapper.trait2gwasMapper.biomedicalTrait - ==> Parameters: 80(Integer), 10(Integer)
2022-01-28 15:31:56.128 [http-nio-9401-exec-5] DEBUG c.a.c.n.s.mapper.trait2gwasMapper.biomedicalTrait - <==      Total: 10
2022-01-28 15:31:56.624 [http-nio-9401-exec-6] DEBUG c.a.c.n.s.m.trait2gwasMapper.biomedicalTrait_COUNT - ==>  Preparing: SELECT count(0) FROM trait_all
2022-01-28 15:31:56.624 [http-nio-9401-exec-6] DEBUG c.a.c.n.s.m.trait2gwasMapper.biomedicalTrait_COUNT - ==> Parameters: 
2022-01-28 15:31:56.625 [http-nio-9401-exec-6] DEBUG c.a.c.n.s.m.trait2gwasMapper.biomedicalTrait_COUNT - <==      Total: 1
2022-01-28 15:31:56.626 [http-nio-9401-exec-6] DEBUG c.a.c.n.s.mapper.trait2gwasMapper.biomedicalTrait - ==>  Preparing: select id, gene_id, trait_id, trait_name, species_common_name, taxon_id, classification, create_time, last_update_time from trait_all LIMIT ?, ?
2022-01-28 15:31:56.627 [http-nio-9401-exec-6] DEBUG c.a.c.n.s.mapper.trait2gwasMapper.biomedicalTrait - ==> Parameters: 90(Integer), 10(Integer)
2022-01-28 15:31:56.630 [http-nio-9401-exec-6] DEBUG c.a.c.n.s.mapper.trait2gwasMapper.biomedicalTrait - <==      Total: 10
2022-01-28 15:36:42.930 [http-nio-9401-exec-8] DEBUG c.a.c.n.s.m.trait2gwasMapper.biomedicalTrait_COUNT - ==>  Preparing: SELECT count(0) FROM trait_all
2022-01-28 15:36:42.931 [http-nio-9401-exec-8] DEBUG c.a.c.n.s.m.trait2gwasMapper.biomedicalTrait_COUNT - ==> Parameters: 
2022-01-28 15:36:42.934 [http-nio-9401-exec-8] DEBUG c.a.c.n.s.m.trait2gwasMapper.biomedicalTrait_COUNT - <==      Total: 1
2022-01-28 15:36:42.936 [http-nio-9401-exec-8] DEBUG c.a.c.n.s.mapper.trait2gwasMapper.biomedicalTrait - ==>  Preparing: select id, gene_id, trait_id, trait_name, species_common_name, taxon_id, classification, create_time, last_update_time from trait_all LIMIT ?, ?
2022-01-28 15:36:42.937 [http-nio-9401-exec-8] DEBUG c.a.c.n.s.mapper.trait2gwasMapper.biomedicalTrait - ==> Parameters: 100(Integer), 10(Integer)
2022-01-28 15:36:42.948 [http-nio-9401-exec-8] DEBUG c.a.c.n.s.mapper.trait2gwasMapper.biomedicalTrait - <==      Total: 10
2022-01-28 15:36:43.723 [http-nio-9401-exec-9] DEBUG c.a.c.n.s.m.trait2gwasMapper.biomedicalTrait_COUNT - ==>  Preparing: SELECT count(0) FROM trait_all
2022-01-28 15:36:43.724 [http-nio-9401-exec-9] DEBUG c.a.c.n.s.m.trait2gwasMapper.biomedicalTrait_COUNT - ==> Parameters: 
2022-01-28 15:36:43.726 [http-nio-9401-exec-9] DEBUG c.a.c.n.s.m.trait2gwasMapper.biomedicalTrait_COUNT - <==      Total: 1
2022-01-28 15:36:43.728 [http-nio-9401-exec-9] DEBUG c.a.c.n.s.mapper.trait2gwasMapper.biomedicalTrait - ==>  Preparing: select id, gene_id, trait_id, trait_name, species_common_name, taxon_id, classification, create_time, last_update_time from trait_all LIMIT ?, ?
2022-01-28 15:36:43.730 [http-nio-9401-exec-9] DEBUG c.a.c.n.s.mapper.trait2gwasMapper.biomedicalTrait - ==> Parameters: 110(Integer), 10(Integer)
2022-01-28 15:36:43.738 [http-nio-9401-exec-9] DEBUG c.a.c.n.s.mapper.trait2gwasMapper.biomedicalTrait - <==      Total: 10
2022-01-28 15:36:44.274 [http-nio-9401-exec-10] DEBUG c.a.c.n.s.m.trait2gwasMapper.biomedicalTrait_COUNT - ==>  Preparing: SELECT count(0) FROM trait_all
2022-01-28 15:36:44.275 [http-nio-9401-exec-10] DEBUG c.a.c.n.s.m.trait2gwasMapper.biomedicalTrait_COUNT - ==> Parameters: 
2022-01-28 15:36:44.278 [http-nio-9401-exec-10] DEBUG c.a.c.n.s.m.trait2gwasMapper.biomedicalTrait_COUNT - <==      Total: 1
2022-01-28 15:36:44.298 [http-nio-9401-exec-10] DEBUG c.a.c.n.s.mapper.trait2gwasMapper.biomedicalTrait - ==>  Preparing: select id, gene_id, trait_id, trait_name, species_common_name, taxon_id, classification, create_time, last_update_time from trait_all LIMIT ?, ?
2022-01-28 15:36:44.299 [http-nio-9401-exec-10] DEBUG c.a.c.n.s.mapper.trait2gwasMapper.biomedicalTrait - ==> Parameters: 120(Integer), 10(Integer)
2022-01-28 15:36:44.306 [http-nio-9401-exec-10] DEBUG c.a.c.n.s.mapper.trait2gwasMapper.biomedicalTrait - <==      Total: 10
2022-01-28 15:36:46.334 [http-nio-9401-exec-1] DEBUG c.a.c.n.s.m.trait2gwasMapper.biomedicalTrait_COUNT - ==>  Preparing: SELECT count(0) FROM trait_all
2022-01-28 15:36:46.335 [http-nio-9401-exec-1] DEBUG c.a.c.n.s.m.trait2gwasMapper.biomedicalTrait_COUNT - ==> Parameters: 
2022-01-28 15:36:46.338 [http-nio-9401-exec-1] DEBUG c.a.c.n.s.m.trait2gwasMapper.biomedicalTrait_COUNT - <==      Total: 1
2022-01-28 15:36:46.340 [http-nio-9401-exec-1] DEBUG c.a.c.n.s.mapper.trait2gwasMapper.biomedicalTrait - ==>  Preparing: select id, gene_id, trait_id, trait_name, species_common_name, taxon_id, classification, create_time, last_update_time from trait_all LIMIT ?, ?
2022-01-28 15:36:46.341 [http-nio-9401-exec-1] DEBUG c.a.c.n.s.mapper.trait2gwasMapper.biomedicalTrait - ==> Parameters: 130(Integer), 10(Integer)
2022-01-28 15:36:46.351 [http-nio-9401-exec-1] DEBUG c.a.c.n.s.mapper.trait2gwasMapper.biomedicalTrait - <==      Total: 10
2022-01-28 15:36:48.894 [http-nio-9401-exec-2] DEBUG c.a.c.n.s.m.trait2gwasMapper.biomedicalTrait_COUNT - ==>  Preparing: SELECT count(0) FROM trait_all
2022-01-28 15:36:48.895 [http-nio-9401-exec-2] DEBUG c.a.c.n.s.m.trait2gwasMapper.biomedicalTrait_COUNT - ==> Parameters: 
2022-01-28 15:36:48.897 [http-nio-9401-exec-2] DEBUG c.a.c.n.s.m.trait2gwasMapper.biomedicalTrait_COUNT - <==      Total: 1
2022-01-28 15:36:48.898 [http-nio-9401-exec-2] DEBUG c.a.c.n.s.mapper.trait2gwasMapper.biomedicalTrait - ==>  Preparing: select id, gene_id, trait_id, trait_name, species_common_name, taxon_id, classification, create_time, last_update_time from trait_all LIMIT ?, ?
2022-01-28 15:36:48.899 [http-nio-9401-exec-2] DEBUG c.a.c.n.s.mapper.trait2gwasMapper.biomedicalTrait - ==> Parameters: 140(Integer), 10(Integer)
2022-01-28 15:36:48.904 [http-nio-9401-exec-2] DEBUG c.a.c.n.s.mapper.trait2gwasMapper.biomedicalTrait - <==      Total: 10
2022-01-28 15:36:49.217 [http-nio-9401-exec-4] DEBUG c.a.c.n.s.m.trait2gwasMapper.biomedicalTrait_COUNT - ==>  Preparing: SELECT count(0) FROM trait_all
2022-01-28 15:36:49.218 [http-nio-9401-exec-4] DEBUG c.a.c.n.s.m.trait2gwasMapper.biomedicalTrait_COUNT - ==> Parameters: 
2022-01-28 15:36:49.222 [http-nio-9401-exec-4] DEBUG c.a.c.n.s.m.trait2gwasMapper.biomedicalTrait_COUNT - <==      Total: 1
2022-01-28 15:36:49.225 [http-nio-9401-exec-4] DEBUG c.a.c.n.s.mapper.trait2gwasMapper.biomedicalTrait - ==>  Preparing: select id, gene_id, trait_id, trait_name, species_common_name, taxon_id, classification, create_time, last_update_time from trait_all LIMIT ?, ?
2022-01-28 15:36:49.227 [http-nio-9401-exec-4] DEBUG c.a.c.n.s.mapper.trait2gwasMapper.biomedicalTrait - ==> Parameters: 150(Integer), 10(Integer)
2022-01-28 15:36:49.236 [http-nio-9401-exec-4] DEBUG c.a.c.n.s.mapper.trait2gwasMapper.biomedicalTrait - <==      Total: 10
2022-01-28 15:36:49.382 [http-nio-9401-exec-3] DEBUG c.a.c.n.s.m.trait2gwasMapper.biomedicalTrait_COUNT - ==>  Preparing: SELECT count(0) FROM trait_all
2022-01-28 15:36:49.383 [http-nio-9401-exec-3] DEBUG c.a.c.n.s.m.trait2gwasMapper.biomedicalTrait_COUNT - ==> Parameters: 
2022-01-28 15:36:49.384 [http-nio-9401-exec-3] DEBUG c.a.c.n.s.m.trait2gwasMapper.biomedicalTrait_COUNT - <==      Total: 1
2022-01-28 15:36:49.385 [http-nio-9401-exec-3] DEBUG c.a.c.n.s.mapper.trait2gwasMapper.biomedicalTrait - ==>  Preparing: select id, gene_id, trait_id, trait_name, species_common_name, taxon_id, classification, create_time, last_update_time from trait_all LIMIT ?, ?
2022-01-28 15:36:49.385 [http-nio-9401-exec-3] DEBUG c.a.c.n.s.mapper.trait2gwasMapper.biomedicalTrait - ==> Parameters: 160(Integer), 10(Integer)
2022-01-28 15:36:49.390 [http-nio-9401-exec-3] DEBUG c.a.c.n.s.mapper.trait2gwasMapper.biomedicalTrait - <==      Total: 10
2022-01-28 15:36:57.008 [http-nio-9401-exec-5] DEBUG c.a.c.n.s.m.t.getInfoByTraitName_COUNT - ==>  Preparing: SELECT count(0) FROM trait_all WHERE top_trait = ?
2022-01-28 15:36:57.009 [http-nio-9401-exec-5] DEBUG c.a.c.n.s.m.t.getInfoByTraitName_COUNT - ==> Parameters: animal health trait(String)
2022-01-28 15:36:58.813 [http-nio-9401-exec-6] DEBUG c.a.c.n.s.m.t.getInfoByTraitName_COUNT - ==>  Preparing: SELECT count(0) FROM trait_all WHERE top_trait = ?
2022-01-28 15:36:58.814 [http-nio-9401-exec-6] DEBUG c.a.c.n.s.m.t.getInfoByTraitName_COUNT - ==> Parameters: animal welfare trait(String)
2022-01-28 15:38:00.852 [http-nio-9401-exec-7] DEBUG c.a.c.n.s.m.trait2gwasMapper.biomedicalTrait_COUNT - ==>  Preparing: SELECT count(0) FROM trait_all
2022-01-28 15:38:00.853 [http-nio-9401-exec-7] DEBUG c.a.c.n.s.m.trait2gwasMapper.biomedicalTrait_COUNT - ==> Parameters: 
2022-01-28 15:38:00.855 [http-nio-9401-exec-7] DEBUG c.a.c.n.s.m.trait2gwasMapper.biomedicalTrait_COUNT - <==      Total: 1
2022-01-28 15:38:00.856 [http-nio-9401-exec-7] DEBUG c.a.c.n.s.mapper.trait2gwasMapper.biomedicalTrait - ==>  Preparing: select id, gene_id, trait_id, trait_name, species_common_name, taxon_id, classification, create_time, last_update_time from trait_all LIMIT ?, ?
2022-01-28 15:38:00.857 [http-nio-9401-exec-7] DEBUG c.a.c.n.s.mapper.trait2gwasMapper.biomedicalTrait - ==> Parameters: 170(Integer), 10(Integer)
2022-01-28 15:38:00.862 [http-nio-9401-exec-7] DEBUG c.a.c.n.s.mapper.trait2gwasMapper.biomedicalTrait - <==      Total: 10
2022-01-28 15:38:01.559 [http-nio-9401-exec-8] DEBUG c.a.c.n.s.m.trait2gwasMapper.biomedicalTrait_COUNT - ==>  Preparing: SELECT count(0) FROM trait_all
2022-01-28 15:38:01.560 [http-nio-9401-exec-8] DEBUG c.a.c.n.s.m.trait2gwasMapper.biomedicalTrait_COUNT - ==> Parameters: 
2022-01-28 15:38:01.564 [http-nio-9401-exec-8] DEBUG c.a.c.n.s.m.trait2gwasMapper.biomedicalTrait_COUNT - <==      Total: 1
2022-01-28 15:38:01.566 [http-nio-9401-exec-8] DEBUG c.a.c.n.s.mapper.trait2gwasMapper.biomedicalTrait - ==>  Preparing: select id, gene_id, trait_id, trait_name, species_common_name, taxon_id, classification, create_time, last_update_time from trait_all LIMIT ?, ?
2022-01-28 15:38:01.568 [http-nio-9401-exec-8] DEBUG c.a.c.n.s.mapper.trait2gwasMapper.biomedicalTrait - ==> Parameters: 180(Integer), 10(Integer)
2022-01-28 15:38:01.579 [http-nio-9401-exec-8] DEBUG c.a.c.n.s.mapper.trait2gwasMapper.biomedicalTrait - <==      Total: 10
2022-01-28 15:38:14.151 [http-nio-9401-exec-9] DEBUG c.a.c.n.s.m.trait2gwasMapper.biomedicalTrait_COUNT - ==>  Preparing: SELECT count(0) FROM trait_all
2022-01-28 15:38:14.152 [http-nio-9401-exec-9] DEBUG c.a.c.n.s.m.trait2gwasMapper.biomedicalTrait_COUNT - ==> Parameters: 
2022-01-28 15:38:14.260 [http-nio-9401-exec-9] DEBUG c.a.c.n.s.m.trait2gwasMapper.biomedicalTrait_COUNT - <==      Total: 1
2022-01-28 15:38:14.263 [http-nio-9401-exec-9] DEBUG c.a.c.n.s.mapper.trait2gwasMapper.biomedicalTrait - ==>  Preparing: select id, gene_id, trait_id, trait_name, species_common_name, taxon_id, classification, create_time, last_update_time from trait_all LIMIT ?, ?
2022-01-28 15:38:14.264 [http-nio-9401-exec-9] DEBUG c.a.c.n.s.mapper.trait2gwasMapper.biomedicalTrait - ==> Parameters: 200(Integer), 10(Integer)
2022-01-28 15:38:14.273 [http-nio-9401-exec-9] DEBUG c.a.c.n.s.mapper.trait2gwasMapper.biomedicalTrait - <==      Total: 10
2022-01-28 15:38:15.180 [http-nio-9401-exec-10] DEBUG c.a.c.n.s.m.trait2gwasMapper.biomedicalTrait_COUNT - ==>  Preparing: SELECT count(0) FROM trait_all
2022-01-28 15:38:15.180 [http-nio-9401-exec-10] DEBUG c.a.c.n.s.m.trait2gwasMapper.biomedicalTrait_COUNT - ==> Parameters: 
2022-01-28 15:38:15.182 [http-nio-9401-exec-10] DEBUG c.a.c.n.s.m.trait2gwasMapper.biomedicalTrait_COUNT - <==      Total: 1
2022-01-28 15:38:15.183 [http-nio-9401-exec-10] DEBUG c.a.c.n.s.mapper.trait2gwasMapper.biomedicalTrait - ==>  Preparing: select id, gene_id, trait_id, trait_name, species_common_name, taxon_id, classification, create_time, last_update_time from trait_all LIMIT ?, ?
2022-01-28 15:38:15.183 [http-nio-9401-exec-10] DEBUG c.a.c.n.s.mapper.trait2gwasMapper.biomedicalTrait - ==> Parameters: 36520(Integer), 10(Integer)
2022-01-28 15:38:15.514 [http-nio-9401-exec-10] DEBUG c.a.c.n.s.mapper.trait2gwasMapper.biomedicalTrait - <==      Total: 4
2022-01-28 15:38:17.695 [http-nio-9401-exec-1] DEBUG c.a.c.n.s.m.trait2gwasMapper.biomedicalTrait_COUNT - ==>  Preparing: SELECT count(0) FROM trait_all
2022-01-28 15:38:17.695 [http-nio-9401-exec-1] DEBUG c.a.c.n.s.m.trait2gwasMapper.biomedicalTrait_COUNT - ==> Parameters: 
2022-01-28 15:38:17.696 [http-nio-9401-exec-1] DEBUG c.a.c.n.s.m.trait2gwasMapper.biomedicalTrait_COUNT - <==      Total: 1
2022-01-28 15:38:17.698 [http-nio-9401-exec-1] DEBUG c.a.c.n.s.mapper.trait2gwasMapper.biomedicalTrait - ==>  Preparing: select id, gene_id, trait_id, trait_name, species_common_name, taxon_id, classification, create_time, last_update_time from trait_all LIMIT ?, ?
2022-01-28 15:38:17.698 [http-nio-9401-exec-1] DEBUG c.a.c.n.s.mapper.trait2gwasMapper.biomedicalTrait - ==> Parameters: 36510(Integer), 10(Integer)
2022-01-28 15:38:17.804 [http-nio-9401-exec-1] DEBUG c.a.c.n.s.mapper.trait2gwasMapper.biomedicalTrait - <==      Total: 10
2022-01-28 15:38:31.352 [http-nio-9401-exec-2] DEBUG c.a.c.n.s.m.trait2gwasMapper.biomedicalTrait_COUNT - ==>  Preparing: SELECT count(0) FROM trait_all
2022-01-28 15:38:31.355 [http-nio-9401-exec-2] DEBUG c.a.c.n.s.m.trait2gwasMapper.biomedicalTrait_COUNT - ==> Parameters: 
2022-01-28 15:38:31.360 [http-nio-9401-exec-2] DEBUG c.a.c.n.s.m.trait2gwasMapper.biomedicalTrait_COUNT - <==      Total: 1
2022-01-28 15:38:31.365 [http-nio-9401-exec-2] DEBUG c.a.c.n.s.mapper.trait2gwasMapper.biomedicalTrait - ==>  Preparing: select id, gene_id, trait_id, trait_name, species_common_name, taxon_id, classification, create_time, last_update_time from trait_all LIMIT ?, ?
2022-01-28 15:38:31.366 [http-nio-9401-exec-2] DEBUG c.a.c.n.s.mapper.trait2gwasMapper.biomedicalTrait - ==> Parameters: 36500(Integer), 10(Integer)
2022-01-28 15:38:31.538 [http-nio-9401-exec-2] DEBUG c.a.c.n.s.mapper.trait2gwasMapper.biomedicalTrait - <==      Total: 10
2022-01-28 15:48:02.397 [http-nio-9401-exec-3] DEBUG c.a.c.n.s.m.trait2gwasMapper.biomedicalTrait_COUNT - ==>  Preparing: SELECT count(0) FROM trait_all
2022-01-28 15:48:02.399 [http-nio-9401-exec-3] DEBUG c.a.c.n.s.m.trait2gwasMapper.biomedicalTrait_COUNT - ==> Parameters: 
2022-01-28 15:48:02.455 [http-nio-9401-exec-3] DEBUG c.a.c.n.s.m.trait2gwasMapper.biomedicalTrait_COUNT - <==      Total: 1
2022-01-28 15:48:02.457 [http-nio-9401-exec-3] DEBUG c.a.c.n.s.mapper.trait2gwasMapper.biomedicalTrait - ==>  Preparing: select id, gene_id, trait_id, trait_name, species_common_name, taxon_id, classification, create_time, last_update_time from trait_all LIMIT ?
2022-01-28 15:48:02.458 [http-nio-9401-exec-3] DEBUG c.a.c.n.s.mapper.trait2gwasMapper.biomedicalTrait - ==> Parameters: 10(Integer)
2022-01-28 15:48:02.465 [http-nio-9401-exec-3] DEBUG c.a.c.n.s.mapper.trait2gwasMapper.biomedicalTrait - <==      Total: 10
2022-01-28 16:05:43.855 [http-nio-9401-exec-6] DEBUG c.a.c.n.s.m.trait2gwasMapper.biomedicalTrait_COUNT - ==>  Preparing: SELECT count(0) FROM trait_all
2022-01-28 16:05:43.857 [http-nio-9401-exec-6] DEBUG c.a.c.n.s.m.trait2gwasMapper.biomedicalTrait_COUNT - ==> Parameters: 
2022-01-28 16:05:43.862 [http-nio-9401-exec-6] DEBUG c.a.c.n.s.m.trait2gwasMapper.biomedicalTrait_COUNT - <==      Total: 1
2022-01-28 16:05:43.867 [http-nio-9401-exec-6] DEBUG c.a.c.n.s.mapper.trait2gwasMapper.biomedicalTrait - ==>  Preparing: select id, gene_id, trait_id, trait_name, species_common_name, taxon_id, classification, create_time, last_update_time from trait_all LIMIT ?
2022-01-28 16:05:43.869 [http-nio-9401-exec-6] DEBUG c.a.c.n.s.mapper.trait2gwasMapper.biomedicalTrait - ==> Parameters: 10(Integer)
2022-01-28 16:05:43.877 [http-nio-9401-exec-6] DEBUG c.a.c.n.s.mapper.trait2gwasMapper.biomedicalTrait - <==      Total: 10
2022-01-28 16:05:48.371 [http-nio-9401-exec-7] DEBUG c.a.c.n.s.m.trait2gwasMapper.biomedicalTrait_COUNT - ==>  Preparing: SELECT count(0) FROM trait_all
2022-01-28 16:05:48.372 [http-nio-9401-exec-7] DEBUG c.a.c.n.s.m.trait2gwasMapper.biomedicalTrait_COUNT - ==> Parameters: 
2022-01-28 16:05:48.374 [http-nio-9401-exec-7] DEBUG c.a.c.n.s.m.trait2gwasMapper.biomedicalTrait_COUNT - <==      Total: 1
2022-01-28 16:05:48.375 [http-nio-9401-exec-7] DEBUG c.a.c.n.s.mapper.trait2gwasMapper.biomedicalTrait - ==>  Preparing: select id, gene_id, trait_id, trait_name, species_common_name, taxon_id, classification, create_time, last_update_time from trait_all LIMIT ?
2022-01-28 16:05:48.375 [http-nio-9401-exec-7] DEBUG c.a.c.n.s.mapper.trait2gwasMapper.biomedicalTrait - ==> Parameters: 10(Integer)
2022-01-28 16:05:48.377 [http-nio-9401-exec-7] DEBUG c.a.c.n.s.mapper.trait2gwasMapper.biomedicalTrait - <==      Total: 10
2022-01-28 16:05:54.278 [http-nio-9401-exec-8] DEBUG c.a.c.n.s.m.trait2gwasMapper.biomedicalTrait_COUNT - ==>  Preparing: SELECT count(0) FROM trait_all
2022-01-28 16:05:54.279 [http-nio-9401-exec-8] DEBUG c.a.c.n.s.m.trait2gwasMapper.biomedicalTrait_COUNT - ==> Parameters: 
2022-01-28 16:05:54.283 [http-nio-9401-exec-8] DEBUG c.a.c.n.s.m.trait2gwasMapper.biomedicalTrait_COUNT - <==      Total: 1
2022-01-28 16:05:54.286 [http-nio-9401-exec-8] DEBUG c.a.c.n.s.mapper.trait2gwasMapper.biomedicalTrait - ==>  Preparing: select id, gene_id, trait_id, trait_name, species_common_name, taxon_id, classification, create_time, last_update_time from trait_all LIMIT ?
2022-01-28 16:05:54.288 [http-nio-9401-exec-8] DEBUG c.a.c.n.s.mapper.trait2gwasMapper.biomedicalTrait - ==> Parameters: 10(Integer)
2022-01-28 16:05:54.295 [http-nio-9401-exec-8] DEBUG c.a.c.n.s.mapper.trait2gwasMapper.biomedicalTrait - <==      Total: 10
2022-01-28 16:05:55.080 [http-nio-9401-exec-9] DEBUG c.a.c.n.s.m.trait2gwasMapper.biomedicalTrait_COUNT - ==>  Preparing: SELECT count(0) FROM trait_all
2022-01-28 16:05:55.080 [http-nio-9401-exec-9] DEBUG c.a.c.n.s.m.trait2gwasMapper.biomedicalTrait_COUNT - ==> Parameters: 
2022-01-28 16:05:55.081 [http-nio-9401-exec-9] DEBUG c.a.c.n.s.m.trait2gwasMapper.biomedicalTrait_COUNT - <==      Total: 1
2022-01-28 16:05:55.082 [http-nio-9401-exec-9] DEBUG c.a.c.n.s.mapper.trait2gwasMapper.biomedicalTrait - ==>  Preparing: select id, gene_id, trait_id, trait_name, species_common_name, taxon_id, classification, create_time, last_update_time from trait_all LIMIT ?
2022-01-28 16:05:55.083 [http-nio-9401-exec-9] DEBUG c.a.c.n.s.mapper.trait2gwasMapper.biomedicalTrait - ==> Parameters: 10(Integer)
2022-01-28 16:05:55.085 [http-nio-9401-exec-9] DEBUG c.a.c.n.s.mapper.trait2gwasMapper.biomedicalTrait - <==      Total: 10
2022-01-28 16:06:15.197 [restartedMain] INFO  cn.ac.cncb.ngdc.syndb.SyndbApplication - Starting SyndbApplication using Java 1.8.0_211 on LAPTOP-1VEOTUUA with PID 31320 (F:\syndb\target\classes started by 光亚 in F:\syndb)
2022-01-28 16:06:15.203 [restartedMain] INFO  cn.ac.cncb.ngdc.syndb.SyndbApplication - No active profile set, falling back to default profiles: default
2022-01-28 16:06:19.743 [restartedMain] INFO  cn.ac.cncb.ngdc.syndb.SyndbApplication - Started SyndbApplication in 5.787 seconds (JVM running for 10.434)
2022-01-28 16:07:31.069 [http-nio-9401-exec-1] DEBUG c.a.c.n.s.m.trait2gwasMapper.biomedicalTrait_COUNT - ==>  Preparing: SELECT count(0) FROM trait_all
2022-01-28 16:07:31.101 [http-nio-9401-exec-1] DEBUG c.a.c.n.s.m.trait2gwasMapper.biomedicalTrait_COUNT - ==> Parameters: 
2022-01-28 16:07:31.139 [http-nio-9401-exec-1] DEBUG c.a.c.n.s.m.trait2gwasMapper.biomedicalTrait_COUNT - <==      Total: 1
2022-01-28 16:07:31.141 [http-nio-9401-exec-1] DEBUG c.a.c.n.s.mapper.trait2gwasMapper.biomedicalTrait - ==>  Preparing: select id, gene_id, trait_id, trait_name, species_common_name, taxon_id, classification, create_time, last_update_time from trait_all LIMIT ?
2022-01-28 16:07:31.142 [http-nio-9401-exec-1] DEBUG c.a.c.n.s.mapper.trait2gwasMapper.biomedicalTrait - ==> Parameters: 10(Integer)
2022-01-28 16:07:31.151 [http-nio-9401-exec-1] DEBUG c.a.c.n.s.mapper.trait2gwasMapper.biomedicalTrait - <==      Total: 10
2022-01-28 16:10:18.918 [http-nio-9401-exec-4] DEBUG c.a.c.n.s.m.trait2gwasMapper.biomedicalTrait_COUNT - ==>  Preparing: SELECT count(0) FROM trait_all
2022-01-28 16:10:18.919 [http-nio-9401-exec-4] DEBUG c.a.c.n.s.m.trait2gwasMapper.biomedicalTrait_COUNT - ==> Parameters: 
2022-01-28 16:10:18.921 [http-nio-9401-exec-4] DEBUG c.a.c.n.s.m.trait2gwasMapper.biomedicalTrait_COUNT - <==      Total: 1
2022-01-28 16:10:18.923 [http-nio-9401-exec-4] DEBUG c.a.c.n.s.mapper.trait2gwasMapper.biomedicalTrait - ==>  Preparing: select id, gene_id, trait_id, trait_name, species_common_name, taxon_id, classification, create_time, last_update_time from trait_all LIMIT ?
2022-01-28 16:10:18.923 [http-nio-9401-exec-4] DEBUG c.a.c.n.s.mapper.trait2gwasMapper.biomedicalTrait - ==> Parameters: 10(Integer)
2022-01-28 16:10:18.936 [http-nio-9401-exec-4] DEBUG c.a.c.n.s.mapper.trait2gwasMapper.biomedicalTrait - <==      Total: 10
2022-01-28 16:10:30.838 [restartedMain] INFO  cn.ac.cncb.ngdc.syndb.SyndbApplication - Starting SyndbApplication using Java 1.8.0_211 on LAPTOP-1VEOTUUA with PID 24352 (F:\syndb\target\classes started by 光亚 in F:\syndb)
2022-01-28 16:10:30.844 [restartedMain] INFO  cn.ac.cncb.ngdc.syndb.SyndbApplication - No active profile set, falling back to default profiles: default
2022-01-28 16:10:34.184 [restartedMain] INFO  cn.ac.cncb.ngdc.syndb.SyndbApplication - Started SyndbApplication in 4.174 seconds (JVM running for 6.904)
2022-01-28 16:17:31.899 [http-nio-9401-exec-1] DEBUG c.a.c.n.s.m.trait2gwasMapper.biomedicalTrait_COUNT - ==>  Preparing: SELECT count(0) FROM trait_all
2022-01-28 16:17:31.935 [http-nio-9401-exec-1] DEBUG c.a.c.n.s.m.trait2gwasMapper.biomedicalTrait_COUNT - ==> Parameters: 
2022-01-28 16:17:32.079 [http-nio-9401-exec-1] DEBUG c.a.c.n.s.m.trait2gwasMapper.biomedicalTrait_COUNT - <==      Total: 1
2022-01-28 16:17:32.079 [http-nio-9401-exec-1] DEBUG c.a.c.n.s.mapper.trait2gwasMapper.biomedicalTrait - ==>  Preparing: select id, gene_id, trait_id, trait_name, species_common_name, taxon_id, classification, create_time, last_update_time from trait_all LIMIT ?
2022-01-28 16:17:32.079 [http-nio-9401-exec-1] DEBUG c.a.c.n.s.mapper.trait2gwasMapper.biomedicalTrait - ==> Parameters: 10(Integer)
2022-01-28 16:17:32.091 [http-nio-9401-exec-1] DEBUG c.a.c.n.s.mapper.trait2gwasMapper.biomedicalTrait - <==      Total: 10
2022-01-28 16:17:42.019 [restartedMain] INFO  cn.ac.cncb.ngdc.syndb.SyndbApplication - Starting SyndbApplication using Java 1.8.0_211 on LAPTOP-1VEOTUUA with PID 16956 (F:\syndb\target\classes started by 光亚 in F:\syndb)
2022-01-28 16:17:42.029 [restartedMain] INFO  cn.ac.cncb.ngdc.syndb.SyndbApplication - No active profile set, falling back to default profiles: default
2022-01-28 16:17:44.369 [restartedMain] INFO  cn.ac.cncb.ngdc.syndb.SyndbApplication - Started SyndbApplication in 3.008 seconds (JVM running for 5.654)
2022-01-28 16:17:51.479 [http-nio-9401-exec-1] DEBUG c.a.c.n.s.m.trait2gwasMapper.biomedicalTrait_COUNT - ==>  Preparing: SELECT count(0) FROM trait_all
2022-01-28 16:17:51.508 [http-nio-9401-exec-1] DEBUG c.a.c.n.s.m.trait2gwasMapper.biomedicalTrait_COUNT - ==> Parameters: 
2022-01-28 16:17:51.529 [http-nio-9401-exec-1] DEBUG c.a.c.n.s.m.trait2gwasMapper.biomedicalTrait_COUNT - <==      Total: 1
2022-01-28 16:17:51.529 [http-nio-9401-exec-1] DEBUG c.a.c.n.s.mapper.trait2gwasMapper.biomedicalTrait - ==>  Preparing: select id, gene_id, trait_id, trait_name, species_common_name, taxon_id, classification, create_time, last_update_time from trait_all LIMIT ?
2022-01-28 16:17:51.529 [http-nio-9401-exec-1] DEBUG c.a.c.n.s.mapper.trait2gwasMapper.biomedicalTrait - ==> Parameters: 10(Integer)
2022-01-28 16:17:51.549 [http-nio-9401-exec-1] DEBUG c.a.c.n.s.mapper.trait2gwasMapper.biomedicalTrait - <==      Total: 10
2022-01-28 16:18:03.181 [restartedMain] INFO  cn.ac.cncb.ngdc.syndb.SyndbApplication - Starting SyndbApplication using Java 1.8.0_211 on LAPTOP-1VEOTUUA with PID 24908 (F:\syndb\target\classes started by 光亚 in F:\syndb)
2022-01-28 16:18:03.186 [restartedMain] INFO  cn.ac.cncb.ngdc.syndb.SyndbApplication - No active profile set, falling back to default profiles: default
2022-01-28 16:18:06.292 [restartedMain] INFO  cn.ac.cncb.ngdc.syndb.SyndbApplication - Started SyndbApplication in 4.237 seconds (JVM running for 7.26)
2022-01-28 16:18:35.705 [http-nio-9401-exec-1] DEBUG c.a.c.n.s.m.trait2gwasMapper.biomedicalTrait_COUNT - ==>  Preparing: SELECT count(0) FROM trait_all
2022-01-28 16:18:35.735 [http-nio-9401-exec-1] DEBUG c.a.c.n.s.m.trait2gwasMapper.biomedicalTrait_COUNT - ==> Parameters: 
2022-01-28 16:18:35.763 [http-nio-9401-exec-1] DEBUG c.a.c.n.s.m.trait2gwasMapper.biomedicalTrait_COUNT - <==      Total: 1
2022-01-28 16:18:35.765 [http-nio-9401-exec-1] DEBUG c.a.c.n.s.mapper.trait2gwasMapper.biomedicalTrait - ==>  Preparing: select id, gene_id, trait_id, trait_name, species_common_name, taxon_id, classification, create_time, last_update_time from trait_all LIMIT ?
2022-01-28 16:18:35.766 [http-nio-9401-exec-1] DEBUG c.a.c.n.s.mapper.trait2gwasMapper.biomedicalTrait - ==> Parameters: 10(Integer)
2022-01-28 16:18:35.780 [http-nio-9401-exec-1] DEBUG c.a.c.n.s.mapper.trait2gwasMapper.biomedicalTrait - <==      Total: 10
2022-01-28 16:21:29.629 [restartedMain] INFO  cn.ac.cncb.ngdc.syndb.SyndbApplication - Starting SyndbApplication using Java 1.8.0_211 on LAPTOP-1VEOTUUA with PID 6076 (F:\syndb\target\classes started by 光亚 in F:\syndb)
2022-01-28 16:21:29.639 [restartedMain] INFO  cn.ac.cncb.ngdc.syndb.SyndbApplication - No active profile set, falling back to default profiles: default
2022-01-28 16:23:37.887 [restartedMain] INFO  cn.ac.cncb.ngdc.syndb.SyndbApplication - Starting SyndbApplication using Java 1.8.0_211 on LAPTOP-1VEOTUUA with PID 35092 (F:\syndb\target\classes started by 光亚 in F:\syndb)
2022-01-28 16:23:37.892 [restartedMain] INFO  cn.ac.cncb.ngdc.syndb.SyndbApplication - No active profile set, falling back to default profiles: default
2022-01-28 16:23:56.058 [restartedMain] INFO  cn.ac.cncb.ngdc.syndb.SyndbApplication - Starting SyndbApplication using Java 1.8.0_211 on LAPTOP-1VEOTUUA with PID 32832 (F:\syndb\target\classes started by 光亚 in F:\syndb)
2022-01-28 16:23:56.066 [restartedMain] INFO  cn.ac.cncb.ngdc.syndb.SyndbApplication - No active profile set, falling back to default profiles: default
2022-01-28 16:24:19.423 [restartedMain] INFO  cn.ac.cncb.ngdc.syndb.SyndbApplication - Starting SyndbApplication using Java 1.8.0_211 on LAPTOP-1VEOTUUA with PID 22248 (F:\syndb\target\classes started by 光亚 in F:\syndb)
2022-01-28 16:24:19.428 [restartedMain] INFO  cn.ac.cncb.ngdc.syndb.SyndbApplication - No active profile set, falling back to default profiles: default
2022-01-28 16:24:54.488 [restartedMain] INFO  cn.ac.cncb.ngdc.syndb.SyndbApplication - Starting SyndbApplication using Java 1.8.0_211 on LAPTOP-1VEOTUUA with PID 4020 (F:\syndb\target\classes started by 光亚 in F:\syndb)
2022-01-28 16:24:54.498 [restartedMain] INFO  cn.ac.cncb.ngdc.syndb.SyndbApplication - No active profile set, falling back to default profiles: default
2022-01-28 16:28:06.513 [restartedMain] INFO  cn.ac.cncb.ngdc.syndb.SyndbApplication - Starting SyndbApplication using Java 1.8.0_211 on LAPTOP-1VEOTUUA with PID 4764 (F:\syndb\target\classes started by 光亚 in F:\syndb)
2022-01-28 16:28:06.548 [restartedMain] INFO  cn.ac.cncb.ngdc.syndb.SyndbApplication - No active profile set, falling back to default profiles: default
2022-01-28 16:38:35.580 [restartedMain] INFO  cn.ac.cncb.ngdc.syndb.SyndbApplication - Starting SyndbApplication using Java 1.8.0_211 on LAPTOP-1VEOTUUA with PID 23024 (F:\syndb\target\classes started by 光亚 in F:\syndb)
2022-01-28 16:38:35.710 [restartedMain] INFO  cn.ac.cncb.ngdc.syndb.SyndbApplication - No active profile set, falling back to default profiles: default
2022-01-28 16:45:04.788 [restartedMain] INFO  cn.ac.cncb.ngdc.syndb.SyndbApplication - Starting SyndbApplication using Java 1.8.0_211 on LAPTOP-1VEOTUUA with PID 14140 (F:\syndb\target\classes started by 光亚 in F:\syndb)
2022-01-28 16:45:04.793 [restartedMain] INFO  cn.ac.cncb.ngdc.syndb.SyndbApplication - No active profile set, falling back to default profiles: default
2022-01-28 16:49:22.288 [restartedMain] INFO  cn.ac.cncb.ngdc.syndb.SyndbApplication - Starting SyndbApplication using Java 1.8.0_211 on LAPTOP-1VEOTUUA with PID 11424 (F:\syndb\target\classes started by 光亚 in F:\syndb)
2022-01-28 16:49:22.293 [restartedMain] INFO  cn.ac.cncb.ngdc.syndb.SyndbApplication - No active profile set, falling back to default profiles: default
2022-01-28 16:51:18.290 [restartedMain] INFO  cn.ac.cncb.ngdc.syndb.SyndbApplication - Starting SyndbApplication using Java 1.8.0_211 on LAPTOP-1VEOTUUA with PID 16780 (F:\syndb\target\classes started by 光亚 in F:\syndb)
2022-01-28 16:51:18.295 [restartedMain] INFO  cn.ac.cncb.ngdc.syndb.SyndbApplication - No active profile set, falling back to default profiles: default
2022-01-28 16:52:59.878 [restartedMain] INFO  cn.ac.cncb.ngdc.syndb.SyndbApplication - Starting SyndbApplication using Java 1.8.0_211 on LAPTOP-1VEOTUUA with PID 17196 (F:\syndb\target\classes started by 光亚 in F:\syndb)
2022-01-28 16:52:59.883 [restartedMain] INFO  cn.ac.cncb.ngdc.syndb.SyndbApplication - No active profile set, falling back to default profiles: default
2022-01-28 16:56:29.414 [restartedMain] INFO  cn.ac.cncb.ngdc.syndb.SyndbApplication - Starting SyndbApplication using Java 1.8.0_211 on LAPTOP-1VEOTUUA with PID 11728 (F:\syndb\target\classes started by 光亚 in F:\syndb)
2022-01-28 16:56:29.419 [restartedMain] INFO  cn.ac.cncb.ngdc.syndb.SyndbApplication - No active profile set, falling back to default profiles: default
2022-01-28 16:59:12.166 [restartedMain] INFO  cn.ac.cncb.ngdc.syndb.SyndbApplication - Starting SyndbApplication using Java 1.8.0_211 on LAPTOP-1VEOTUUA with PID 1396 (F:\syndb\target\classes started by 光亚 in F:\syndb)
2022-01-28 16:59:12.175 [restartedMain] INFO  cn.ac.cncb.ngdc.syndb.SyndbApplication - No active profile set, falling back to default profiles: default
2022-01-28 17:06:50.132 [restartedMain] INFO  cn.ac.cncb.ngdc.syndb.SyndbApplication - Starting SyndbApplication using Java 1.8.0_211 on LAPTOP-1VEOTUUA with PID 9724 (F:\syndb\target\classes started by 光亚 in F:\syndb)
2022-01-28 17:06:50.136 [restartedMain] INFO  cn.ac.cncb.ngdc.syndb.SyndbApplication - No active profile set, falling back to default profiles: default
2022-01-28 17:10:14.631 [restartedMain] INFO  cn.ac.cncb.ngdc.syndb.SyndbApplication - Starting SyndbApplication using Java 1.8.0_211 on LAPTOP-1VEOTUUA with PID 17100 (F:\syndb\target\classes started by 光亚 in F:\syndb)
2022-01-28 17:10:14.636 [restartedMain] INFO  cn.ac.cncb.ngdc.syndb.SyndbApplication - No active profile set, falling back to default profiles: default
2022-01-28 17:10:16.832 [restartedMain] INFO  cn.ac.cncb.ngdc.syndb.SyndbApplication - Started SyndbApplication in 2.812 seconds (JVM running for 4.574)
2022-01-28 17:14:05.135 [restartedMain] INFO  cn.ac.cncb.ngdc.syndb.SyndbApplication - Starting SyndbApplication using Java 1.8.0_211 on LAPTOP-1VEOTUUA with PID 1676 (F:\syndb\target\classes started by 光亚 in F:\syndb)
2022-01-28 17:14:05.139 [restartedMain] INFO  cn.ac.cncb.ngdc.syndb.SyndbApplication - No active profile set, falling back to default profiles: default
2022-01-28 17:14:07.611 [restartedMain] INFO  cn.ac.cncb.ngdc.syndb.SyndbApplication - Started SyndbApplication in 3.159 seconds (JVM running for 5.265)
2022-01-28 17:14:19.680 [http-nio-9401-exec-1] DEBUG c.a.c.n.s.m.trait2gwasMapper.biomedicalTrait_COUNT - ==>  Preparing: SELECT count(0) FROM trait_all 
2022-01-28 17:14:19.712 [http-nio-9401-exec-1] DEBUG c.a.c.n.s.m.trait2gwasMapper.biomedicalTrait_COUNT - ==> Parameters: 
2022-01-28 17:14:19.747 [http-nio-9401-exec-1] DEBUG c.a.c.n.s.m.trait2gwasMapper.biomedicalTrait_COUNT - <==      Total: 1
2022-01-28 17:14:19.749 [http-nio-9401-exec-1] DEBUG c.a.c.n.s.mapper.trait2gwasMapper.biomedicalTrait - ==>  Preparing: select id, gene_id, trait_id, trait_name, species_common_name, taxon_id, gwas_id,classification, create_time, last_update_time from trait_all LIMIT ? 
2022-01-28 17:14:19.750 [http-nio-9401-exec-1] DEBUG c.a.c.n.s.mapper.trait2gwasMapper.biomedicalTrait - ==> Parameters: 10(Integer)
2022-01-28 17:14:19.762 [http-nio-9401-exec-1] DEBUG c.a.c.n.s.mapper.trait2gwasMapper.biomedicalTrait - <==      Total: 10
2022-01-28 17:14:29.572 [http-nio-9401-exec-3] DEBUG c.a.c.n.s.m.trait2gwasMapper.biomedicalTrait_COUNT - ==>  Preparing: SELECT count(0) FROM trait_all 
2022-01-28 17:14:29.572 [http-nio-9401-exec-3] DEBUG c.a.c.n.s.m.trait2gwasMapper.biomedicalTrait_COUNT - ==> Parameters: 
2022-01-28 17:14:29.576 [http-nio-9401-exec-3] DEBUG c.a.c.n.s.m.trait2gwasMapper.biomedicalTrait_COUNT - <==      Total: 1
2022-01-28 17:14:29.578 [http-nio-9401-exec-3] DEBUG c.a.c.n.s.mapper.trait2gwasMapper.biomedicalTrait - ==>  Preparing: select id, gene_id, trait_id, trait_name, species_common_name, taxon_id, gwas_id,classification, create_time, last_update_time from trait_all LIMIT ? 
2022-01-28 17:14:29.579 [http-nio-9401-exec-3] DEBUG c.a.c.n.s.mapper.trait2gwasMapper.biomedicalTrait - ==> Parameters: 10(Integer)
2022-01-28 17:14:29.592 [http-nio-9401-exec-3] DEBUG c.a.c.n.s.mapper.trait2gwasMapper.biomedicalTrait - <==      Total: 10
2022-01-28 17:14:55.561 [restartedMain] INFO  cn.ac.cncb.ngdc.syndb.SyndbApplication - Starting SyndbApplication using Java 1.8.0_211 on LAPTOP-1VEOTUUA with PID 18380 (F:\syndb\target\classes started by 光亚 in F:\syndb)
2022-01-28 17:14:55.569 [restartedMain] INFO  cn.ac.cncb.ngdc.syndb.SyndbApplication - No active profile set, falling back to default profiles: default
2022-01-28 17:14:57.758 [restartedMain] INFO  cn.ac.cncb.ngdc.syndb.SyndbApplication - Started SyndbApplication in 2.985 seconds (JVM running for 4.907)
2022-01-28 17:15:02.204 [http-nio-9401-exec-1] DEBUG c.a.c.n.s.m.trait2gwasMapper.biomedicalTrait_COUNT - ==>  Preparing: select count(0) from (id, gene_id, trait_id, trait_name, species_common_name, taxon_id, gwas_id,classification, create_time, last_update_time from trait_all) tmp_count 
2022-01-28 17:15:02.233 [http-nio-9401-exec-1] DEBUG c.a.c.n.s.m.trait2gwasMapper.biomedicalTrait_COUNT - ==> Parameters: 
2022-01-28 17:16:52.997 [restartedMain] INFO  cn.ac.cncb.ngdc.syndb.SyndbApplication - Starting SyndbApplication using Java 1.8.0_211 on LAPTOP-1VEOTUUA with PID 17796 (F:\syndb\target\classes started by 光亚 in F:\syndb)
2022-01-28 17:16:53.001 [restartedMain] INFO  cn.ac.cncb.ngdc.syndb.SyndbApplication - No active profile set, falling back to default profiles: default
2022-01-28 17:16:55.132 [restartedMain] INFO  cn.ac.cncb.ngdc.syndb.SyndbApplication - Started SyndbApplication in 2.754 seconds (JVM running for 4.602)
2022-01-28 17:17:00.754 [http-nio-9401-exec-1] DEBUG c.a.c.n.s.m.trait2gwasMapper.biomedicalTrait_COUNT - ==>  Preparing: SELECT count(0) FROM trait_all 
2022-01-28 17:17:00.783 [http-nio-9401-exec-1] DEBUG c.a.c.n.s.m.trait2gwasMapper.biomedicalTrait_COUNT - ==> Parameters: 
2022-01-28 17:17:00.814 [http-nio-9401-exec-1] DEBUG c.a.c.n.s.m.trait2gwasMapper.biomedicalTrait_COUNT - <==      Total: 1
2022-01-28 17:17:00.816 [http-nio-9401-exec-1] DEBUG c.a.c.n.s.mapper.trait2gwasMapper.biomedicalTrait - ==>  Preparing: select * from trait_all LIMIT ? 
2022-01-28 17:17:00.818 [http-nio-9401-exec-1] DEBUG c.a.c.n.s.mapper.trait2gwasMapper.biomedicalTrait - ==> Parameters: 10(Integer)
2022-01-28 17:17:00.830 [http-nio-9401-exec-1] DEBUG c.a.c.n.s.mapper.trait2gwasMapper.biomedicalTrait - <==      Total: 10
2022-01-28 17:19:31.596 [restartedMain] INFO  cn.ac.cncb.ngdc.syndb.SyndbApplication - Starting SyndbApplication using Java 1.8.0_211 on LAPTOP-1VEOTUUA with PID 18168 (F:\syndb\target\classes started by 光亚 in F:\syndb)
2022-01-28 17:19:31.599 [restartedMain] INFO  cn.ac.cncb.ngdc.syndb.SyndbApplication - No active profile set, falling back to default profiles: default
2022-01-28 17:19:34.312 [restartedMain] INFO  cn.ac.cncb.ngdc.syndb.SyndbApplication - Started SyndbApplication in 3.353 seconds (JVM running for 5.371)
2022-01-28 17:21:17.413 [restartedMain] INFO  cn.ac.cncb.ngdc.syndb.SyndbApplication - Starting SyndbApplication using Java 1.8.0_211 on LAPTOP-1VEOTUUA with PID 9084 (F:\syndb\target\classes started by 光亚 in F:\syndb)
2022-01-28 17:21:17.417 [restartedMain] INFO  cn.ac.cncb.ngdc.syndb.SyndbApplication - No active profile set, falling back to default profiles: default
2022-01-28 17:21:19.655 [restartedMain] INFO  cn.ac.cncb.ngdc.syndb.SyndbApplication - Started SyndbApplication in 2.853 seconds (JVM running for 5.001)
2022-01-28 17:21:23.893 [http-nio-9401-exec-1] DEBUG c.a.c.n.s.m.trait2gwasMapper.biomedicalTrait_COUNT - ==>  Preparing: SELECT count(0) FROM trait_all 
2022-01-28 17:21:23.920 [http-nio-9401-exec-1] DEBUG c.a.c.n.s.m.trait2gwasMapper.biomedicalTrait_COUNT - ==> Parameters: 
2022-01-28 17:21:23.945 [http-nio-9401-exec-1] DEBUG c.a.c.n.s.m.trait2gwasMapper.biomedicalTrait_COUNT - <==      Total: 1
2022-01-28 17:21:23.947 [http-nio-9401-exec-1] DEBUG c.a.c.n.s.mapper.trait2gwasMapper.biomedicalTrait - ==>  Preparing: select * from trait_all LIMIT ? 
2022-01-28 17:21:23.948 [http-nio-9401-exec-1] DEBUG c.a.c.n.s.mapper.trait2gwasMapper.biomedicalTrait - ==> Parameters: 10(Integer)
2022-01-28 17:21:23.958 [http-nio-9401-exec-1] DEBUG c.a.c.n.s.mapper.trait2gwasMapper.biomedicalTrait - <==      Total: 10
2022-01-28 17:24:58.867 [restartedMain] INFO  cn.ac.cncb.ngdc.syndb.SyndbApplication - Starting SyndbApplication using Java 1.8.0_211 on LAPTOP-1VEOTUUA with PID 2804 (F:\syndb\target\classes started by 光亚 in F:\syndb)
2022-01-28 17:24:58.871 [restartedMain] INFO  cn.ac.cncb.ngdc.syndb.SyndbApplication - No active profile set, falling back to default profiles: default
2022-01-28 17:25:01.371 [restartedMain] INFO  cn.ac.cncb.ngdc.syndb.SyndbApplication - Started SyndbApplication in 3.247 seconds (JVM running for 5.49)
2022-01-28 17:25:08.042 [http-nio-9401-exec-1] DEBUG c.a.c.n.s.m.trait2gwasMapper.biomedicalTrait_COUNT - ==>  Preparing: SELECT count(0) FROM trait_all 
2022-01-28 17:25:08.069 [http-nio-9401-exec-1] DEBUG c.a.c.n.s.m.trait2gwasMapper.biomedicalTrait_COUNT - ==> Parameters: 
2022-01-28 17:25:08.097 [http-nio-9401-exec-1] DEBUG c.a.c.n.s.m.trait2gwasMapper.biomedicalTrait_COUNT - <==      Total: 1
2022-01-28 17:25:08.101 [http-nio-9401-exec-1] DEBUG c.a.c.n.s.mapper.trait2gwasMapper.biomedicalTrait - ==>  Preparing: select * from trait_all LIMIT ? 
2022-01-28 17:25:08.101 [http-nio-9401-exec-1] DEBUG c.a.c.n.s.mapper.trait2gwasMapper.biomedicalTrait - ==> Parameters: 10(Integer)
2022-01-28 17:25:08.114 [http-nio-9401-exec-1] DEBUG c.a.c.n.s.mapper.trait2gwasMapper.biomedicalTrait - <==      Total: 10
2022-01-28 17:25:18.167 [http-nio-9401-exec-2] DEBUG c.a.c.n.s.m.trait2gwasMapper.biomedicalTrait_COUNT - ==>  Preparing: SELECT count(0) FROM trait_all 
2022-01-28 17:25:18.168 [http-nio-9401-exec-2] DEBUG c.a.c.n.s.m.trait2gwasMapper.biomedicalTrait_COUNT - ==> Parameters: 
2022-01-28 17:25:18.171 [http-nio-9401-exec-2] DEBUG c.a.c.n.s.m.trait2gwasMapper.biomedicalTrait_COUNT - <==      Total: 1
2022-01-28 17:25:18.173 [http-nio-9401-exec-2] DEBUG c.a.c.n.s.mapper.trait2gwasMapper.biomedicalTrait - ==>  Preparing: select * from trait_all LIMIT ? 
2022-01-28 17:25:18.174 [http-nio-9401-exec-2] DEBUG c.a.c.n.s.mapper.trait2gwasMapper.biomedicalTrait - ==> Parameters: 10(Integer)
2022-01-28 17:25:18.184 [http-nio-9401-exec-2] DEBUG c.a.c.n.s.mapper.trait2gwasMapper.biomedicalTrait - <==      Total: 10
2022-01-28 17:25:18.831 [http-nio-9401-exec-3] DEBUG c.a.c.n.s.m.trait2gwasMapper.biomedicalTrait_COUNT - ==>  Preparing: SELECT count(0) FROM trait_all 
2022-01-28 17:25:18.832 [http-nio-9401-exec-3] DEBUG c.a.c.n.s.m.trait2gwasMapper.biomedicalTrait_COUNT - ==> Parameters: 
2022-01-28 17:25:18.834 [http-nio-9401-exec-3] DEBUG c.a.c.n.s.m.trait2gwasMapper.biomedicalTrait_COUNT - <==      Total: 1
2022-01-28 17:25:18.835 [http-nio-9401-exec-3] DEBUG c.a.c.n.s.mapper.trait2gwasMapper.biomedicalTrait - ==>  Preparing: select * from trait_all LIMIT ? 
2022-01-28 17:25:18.835 [http-nio-9401-exec-3] DEBUG c.a.c.n.s.mapper.trait2gwasMapper.biomedicalTrait - ==> Parameters: 10(Integer)
2022-01-28 17:25:18.844 [http-nio-9401-exec-3] DEBUG c.a.c.n.s.mapper.trait2gwasMapper.biomedicalTrait - <==      Total: 10
2022-01-28 17:25:19.020 [http-nio-9401-exec-4] DEBUG c.a.c.n.s.m.trait2gwasMapper.biomedicalTrait_COUNT - ==>  Preparing: SELECT count(0) FROM trait_all 
2022-01-28 17:25:19.021 [http-nio-9401-exec-4] DEBUG c.a.c.n.s.m.trait2gwasMapper.biomedicalTrait_COUNT - ==> Parameters: 
2022-01-28 17:25:19.023 [http-nio-9401-exec-4] DEBUG c.a.c.n.s.m.trait2gwasMapper.biomedicalTrait_COUNT - <==      Total: 1
2022-01-28 17:25:19.024 [http-nio-9401-exec-4] DEBUG c.a.c.n.s.mapper.trait2gwasMapper.biomedicalTrait - ==>  Preparing: select * from trait_all LIMIT ? 
2022-01-28 17:25:19.024 [http-nio-9401-exec-4] DEBUG c.a.c.n.s.mapper.trait2gwasMapper.biomedicalTrait - ==> Parameters: 10(Integer)
2022-01-28 17:25:19.028 [http-nio-9401-exec-4] DEBUG c.a.c.n.s.mapper.trait2gwasMapper.biomedicalTrait - <==      Total: 10
2022-01-28 17:25:19.140 [http-nio-9401-exec-5] DEBUG c.a.c.n.s.m.trait2gwasMapper.biomedicalTrait_COUNT - ==>  Preparing: SELECT count(0) FROM trait_all 
2022-01-28 17:25:19.141 [http-nio-9401-exec-5] DEBUG c.a.c.n.s.m.trait2gwasMapper.biomedicalTrait_COUNT - ==> Parameters: 
2022-01-28 17:25:19.143 [http-nio-9401-exec-5] DEBUG c.a.c.n.s.m.trait2gwasMapper.biomedicalTrait_COUNT - <==      Total: 1
2022-01-28 17:25:19.144 [http-nio-9401-exec-5] DEBUG c.a.c.n.s.mapper.trait2gwasMapper.biomedicalTrait - ==>  Preparing: select * from trait_all LIMIT ? 
2022-01-28 17:25:19.144 [http-nio-9401-exec-5] DEBUG c.a.c.n.s.mapper.trait2gwasMapper.biomedicalTrait - ==> Parameters: 10(Integer)
2022-01-28 17:25:19.149 [http-nio-9401-exec-5] DEBUG c.a.c.n.s.mapper.trait2gwasMapper.biomedicalTrait - <==      Total: 10
2022-01-28 17:25:19.276 [http-nio-9401-exec-6] DEBUG c.a.c.n.s.m.trait2gwasMapper.biomedicalTrait_COUNT - ==>  Preparing: SELECT count(0) FROM trait_all 
2022-01-28 17:25:19.277 [http-nio-9401-exec-6] DEBUG c.a.c.n.s.m.trait2gwasMapper.biomedicalTrait_COUNT - ==> Parameters: 
2022-01-28 17:25:19.279 [http-nio-9401-exec-6] DEBUG c.a.c.n.s.m.trait2gwasMapper.biomedicalTrait_COUNT - <==      Total: 1
2022-01-28 17:25:19.280 [http-nio-9401-exec-6] DEBUG c.a.c.n.s.mapper.trait2gwasMapper.biomedicalTrait - ==>  Preparing: select * from trait_all LIMIT ? 
2022-01-28 17:25:19.280 [http-nio-9401-exec-6] DEBUG c.a.c.n.s.mapper.trait2gwasMapper.biomedicalTrait - ==> Parameters: 10(Integer)
2022-01-28 17:25:19.285 [http-nio-9401-exec-6] DEBUG c.a.c.n.s.mapper.trait2gwasMapper.biomedicalTrait - <==      Total: 10
2022-01-28 17:25:27.455 [http-nio-9401-exec-7] DEBUG c.a.c.n.s.m.trait2gwasMapper.biomedicalTrait_COUNT - ==>  Preparing: SELECT count(0) FROM trait_all 
2022-01-28 17:25:27.456 [http-nio-9401-exec-7] DEBUG c.a.c.n.s.m.trait2gwasMapper.biomedicalTrait_COUNT - ==> Parameters: 
2022-01-28 17:25:27.458 [http-nio-9401-exec-7] DEBUG c.a.c.n.s.m.trait2gwasMapper.biomedicalTrait_COUNT - <==      Total: 1
2022-01-28 17:25:27.460 [http-nio-9401-exec-7] DEBUG c.a.c.n.s.mapper.trait2gwasMapper.biomedicalTrait - ==>  Preparing: select * from trait_all LIMIT ? 
2022-01-28 17:25:27.461 [http-nio-9401-exec-7] DEBUG c.a.c.n.s.mapper.trait2gwasMapper.biomedicalTrait - ==> Parameters: 10(Integer)
2022-01-28 17:25:27.467 [http-nio-9401-exec-7] DEBUG c.a.c.n.s.mapper.trait2gwasMapper.biomedicalTrait - <==      Total: 10
2022-01-28 17:25:28.276 [http-nio-9401-exec-8] DEBUG c.a.c.n.s.m.trait2gwasMapper.biomedicalTrait_COUNT - ==>  Preparing: SELECT count(0) FROM trait_all 
2022-01-28 17:25:28.277 [http-nio-9401-exec-8] DEBUG c.a.c.n.s.m.trait2gwasMapper.biomedicalTrait_COUNT - ==> Parameters: 
2022-01-28 17:25:28.279 [http-nio-9401-exec-8] DEBUG c.a.c.n.s.m.trait2gwasMapper.biomedicalTrait_COUNT - <==      Total: 1
2022-01-28 17:25:28.280 [http-nio-9401-exec-8] DEBUG c.a.c.n.s.mapper.trait2gwasMapper.biomedicalTrait - ==>  Preparing: select * from trait_all LIMIT ? 
2022-01-28 17:25:28.280 [http-nio-9401-exec-8] DEBUG c.a.c.n.s.mapper.trait2gwasMapper.biomedicalTrait - ==> Parameters: 10(Integer)
2022-01-28 17:25:28.285 [http-nio-9401-exec-8] DEBUG c.a.c.n.s.mapper.trait2gwasMapper.biomedicalTrait - <==      Total: 10
2022-01-28 17:25:28.533 [http-nio-9401-exec-9] DEBUG c.a.c.n.s.m.trait2gwasMapper.biomedicalTrait_COUNT - ==>  Preparing: SELECT count(0) FROM trait_all 
2022-01-28 17:25:28.533 [http-nio-9401-exec-9] DEBUG c.a.c.n.s.m.trait2gwasMapper.biomedicalTrait_COUNT - ==> Parameters: 
2022-01-28 17:25:28.535 [http-nio-9401-exec-9] DEBUG c.a.c.n.s.m.trait2gwasMapper.biomedicalTrait_COUNT - <==      Total: 1
2022-01-28 17:25:28.536 [http-nio-9401-exec-9] DEBUG c.a.c.n.s.mapper.trait2gwasMapper.biomedicalTrait - ==>  Preparing: select * from trait_all LIMIT ? 
2022-01-28 17:25:28.537 [http-nio-9401-exec-9] DEBUG c.a.c.n.s.mapper.trait2gwasMapper.biomedicalTrait - ==> Parameters: 10(Integer)
2022-01-28 17:25:28.541 [http-nio-9401-exec-9] DEBUG c.a.c.n.s.mapper.trait2gwasMapper.biomedicalTrait - <==      Total: 10
2022-01-28 17:25:28.713 [http-nio-9401-exec-10] DEBUG c.a.c.n.s.m.trait2gwasMapper.biomedicalTrait_COUNT - ==>  Preparing: SELECT count(0) FROM trait_all 
2022-01-28 17:25:28.714 [http-nio-9401-exec-10] DEBUG c.a.c.n.s.m.trait2gwasMapper.biomedicalTrait_COUNT - ==> Parameters: 
2022-01-28 17:25:28.717 [http-nio-9401-exec-10] DEBUG c.a.c.n.s.m.trait2gwasMapper.biomedicalTrait_COUNT - <==      Total: 1
2022-01-28 17:25:28.718 [http-nio-9401-exec-10] DEBUG c.a.c.n.s.mapper.trait2gwasMapper.biomedicalTrait - ==>  Preparing: select * from trait_all LIMIT ? 
2022-01-28 17:25:28.719 [http-nio-9401-exec-10] DEBUG c.a.c.n.s.mapper.trait2gwasMapper.biomedicalTrait - ==> Parameters: 10(Integer)
2022-01-28 17:25:28.723 [http-nio-9401-exec-10] DEBUG c.a.c.n.s.mapper.trait2gwasMapper.biomedicalTrait - <==      Total: 10
2022-01-28 17:25:28.919 [http-nio-9401-exec-1] DEBUG c.a.c.n.s.m.trait2gwasMapper.biomedicalTrait_COUNT - ==>  Preparing: SELECT count(0) FROM trait_all 
2022-01-28 17:25:28.919 [http-nio-9401-exec-1] DEBUG c.a.c.n.s.m.trait2gwasMapper.biomedicalTrait_COUNT - ==> Parameters: 
2022-01-28 17:25:28.923 [http-nio-9401-exec-1] DEBUG c.a.c.n.s.m.trait2gwasMapper.biomedicalTrait_COUNT - <==      Total: 1
2022-01-28 17:25:28.924 [http-nio-9401-exec-1] DEBUG c.a.c.n.s.mapper.trait2gwasMapper.biomedicalTrait - ==>  Preparing: select * from trait_all LIMIT ? 
2022-01-28 17:25:28.924 [http-nio-9401-exec-1] DEBUG c.a.c.n.s.mapper.trait2gwasMapper.biomedicalTrait - ==> Parameters: 10(Integer)
2022-01-28 17:25:28.928 [http-nio-9401-exec-1] DEBUG c.a.c.n.s.mapper.trait2gwasMapper.biomedicalTrait - <==      Total: 10
