2022-01-18 10:37:54.166 [restartedMain] INFO  cn.ac.cncb.ngdc.syndb.SyndbApplication - Starting SyndbApplication using Java 1.8.0_211 on LAPTOP-1VEOTUUA with PID 32344 (F:\syndb\target\classes started by 光亚 in F:\syndb)
2022-01-18 10:37:54.169 [restartedMain] INFO  cn.ac.cncb.ngdc.syndb.SyndbApplication - No active profile set, falling back to default profiles: default
2022-01-18 10:37:57.413 [restartedMain] INFO  cn.ac.cncb.ngdc.syndb.SyndbApplication - Started SyndbApplication in 3.927 seconds (JVM running for 6.499)
2022-01-18 10:46:54.121 [restartedMain] INFO  cn.ac.cncb.ngdc.syndb.SyndbApplication - Starting SyndbApplication using Java 1.8.0_211 on LAPTOP-1VEOTUUA with PID 31236 (F:\syndb\target\classes started by 光亚 in F:\syndb)
2022-01-18 10:46:54.128 [restartedMain] INFO  cn.ac.cncb.ngdc.syndb.SyndbApplication - No active profile set, falling back to default profiles: default
2022-01-18 10:46:58.192 [restartedMain] INFO  cn.ac.cncb.ngdc.syndb.SyndbApplication - Started SyndbApplication in 4.725 seconds (JVM running for 7.225)
2022-01-18 11:31:58.083 [restartedMain] INFO  cn.ac.cncb.ngdc.syndb.SyndbApplication - Starting SyndbApplication using Java 1.8.0_211 on LAPTOP-1VEOTUUA with PID 10656 (F:\syndb\target\classes started by 光亚 in F:\syndb)
2022-01-18 11:31:58.091 [restartedMain] INFO  cn.ac.cncb.ngdc.syndb.SyndbApplication - No active profile set, falling back to default profiles: default
2022-01-18 11:32:02.780 [restartedMain] INFO  cn.ac.cncb.ngdc.syndb.SyndbApplication - Started SyndbApplication in 5.687 seconds (JVM running for 8.2)
2022-01-18 11:32:08.437 [http-nio-8080-exec-1] DEBUG c.a.c.n.s.m.Ortho9031Mapper.allOrthoList_COUNT - ==>  Preparing: select count(0) from (select id, protein1, gname1, gene_id1, tax1, protein2, gname2, gene_id2, tax2, dbinfo, create_time, last_update_time from 9031_ortho) tmp_count
2022-01-18 11:32:08.494 [http-nio-8080-exec-1] DEBUG c.a.c.n.s.m.Ortho9031Mapper.allOrthoList_COUNT - ==> Parameters: 
2022-01-18 11:32:27.767 [http-nio-8080-exec-2] DEBUG c.a.c.n.s.m.trait2gwasMapper.biomedicalTrait_COUNT - ==>  Preparing: SELECT count(0) FROM trait_all
2022-01-18 11:32:27.768 [http-nio-8080-exec-2] DEBUG c.a.c.n.s.m.trait2gwasMapper.biomedicalTrait_COUNT - ==> Parameters: 
2022-01-18 11:32:27.832 [http-nio-8080-exec-2] DEBUG c.a.c.n.s.m.trait2gwasMapper.biomedicalTrait_COUNT - <==      Total: 1
2022-01-18 11:32:27.838 [http-nio-8080-exec-2] DEBUG c.a.c.n.s.mapper.trait2gwasMapper.biomedicalTrait - ==>  Preparing: select id, gene_id, trait_id, trait_name, species_common_name, taxon_id, classification, create_time, last_update_time from trait_all LIMIT ?
2022-01-18 11:32:27.840 [http-nio-8080-exec-2] DEBUG c.a.c.n.s.mapper.trait2gwasMapper.biomedicalTrait - ==> Parameters: 10(Integer)
2022-01-18 11:32:27.860 [http-nio-8080-exec-2] DEBUG c.a.c.n.s.mapper.trait2gwasMapper.biomedicalTrait - <==      Total: 10
2022-01-18 11:46:32.873 [restartedMain] INFO  cn.ac.cncb.ngdc.syndb.SyndbApplication - Starting SyndbApplication using Java 1.8.0_211 on LAPTOP-1VEOTUUA with PID 34480 (F:\syndb\target\classes started by 光亚 in F:\syndb)
2022-01-18 11:46:32.876 [restartedMain] INFO  cn.ac.cncb.ngdc.syndb.SyndbApplication - No active profile set, falling back to default profiles: default
2022-01-18 11:46:36.919 [restartedMain] INFO  cn.ac.cncb.ngdc.syndb.SyndbApplication - Started SyndbApplication in 5.003 seconds (JVM running for 7.547)
2022-01-18 11:47:20.157 [restartedMain] INFO  cn.ac.cncb.ngdc.syndb.SyndbApplication - Starting SyndbApplication using Java 1.8.0_211 on LAPTOP-1VEOTUUA with PID 26828 (F:\syndb\target\classes started by 光亚 in F:\syndb)
2022-01-18 11:47:20.162 [restartedMain] INFO  cn.ac.cncb.ngdc.syndb.SyndbApplication - No active profile set, falling back to default profiles: default
2022-01-18 11:47:23.351 [restartedMain] INFO  cn.ac.cncb.ngdc.syndb.SyndbApplication - Started SyndbApplication in 3.832 seconds (JVM running for 5.888)
2022-01-18 12:15:51.292 [restartedMain] INFO  cn.ac.cncb.ngdc.syndb.SyndbApplication - Starting SyndbApplication using Java 1.8.0_211 on LAPTOP-1VEOTUUA with PID 31224 (F:\syndb\target\classes started by 光亚 in F:\syndb)
2022-01-18 12:15:51.297 [restartedMain] INFO  cn.ac.cncb.ngdc.syndb.SyndbApplication - No active profile set, falling back to default profiles: default
2022-01-18 12:15:55.345 [restartedMain] INFO  cn.ac.cncb.ngdc.syndb.SyndbApplication - Started SyndbApplication in 4.696 seconds (JVM running for 7.949)
2022-01-18 12:16:14.709 [restartedMain] INFO  cn.ac.cncb.ngdc.syndb.SyndbApplication - Starting SyndbApplication using Java 1.8.0_211 on LAPTOP-1VEOTUUA with PID 25264 (F:\syndb\target\classes started by 光亚 in F:\syndb)
2022-01-18 12:16:14.714 [restartedMain] INFO  cn.ac.cncb.ngdc.syndb.SyndbApplication - No active profile set, falling back to default profiles: default
2022-01-18 12:16:18.682 [restartedMain] INFO  cn.ac.cncb.ngdc.syndb.SyndbApplication - Started SyndbApplication in 4.767 seconds (JVM running for 7.356)
2022-01-18 12:17:46.063 [restartedMain] INFO  cn.ac.cncb.ngdc.syndb.SyndbApplication - Starting SyndbApplication using Java 1.8.0_211 on LAPTOP-1VEOTUUA with PID 27072 (F:\syndb\target\classes started by 光亚 in F:\syndb)
2022-01-18 12:17:46.066 [restartedMain] INFO  cn.ac.cncb.ngdc.syndb.SyndbApplication - No active profile set, falling back to default profiles: default
2022-01-18 12:17:48.893 [restartedMain] INFO  cn.ac.cncb.ngdc.syndb.SyndbApplication - Started SyndbApplication in 3.474 seconds (JVM running for 5.856)
2022-01-18 12:22:40.777 [restartedMain] INFO  cn.ac.cncb.ngdc.syndb.SyndbApplication - Starting SyndbApplication using Java 1.8.0_211 on LAPTOP-1VEOTUUA with PID 25680 (F:\syndb\target\classes started by 光亚 in F:\syndb)
2022-01-18 12:22:40.780 [restartedMain] INFO  cn.ac.cncb.ngdc.syndb.SyndbApplication - No active profile set, falling back to default profiles: default
2022-01-18 12:22:43.051 [restartedMain] INFO  cn.ac.cncb.ngdc.syndb.SyndbApplication - Started SyndbApplication in 3.017 seconds (JVM running for 5.207)
2022-01-18 12:24:38.141 [restartedMain] INFO  cn.ac.cncb.ngdc.syndb.SyndbApplication - Starting SyndbApplication using Java 1.8.0_211 on LAPTOP-1VEOTUUA with PID 11924 (F:\syndb\target\classes started by 光亚 in F:\syndb)
2022-01-18 12:24:38.146 [restartedMain] INFO  cn.ac.cncb.ngdc.syndb.SyndbApplication - No active profile set, falling back to default profiles: default
2022-01-18 12:24:40.863 [restartedMain] INFO  cn.ac.cncb.ngdc.syndb.SyndbApplication - Started SyndbApplication in 3.692 seconds (JVM running for 6.029)
2022-01-18 12:25:53.136 [restartedMain] INFO  cn.ac.cncb.ngdc.syndb.SyndbApplication - Starting SyndbApplication using Java 1.8.0_211 on LAPTOP-1VEOTUUA with PID 11924 (F:\syndb\target\classes started by 光亚 in F:\syndb)
2022-01-18 12:25:53.136 [restartedMain] INFO  cn.ac.cncb.ngdc.syndb.SyndbApplication - No active profile set, falling back to default profiles: default
2022-01-18 12:25:57.305 [restartedMain] INFO  cn.ac.cncb.ngdc.syndb.SyndbApplication - Starting SyndbApplication using Java 1.8.0_211 on LAPTOP-1VEOTUUA with PID 11924 (F:\syndb\target\classes started by 光亚 in F:\syndb)
2022-01-18 12:25:57.306 [restartedMain] INFO  cn.ac.cncb.ngdc.syndb.SyndbApplication - No active profile set, falling back to default profiles: default
2022-01-18 12:25:58.178 [restartedMain] INFO  cn.ac.cncb.ngdc.syndb.SyndbApplication - Started SyndbApplication in 1.009 seconds (JVM running for 83.344)
2022-01-18 12:26:21.790 [restartedMain] INFO  cn.ac.cncb.ngdc.syndb.SyndbApplication - Starting SyndbApplication using Java 1.8.0_211 on LAPTOP-1VEOTUUA with PID 31944 (F:\syndb\target\classes started by 光亚 in F:\syndb)
2022-01-18 12:26:21.795 [restartedMain] INFO  cn.ac.cncb.ngdc.syndb.SyndbApplication - No active profile set, falling back to default profiles: default
2022-01-18 12:26:24.356 [restartedMain] INFO  cn.ac.cncb.ngdc.syndb.SyndbApplication - Started SyndbApplication in 3.102 seconds (JVM running for 5.654)
2022-01-18 12:29:37.029 [restartedMain] INFO  cn.ac.cncb.ngdc.syndb.SyndbApplication - Starting SyndbApplication using Java 1.8.0_211 on LAPTOP-1VEOTUUA with PID 31944 (F:\syndb\target\classes started by 光亚 in F:\syndb)
2022-01-18 12:29:37.030 [restartedMain] INFO  cn.ac.cncb.ngdc.syndb.SyndbApplication - No active profile set, falling back to default profiles: default
2022-01-18 12:29:40.153 [restartedMain] INFO  cn.ac.cncb.ngdc.syndb.SyndbApplication - Starting SyndbApplication using Java 1.8.0_211 on LAPTOP-1VEOTUUA with PID 31944 (F:\syndb\target\classes started by 光亚 in F:\syndb)
2022-01-18 12:29:40.154 [restartedMain] INFO  cn.ac.cncb.ngdc.syndb.SyndbApplication - No active profile set, falling back to default profiles: default
2022-01-18 12:29:40.812 [restartedMain] INFO  cn.ac.cncb.ngdc.syndb.SyndbApplication - Started SyndbApplication in 0.712 seconds (JVM running for 202.111)
2022-01-18 12:30:02.737 [restartedMain] INFO  cn.ac.cncb.ngdc.syndb.SyndbApplication - Starting SyndbApplication using Java 1.8.0_211 on LAPTOP-1VEOTUUA with PID 31944 (F:\syndb\target\classes started by 光亚 in F:\syndb)
2022-01-18 12:30:02.737 [restartedMain] INFO  cn.ac.cncb.ngdc.syndb.SyndbApplication - No active profile set, falling back to default profiles: default
2022-01-18 12:30:04.850 [restartedMain] INFO  cn.ac.cncb.ngdc.syndb.SyndbApplication - Starting SyndbApplication using Java 1.8.0_211 on LAPTOP-1VEOTUUA with PID 31944 (F:\syndb\target\classes started by 光亚 in F:\syndb)
2022-01-18 12:30:04.851 [restartedMain] INFO  cn.ac.cncb.ngdc.syndb.SyndbApplication - No active profile set, falling back to default profiles: default
2022-01-18 12:30:05.348 [restartedMain] INFO  cn.ac.cncb.ngdc.syndb.SyndbApplication - Started SyndbApplication in 0.553 seconds (JVM running for 226.647)
2022-01-18 12:30:29.487 [restartedMain] INFO  cn.ac.cncb.ngdc.syndb.SyndbApplication - Starting SyndbApplication using Java 1.8.0_211 on LAPTOP-1VEOTUUA with PID 19164 (F:\syndb\target\classes started by 光亚 in F:\syndb)
2022-01-18 12:30:29.491 [restartedMain] INFO  cn.ac.cncb.ngdc.syndb.SyndbApplication - No active profile set, falling back to default profiles: default
2022-01-18 12:30:31.934 [restartedMain] INFO  cn.ac.cncb.ngdc.syndb.SyndbApplication - Started SyndbApplication in 3.132 seconds (JVM running for 5.257)
2022-01-18 13:11:58.010 [restartedMain] INFO  cn.ac.cncb.ngdc.syndb.SyndbApplication - Starting SyndbApplication using Java 1.8.0_211 on LAPTOP-1VEOTUUA with PID 8264 (F:\syndb\target\classes started by 光亚 in F:\syndb)
2022-01-18 13:11:58.017 [restartedMain] INFO  cn.ac.cncb.ngdc.syndb.SyndbApplication - No active profile set, falling back to default profiles: default
2022-01-18 13:12:02.232 [restartedMain] INFO  cn.ac.cncb.ngdc.syndb.SyndbApplication - Started SyndbApplication in 5.029 seconds (JVM running for 7.38)
2022-01-18 13:15:37.460 [restartedMain] INFO  cn.ac.cncb.ngdc.syndb.SyndbApplication - Starting SyndbApplication using Java 1.8.0_211 on LAPTOP-1VEOTUUA with PID 23692 (F:\syndb\target\classes started by 光亚 in F:\syndb)
2022-01-18 13:15:37.465 [restartedMain] INFO  cn.ac.cncb.ngdc.syndb.SyndbApplication - No active profile set, falling back to default profiles: default
2022-01-18 13:15:40.880 [restartedMain] INFO  cn.ac.cncb.ngdc.syndb.SyndbApplication - Started SyndbApplication in 4.143 seconds (JVM running for 6.619)
2022-01-18 13:15:51.754 [restartedMain] INFO  cn.ac.cncb.ngdc.syndb.SyndbApplication - Starting SyndbApplication using Java 1.8.0_211 on LAPTOP-1VEOTUUA with PID 34988 (F:\syndb\target\classes started by 光亚 in F:\syndb)
2022-01-18 13:15:51.758 [restartedMain] INFO  cn.ac.cncb.ngdc.syndb.SyndbApplication - No active profile set, falling back to default profiles: default
2022-01-18 13:15:54.079 [restartedMain] INFO  cn.ac.cncb.ngdc.syndb.SyndbApplication - Started SyndbApplication in 2.984 seconds (JVM running for 5.092)
2022-01-18 13:18:19.994 [restartedMain] INFO  cn.ac.cncb.ngdc.syndb.SyndbApplication - Starting SyndbApplication using Java 1.8.0_211 on LAPTOP-1VEOTUUA with PID 24432 (F:\syndb\target\classes started by 光亚 in F:\syndb)
2022-01-18 13:18:19.998 [restartedMain] INFO  cn.ac.cncb.ngdc.syndb.SyndbApplication - No active profile set, falling back to default profiles: default
2022-01-18 13:18:22.416 [restartedMain] INFO  cn.ac.cncb.ngdc.syndb.SyndbApplication - Started SyndbApplication in 3.203 seconds (JVM running for 5.818)
2022-01-18 13:20:12.633 [restartedMain] INFO  cn.ac.cncb.ngdc.syndb.SyndbApplication - Starting SyndbApplication using Java 1.8.0_211 on LAPTOP-1VEOTUUA with PID 30984 (F:\syndb\target\classes started by 光亚 in F:\syndb)
2022-01-18 13:20:12.637 [restartedMain] INFO  cn.ac.cncb.ngdc.syndb.SyndbApplication - No active profile set, falling back to default profiles: default
2022-01-18 13:20:14.874 [restartedMain] INFO  cn.ac.cncb.ngdc.syndb.SyndbApplication - Started SyndbApplication in 2.876 seconds (JVM running for 4.78)
2022-01-18 13:25:23.730 [restartedMain] INFO  cn.ac.cncb.ngdc.syndb.SyndbApplication - Starting SyndbApplication using Java 1.8.0_211 on LAPTOP-1VEOTUUA with PID 33288 (F:\syndb\target\classes started by 光亚 in F:\syndb)
2022-01-18 13:25:23.735 [restartedMain] INFO  cn.ac.cncb.ngdc.syndb.SyndbApplication - No active profile set, falling back to default profiles: default
2022-01-18 13:25:26.703 [restartedMain] INFO  cn.ac.cncb.ngdc.syndb.SyndbApplication - Started SyndbApplication in 3.805 seconds (JVM running for 6.454)
2022-01-18 13:29:56.025 [restartedMain] INFO  cn.ac.cncb.ngdc.syndb.SyndbApplication - Starting SyndbApplication using Java 1.8.0_211 on LAPTOP-1VEOTUUA with PID 22092 (F:\syndb\target\classes started by 光亚 in F:\syndb)
2022-01-18 13:29:56.030 [restartedMain] INFO  cn.ac.cncb.ngdc.syndb.SyndbApplication - No active profile set, falling back to default profiles: default
2022-01-18 13:29:58.554 [restartedMain] INFO  cn.ac.cncb.ngdc.syndb.SyndbApplication - Started SyndbApplication in 3.185 seconds (JVM running for 5.533)
2022-01-18 13:30:34.032 [restartedMain] INFO  cn.ac.cncb.ngdc.syndb.SyndbApplication - Starting SyndbApplication using Java 1.8.0_211 on LAPTOP-1VEOTUUA with PID 34068 (F:\syndb\target\classes started by 光亚 in F:\syndb)
2022-01-18 13:30:34.036 [restartedMain] INFO  cn.ac.cncb.ngdc.syndb.SyndbApplication - No active profile set, falling back to default profiles: default
2022-01-18 13:30:36.684 [restartedMain] INFO  cn.ac.cncb.ngdc.syndb.SyndbApplication - Started SyndbApplication in 3.324 seconds (JVM running for 5.285)
2022-01-18 13:33:41.905 [restartedMain] INFO  cn.ac.cncb.ngdc.syndb.SyndbApplication - Starting SyndbApplication using Java 1.8.0_211 on LAPTOP-1VEOTUUA with PID 15364 (F:\syndb\target\classes started by 光亚 in F:\syndb)
2022-01-18 13:33:41.910 [restartedMain] INFO  cn.ac.cncb.ngdc.syndb.SyndbApplication - No active profile set, falling back to default profiles: default
2022-01-18 13:33:44.215 [restartedMain] INFO  cn.ac.cncb.ngdc.syndb.SyndbApplication - Started SyndbApplication in 2.983 seconds (JVM running for 5.68)
2022-01-18 13:34:02.825 [restartedMain] INFO  cn.ac.cncb.ngdc.syndb.SyndbApplication - Starting SyndbApplication using Java 1.8.0_211 on LAPTOP-1VEOTUUA with PID 37284 (F:\syndb\target\classes started by 光亚 in F:\syndb)
2022-01-18 13:34:02.865 [restartedMain] INFO  cn.ac.cncb.ngdc.syndb.SyndbApplication - No active profile set, falling back to default profiles: default
2022-01-18 13:34:06.058 [restartedMain] INFO  cn.ac.cncb.ngdc.syndb.SyndbApplication - Started SyndbApplication in 4.014 seconds (JVM running for 7.602)
2022-01-18 13:35:53.957 [restartedMain] INFO  cn.ac.cncb.ngdc.syndb.SyndbApplication - Starting SyndbApplication using Java 1.8.0_211 on LAPTOP-1VEOTUUA with PID 28388 (F:\syndb\target\classes started by 光亚 in F:\syndb)
2022-01-18 13:35:53.962 [restartedMain] INFO  cn.ac.cncb.ngdc.syndb.SyndbApplication - No active profile set, falling back to default profiles: default
2022-01-18 13:35:56.600 [restartedMain] INFO  cn.ac.cncb.ngdc.syndb.SyndbApplication - Started SyndbApplication in 3.364 seconds (JVM running for 5.556)
2022-01-18 14:14:49.466 [restartedMain] INFO  cn.ac.cncb.ngdc.syndb.SyndbApplication - Starting SyndbApplication using Java 1.8.0_211 on LAPTOP-1VEOTUUA with PID 16120 (F:\syndb\target\classes started by 光亚 in F:\syndb)
2022-01-18 14:14:49.469 [restartedMain] INFO  cn.ac.cncb.ngdc.syndb.SyndbApplication - No active profile set, falling back to default profiles: default
2022-01-18 14:14:53.939 [restartedMain] INFO  cn.ac.cncb.ngdc.syndb.SyndbApplication - Started SyndbApplication in 5.35 seconds (JVM running for 8.071)
2022-01-18 14:17:00.224 [restartedMain] INFO  cn.ac.cncb.ngdc.syndb.SyndbApplication - Starting SyndbApplication using Java 1.8.0_211 on LAPTOP-1VEOTUUA with PID 33012 (F:\syndb\target\classes started by 光亚 in F:\syndb)
2022-01-18 14:17:00.229 [restartedMain] INFO  cn.ac.cncb.ngdc.syndb.SyndbApplication - No active profile set, falling back to default profiles: default
2022-01-18 14:17:02.970 [restartedMain] INFO  cn.ac.cncb.ngdc.syndb.SyndbApplication - Started SyndbApplication in 3.479 seconds (JVM running for 5.991)
2022-01-18 14:17:19.927 [http-nio-8080-exec-2] DEBUG c.a.c.n.s.m.trait2gwasMapper.biomedicalTrait_COUNT - ==>  Preparing: SELECT count(0) FROM trait_all
2022-01-18 14:17:19.966 [http-nio-8080-exec-2] DEBUG c.a.c.n.s.m.trait2gwasMapper.biomedicalTrait_COUNT - ==> Parameters: 
2022-01-18 14:17:20.008 [http-nio-8080-exec-2] DEBUG c.a.c.n.s.m.trait2gwasMapper.biomedicalTrait_COUNT - <==      Total: 1
2022-01-18 14:17:20.010 [http-nio-8080-exec-2] DEBUG c.a.c.n.s.mapper.trait2gwasMapper.biomedicalTrait - ==>  Preparing: select id, gene_id, trait_id, trait_name, species_common_name, taxon_id, classification, create_time, last_update_time from trait_all LIMIT ?
2022-01-18 14:17:20.011 [http-nio-8080-exec-2] DEBUG c.a.c.n.s.mapper.trait2gwasMapper.biomedicalTrait - ==> Parameters: 10(Integer)
2022-01-18 14:17:20.025 [http-nio-8080-exec-2] DEBUG c.a.c.n.s.mapper.trait2gwasMapper.biomedicalTrait - <==      Total: 10
2022-01-18 14:18:11.686 [restartedMain] INFO  cn.ac.cncb.ngdc.syndb.SyndbApplication - Starting SyndbApplication using Java 1.8.0_211 on LAPTOP-1VEOTUUA with PID 36860 (F:\syndb\target\classes started by 光亚 in F:\syndb)
2022-01-18 14:18:11.690 [restartedMain] INFO  cn.ac.cncb.ngdc.syndb.SyndbApplication - No active profile set, falling back to default profiles: default
2022-01-18 14:18:14.123 [restartedMain] INFO  cn.ac.cncb.ngdc.syndb.SyndbApplication - Started SyndbApplication in 3.165 seconds (JVM running for 5.953)
2022-01-18 14:18:14.903 [http-nio-8080-exec-1] DEBUG c.a.c.n.s.m.trait2gwasMapper.biomedicalTrait_COUNT - ==>  Preparing: SELECT count(0) FROM trait_all
2022-01-18 14:18:14.936 [http-nio-8080-exec-1] DEBUG c.a.c.n.s.m.trait2gwasMapper.biomedicalTrait_COUNT - ==> Parameters: 
2022-01-18 14:18:14.966 [http-nio-8080-exec-1] DEBUG c.a.c.n.s.m.trait2gwasMapper.biomedicalTrait_COUNT - <==      Total: 1
2022-01-18 14:18:14.968 [http-nio-8080-exec-1] DEBUG c.a.c.n.s.mapper.trait2gwasMapper.biomedicalTrait - ==>  Preparing: select id, gene_id, trait_id, trait_name, species_common_name, taxon_id, classification, create_time, last_update_time from trait_all LIMIT ?
2022-01-18 14:18:14.970 [http-nio-8080-exec-1] DEBUG c.a.c.n.s.mapper.trait2gwasMapper.biomedicalTrait - ==> Parameters: 10(Integer)
2022-01-18 14:18:14.990 [http-nio-8080-exec-1] DEBUG c.a.c.n.s.mapper.trait2gwasMapper.biomedicalTrait - <==      Total: 10
