2022-02-18 09:25:11.102 [restartedMain] INFO  cn.ac.cncb.ngdc.syndb.SyndbApplication - Starting SyndbApplication using Java 1.8.0_211 on LAPTOP-1VEOTUUA with PID 8996 (F:\syndb\target\classes started by 光亚 in F:\syndb)
2022-02-18 09:25:11.108 [restartedMain] INFO  cn.ac.cncb.ngdc.syndb.SyndbApplication - No active profile set, falling back to default profiles: default
2022-02-18 09:25:14.563 [restartedMain] INFO  cn.ac.cncb.ngdc.syndb.SyndbApplication - Started SyndbApplication in 4.46 seconds (JVM running for 7.429)
2022-02-18 09:31:03.334 [http-nio-9401-exec-1] DEBUG c.a.c.n.s.m.Trait2gwasMapper.biomedicalTrait_COUNT - ==>  Preparing: SELECT count(0) FROM trait_all 
2022-02-18 09:31:03.365 [http-nio-9401-exec-1] DEBUG c.a.c.n.s.m.Trait2gwasMapper.biomedicalTrait_COUNT - ==> Parameters: 
2022-02-18 09:31:03.397 [http-nio-9401-exec-1] DEBUG c.a.c.n.s.m.Trait2gwasMapper.biomedicalTrait_COUNT - <==      Total: 1
2022-02-18 09:31:03.399 [http-nio-9401-exec-1] DEBUG c.a.c.n.s.mapper.Trait2gwasMapper.biomedicalTrait - ==>  Preparing: select * from trait_all LIMIT ? 
2022-02-18 09:31:03.400 [http-nio-9401-exec-1] DEBUG c.a.c.n.s.mapper.Trait2gwasMapper.biomedicalTrait - ==> Parameters: 10(Integer)
2022-02-18 09:31:03.416 [http-nio-9401-exec-1] DEBUG c.a.c.n.s.mapper.Trait2gwasMapper.biomedicalTrait - <==      Total: 10
2022-02-18 09:31:03.419 [http-nio-9401-exec-1] DEBUG c.a.c.n.s.m.Ortho9031Mapper.findOrthByTaxonAndGene - ==>  Preparing: select c.taxon1,c.uniprot_id1,c.taxon2,c.uniprot_id2,c.db_evidence,c.from_db from gene_basic_info a inner join ortholog_id_mapping b on a.ensembl_gene_id=b.ensembl_gene_id inner join ortholog_all c on b.uniprot_id=c.uniprot_id1 where a.ensembl_gene_id=? and c.taxon1=? 
2022-02-18 09:31:03.420 [http-nio-9401-exec-1] DEBUG c.a.c.n.s.m.Ortho9031Mapper.findOrthByTaxonAndGene - ==> Parameters: CotAD_32480(String), 3635(Integer)
2022-02-18 09:31:03.618 [http-nio-9401-exec-1] DEBUG c.a.c.n.s.m.Ortho9031Mapper.findOrthByTaxonAndGene - <==      Total: 0
2022-02-18 09:31:03.619 [http-nio-9401-exec-1] DEBUG c.a.c.n.s.m.T.findGwasOrgidByTaxonId - ==>  Preparing: select gwas_orgid from species where taxon_id=? 
2022-02-18 09:31:03.620 [http-nio-9401-exec-1] DEBUG c.a.c.n.s.m.T.findGwasOrgidByTaxonId - ==> Parameters: 3635(Integer)
2022-02-18 09:31:03.628 [http-nio-9401-exec-1] DEBUG c.a.c.n.s.m.T.findGwasOrgidByTaxonId - <==      Total: 1
2022-02-18 09:31:03.629 [http-nio-9401-exec-1] DEBUG c.a.c.n.s.m.Ortho9031Mapper.findOrthByTaxonAndGene - ==>  Preparing: select c.taxon1,c.uniprot_id1,c.taxon2,c.uniprot_id2,c.db_evidence,c.from_db from gene_basic_info a inner join ortholog_id_mapping b on a.ensembl_gene_id=b.ensembl_gene_id inner join ortholog_all c on b.uniprot_id=c.uniprot_id1 where a.ensembl_gene_id=? and c.taxon1=? 
2022-02-18 09:31:03.630 [http-nio-9401-exec-1] DEBUG c.a.c.n.s.m.Ortho9031Mapper.findOrthByTaxonAndGene - ==> Parameters: CotAD_32479(String), 3635(Integer)
2022-02-18 09:31:03.829 [http-nio-9401-exec-1] DEBUG c.a.c.n.s.m.Ortho9031Mapper.findOrthByTaxonAndGene - <==      Total: 0
2022-02-18 09:31:03.831 [http-nio-9401-exec-1] DEBUG c.a.c.n.s.m.T.findGwasOrgidByTaxonId - ==>  Preparing: select gwas_orgid from species where taxon_id=? 
2022-02-18 09:31:03.832 [http-nio-9401-exec-1] DEBUG c.a.c.n.s.m.T.findGwasOrgidByTaxonId - ==> Parameters: 3635(Integer)
2022-02-18 09:31:03.838 [http-nio-9401-exec-1] DEBUG c.a.c.n.s.m.T.findGwasOrgidByTaxonId - <==      Total: 1
2022-02-18 09:31:03.842 [http-nio-9401-exec-1] DEBUG c.a.c.n.s.m.Ortho9031Mapper.findOrthByTaxonAndGene - ==>  Preparing: select c.taxon1,c.uniprot_id1,c.taxon2,c.uniprot_id2,c.db_evidence,c.from_db from gene_basic_info a inner join ortholog_id_mapping b on a.ensembl_gene_id=b.ensembl_gene_id inner join ortholog_all c on b.uniprot_id=c.uniprot_id1 where a.ensembl_gene_id=? and c.taxon1=? 
2022-02-18 09:31:03.844 [http-nio-9401-exec-1] DEBUG c.a.c.n.s.m.Ortho9031Mapper.findOrthByTaxonAndGene - ==> Parameters: Zm00001d017703(String), 4577(Integer)
2022-02-18 09:31:10.871 [http-nio-9401-exec-2] DEBUG c.a.c.n.s.m.Trait2gwasMapper.biomedicalTrait_COUNT - ==>  Preparing: SELECT count(0) FROM trait_all 
2022-02-18 09:31:10.871 [http-nio-9401-exec-2] DEBUG c.a.c.n.s.m.Trait2gwasMapper.biomedicalTrait_COUNT - ==> Parameters: 
2022-02-18 09:31:10.874 [http-nio-9401-exec-2] DEBUG c.a.c.n.s.m.Trait2gwasMapper.biomedicalTrait_COUNT - <==      Total: 1
2022-02-18 09:31:10.875 [http-nio-9401-exec-2] DEBUG c.a.c.n.s.mapper.Trait2gwasMapper.biomedicalTrait - ==>  Preparing: select * from trait_all LIMIT ? 
2022-02-18 09:31:10.876 [http-nio-9401-exec-2] DEBUG c.a.c.n.s.mapper.Trait2gwasMapper.biomedicalTrait - ==> Parameters: 10(Integer)
2022-02-18 09:31:10.898 [http-nio-9401-exec-2] DEBUG c.a.c.n.s.mapper.Trait2gwasMapper.biomedicalTrait - <==      Total: 10
2022-02-18 09:31:10.899 [http-nio-9401-exec-2] DEBUG c.a.c.n.s.m.Ortho9031Mapper.findOrthByTaxonAndGene - ==>  Preparing: select c.taxon1,c.uniprot_id1,c.taxon2,c.uniprot_id2,c.db_evidence,c.from_db from gene_basic_info a inner join ortholog_id_mapping b on a.ensembl_gene_id=b.ensembl_gene_id inner join ortholog_all c on b.uniprot_id=c.uniprot_id1 where a.ensembl_gene_id=? and c.taxon1=? 
2022-02-18 09:31:10.900 [http-nio-9401-exec-2] DEBUG c.a.c.n.s.m.Ortho9031Mapper.findOrthByTaxonAndGene - ==> Parameters: CotAD_32480(String), 3635(Integer)
2022-02-18 09:31:11.167 [http-nio-9401-exec-2] DEBUG c.a.c.n.s.m.Ortho9031Mapper.findOrthByTaxonAndGene - <==      Total: 0
2022-02-18 09:31:11.168 [http-nio-9401-exec-2] DEBUG c.a.c.n.s.m.T.findGwasOrgidByTaxonId - ==>  Preparing: select gwas_orgid from species where taxon_id=? 
2022-02-18 09:31:11.169 [http-nio-9401-exec-2] DEBUG c.a.c.n.s.m.T.findGwasOrgidByTaxonId - ==> Parameters: 3635(Integer)
2022-02-18 09:31:11.173 [http-nio-9401-exec-2] DEBUG c.a.c.n.s.m.T.findGwasOrgidByTaxonId - <==      Total: 1
2022-02-18 09:31:11.174 [http-nio-9401-exec-2] DEBUG c.a.c.n.s.m.Ortho9031Mapper.findOrthByTaxonAndGene - ==>  Preparing: select c.taxon1,c.uniprot_id1,c.taxon2,c.uniprot_id2,c.db_evidence,c.from_db from gene_basic_info a inner join ortholog_id_mapping b on a.ensembl_gene_id=b.ensembl_gene_id inner join ortholog_all c on b.uniprot_id=c.uniprot_id1 where a.ensembl_gene_id=? and c.taxon1=? 
2022-02-18 09:31:11.174 [http-nio-9401-exec-2] DEBUG c.a.c.n.s.m.Ortho9031Mapper.findOrthByTaxonAndGene - ==> Parameters: CotAD_32479(String), 3635(Integer)
2022-02-18 09:31:11.386 [http-nio-9401-exec-2] DEBUG c.a.c.n.s.m.Ortho9031Mapper.findOrthByTaxonAndGene - <==      Total: 0
2022-02-18 09:31:11.387 [http-nio-9401-exec-2] DEBUG c.a.c.n.s.m.T.findGwasOrgidByTaxonId - ==>  Preparing: select gwas_orgid from species where taxon_id=? 
2022-02-18 09:31:11.387 [http-nio-9401-exec-2] DEBUG c.a.c.n.s.m.T.findGwasOrgidByTaxonId - ==> Parameters: 3635(Integer)
2022-02-18 09:31:11.396 [http-nio-9401-exec-2] DEBUG c.a.c.n.s.m.T.findGwasOrgidByTaxonId - <==      Total: 1
2022-02-18 09:31:11.397 [http-nio-9401-exec-2] DEBUG c.a.c.n.s.m.Ortho9031Mapper.findOrthByTaxonAndGene - ==>  Preparing: select c.taxon1,c.uniprot_id1,c.taxon2,c.uniprot_id2,c.db_evidence,c.from_db from gene_basic_info a inner join ortholog_id_mapping b on a.ensembl_gene_id=b.ensembl_gene_id inner join ortholog_all c on b.uniprot_id=c.uniprot_id1 where a.ensembl_gene_id=? and c.taxon1=? 
2022-02-18 09:31:11.398 [http-nio-9401-exec-2] DEBUG c.a.c.n.s.m.Ortho9031Mapper.findOrthByTaxonAndGene - ==> Parameters: Zm00001d017703(String), 4577(Integer)
2022-02-18 09:31:39.070 [http-nio-9401-exec-1] DEBUG c.a.c.n.s.m.Ortho9031Mapper.findOrthByTaxonAndGene - <==      Total: 1
2022-02-18 09:31:39.073 [http-nio-9401-exec-1] DEBUG c.a.c.n.s.m.T.findGwasOrgidByTaxonId - ==>  Preparing: select gwas_orgid from species where taxon_id=? 
2022-02-18 09:31:39.074 [http-nio-9401-exec-1] DEBUG c.a.c.n.s.m.T.findGwasOrgidByTaxonId - ==> Parameters: 4577(Integer)
2022-02-18 09:31:39.080 [http-nio-9401-exec-1] DEBUG c.a.c.n.s.m.T.findGwasOrgidByTaxonId - <==      Total: 1
2022-02-18 09:31:39.082 [http-nio-9401-exec-1] DEBUG c.a.c.n.s.m.Ortho9031Mapper.findOrthByTaxonAndGene - ==>  Preparing: select c.taxon1,c.uniprot_id1,c.taxon2,c.uniprot_id2,c.db_evidence,c.from_db from gene_basic_info a inner join ortholog_id_mapping b on a.ensembl_gene_id=b.ensembl_gene_id inner join ortholog_all c on b.uniprot_id=c.uniprot_id1 where a.ensembl_gene_id=? and c.taxon1=? 
2022-02-18 09:31:39.084 [http-nio-9401-exec-1] DEBUG c.a.c.n.s.m.Ortho9031Mapper.findOrthByTaxonAndGene - ==> Parameters: Zm00001d017704(String), 4577(Integer)
2022-02-18 09:31:46.962 [http-nio-9401-exec-2] DEBUG c.a.c.n.s.m.Ortho9031Mapper.findOrthByTaxonAndGene - <==      Total: 1
2022-02-18 09:31:46.964 [http-nio-9401-exec-2] DEBUG c.a.c.n.s.m.T.findGwasOrgidByTaxonId - ==>  Preparing: select gwas_orgid from species where taxon_id=? 
2022-02-18 09:31:46.965 [http-nio-9401-exec-2] DEBUG c.a.c.n.s.m.T.findGwasOrgidByTaxonId - ==> Parameters: 4577(Integer)
2022-02-18 09:31:46.972 [http-nio-9401-exec-2] DEBUG c.a.c.n.s.m.T.findGwasOrgidByTaxonId - <==      Total: 1
2022-02-18 09:31:46.978 [http-nio-9401-exec-2] DEBUG c.a.c.n.s.m.Ortho9031Mapper.findOrthByTaxonAndGene - ==>  Preparing: select c.taxon1,c.uniprot_id1,c.taxon2,c.uniprot_id2,c.db_evidence,c.from_db from gene_basic_info a inner join ortholog_id_mapping b on a.ensembl_gene_id=b.ensembl_gene_id inner join ortholog_all c on b.uniprot_id=c.uniprot_id1 where a.ensembl_gene_id=? and c.taxon1=? 
2022-02-18 09:31:46.980 [http-nio-9401-exec-2] DEBUG c.a.c.n.s.m.Ortho9031Mapper.findOrthByTaxonAndGene - ==> Parameters: Zm00001d017704(String), 4577(Integer)
2022-02-18 09:32:13.328 [http-nio-9401-exec-1] DEBUG c.a.c.n.s.m.Ortho9031Mapper.findOrthByTaxonAndGene - <==      Total: 55
2022-02-18 09:32:13.329 [http-nio-9401-exec-1] DEBUG c.a.c.n.s.m.T.findGwasOrgidByTaxonId - ==>  Preparing: select gwas_orgid from species where taxon_id=? 
2022-02-18 09:32:13.329 [http-nio-9401-exec-1] DEBUG c.a.c.n.s.m.T.findGwasOrgidByTaxonId - ==> Parameters: 4577(Integer)
2022-02-18 09:32:13.332 [http-nio-9401-exec-1] DEBUG c.a.c.n.s.m.T.findGwasOrgidByTaxonId - <==      Total: 1
2022-02-18 09:32:13.333 [http-nio-9401-exec-1] DEBUG c.a.c.n.s.m.Ortho9031Mapper.findOrthByTaxonAndGene - ==>  Preparing: select c.taxon1,c.uniprot_id1,c.taxon2,c.uniprot_id2,c.db_evidence,c.from_db from gene_basic_info a inner join ortholog_id_mapping b on a.ensembl_gene_id=b.ensembl_gene_id inner join ortholog_all c on b.uniprot_id=c.uniprot_id1 where a.ensembl_gene_id=? and c.taxon1=? 
2022-02-18 09:32:13.333 [http-nio-9401-exec-1] DEBUG c.a.c.n.s.m.Ortho9031Mapper.findOrthByTaxonAndGene - ==> Parameters: Zm00001d034163(String), 4577(Integer)
2022-02-18 09:32:20.775 [http-nio-9401-exec-2] DEBUG c.a.c.n.s.m.Ortho9031Mapper.findOrthByTaxonAndGene - <==      Total: 55
2022-02-18 09:32:20.776 [http-nio-9401-exec-2] DEBUG c.a.c.n.s.m.T.findGwasOrgidByTaxonId - ==>  Preparing: select gwas_orgid from species where taxon_id=? 
2022-02-18 09:32:20.777 [http-nio-9401-exec-2] DEBUG c.a.c.n.s.m.T.findGwasOrgidByTaxonId - ==> Parameters: 4577(Integer)
2022-02-18 09:32:20.780 [http-nio-9401-exec-2] DEBUG c.a.c.n.s.m.T.findGwasOrgidByTaxonId - <==      Total: 1
2022-02-18 09:32:20.781 [http-nio-9401-exec-2] DEBUG c.a.c.n.s.m.Ortho9031Mapper.findOrthByTaxonAndGene - ==>  Preparing: select c.taxon1,c.uniprot_id1,c.taxon2,c.uniprot_id2,c.db_evidence,c.from_db from gene_basic_info a inner join ortholog_id_mapping b on a.ensembl_gene_id=b.ensembl_gene_id inner join ortholog_all c on b.uniprot_id=c.uniprot_id1 where a.ensembl_gene_id=? and c.taxon1=? 
2022-02-18 09:32:20.781 [http-nio-9401-exec-2] DEBUG c.a.c.n.s.m.Ortho9031Mapper.findOrthByTaxonAndGene - ==> Parameters: Zm00001d034163(String), 4577(Integer)
2022-02-18 09:32:47.734 [http-nio-9401-exec-1] DEBUG c.a.c.n.s.m.Ortho9031Mapper.findOrthByTaxonAndGene - <==      Total: 15
2022-02-18 09:32:47.736 [http-nio-9401-exec-1] DEBUG c.a.c.n.s.m.T.findGwasOrgidByTaxonId - ==>  Preparing: select gwas_orgid from species where taxon_id=? 
2022-02-18 09:32:47.737 [http-nio-9401-exec-1] DEBUG c.a.c.n.s.m.T.findGwasOrgidByTaxonId - ==> Parameters: 4577(Integer)
2022-02-18 09:32:47.742 [http-nio-9401-exec-1] DEBUG c.a.c.n.s.m.T.findGwasOrgidByTaxonId - <==      Total: 1
2022-02-18 09:32:47.745 [http-nio-9401-exec-1] DEBUG c.a.c.n.s.m.Ortho9031Mapper.findOrthByTaxonAndGene - ==>  Preparing: select c.taxon1,c.uniprot_id1,c.taxon2,c.uniprot_id2,c.db_evidence,c.from_db from gene_basic_info a inner join ortholog_id_mapping b on a.ensembl_gene_id=b.ensembl_gene_id inner join ortholog_all c on b.uniprot_id=c.uniprot_id1 where a.ensembl_gene_id=? and c.taxon1=? 
2022-02-18 09:32:47.746 [http-nio-9401-exec-1] DEBUG c.a.c.n.s.m.Ortho9031Mapper.findOrthByTaxonAndGene - ==> Parameters: Zm00001d039618(String), 4577(Integer)
2022-02-18 09:32:55.977 [http-nio-9401-exec-2] DEBUG c.a.c.n.s.m.Ortho9031Mapper.findOrthByTaxonAndGene - <==      Total: 15
2022-02-18 09:32:55.979 [http-nio-9401-exec-2] DEBUG c.a.c.n.s.m.T.findGwasOrgidByTaxonId - ==>  Preparing: select gwas_orgid from species where taxon_id=? 
2022-02-18 09:32:55.980 [http-nio-9401-exec-2] DEBUG c.a.c.n.s.m.T.findGwasOrgidByTaxonId - ==> Parameters: 4577(Integer)
2022-02-18 09:32:55.987 [http-nio-9401-exec-2] DEBUG c.a.c.n.s.m.T.findGwasOrgidByTaxonId - <==      Total: 1
2022-02-18 09:32:55.990 [http-nio-9401-exec-2] DEBUG c.a.c.n.s.m.Ortho9031Mapper.findOrthByTaxonAndGene - ==>  Preparing: select c.taxon1,c.uniprot_id1,c.taxon2,c.uniprot_id2,c.db_evidence,c.from_db from gene_basic_info a inner join ortholog_id_mapping b on a.ensembl_gene_id=b.ensembl_gene_id inner join ortholog_all c on b.uniprot_id=c.uniprot_id1 where a.ensembl_gene_id=? and c.taxon1=? 
2022-02-18 09:32:55.991 [http-nio-9401-exec-2] DEBUG c.a.c.n.s.m.Ortho9031Mapper.findOrthByTaxonAndGene - ==> Parameters: Zm00001d039618(String), 4577(Integer)
2022-02-18 09:33:21.907 [http-nio-9401-exec-1] DEBUG c.a.c.n.s.m.Ortho9031Mapper.findOrthByTaxonAndGene - <==      Total: 1
2022-02-18 09:33:21.909 [http-nio-9401-exec-1] DEBUG c.a.c.n.s.m.T.findGwasOrgidByTaxonId - ==>  Preparing: select gwas_orgid from species where taxon_id=? 
2022-02-18 09:33:21.910 [http-nio-9401-exec-1] DEBUG c.a.c.n.s.m.T.findGwasOrgidByTaxonId - ==> Parameters: 4577(Integer)
2022-02-18 09:33:21.914 [http-nio-9401-exec-1] DEBUG c.a.c.n.s.m.T.findGwasOrgidByTaxonId - <==      Total: 1
2022-02-18 09:33:21.916 [http-nio-9401-exec-1] DEBUG c.a.c.n.s.m.Ortho9031Mapper.findOrthByTaxonAndGene - ==>  Preparing: select c.taxon1,c.uniprot_id1,c.taxon2,c.uniprot_id2,c.db_evidence,c.from_db from gene_basic_info a inner join ortholog_id_mapping b on a.ensembl_gene_id=b.ensembl_gene_id inner join ortholog_all c on b.uniprot_id=c.uniprot_id1 where a.ensembl_gene_id=? and c.taxon1=? 
2022-02-18 09:33:21.918 [http-nio-9401-exec-1] DEBUG c.a.c.n.s.m.Ortho9031Mapper.findOrthByTaxonAndGene - ==> Parameters: ENSRNA049474580(String), 4577(Integer)
2022-02-18 09:33:29.354 [http-nio-9401-exec-2] DEBUG c.a.c.n.s.m.Ortho9031Mapper.findOrthByTaxonAndGene - <==      Total: 1
2022-02-18 09:33:29.354 [http-nio-9401-exec-2] DEBUG c.a.c.n.s.m.T.findGwasOrgidByTaxonId - ==>  Preparing: select gwas_orgid from species where taxon_id=? 
2022-02-18 09:33:29.355 [http-nio-9401-exec-2] DEBUG c.a.c.n.s.m.T.findGwasOrgidByTaxonId - ==> Parameters: 4577(Integer)
2022-02-18 09:33:29.359 [http-nio-9401-exec-2] DEBUG c.a.c.n.s.m.T.findGwasOrgidByTaxonId - <==      Total: 1
2022-02-18 09:33:29.360 [http-nio-9401-exec-2] DEBUG c.a.c.n.s.m.Ortho9031Mapper.findOrthByTaxonAndGene - ==>  Preparing: select c.taxon1,c.uniprot_id1,c.taxon2,c.uniprot_id2,c.db_evidence,c.from_db from gene_basic_info a inner join ortholog_id_mapping b on a.ensembl_gene_id=b.ensembl_gene_id inner join ortholog_all c on b.uniprot_id=c.uniprot_id1 where a.ensembl_gene_id=? and c.taxon1=? 
2022-02-18 09:33:29.361 [http-nio-9401-exec-2] DEBUG c.a.c.n.s.m.Ortho9031Mapper.findOrthByTaxonAndGene - ==> Parameters: ENSRNA049474580(String), 4577(Integer)
2022-02-18 09:33:55.727 [http-nio-9401-exec-1] DEBUG c.a.c.n.s.m.Ortho9031Mapper.findOrthByTaxonAndGene - <==      Total: 0
2022-02-18 09:33:55.730 [http-nio-9401-exec-1] DEBUG c.a.c.n.s.m.T.findGwasOrgidByTaxonId - ==>  Preparing: select gwas_orgid from species where taxon_id=? 
2022-02-18 09:33:55.731 [http-nio-9401-exec-1] DEBUG c.a.c.n.s.m.T.findGwasOrgidByTaxonId - ==> Parameters: 4577(Integer)
2022-02-18 09:33:55.736 [http-nio-9401-exec-1] DEBUG c.a.c.n.s.m.T.findGwasOrgidByTaxonId - <==      Total: 1
2022-02-18 09:33:55.738 [http-nio-9401-exec-1] DEBUG c.a.c.n.s.m.Ortho9031Mapper.findOrthByTaxonAndGene - ==>  Preparing: select c.taxon1,c.uniprot_id1,c.taxon2,c.uniprot_id2,c.db_evidence,c.from_db from gene_basic_info a inner join ortholog_id_mapping b on a.ensembl_gene_id=b.ensembl_gene_id inner join ortholog_all c on b.uniprot_id=c.uniprot_id1 where a.ensembl_gene_id=? and c.taxon1=? 
2022-02-18 09:33:55.740 [http-nio-9401-exec-1] DEBUG c.a.c.n.s.m.Ortho9031Mapper.findOrthByTaxonAndGene - ==> Parameters: Zm00001d017820(String), 4577(Integer)
2022-02-18 09:34:02.515 [http-nio-9401-exec-2] DEBUG c.a.c.n.s.m.Ortho9031Mapper.findOrthByTaxonAndGene - <==      Total: 0
2022-02-18 09:34:02.516 [http-nio-9401-exec-2] DEBUG c.a.c.n.s.m.T.findGwasOrgidByTaxonId - ==>  Preparing: select gwas_orgid from species where taxon_id=? 
2022-02-18 09:34:02.516 [http-nio-9401-exec-2] DEBUG c.a.c.n.s.m.T.findGwasOrgidByTaxonId - ==> Parameters: 4577(Integer)
2022-02-18 09:34:02.519 [http-nio-9401-exec-2] DEBUG c.a.c.n.s.m.T.findGwasOrgidByTaxonId - <==      Total: 1
2022-02-18 09:34:02.520 [http-nio-9401-exec-2] DEBUG c.a.c.n.s.m.Ortho9031Mapper.findOrthByTaxonAndGene - ==>  Preparing: select c.taxon1,c.uniprot_id1,c.taxon2,c.uniprot_id2,c.db_evidence,c.from_db from gene_basic_info a inner join ortholog_id_mapping b on a.ensembl_gene_id=b.ensembl_gene_id inner join ortholog_all c on b.uniprot_id=c.uniprot_id1 where a.ensembl_gene_id=? and c.taxon1=? 
2022-02-18 09:34:02.521 [http-nio-9401-exec-2] DEBUG c.a.c.n.s.m.Ortho9031Mapper.findOrthByTaxonAndGene - ==> Parameters: Zm00001d017820(String), 4577(Integer)
2022-02-18 09:34:28.578 [http-nio-9401-exec-1] DEBUG c.a.c.n.s.m.Ortho9031Mapper.findOrthByTaxonAndGene - <==      Total: 43
2022-02-18 09:34:28.580 [http-nio-9401-exec-1] DEBUG c.a.c.n.s.m.T.findGwasOrgidByTaxonId - ==>  Preparing: select gwas_orgid from species where taxon_id=? 
2022-02-18 09:34:28.581 [http-nio-9401-exec-1] DEBUG c.a.c.n.s.m.T.findGwasOrgidByTaxonId - ==> Parameters: 4577(Integer)
2022-02-18 09:34:28.586 [http-nio-9401-exec-1] DEBUG c.a.c.n.s.m.T.findGwasOrgidByTaxonId - <==      Total: 1
2022-02-18 09:34:28.587 [http-nio-9401-exec-1] DEBUG c.a.c.n.s.m.Ortho9031Mapper.findOrthByTaxonAndGene - ==>  Preparing: select c.taxon1,c.uniprot_id1,c.taxon2,c.uniprot_id2,c.db_evidence,c.from_db from gene_basic_info a inner join ortholog_id_mapping b on a.ensembl_gene_id=b.ensembl_gene_id inner join ortholog_all c on b.uniprot_id=c.uniprot_id1 where a.ensembl_gene_id=? and c.taxon1=? 
2022-02-18 09:34:28.588 [http-nio-9401-exec-1] DEBUG c.a.c.n.s.m.Ortho9031Mapper.findOrthByTaxonAndGene - ==> Parameters: Zm00001d014796(String), 4577(Integer)
2022-02-18 09:34:34.358 [http-nio-9401-exec-2] DEBUG c.a.c.n.s.m.Ortho9031Mapper.findOrthByTaxonAndGene - <==      Total: 43
2022-02-18 09:34:34.361 [http-nio-9401-exec-2] DEBUG c.a.c.n.s.m.T.findGwasOrgidByTaxonId - ==>  Preparing: select gwas_orgid from species where taxon_id=? 
2022-02-18 09:34:34.362 [http-nio-9401-exec-2] DEBUG c.a.c.n.s.m.T.findGwasOrgidByTaxonId - ==> Parameters: 4577(Integer)
2022-02-18 09:34:34.395 [http-nio-9401-exec-2] DEBUG c.a.c.n.s.m.T.findGwasOrgidByTaxonId - <==      Total: 1
2022-02-18 09:34:34.397 [http-nio-9401-exec-2] DEBUG c.a.c.n.s.m.Ortho9031Mapper.findOrthByTaxonAndGene - ==>  Preparing: select c.taxon1,c.uniprot_id1,c.taxon2,c.uniprot_id2,c.db_evidence,c.from_db from gene_basic_info a inner join ortholog_id_mapping b on a.ensembl_gene_id=b.ensembl_gene_id inner join ortholog_all c on b.uniprot_id=c.uniprot_id1 where a.ensembl_gene_id=? and c.taxon1=? 
2022-02-18 09:34:34.398 [http-nio-9401-exec-2] DEBUG c.a.c.n.s.m.Ortho9031Mapper.findOrthByTaxonAndGene - ==> Parameters: Zm00001d014796(String), 4577(Integer)
2022-02-18 09:34:57.987 [http-nio-9401-exec-1] DEBUG c.a.c.n.s.m.Ortho9031Mapper.findOrthByTaxonAndGene - <==      Total: 101
2022-02-18 09:34:57.988 [http-nio-9401-exec-1] DEBUG c.a.c.n.s.m.T.findGwasOrgidByTaxonId - ==>  Preparing: select gwas_orgid from species where taxon_id=? 
2022-02-18 09:34:57.989 [http-nio-9401-exec-1] DEBUG c.a.c.n.s.m.T.findGwasOrgidByTaxonId - ==> Parameters: 4577(Integer)
2022-02-18 09:34:57.992 [http-nio-9401-exec-1] DEBUG c.a.c.n.s.m.T.findGwasOrgidByTaxonId - <==      Total: 1
2022-02-18 09:34:57.993 [http-nio-9401-exec-1] DEBUG c.a.c.n.s.m.Ortho9031Mapper.findOrthByTaxonAndGene - ==>  Preparing: select c.taxon1,c.uniprot_id1,c.taxon2,c.uniprot_id2,c.db_evidence,c.from_db from gene_basic_info a inner join ortholog_id_mapping b on a.ensembl_gene_id=b.ensembl_gene_id inner join ortholog_all c on b.uniprot_id=c.uniprot_id1 where a.ensembl_gene_id=? and c.taxon1=? 
2022-02-18 09:34:57.993 [http-nio-9401-exec-1] DEBUG c.a.c.n.s.m.Ortho9031Mapper.findOrthByTaxonAndGene - ==> Parameters: Zm00001d014674(String), 4577(Integer)
2022-02-18 09:35:03.749 [http-nio-9401-exec-2] DEBUG c.a.c.n.s.m.Ortho9031Mapper.findOrthByTaxonAndGene - <==      Total: 101
2022-02-18 09:35:03.750 [http-nio-9401-exec-2] DEBUG c.a.c.n.s.m.T.findGwasOrgidByTaxonId - ==>  Preparing: select gwas_orgid from species where taxon_id=? 
2022-02-18 09:35:03.750 [http-nio-9401-exec-2] DEBUG c.a.c.n.s.m.T.findGwasOrgidByTaxonId - ==> Parameters: 4577(Integer)
2022-02-18 09:35:03.753 [http-nio-9401-exec-2] DEBUG c.a.c.n.s.m.T.findGwasOrgidByTaxonId - <==      Total: 1
2022-02-18 09:35:03.754 [http-nio-9401-exec-2] DEBUG c.a.c.n.s.m.Ortho9031Mapper.findOrthByTaxonAndGene - ==>  Preparing: select c.taxon1,c.uniprot_id1,c.taxon2,c.uniprot_id2,c.db_evidence,c.from_db from gene_basic_info a inner join ortholog_id_mapping b on a.ensembl_gene_id=b.ensembl_gene_id inner join ortholog_all c on b.uniprot_id=c.uniprot_id1 where a.ensembl_gene_id=? and c.taxon1=? 
2022-02-18 09:35:03.754 [http-nio-9401-exec-2] DEBUG c.a.c.n.s.m.Ortho9031Mapper.findOrthByTaxonAndGene - ==> Parameters: Zm00001d014674(String), 4577(Integer)
2022-02-18 09:35:27.517 [http-nio-9401-exec-1] DEBUG c.a.c.n.s.m.Ortho9031Mapper.findOrthByTaxonAndGene - <==      Total: 6
2022-02-18 09:35:27.519 [http-nio-9401-exec-1] DEBUG c.a.c.n.s.m.T.findGwasOrgidByTaxonId - ==>  Preparing: select gwas_orgid from species where taxon_id=? 
2022-02-18 09:35:27.520 [http-nio-9401-exec-1] DEBUG c.a.c.n.s.m.T.findGwasOrgidByTaxonId - ==> Parameters: 4577(Integer)
2022-02-18 09:35:27.530 [http-nio-9401-exec-1] DEBUG c.a.c.n.s.m.T.findGwasOrgidByTaxonId - <==      Total: 1
2022-02-18 09:35:32.210 [http-nio-9401-exec-2] DEBUG c.a.c.n.s.m.Ortho9031Mapper.findOrthByTaxonAndGene - <==      Total: 6
2022-02-18 09:35:32.212 [http-nio-9401-exec-2] DEBUG c.a.c.n.s.m.T.findGwasOrgidByTaxonId - ==>  Preparing: select gwas_orgid from species where taxon_id=? 
2022-02-18 09:35:32.213 [http-nio-9401-exec-2] DEBUG c.a.c.n.s.m.T.findGwasOrgidByTaxonId - ==> Parameters: 4577(Integer)
2022-02-18 09:35:32.217 [http-nio-9401-exec-2] DEBUG c.a.c.n.s.m.T.findGwasOrgidByTaxonId - <==      Total: 1
2022-02-18 10:27:49.733 [restartedMain] INFO  cn.ac.cncb.ngdc.syndb.SyndbApplication - Starting SyndbApplication using Java 1.8.0_211 on LAPTOP-1VEOTUUA with PID 20532 (F:\syndb\target\classes started by 光亚 in F:\syndb)
2022-02-18 10:27:49.737 [restartedMain] INFO  cn.ac.cncb.ngdc.syndb.SyndbApplication - No active profile set, falling back to default profiles: default
2022-02-18 10:27:51.764 [restartedMain] INFO  cn.ac.cncb.ngdc.syndb.SyndbApplication - Started SyndbApplication in 2.602 seconds (JVM running for 4.528)
2022-02-18 10:28:03.164 [http-nio-9401-exec-1] DEBUG c.a.c.n.s.m.Trait2gwasMapper.biomedicalTrait_COUNT - ==>  Preparing: SELECT count(0) FROM trait_all 
2022-02-18 10:28:03.214 [http-nio-9401-exec-1] DEBUG c.a.c.n.s.m.Trait2gwasMapper.biomedicalTrait_COUNT - ==> Parameters: 
2022-02-18 10:28:03.255 [http-nio-9401-exec-1] DEBUG c.a.c.n.s.m.Trait2gwasMapper.biomedicalTrait_COUNT - <==      Total: 1
2022-02-18 10:28:03.259 [http-nio-9401-exec-1] DEBUG c.a.c.n.s.mapper.Trait2gwasMapper.biomedicalTrait - ==>  Preparing: select * from trait_all LIMIT ? 
2022-02-18 10:28:03.260 [http-nio-9401-exec-1] DEBUG c.a.c.n.s.mapper.Trait2gwasMapper.biomedicalTrait - ==> Parameters: 10(Integer)
2022-02-18 10:28:03.287 [http-nio-9401-exec-1] DEBUG c.a.c.n.s.mapper.Trait2gwasMapper.biomedicalTrait - <==      Total: 10
2022-02-18 10:28:03.290 [http-nio-9401-exec-1] DEBUG c.a.c.n.s.m.Ortho9031Mapper.findOrthByTaxonAndGene - ==>  Preparing: select c.taxon1,c.uniprot_id1,c.taxon2,c.uniprot_id2,c.db_evidence,c.from_db from gene_basic_info a inner join ortholog_id_mapping b on a.ensembl_gene_id=b.ensembl_gene_id inner join ortholog_all c on b.uniprot_id=c.uniprot_id1 where a.ensembl_gene_id=? and c.taxon1=? 
2022-02-18 10:28:03.291 [http-nio-9401-exec-1] DEBUG c.a.c.n.s.m.Ortho9031Mapper.findOrthByTaxonAndGene - ==> Parameters: CotAD_32480(String), 3635(Integer)
2022-02-18 10:28:03.486 [http-nio-9401-exec-1] DEBUG c.a.c.n.s.m.Ortho9031Mapper.findOrthByTaxonAndGene - <==      Total: 0
2022-02-18 10:28:03.488 [http-nio-9401-exec-1] DEBUG c.a.c.n.s.m.T.findGwasOrgidByTaxonId - ==>  Preparing: select gwas_orgid from species where taxon_id=? 
2022-02-18 10:28:03.488 [http-nio-9401-exec-1] DEBUG c.a.c.n.s.m.T.findGwasOrgidByTaxonId - ==> Parameters: 3635(Integer)
2022-02-18 10:28:03.492 [http-nio-9401-exec-1] DEBUG c.a.c.n.s.m.T.findGwasOrgidByTaxonId - <==      Total: 1
2022-02-18 10:28:03.493 [http-nio-9401-exec-1] DEBUG c.a.c.n.s.m.Ortho9031Mapper.findOrthByTaxonAndGene - ==>  Preparing: select c.taxon1,c.uniprot_id1,c.taxon2,c.uniprot_id2,c.db_evidence,c.from_db from gene_basic_info a inner join ortholog_id_mapping b on a.ensembl_gene_id=b.ensembl_gene_id inner join ortholog_all c on b.uniprot_id=c.uniprot_id1 where a.ensembl_gene_id=? and c.taxon1=? 
2022-02-18 10:28:03.494 [http-nio-9401-exec-1] DEBUG c.a.c.n.s.m.Ortho9031Mapper.findOrthByTaxonAndGene - ==> Parameters: CotAD_32479(String), 3635(Integer)
2022-02-18 10:28:03.673 [http-nio-9401-exec-1] DEBUG c.a.c.n.s.m.Ortho9031Mapper.findOrthByTaxonAndGene - <==      Total: 0
2022-02-18 10:28:03.674 [http-nio-9401-exec-1] DEBUG c.a.c.n.s.m.T.findGwasOrgidByTaxonId - ==>  Preparing: select gwas_orgid from species where taxon_id=? 
2022-02-18 10:28:03.675 [http-nio-9401-exec-1] DEBUG c.a.c.n.s.m.T.findGwasOrgidByTaxonId - ==> Parameters: 3635(Integer)
2022-02-18 10:28:03.678 [http-nio-9401-exec-1] DEBUG c.a.c.n.s.m.T.findGwasOrgidByTaxonId - <==      Total: 1
2022-02-18 10:28:03.678 [http-nio-9401-exec-1] DEBUG c.a.c.n.s.m.Ortho9031Mapper.findOrthByTaxonAndGene - ==>  Preparing: select c.taxon1,c.uniprot_id1,c.taxon2,c.uniprot_id2,c.db_evidence,c.from_db from gene_basic_info a inner join ortholog_id_mapping b on a.ensembl_gene_id=b.ensembl_gene_id inner join ortholog_all c on b.uniprot_id=c.uniprot_id1 where a.ensembl_gene_id=? and c.taxon1=? 
2022-02-18 10:28:03.679 [http-nio-9401-exec-1] DEBUG c.a.c.n.s.m.Ortho9031Mapper.findOrthByTaxonAndGene - ==> Parameters: Zm00001d017703(String), 4577(Integer)
2022-02-18 10:28:28.678 [http-nio-9401-exec-1] DEBUG c.a.c.n.s.m.Ortho9031Mapper.findOrthByTaxonAndGene - <==      Total: 1
2022-02-18 10:28:28.680 [http-nio-9401-exec-1] DEBUG c.a.c.n.s.m.T.findGwasOrgidByTaxonId - ==>  Preparing: select gwas_orgid from species where taxon_id=? 
2022-02-18 10:28:28.682 [http-nio-9401-exec-1] DEBUG c.a.c.n.s.m.T.findGwasOrgidByTaxonId - ==> Parameters: 4577(Integer)
2022-02-18 10:28:28.688 [http-nio-9401-exec-1] DEBUG c.a.c.n.s.m.T.findGwasOrgidByTaxonId - <==      Total: 1
2022-02-18 10:28:28.691 [http-nio-9401-exec-1] DEBUG c.a.c.n.s.m.Ortho9031Mapper.findOrthByTaxonAndGene - ==>  Preparing: select c.taxon1,c.uniprot_id1,c.taxon2,c.uniprot_id2,c.db_evidence,c.from_db from gene_basic_info a inner join ortholog_id_mapping b on a.ensembl_gene_id=b.ensembl_gene_id inner join ortholog_all c on b.uniprot_id=c.uniprot_id1 where a.ensembl_gene_id=? and c.taxon1=? 
2022-02-18 10:28:28.692 [http-nio-9401-exec-1] DEBUG c.a.c.n.s.m.Ortho9031Mapper.findOrthByTaxonAndGene - ==> Parameters: Zm00001d017704(String), 4577(Integer)
2022-02-18 10:28:53.739 [http-nio-9401-exec-1] DEBUG c.a.c.n.s.m.Ortho9031Mapper.findOrthByTaxonAndGene - <==      Total: 55
2022-02-18 10:28:53.743 [http-nio-9401-exec-1] DEBUG c.a.c.n.s.m.T.findGwasOrgidByTaxonId - ==>  Preparing: select gwas_orgid from species where taxon_id=? 
2022-02-18 10:28:53.744 [http-nio-9401-exec-1] DEBUG c.a.c.n.s.m.T.findGwasOrgidByTaxonId - ==> Parameters: 4577(Integer)
2022-02-18 10:28:53.750 [http-nio-9401-exec-1] DEBUG c.a.c.n.s.m.T.findGwasOrgidByTaxonId - <==      Total: 1
2022-02-18 10:28:53.752 [http-nio-9401-exec-1] DEBUG c.a.c.n.s.m.Ortho9031Mapper.findOrthByTaxonAndGene - ==>  Preparing: select c.taxon1,c.uniprot_id1,c.taxon2,c.uniprot_id2,c.db_evidence,c.from_db from gene_basic_info a inner join ortholog_id_mapping b on a.ensembl_gene_id=b.ensembl_gene_id inner join ortholog_all c on b.uniprot_id=c.uniprot_id1 where a.ensembl_gene_id=? and c.taxon1=? 
2022-02-18 10:28:53.753 [http-nio-9401-exec-1] DEBUG c.a.c.n.s.m.Ortho9031Mapper.findOrthByTaxonAndGene - ==> Parameters: Zm00001d034163(String), 4577(Integer)
2022-02-18 10:29:18.818 [http-nio-9401-exec-1] DEBUG c.a.c.n.s.m.Ortho9031Mapper.findOrthByTaxonAndGene - <==      Total: 15
2022-02-18 10:29:18.820 [http-nio-9401-exec-1] DEBUG c.a.c.n.s.m.T.findGwasOrgidByTaxonId - ==>  Preparing: select gwas_orgid from species where taxon_id=? 
2022-02-18 10:29:18.821 [http-nio-9401-exec-1] DEBUG c.a.c.n.s.m.T.findGwasOrgidByTaxonId - ==> Parameters: 4577(Integer)
2022-02-18 10:29:18.826 [http-nio-9401-exec-1] DEBUG c.a.c.n.s.m.T.findGwasOrgidByTaxonId - <==      Total: 1
2022-02-18 10:29:18.828 [http-nio-9401-exec-1] DEBUG c.a.c.n.s.m.Ortho9031Mapper.findOrthByTaxonAndGene - ==>  Preparing: select c.taxon1,c.uniprot_id1,c.taxon2,c.uniprot_id2,c.db_evidence,c.from_db from gene_basic_info a inner join ortholog_id_mapping b on a.ensembl_gene_id=b.ensembl_gene_id inner join ortholog_all c on b.uniprot_id=c.uniprot_id1 where a.ensembl_gene_id=? and c.taxon1=? 
2022-02-18 10:29:18.829 [http-nio-9401-exec-1] DEBUG c.a.c.n.s.m.Ortho9031Mapper.findOrthByTaxonAndGene - ==> Parameters: Zm00001d039618(String), 4577(Integer)
2022-02-18 10:29:39.642 [restartedMain] INFO  cn.ac.cncb.ngdc.syndb.SyndbApplication - Starting SyndbApplication using Java 1.8.0_211 on LAPTOP-1VEOTUUA with PID 19356 (F:\syndb\target\classes started by 光亚 in F:\syndb)
2022-02-18 10:29:39.646 [restartedMain] INFO  cn.ac.cncb.ngdc.syndb.SyndbApplication - No active profile set, falling back to default profiles: default
2022-02-18 10:41:56.005 [restartedMain] INFO  cn.ac.cncb.ngdc.syndb.SyndbApplication - Starting SyndbApplication using Java 1.8.0_211 on LAPTOP-1VEOTUUA with PID 19496 (F:\syndb\target\classes started by 光亚 in F:\syndb)
2022-02-18 10:41:56.010 [restartedMain] INFO  cn.ac.cncb.ngdc.syndb.SyndbApplication - No active profile set, falling back to default profiles: default
2022-02-18 10:47:42.782 [restartedMain] INFO  cn.ac.cncb.ngdc.syndb.SyndbApplication - Starting SyndbApplication using Java 1.8.0_211 on LAPTOP-1VEOTUUA with PID 22980 (F:\syndb\target\classes started by 光亚 in F:\syndb)
2022-02-18 10:47:42.786 [restartedMain] INFO  cn.ac.cncb.ngdc.syndb.SyndbApplication - No active profile set, falling back to default profiles: default
2022-02-18 10:47:44.879 [restartedMain] INFO  cn.ac.cncb.ngdc.syndb.SyndbApplication - Started SyndbApplication in 2.834 seconds (JVM running for 5.107)
2022-02-18 10:49:15.163 [http-nio-9401-exec-1] DEBUG c.a.c.n.s.m.Trait2gwasMapper.biomedicalTrait_COUNT - ==>  Preparing: SELECT count(0) FROM trait_all 
2022-02-18 10:49:15.200 [http-nio-9401-exec-1] DEBUG c.a.c.n.s.m.Trait2gwasMapper.biomedicalTrait_COUNT - ==> Parameters: 
2022-02-18 10:49:15.234 [http-nio-9401-exec-1] DEBUG c.a.c.n.s.m.Trait2gwasMapper.biomedicalTrait_COUNT - <==      Total: 1
2022-02-18 10:49:15.237 [http-nio-9401-exec-1] DEBUG c.a.c.n.s.mapper.Trait2gwasMapper.biomedicalTrait - ==>  Preparing: select * from trait_all LIMIT ? 
2022-02-18 10:49:15.238 [http-nio-9401-exec-1] DEBUG c.a.c.n.s.mapper.Trait2gwasMapper.biomedicalTrait - ==> Parameters: 10(Integer)
2022-02-18 10:49:15.252 [http-nio-9401-exec-1] DEBUG c.a.c.n.s.mapper.Trait2gwasMapper.biomedicalTrait - <==      Total: 10
2022-02-18 10:49:15.255 [http-nio-9401-exec-1] DEBUG c.a.c.n.s.m.Ortho9031Mapper.findOrthByTaxonAndGene - ==>  Preparing: select c.taxon1,c.uniprot_id1,c.taxon2,c.uniprot_id2,c.db_evidence,c.from_db from gene_basic_info a inner join ortholog_id_mapping b on a.ensembl_gene_id=b.ensembl_gene_id inner join ortholog_all c on b.uniprot_id=c.uniprot_id1 where a.ensembl_gene_id=? and c.taxon1=? 
2022-02-18 10:49:15.256 [http-nio-9401-exec-1] DEBUG c.a.c.n.s.m.Ortho9031Mapper.findOrthByTaxonAndGene - ==> Parameters: CotAD_32480(String), 3635(Integer)
2022-02-18 10:49:15.624 [http-nio-9401-exec-1] DEBUG c.a.c.n.s.m.Ortho9031Mapper.findOrthByTaxonAndGene - <==      Total: 0
2022-02-18 10:49:15.625 [http-nio-9401-exec-1] DEBUG c.a.c.n.s.m.T.findGwasOrgidByTaxonId - ==>  Preparing: select gwas_orgid from species where taxon_id=? 
2022-02-18 10:49:15.626 [http-nio-9401-exec-1] DEBUG c.a.c.n.s.m.T.findGwasOrgidByTaxonId - ==> Parameters: 3635(Integer)
2022-02-18 10:49:15.640 [http-nio-9401-exec-1] DEBUG c.a.c.n.s.m.T.findGwasOrgidByTaxonId - <==      Total: 1
2022-02-18 10:49:15.641 [http-nio-9401-exec-1] DEBUG c.a.c.n.s.m.Ortho9031Mapper.findOrthByTaxonAndGene - ==>  Preparing: select c.taxon1,c.uniprot_id1,c.taxon2,c.uniprot_id2,c.db_evidence,c.from_db from gene_basic_info a inner join ortholog_id_mapping b on a.ensembl_gene_id=b.ensembl_gene_id inner join ortholog_all c on b.uniprot_id=c.uniprot_id1 where a.ensembl_gene_id=? and c.taxon1=? 
2022-02-18 10:49:15.642 [http-nio-9401-exec-1] DEBUG c.a.c.n.s.m.Ortho9031Mapper.findOrthByTaxonAndGene - ==> Parameters: CotAD_32479(String), 3635(Integer)
2022-02-18 10:49:15.893 [http-nio-9401-exec-1] DEBUG c.a.c.n.s.m.Ortho9031Mapper.findOrthByTaxonAndGene - <==      Total: 0
2022-02-18 10:49:15.894 [http-nio-9401-exec-1] DEBUG c.a.c.n.s.m.T.findGwasOrgidByTaxonId - ==>  Preparing: select gwas_orgid from species where taxon_id=? 
2022-02-18 10:49:15.894 [http-nio-9401-exec-1] DEBUG c.a.c.n.s.m.T.findGwasOrgidByTaxonId - ==> Parameters: 3635(Integer)
2022-02-18 10:49:15.916 [http-nio-9401-exec-1] DEBUG c.a.c.n.s.m.T.findGwasOrgidByTaxonId - <==      Total: 1
2022-02-18 10:49:15.917 [http-nio-9401-exec-1] DEBUG c.a.c.n.s.m.Ortho9031Mapper.findOrthByTaxonAndGene - ==>  Preparing: select c.taxon1,c.uniprot_id1,c.taxon2,c.uniprot_id2,c.db_evidence,c.from_db from gene_basic_info a inner join ortholog_id_mapping b on a.ensembl_gene_id=b.ensembl_gene_id inner join ortholog_all c on b.uniprot_id=c.uniprot_id1 where a.ensembl_gene_id=? and c.taxon1=? 
2022-02-18 10:49:15.917 [http-nio-9401-exec-1] DEBUG c.a.c.n.s.m.Ortho9031Mapper.findOrthByTaxonAndGene - ==> Parameters: Zm00001d017703(String), 4577(Integer)
2022-02-18 10:49:44.605 [http-nio-9401-exec-1] DEBUG c.a.c.n.s.m.Ortho9031Mapper.findOrthByTaxonAndGene - <==      Total: 1
2022-02-18 10:49:44.608 [http-nio-9401-exec-1] DEBUG c.a.c.n.s.m.T.findGwasOrgidByTaxonId - ==>  Preparing: select gwas_orgid from species where taxon_id=? 
2022-02-18 10:49:44.609 [http-nio-9401-exec-1] DEBUG c.a.c.n.s.m.T.findGwasOrgidByTaxonId - ==> Parameters: 4577(Integer)
2022-02-18 10:49:44.620 [http-nio-9401-exec-1] DEBUG c.a.c.n.s.m.T.findGwasOrgidByTaxonId - <==      Total: 1
2022-02-18 10:49:44.622 [http-nio-9401-exec-1] DEBUG c.a.c.n.s.m.Ortho9031Mapper.findOrthByTaxonAndGene - ==>  Preparing: select c.taxon1,c.uniprot_id1,c.taxon2,c.uniprot_id2,c.db_evidence,c.from_db from gene_basic_info a inner join ortholog_id_mapping b on a.ensembl_gene_id=b.ensembl_gene_id inner join ortholog_all c on b.uniprot_id=c.uniprot_id1 where a.ensembl_gene_id=? and c.taxon1=? 
2022-02-18 10:49:44.623 [http-nio-9401-exec-1] DEBUG c.a.c.n.s.m.Ortho9031Mapper.findOrthByTaxonAndGene - ==> Parameters: Zm00001d017704(String), 4577(Integer)
2022-02-18 10:50:13.612 [http-nio-9401-exec-1] DEBUG c.a.c.n.s.m.Ortho9031Mapper.findOrthByTaxonAndGene - <==      Total: 55
2022-02-18 10:50:13.614 [http-nio-9401-exec-1] DEBUG c.a.c.n.s.m.T.findGwasOrgidByTaxonId - ==>  Preparing: select gwas_orgid from species where taxon_id=? 
2022-02-18 10:50:13.615 [http-nio-9401-exec-1] DEBUG c.a.c.n.s.m.T.findGwasOrgidByTaxonId - ==> Parameters: 4577(Integer)
2022-02-18 10:50:13.620 [http-nio-9401-exec-1] DEBUG c.a.c.n.s.m.T.findGwasOrgidByTaxonId - <==      Total: 1
2022-02-18 10:50:13.623 [http-nio-9401-exec-1] DEBUG c.a.c.n.s.m.Ortho9031Mapper.findOrthByTaxonAndGene - ==>  Preparing: select c.taxon1,c.uniprot_id1,c.taxon2,c.uniprot_id2,c.db_evidence,c.from_db from gene_basic_info a inner join ortholog_id_mapping b on a.ensembl_gene_id=b.ensembl_gene_id inner join ortholog_all c on b.uniprot_id=c.uniprot_id1 where a.ensembl_gene_id=? and c.taxon1=? 
2022-02-18 10:50:13.624 [http-nio-9401-exec-1] DEBUG c.a.c.n.s.m.Ortho9031Mapper.findOrthByTaxonAndGene - ==> Parameters: Zm00001d034163(String), 4577(Integer)
2022-02-18 10:50:41.663 [http-nio-9401-exec-1] DEBUG c.a.c.n.s.m.Ortho9031Mapper.findOrthByTaxonAndGene - <==      Total: 15
2022-02-18 10:50:41.664 [http-nio-9401-exec-1] DEBUG c.a.c.n.s.m.T.findGwasOrgidByTaxonId - ==>  Preparing: select gwas_orgid from species where taxon_id=? 
2022-02-18 10:50:41.664 [http-nio-9401-exec-1] DEBUG c.a.c.n.s.m.T.findGwasOrgidByTaxonId - ==> Parameters: 4577(Integer)
2022-02-18 10:50:41.668 [http-nio-9401-exec-1] DEBUG c.a.c.n.s.m.T.findGwasOrgidByTaxonId - <==      Total: 1
2022-02-18 10:50:41.669 [http-nio-9401-exec-1] DEBUG c.a.c.n.s.m.Ortho9031Mapper.findOrthByTaxonAndGene - ==>  Preparing: select c.taxon1,c.uniprot_id1,c.taxon2,c.uniprot_id2,c.db_evidence,c.from_db from gene_basic_info a inner join ortholog_id_mapping b on a.ensembl_gene_id=b.ensembl_gene_id inner join ortholog_all c on b.uniprot_id=c.uniprot_id1 where a.ensembl_gene_id=? and c.taxon1=? 
2022-02-18 10:50:41.669 [http-nio-9401-exec-1] DEBUG c.a.c.n.s.m.Ortho9031Mapper.findOrthByTaxonAndGene - ==> Parameters: Zm00001d039618(String), 4577(Integer)
2022-02-18 10:51:10.452 [http-nio-9401-exec-1] DEBUG c.a.c.n.s.m.Ortho9031Mapper.findOrthByTaxonAndGene - <==      Total: 1
2022-02-18 10:51:10.454 [http-nio-9401-exec-1] DEBUG c.a.c.n.s.m.T.findGwasOrgidByTaxonId - ==>  Preparing: select gwas_orgid from species where taxon_id=? 
2022-02-18 10:51:10.456 [http-nio-9401-exec-1] DEBUG c.a.c.n.s.m.T.findGwasOrgidByTaxonId - ==> Parameters: 4577(Integer)
2022-02-18 10:51:10.461 [http-nio-9401-exec-1] DEBUG c.a.c.n.s.m.T.findGwasOrgidByTaxonId - <==      Total: 1
2022-02-18 10:51:10.465 [http-nio-9401-exec-1] DEBUG c.a.c.n.s.m.Ortho9031Mapper.findOrthByTaxonAndGene - ==>  Preparing: select c.taxon1,c.uniprot_id1,c.taxon2,c.uniprot_id2,c.db_evidence,c.from_db from gene_basic_info a inner join ortholog_id_mapping b on a.ensembl_gene_id=b.ensembl_gene_id inner join ortholog_all c on b.uniprot_id=c.uniprot_id1 where a.ensembl_gene_id=? and c.taxon1=? 
2022-02-18 10:51:10.466 [http-nio-9401-exec-1] DEBUG c.a.c.n.s.m.Ortho9031Mapper.findOrthByTaxonAndGene - ==> Parameters: ENSRNA049474580(String), 4577(Integer)
2022-02-18 10:51:40.613 [http-nio-9401-exec-1] DEBUG c.a.c.n.s.m.Ortho9031Mapper.findOrthByTaxonAndGene - <==      Total: 0
2022-02-18 10:51:40.615 [http-nio-9401-exec-1] DEBUG c.a.c.n.s.m.T.findGwasOrgidByTaxonId - ==>  Preparing: select gwas_orgid from species where taxon_id=? 
2022-02-18 10:51:40.617 [http-nio-9401-exec-1] DEBUG c.a.c.n.s.m.T.findGwasOrgidByTaxonId - ==> Parameters: 4577(Integer)
2022-02-18 10:51:40.624 [http-nio-9401-exec-1] DEBUG c.a.c.n.s.m.T.findGwasOrgidByTaxonId - <==      Total: 1
2022-02-18 10:51:40.629 [http-nio-9401-exec-1] DEBUG c.a.c.n.s.m.Ortho9031Mapper.findOrthByTaxonAndGene - ==>  Preparing: select c.taxon1,c.uniprot_id1,c.taxon2,c.uniprot_id2,c.db_evidence,c.from_db from gene_basic_info a inner join ortholog_id_mapping b on a.ensembl_gene_id=b.ensembl_gene_id inner join ortholog_all c on b.uniprot_id=c.uniprot_id1 where a.ensembl_gene_id=? and c.taxon1=? 
2022-02-18 10:51:40.630 [http-nio-9401-exec-1] DEBUG c.a.c.n.s.m.Ortho9031Mapper.findOrthByTaxonAndGene - ==> Parameters: Zm00001d017820(String), 4577(Integer)
2022-02-18 10:52:09.025 [http-nio-9401-exec-1] DEBUG c.a.c.n.s.m.Ortho9031Mapper.findOrthByTaxonAndGene - <==      Total: 43
2022-02-18 10:52:09.026 [http-nio-9401-exec-1] DEBUG c.a.c.n.s.m.T.findGwasOrgidByTaxonId - ==>  Preparing: select gwas_orgid from species where taxon_id=? 
2022-02-18 10:52:09.026 [http-nio-9401-exec-1] DEBUG c.a.c.n.s.m.T.findGwasOrgidByTaxonId - ==> Parameters: 4577(Integer)
2022-02-18 10:52:09.030 [http-nio-9401-exec-1] DEBUG c.a.c.n.s.m.T.findGwasOrgidByTaxonId - <==      Total: 1
2022-02-18 10:52:09.031 [http-nio-9401-exec-1] DEBUG c.a.c.n.s.m.Ortho9031Mapper.findOrthByTaxonAndGene - ==>  Preparing: select c.taxon1,c.uniprot_id1,c.taxon2,c.uniprot_id2,c.db_evidence,c.from_db from gene_basic_info a inner join ortholog_id_mapping b on a.ensembl_gene_id=b.ensembl_gene_id inner join ortholog_all c on b.uniprot_id=c.uniprot_id1 where a.ensembl_gene_id=? and c.taxon1=? 
2022-02-18 10:52:09.031 [http-nio-9401-exec-1] DEBUG c.a.c.n.s.m.Ortho9031Mapper.findOrthByTaxonAndGene - ==> Parameters: Zm00001d014796(String), 4577(Integer)
2022-02-18 10:52:37.949 [http-nio-9401-exec-1] DEBUG c.a.c.n.s.m.Ortho9031Mapper.findOrthByTaxonAndGene - <==      Total: 101
2022-02-18 10:52:37.952 [http-nio-9401-exec-1] DEBUG c.a.c.n.s.m.T.findGwasOrgidByTaxonId - ==>  Preparing: select gwas_orgid from species where taxon_id=? 
2022-02-18 10:52:37.954 [http-nio-9401-exec-1] DEBUG c.a.c.n.s.m.T.findGwasOrgidByTaxonId - ==> Parameters: 4577(Integer)
2022-02-18 10:52:37.959 [http-nio-9401-exec-1] DEBUG c.a.c.n.s.m.T.findGwasOrgidByTaxonId - <==      Total: 1
2022-02-18 10:52:37.962 [http-nio-9401-exec-1] DEBUG c.a.c.n.s.m.Ortho9031Mapper.findOrthByTaxonAndGene - ==>  Preparing: select c.taxon1,c.uniprot_id1,c.taxon2,c.uniprot_id2,c.db_evidence,c.from_db from gene_basic_info a inner join ortholog_id_mapping b on a.ensembl_gene_id=b.ensembl_gene_id inner join ortholog_all c on b.uniprot_id=c.uniprot_id1 where a.ensembl_gene_id=? and c.taxon1=? 
2022-02-18 10:52:37.964 [http-nio-9401-exec-1] DEBUG c.a.c.n.s.m.Ortho9031Mapper.findOrthByTaxonAndGene - ==> Parameters: Zm00001d014674(String), 4577(Integer)
2022-02-18 10:53:06.405 [http-nio-9401-exec-1] DEBUG c.a.c.n.s.m.Ortho9031Mapper.findOrthByTaxonAndGene - <==      Total: 6
2022-02-18 10:53:06.406 [http-nio-9401-exec-1] DEBUG c.a.c.n.s.m.T.findGwasOrgidByTaxonId - ==>  Preparing: select gwas_orgid from species where taxon_id=? 
2022-02-18 10:53:06.407 [http-nio-9401-exec-1] DEBUG c.a.c.n.s.m.T.findGwasOrgidByTaxonId - ==> Parameters: 4577(Integer)
2022-02-18 10:53:06.410 [http-nio-9401-exec-1] DEBUG c.a.c.n.s.m.T.findGwasOrgidByTaxonId - <==      Total: 1
2022-02-18 11:41:55.772 [restartedMain] INFO  cn.ac.cncb.ngdc.syndb.SyndbApplication - Starting SyndbApplication using Java 1.8.0_211 on LAPTOP-1VEOTUUA with PID 14448 (F:\syndb\target\classes started by 光亚 in F:\syndb)
2022-02-18 11:41:55.775 [restartedMain] INFO  cn.ac.cncb.ngdc.syndb.SyndbApplication - No active profile set, falling back to default profiles: default
2022-02-18 11:41:58.082 [restartedMain] INFO  cn.ac.cncb.ngdc.syndb.SyndbApplication - Started SyndbApplication in 2.949 seconds (JVM running for 4.833)
2022-02-18 14:33:46.184 [http-nio-9401-exec-1] DEBUG c.a.c.n.s.m.Trait2gwasMapper.biomedicalTrait_COUNT - ==>  Preparing: SELECT count(0) FROM trait_all 
2022-02-18 14:33:46.211 [http-nio-9401-exec-1] DEBUG c.a.c.n.s.m.Trait2gwasMapper.biomedicalTrait_COUNT - ==> Parameters: 
2022-02-18 14:33:46.240 [http-nio-9401-exec-1] DEBUG c.a.c.n.s.m.Trait2gwasMapper.biomedicalTrait_COUNT - <==      Total: 1
2022-02-18 14:33:46.242 [http-nio-9401-exec-1] DEBUG c.a.c.n.s.mapper.Trait2gwasMapper.biomedicalTrait - ==>  Preparing: select * from trait_all LIMIT ? 
2022-02-18 14:33:46.244 [http-nio-9401-exec-1] DEBUG c.a.c.n.s.mapper.Trait2gwasMapper.biomedicalTrait - ==> Parameters: 10(Integer)
2022-02-18 14:33:46.257 [http-nio-9401-exec-1] DEBUG c.a.c.n.s.mapper.Trait2gwasMapper.biomedicalTrait - <==      Total: 10
2022-02-18 14:33:46.259 [http-nio-9401-exec-1] DEBUG c.a.c.n.s.m.Ortho9031Mapper.findOrthByTaxonAndGene - ==>  Preparing: select c.taxon1,c.uniprot_id1,c.taxon2,c.uniprot_id2,c.db_evidence,c.from_db from gene_basic_info a inner join ortholog_id_mapping b on a.ensembl_gene_id=b.ensembl_gene_id inner join ortholog_all c on b.uniprot_id=c.uniprot_id1 where a.ensembl_gene_id=? and c.taxon1=? 
2022-02-18 14:33:46.260 [http-nio-9401-exec-1] DEBUG c.a.c.n.s.m.Ortho9031Mapper.findOrthByTaxonAndGene - ==> Parameters: CotAD_32480(String), 3635(Integer)
2022-02-18 14:33:46.462 [http-nio-9401-exec-1] DEBUG c.a.c.n.s.m.Ortho9031Mapper.findOrthByTaxonAndGene - <==      Total: 0
2022-02-18 14:33:46.464 [http-nio-9401-exec-1] DEBUG c.a.c.n.s.m.T.findGwasOrgidByTaxonId - ==>  Preparing: select gwas_orgid from species where taxon_id=? 
2022-02-18 14:33:46.464 [http-nio-9401-exec-1] DEBUG c.a.c.n.s.m.T.findGwasOrgidByTaxonId - ==> Parameters: 3635(Integer)
2022-02-18 14:33:46.473 [http-nio-9401-exec-1] DEBUG c.a.c.n.s.m.T.findGwasOrgidByTaxonId - <==      Total: 1
2022-02-18 14:33:46.475 [http-nio-9401-exec-1] DEBUG c.a.c.n.s.m.Ortho9031Mapper.findOrthByTaxonAndGene - ==>  Preparing: select c.taxon1,c.uniprot_id1,c.taxon2,c.uniprot_id2,c.db_evidence,c.from_db from gene_basic_info a inner join ortholog_id_mapping b on a.ensembl_gene_id=b.ensembl_gene_id inner join ortholog_all c on b.uniprot_id=c.uniprot_id1 where a.ensembl_gene_id=? and c.taxon1=? 
2022-02-18 14:33:46.476 [http-nio-9401-exec-1] DEBUG c.a.c.n.s.m.Ortho9031Mapper.findOrthByTaxonAndGene - ==> Parameters: CotAD_32479(String), 3635(Integer)
2022-02-18 14:33:46.649 [http-nio-9401-exec-1] DEBUG c.a.c.n.s.m.Ortho9031Mapper.findOrthByTaxonAndGene - <==      Total: 0
2022-02-18 14:33:46.652 [http-nio-9401-exec-1] DEBUG c.a.c.n.s.m.T.findGwasOrgidByTaxonId - ==>  Preparing: select gwas_orgid from species where taxon_id=? 
2022-02-18 14:33:46.653 [http-nio-9401-exec-1] DEBUG c.a.c.n.s.m.T.findGwasOrgidByTaxonId - ==> Parameters: 3635(Integer)
2022-02-18 14:33:46.658 [http-nio-9401-exec-1] DEBUG c.a.c.n.s.m.T.findGwasOrgidByTaxonId - <==      Total: 1
2022-02-18 14:33:46.660 [http-nio-9401-exec-1] DEBUG c.a.c.n.s.m.Ortho9031Mapper.findOrthByTaxonAndGene - ==>  Preparing: select c.taxon1,c.uniprot_id1,c.taxon2,c.uniprot_id2,c.db_evidence,c.from_db from gene_basic_info a inner join ortholog_id_mapping b on a.ensembl_gene_id=b.ensembl_gene_id inner join ortholog_all c on b.uniprot_id=c.uniprot_id1 where a.ensembl_gene_id=? and c.taxon1=? 
2022-02-18 14:33:46.661 [http-nio-9401-exec-1] DEBUG c.a.c.n.s.m.Ortho9031Mapper.findOrthByTaxonAndGene - ==> Parameters: Zm00001d017703(String), 4577(Integer)
2022-02-18 14:34:11.495 [http-nio-9401-exec-1] DEBUG c.a.c.n.s.m.Ortho9031Mapper.findOrthByTaxonAndGene - <==      Total: 1
2022-02-18 14:34:11.497 [http-nio-9401-exec-1] DEBUG c.a.c.n.s.m.T.findGwasOrgidByTaxonId - ==>  Preparing: select gwas_orgid from species where taxon_id=? 
2022-02-18 14:34:11.498 [http-nio-9401-exec-1] DEBUG c.a.c.n.s.m.T.findGwasOrgidByTaxonId - ==> Parameters: 4577(Integer)
2022-02-18 14:34:11.517 [http-nio-9401-exec-1] DEBUG c.a.c.n.s.m.T.findGwasOrgidByTaxonId - <==      Total: 1
2022-02-18 14:34:11.519 [http-nio-9401-exec-1] DEBUG c.a.c.n.s.m.Ortho9031Mapper.findOrthByTaxonAndGene - ==>  Preparing: select c.taxon1,c.uniprot_id1,c.taxon2,c.uniprot_id2,c.db_evidence,c.from_db from gene_basic_info a inner join ortholog_id_mapping b on a.ensembl_gene_id=b.ensembl_gene_id inner join ortholog_all c on b.uniprot_id=c.uniprot_id1 where a.ensembl_gene_id=? and c.taxon1=? 
2022-02-18 14:34:11.520 [http-nio-9401-exec-1] DEBUG c.a.c.n.s.m.Ortho9031Mapper.findOrthByTaxonAndGene - ==> Parameters: Zm00001d017704(String), 4577(Integer)
2022-02-18 14:34:36.347 [http-nio-9401-exec-1] DEBUG c.a.c.n.s.m.Ortho9031Mapper.findOrthByTaxonAndGene - <==      Total: 55
2022-02-18 14:34:36.349 [http-nio-9401-exec-1] DEBUG c.a.c.n.s.m.T.findGwasOrgidByTaxonId - ==>  Preparing: select gwas_orgid from species where taxon_id=? 
2022-02-18 14:34:36.350 [http-nio-9401-exec-1] DEBUG c.a.c.n.s.m.T.findGwasOrgidByTaxonId - ==> Parameters: 4577(Integer)
2022-02-18 14:34:36.356 [http-nio-9401-exec-1] DEBUG c.a.c.n.s.m.T.findGwasOrgidByTaxonId - <==      Total: 1
2022-02-18 14:34:36.358 [http-nio-9401-exec-1] DEBUG c.a.c.n.s.m.Ortho9031Mapper.findOrthByTaxonAndGene - ==>  Preparing: select c.taxon1,c.uniprot_id1,c.taxon2,c.uniprot_id2,c.db_evidence,c.from_db from gene_basic_info a inner join ortholog_id_mapping b on a.ensembl_gene_id=b.ensembl_gene_id inner join ortholog_all c on b.uniprot_id=c.uniprot_id1 where a.ensembl_gene_id=? and c.taxon1=? 
2022-02-18 14:34:36.360 [http-nio-9401-exec-1] DEBUG c.a.c.n.s.m.Ortho9031Mapper.findOrthByTaxonAndGene - ==> Parameters: Zm00001d034163(String), 4577(Integer)
2022-02-18 14:35:00.459 [http-nio-9401-exec-1] DEBUG c.a.c.n.s.m.Ortho9031Mapper.findOrthByTaxonAndGene - <==      Total: 15
2022-02-18 14:35:00.460 [http-nio-9401-exec-1] DEBUG c.a.c.n.s.m.T.findGwasOrgidByTaxonId - ==>  Preparing: select gwas_orgid from species where taxon_id=? 
2022-02-18 14:35:00.460 [http-nio-9401-exec-1] DEBUG c.a.c.n.s.m.T.findGwasOrgidByTaxonId - ==> Parameters: 4577(Integer)
2022-02-18 14:35:00.462 [http-nio-9401-exec-1] DEBUG c.a.c.n.s.m.T.findGwasOrgidByTaxonId - <==      Total: 1
2022-02-18 14:35:00.463 [http-nio-9401-exec-1] DEBUG c.a.c.n.s.m.Ortho9031Mapper.findOrthByTaxonAndGene - ==>  Preparing: select c.taxon1,c.uniprot_id1,c.taxon2,c.uniprot_id2,c.db_evidence,c.from_db from gene_basic_info a inner join ortholog_id_mapping b on a.ensembl_gene_id=b.ensembl_gene_id inner join ortholog_all c on b.uniprot_id=c.uniprot_id1 where a.ensembl_gene_id=? and c.taxon1=? 
2022-02-18 14:35:00.463 [http-nio-9401-exec-1] DEBUG c.a.c.n.s.m.Ortho9031Mapper.findOrthByTaxonAndGene - ==> Parameters: Zm00001d039618(String), 4577(Integer)
2022-02-18 14:35:25.496 [http-nio-9401-exec-1] DEBUG c.a.c.n.s.m.Ortho9031Mapper.findOrthByTaxonAndGene - <==      Total: 1
2022-02-18 14:35:25.498 [http-nio-9401-exec-1] DEBUG c.a.c.n.s.m.T.findGwasOrgidByTaxonId - ==>  Preparing: select gwas_orgid from species where taxon_id=? 
2022-02-18 14:35:25.499 [http-nio-9401-exec-1] DEBUG c.a.c.n.s.m.T.findGwasOrgidByTaxonId - ==> Parameters: 4577(Integer)
2022-02-18 14:35:25.510 [http-nio-9401-exec-1] DEBUG c.a.c.n.s.m.T.findGwasOrgidByTaxonId - <==      Total: 1
2022-02-18 14:35:25.513 [http-nio-9401-exec-1] DEBUG c.a.c.n.s.m.Ortho9031Mapper.findOrthByTaxonAndGene - ==>  Preparing: select c.taxon1,c.uniprot_id1,c.taxon2,c.uniprot_id2,c.db_evidence,c.from_db from gene_basic_info a inner join ortholog_id_mapping b on a.ensembl_gene_id=b.ensembl_gene_id inner join ortholog_all c on b.uniprot_id=c.uniprot_id1 where a.ensembl_gene_id=? and c.taxon1=? 
2022-02-18 14:35:25.515 [http-nio-9401-exec-1] DEBUG c.a.c.n.s.m.Ortho9031Mapper.findOrthByTaxonAndGene - ==> Parameters: ENSRNA049474580(String), 4577(Integer)
2022-02-18 14:35:50.369 [http-nio-9401-exec-1] DEBUG c.a.c.n.s.m.Ortho9031Mapper.findOrthByTaxonAndGene - <==      Total: 0
2022-02-18 14:35:50.371 [http-nio-9401-exec-1] DEBUG c.a.c.n.s.m.T.findGwasOrgidByTaxonId - ==>  Preparing: select gwas_orgid from species where taxon_id=? 
2022-02-18 14:35:50.374 [http-nio-9401-exec-1] DEBUG c.a.c.n.s.m.T.findGwasOrgidByTaxonId - ==> Parameters: 4577(Integer)
2022-02-18 14:35:50.380 [http-nio-9401-exec-1] DEBUG c.a.c.n.s.m.T.findGwasOrgidByTaxonId - <==      Total: 1
2022-02-18 14:35:50.385 [http-nio-9401-exec-1] DEBUG c.a.c.n.s.m.Ortho9031Mapper.findOrthByTaxonAndGene - ==>  Preparing: select c.taxon1,c.uniprot_id1,c.taxon2,c.uniprot_id2,c.db_evidence,c.from_db from gene_basic_info a inner join ortholog_id_mapping b on a.ensembl_gene_id=b.ensembl_gene_id inner join ortholog_all c on b.uniprot_id=c.uniprot_id1 where a.ensembl_gene_id=? and c.taxon1=? 
2022-02-18 14:35:50.388 [http-nio-9401-exec-1] DEBUG c.a.c.n.s.m.Ortho9031Mapper.findOrthByTaxonAndGene - ==> Parameters: Zm00001d017820(String), 4577(Integer)
2022-02-18 14:36:15.032 [http-nio-9401-exec-1] DEBUG c.a.c.n.s.m.Ortho9031Mapper.findOrthByTaxonAndGene - <==      Total: 43
2022-02-18 14:36:15.034 [http-nio-9401-exec-1] DEBUG c.a.c.n.s.m.T.findGwasOrgidByTaxonId - ==>  Preparing: select gwas_orgid from species where taxon_id=? 
2022-02-18 14:36:15.035 [http-nio-9401-exec-1] DEBUG c.a.c.n.s.m.T.findGwasOrgidByTaxonId - ==> Parameters: 4577(Integer)
2022-02-18 14:36:15.038 [http-nio-9401-exec-1] DEBUG c.a.c.n.s.m.T.findGwasOrgidByTaxonId - <==      Total: 1
2022-02-18 14:36:15.039 [http-nio-9401-exec-1] DEBUG c.a.c.n.s.m.Ortho9031Mapper.findOrthByTaxonAndGene - ==>  Preparing: select c.taxon1,c.uniprot_id1,c.taxon2,c.uniprot_id2,c.db_evidence,c.from_db from gene_basic_info a inner join ortholog_id_mapping b on a.ensembl_gene_id=b.ensembl_gene_id inner join ortholog_all c on b.uniprot_id=c.uniprot_id1 where a.ensembl_gene_id=? and c.taxon1=? 
2022-02-18 14:36:15.040 [http-nio-9401-exec-1] DEBUG c.a.c.n.s.m.Ortho9031Mapper.findOrthByTaxonAndGene - ==> Parameters: Zm00001d014796(String), 4577(Integer)
2022-02-18 14:36:39.623 [http-nio-9401-exec-1] DEBUG c.a.c.n.s.m.Ortho9031Mapper.findOrthByTaxonAndGene - <==      Total: 101
2022-02-18 14:36:39.624 [http-nio-9401-exec-1] DEBUG c.a.c.n.s.m.T.findGwasOrgidByTaxonId - ==>  Preparing: select gwas_orgid from species where taxon_id=? 
2022-02-18 14:36:39.624 [http-nio-9401-exec-1] DEBUG c.a.c.n.s.m.T.findGwasOrgidByTaxonId - ==> Parameters: 4577(Integer)
2022-02-18 14:36:39.627 [http-nio-9401-exec-1] DEBUG c.a.c.n.s.m.T.findGwasOrgidByTaxonId - <==      Total: 1
2022-02-18 14:36:39.628 [http-nio-9401-exec-1] DEBUG c.a.c.n.s.m.Ortho9031Mapper.findOrthByTaxonAndGene - ==>  Preparing: select c.taxon1,c.uniprot_id1,c.taxon2,c.uniprot_id2,c.db_evidence,c.from_db from gene_basic_info a inner join ortholog_id_mapping b on a.ensembl_gene_id=b.ensembl_gene_id inner join ortholog_all c on b.uniprot_id=c.uniprot_id1 where a.ensembl_gene_id=? and c.taxon1=? 
2022-02-18 14:36:39.628 [http-nio-9401-exec-1] DEBUG c.a.c.n.s.m.Ortho9031Mapper.findOrthByTaxonAndGene - ==> Parameters: Zm00001d014674(String), 4577(Integer)
2022-02-18 14:37:04.500 [http-nio-9401-exec-1] DEBUG c.a.c.n.s.m.Ortho9031Mapper.findOrthByTaxonAndGene - <==      Total: 6
2022-02-18 14:37:04.502 [http-nio-9401-exec-1] DEBUG c.a.c.n.s.m.T.findGwasOrgidByTaxonId - ==>  Preparing: select gwas_orgid from species where taxon_id=? 
2022-02-18 14:37:04.503 [http-nio-9401-exec-1] DEBUG c.a.c.n.s.m.T.findGwasOrgidByTaxonId - ==> Parameters: 4577(Integer)
2022-02-18 14:37:04.508 [http-nio-9401-exec-1] DEBUG c.a.c.n.s.m.T.findGwasOrgidByTaxonId - <==      Total: 1
